<?xml version="1.0" encoding="UTF-8"?>
<testsuite name="yoon.test.boardPrac.BoardPracApplicationTests" tests="1" skipped="0" failures="0" errors="0" timestamp="2024-07-05T10:14:35" hostname="YOON" time="1.473">
  <properties/>
  <testcase name="duplicateTest()" classname="yoon.test.boardPrac.BoardPracApplicationTests" time="1.473"/>
  <system-out><![CDATA[19:14:30.905 [Test worker] INFO org.springframework.test.context.support.AnnotationConfigContextLoaderUtils -- Could not detect default configuration classes for test class [yoon.test.boardPrac.BoardPracApplicationTests]: BoardPracApplicationTests does not declare any static, non-private, non-final, nested classes annotated with @Configuration.
19:14:31.013 [Test worker] INFO org.springframework.boot.test.context.SpringBootTestContextBootstrapper -- Found @SpringBootConfiguration yoon.test.boardPrac.BoardPracApplication for test class yoon.test.boardPrac.BoardPracApplicationTests

  .   ____          _            __ _ _
 /\\ / ___'_ __ _ _(_)_ __  __ _ \ \ \ \
( ( )\___ | '_ | '_| | '_ \/ _` | \ \ \ \
 \\/  ___)| |_)| | | | | || (_| |  ) ) ) )
  '  |____| .__|_| |_|_| |_\__, | / / / /
 =========|_|==============|___/=/_/_/_/

 :: Spring Boot ::                (v3.3.1)

2024-07-05T19:14:31.442+09:00  INFO 10616 --- [boardPrac] [    Test worker] y.t.boardPrac.BoardPracApplicationTests  : Starting BoardPracApplicationTests using Java 17.0.7 with PID 10616 (started by user in C:\springPrj\boardPrac\boardPrac)
2024-07-05T19:14:31.444+09:00  INFO 10616 --- [boardPrac] [    Test worker] y.t.boardPrac.BoardPracApplicationTests  : No active profile set, falling back to 1 default profile: "default"
2024-07-05T19:14:32.162+09:00  INFO 10616 --- [boardPrac] [    Test worker] .s.d.r.c.RepositoryConfigurationDelegate : Bootstrapping Spring Data JPA repositories in DEFAULT mode.
2024-07-05T19:14:32.235+09:00  INFO 10616 --- [boardPrac] [    Test worker] .s.d.r.c.RepositoryConfigurationDelegate : Finished Spring Data repository scanning in 64 ms. Found 4 JPA repository interfaces.
2024-07-05T19:14:32.735+09:00  INFO 10616 --- [boardPrac] [    Test worker] o.hibernate.jpa.internal.util.LogHelper  : HHH000204: Processing PersistenceUnitInfo [name: default]
2024-07-05T19:14:32.829+09:00  INFO 10616 --- [boardPrac] [    Test worker] org.hibernate.Version                    : HHH000412: Hibernate ORM core version 6.5.2.Final
2024-07-05T19:14:32.877+09:00  INFO 10616 --- [boardPrac] [    Test worker] o.h.c.internal.RegionFactoryInitiator    : HHH000026: Second-level cache disabled
2024-07-05T19:14:33.261+09:00  INFO 10616 --- [boardPrac] [    Test worker] o.s.o.j.p.SpringPersistenceUnitInfo      : No LoadTimeWeaver setup: ignoring JPA class transformer
2024-07-05T19:14:33.293+09:00  INFO 10616 --- [boardPrac] [    Test worker] com.zaxxer.hikari.HikariDataSource       : HikariPool-1 - Starting...
2024-07-05T19:14:33.405+09:00  INFO 10616 --- [boardPrac] [    Test worker] com.zaxxer.hikari.pool.HikariPool        : HikariPool-1 - Added connection org.mariadb.jdbc.Connection@224e6e88
2024-07-05T19:14:33.407+09:00  INFO 10616 --- [boardPrac] [    Test worker] com.zaxxer.hikari.HikariDataSource       : HikariPool-1 - Start completed.
2024-07-05T19:14:34.476+09:00  INFO 10616 --- [boardPrac] [    Test worker] o.h.e.t.j.p.i.JtaPlatformInitiator       : HHH000489: No JTA platform available (set 'hibernate.transaction.jta.platform' to enable JTA platform integration)
2024-07-05T19:14:34.542+09:00  INFO 10616 --- [boardPrac] [    Test worker] j.LocalContainerEntityManagerFactoryBean : Initialized JPA EntityManagerFactory for persistence unit 'default'
2024-07-05T19:14:34.931+09:00  WARN 10616 --- [boardPrac] [    Test worker] .s.s.UserDetailsServiceAutoConfiguration : 

Using generated security password: 06bb326a-e5c1-46fc-b3bd-b2274b6727f4

This generated password is for development use only. Your security configuration must be updated before running your application in production.

2024-07-05T19:14:34.940+09:00  INFO 10616 --- [boardPrac] [    Test worker] r$InitializeUserDetailsManagerConfigurer : Global AuthenticationManager configured with UserDetailsService bean with name inMemoryUserDetailsManager
2024-07-05T19:14:35.616+09:00  INFO 10616 --- [boardPrac] [    Test worker] y.t.boardPrac.BoardPracApplicationTests  : Started BoardPracApplicationTests in 4.435 seconds (process running for 5.854)
Hibernate: insert into users (name) values (?) returning user_id
Hibernate: insert into users (name) values (?) returning user_id
Hibernate: insert into users (name) values (?) returning user_id
Hibernate: insert into users (name) values (?) returning user_id
Hibernate: insert into users (name) values (?) returning user_id
Hibernate: insert into users (name) values (?) returning user_id
Hibernate: insert into users (name) values (?) returning user_id
Hibernate: insert into users (name) values (?) returning user_id
Hibernate: insert into users (name) values (?) returning user_id
Hibernate: insert into users (name) values (?) returning user_id
2024-07-05T19:14:36.259+09:00  WARN 10616 --- [boardPrac] [ool-2-thread-75] o.m.jdbc.message.server.ErrorPacket      : Error: 1062-23000: Duplicate entry 'dup5' for key 'name'
2024-07-05T19:14:36.259+09:00  WARN 10616 --- [boardPrac] [ool-2-thread-24] o.m.jdbc.message.server.ErrorPacket      : Error: 1062-23000: Duplicate entry 'dup5' for key 'name'
2024-07-05T19:14:36.259+09:00  WARN 10616 --- [boardPrac] [ool-2-thread-90] o.m.jdbc.message.server.ErrorPacket      : Error: 1062-23000: Duplicate entry 'dup5' for key 'name'
2024-07-05T19:14:36.259+09:00  WARN 10616 --- [boardPrac] [ool-2-thread-93] o.m.jdbc.message.server.ErrorPacket      : Error: 1062-23000: Duplicate entry 'dup5' for key 'name'
2024-07-05T19:14:36.259+09:00  WARN 10616 --- [boardPrac] [ool-2-thread-13] o.m.jdbc.message.server.ErrorPacket      : Error: 1062-23000: Duplicate entry 'dup5' for key 'name'
2024-07-05T19:14:36.259+09:00  WARN 10616 --- [boardPrac] [pool-2-thread-6] o.m.jdbc.message.server.ErrorPacket      : Error: 1062-23000: Duplicate entry 'dup5' for key 'name'
2024-07-05T19:14:36.259+09:00  WARN 10616 --- [boardPrac] [ol-2-thread-102] o.m.jdbc.message.server.ErrorPacket      : Error: 1062-23000: Duplicate entry 'dup5' for key 'name'
2024-07-05T19:14:36.259+09:00  WARN 10616 --- [boardPrac] [ool-2-thread-40] o.m.jdbc.message.server.ErrorPacket      : Error: 1062-23000: Duplicate entry 'dup5' for key 'name'
2024-07-05T19:14:36.259+09:00  WARN 10616 --- [boardPrac] [ool-2-thread-69] o.m.jdbc.message.server.ErrorPacket      : Error: 1062-23000: Duplicate entry 'dup5' for key 'name'
2024-07-05T19:14:36.261+09:00  WARN 10616 --- [boardPrac] [ool-2-thread-75] o.h.engine.jdbc.spi.SqlExceptionHelper   : SQL Error: 1062, SQLState: 23000
2024-07-05T19:14:36.261+09:00  WARN 10616 --- [boardPrac] [ool-2-thread-90] o.h.engine.jdbc.spi.SqlExceptionHelper   : SQL Error: 1062, SQLState: 23000
2024-07-05T19:14:36.261+09:00  WARN 10616 --- [boardPrac] [ool-2-thread-13] o.h.engine.jdbc.spi.SqlExceptionHelper   : SQL Error: 1062, SQLState: 23000
2024-07-05T19:14:36.261+09:00  WARN 10616 --- [boardPrac] [pool-2-thread-6] o.h.engine.jdbc.spi.SqlExceptionHelper   : SQL Error: 1062, SQLState: 23000
2024-07-05T19:14:36.262+09:00  WARN 10616 --- [boardPrac] [ool-2-thread-24] o.h.engine.jdbc.spi.SqlExceptionHelper   : SQL Error: 1062, SQLState: 23000
2024-07-05T19:14:36.261+09:00 ERROR 10616 --- [boardPrac] [ool-2-thread-75] o.h.engine.jdbc.spi.SqlExceptionHelper   : (conn=92) Duplicate entry 'dup5' for key 'name'
2024-07-05T19:14:36.262+09:00 ERROR 10616 --- [boardPrac] [ool-2-thread-24] o.h.engine.jdbc.spi.SqlExceptionHelper   : (conn=91) Duplicate entry 'dup5' for key 'name'
2024-07-05T19:14:36.261+09:00  WARN 10616 --- [boardPrac] [ool-2-thread-40] o.h.engine.jdbc.spi.SqlExceptionHelper   : SQL Error: 1062, SQLState: 23000
2024-07-05T19:14:36.261+09:00  WARN 10616 --- [boardPrac] [ool-2-thread-69] o.h.engine.jdbc.spi.SqlExceptionHelper   : SQL Error: 1062, SQLState: 23000
2024-07-05T19:14:36.262+09:00 ERROR 10616 --- [boardPrac] [ool-2-thread-90] o.h.engine.jdbc.spi.SqlExceptionHelper   : (conn=85) Duplicate entry 'dup5' for key 'name'
2024-07-05T19:14:36.262+09:00 ERROR 10616 --- [boardPrac] [pool-2-thread-6] o.h.engine.jdbc.spi.SqlExceptionHelper   : (conn=93) Duplicate entry 'dup5' for key 'name'
2024-07-05T19:14:36.262+09:00  WARN 10616 --- [boardPrac] [ol-2-thread-102] o.h.engine.jdbc.spi.SqlExceptionHelper   : SQL Error: 1062, SQLState: 23000
2024-07-05T19:14:36.262+09:00  WARN 10616 --- [boardPrac] [ool-2-thread-93] o.h.engine.jdbc.spi.SqlExceptionHelper   : SQL Error: 1062, SQLState: 23000
2024-07-05T19:14:36.262+09:00 ERROR 10616 --- [boardPrac] [ool-2-thread-40] o.h.engine.jdbc.spi.SqlExceptionHelper   : (conn=90) Duplicate entry 'dup5' for key 'name'
2024-07-05T19:14:36.262+09:00 ERROR 10616 --- [boardPrac] [ool-2-thread-69] o.h.engine.jdbc.spi.SqlExceptionHelper   : (conn=86) Duplicate entry 'dup5' for key 'name'
2024-07-05T19:14:36.262+09:00 ERROR 10616 --- [boardPrac] [ool-2-thread-13] o.h.engine.jdbc.spi.SqlExceptionHelper   : (conn=88) Duplicate entry 'dup5' for key 'name'
2024-07-05T19:14:36.262+09:00 ERROR 10616 --- [boardPrac] [ol-2-thread-102] o.h.engine.jdbc.spi.SqlExceptionHelper   : (conn=89) Duplicate entry 'dup5' for key 'name'
2024-07-05T19:14:36.262+09:00 ERROR 10616 --- [boardPrac] [ool-2-thread-93] o.h.engine.jdbc.spi.SqlExceptionHelper   : (conn=84) Duplicate entry 'dup5' for key 'name'
Hibernate: insert into users (name) values (?) returning user_id
2024-07-05T19:14:36.266+09:00  WARN 10616 --- [boardPrac] [ool-2-thread-92] o.m.jdbc.message.server.ErrorPacket      : Error: 1062-23000: Duplicate entry 'dup5' for key 'name'
2024-07-05T19:14:36.266+09:00  WARN 10616 --- [boardPrac] [ool-2-thread-92] o.h.engine.jdbc.spi.SqlExceptionHelper   : SQL Error: 1062, SQLState: 23000
2024-07-05T19:14:36.266+09:00 ERROR 10616 --- [boardPrac] [ool-2-thread-92] o.h.engine.jdbc.spi.SqlExceptionHelper   : (conn=87) Duplicate entry 'dup5' for key 'name'
Hibernate: insert into users (name) values (?) returning user_id
Hibernate: insert into users (name) values (?) returning user_id
Hibernate: insert into users (name) values (?) returning user_id
Hibernate: insert into users (name) values (?) returning user_id
Hibernate: insert into users (name) values (?) returning user_id
Hibernate: insert into users (name) values (?) returning user_id
Hibernate: insert into users (name) values (?) returning user_id
Hibernate: insert into users (name) values (?) returning user_id
Hibernate: insert into users (name) values (?) returning user_id
Hibernate: insert into users (name) values (?) returning user_id
could not execute statement [(conn=92) Duplicate entry 'dup5' for key 'name'] [insert into users (name) values (?) returning user_id]; SQL [insert into users (name) values (?) returning user_id]; constraint [name]
could not execute statement [(conn=91) Duplicate entry 'dup5' for key 'name'] [insert into users (name) values (?) returning user_id]; SQL [insert into users (name) values (?) returning user_id]; constraint [name]
could not execute statement [(conn=93) Duplicate entry 'dup5' for key 'name'] [insert into users (name) values (?) returning user_id]; SQL [insert into users (name) values (?) returning user_id]; constraint [name]
could not execute statement [(conn=86) Duplicate entry 'dup5' for key 'name'] [insert into users (name) values (?) returning user_id]; SQL [insert into users (name) values (?) returning user_id]; constraint [name]
could not execute statement [(conn=87) Duplicate entry 'dup5' for key 'name'] [insert into users (name) values (?) returning user_id]; SQL [insert into users (name) values (?) returning user_id]; constraint [name]
could not execute statement [(conn=89) Duplicate entry 'dup5' for key 'name'] [insert into users (name) values (?) returning user_id]; SQL [insert into users (name) values (?) returning user_id]; constraint [name]
could not execute statement [(conn=84) Duplicate entry 'dup5' for key 'name'] [insert into users (name) values (?) returning user_id]; SQL [insert into users (name) values (?) returning user_id]; constraint [name]
2024-07-05T19:14:36.280+09:00  WARN 10616 --- [boardPrac] [ool-2-thread-66] o.m.jdbc.message.server.ErrorPacket      : Error: 1062-23000: Duplicate entry 'dup5' for key 'name'
could not execute statement [(conn=88) Duplicate entry 'dup5' for key 'name'] [insert into users (name) values (?) returning user_id]; SQL [insert into users (name) values (?) returning user_id]; constraint [name]
2024-07-05T19:14:36.280+09:00  WARN 10616 --- [boardPrac] [ool-2-thread-35] o.m.jdbc.message.server.ErrorPacket      : Error: 1062-23000: Duplicate entry 'dup5' for key 'name'
could not execute statement [(conn=90) Duplicate entry 'dup5' for key 'name'] [insert into users (name) values (?) returning user_id]; SQL [insert into users (name) values (?) returning user_id]; constraint [name]
could not execute statement [(conn=85) Duplicate entry 'dup5' for key 'name'] [insert into users (name) values (?) returning user_id]; SQL [insert into users (name) values (?) returning user_id]; constraint [name]
2024-07-05T19:14:36.281+09:00  WARN 10616 --- [boardPrac] [ool-2-thread-66] o.h.engine.jdbc.spi.SqlExceptionHelper   : SQL Error: 1062, SQLState: 23000
2024-07-05T19:14:36.281+09:00  WARN 10616 --- [boardPrac] [ool-2-thread-48] o.m.jdbc.message.server.ErrorPacket      : Error: 1062-23000: Duplicate entry 'dup5' for key 'name'
2024-07-05T19:14:36.281+09:00 ERROR 10616 --- [boardPrac] [ool-2-thread-66] o.h.engine.jdbc.spi.SqlExceptionHelper   : (conn=93) Duplicate entry 'dup5' for key 'name'
2024-07-05T19:14:36.281+09:00  WARN 10616 --- [boardPrac] [ool-2-thread-19] o.m.jdbc.message.server.ErrorPacket      : Error: 1062-23000: Duplicate entry 'dup5' for key 'name'
2024-07-05T19:14:36.281+09:00  WARN 10616 --- [boardPrac] [ool-2-thread-43] o.m.jdbc.message.server.ErrorPacket      : Error: 1062-23000: Duplicate entry 'dup5' for key 'name'
2024-07-05T19:14:36.281+09:00  WARN 10616 --- [boardPrac] [ool-2-thread-45] o.m.jdbc.message.server.ErrorPacket      : Error: 1062-23000: Duplicate entry 'dup5' for key 'name'
2024-07-05T19:14:36.281+09:00  WARN 10616 --- [boardPrac] [pool-2-thread-3] o.m.jdbc.message.server.ErrorPacket      : Error: 1062-23000: Duplicate entry 'dup5' for key 'name'
2024-07-05T19:14:36.281+09:00  WARN 10616 --- [boardPrac] [ool-2-thread-35] o.h.engine.jdbc.spi.SqlExceptionHelper   : SQL Error: 1062, SQLState: 23000
2024-07-05T19:14:36.281+09:00  WARN 10616 --- [boardPrac] [ool-2-thread-48] o.h.engine.jdbc.spi.SqlExceptionHelper   : SQL Error: 1062, SQLState: 23000
2024-07-05T19:14:36.281+09:00 ERROR 10616 --- [boardPrac] [ool-2-thread-35] o.h.engine.jdbc.spi.SqlExceptionHelper   : (conn=86) Duplicate entry 'dup5' for key 'name'
2024-07-05T19:14:36.281+09:00 ERROR 10616 --- [boardPrac] [ool-2-thread-48] o.h.engine.jdbc.spi.SqlExceptionHelper   : (conn=90) Duplicate entry 'dup5' for key 'name'
2024-07-05T19:14:36.281+09:00  WARN 10616 --- [boardPrac] [ool-2-thread-43] o.h.engine.jdbc.spi.SqlExceptionHelper   : SQL Error: 1062, SQLState: 23000
2024-07-05T19:14:36.281+09:00  WARN 10616 --- [boardPrac] [ool-2-thread-19] o.h.engine.jdbc.spi.SqlExceptionHelper   : SQL Error: 1062, SQLState: 23000
2024-07-05T19:14:36.281+09:00 ERROR 10616 --- [boardPrac] [ool-2-thread-43] o.h.engine.jdbc.spi.SqlExceptionHelper   : (conn=85) Duplicate entry 'dup5' for key 'name'
2024-07-05T19:14:36.281+09:00  WARN 10616 --- [boardPrac] [ool-2-thread-45] o.h.engine.jdbc.spi.SqlExceptionHelper   : SQL Error: 1062, SQLState: 23000
2024-07-05T19:14:36.281+09:00 ERROR 10616 --- [boardPrac] [ool-2-thread-19] o.h.engine.jdbc.spi.SqlExceptionHelper   : (conn=91) Duplicate entry 'dup5' for key 'name'
2024-07-05T19:14:36.281+09:00  WARN 10616 --- [boardPrac] [pool-2-thread-3] o.h.engine.jdbc.spi.SqlExceptionHelper   : SQL Error: 1062, SQLState: 23000
2024-07-05T19:14:36.281+09:00 ERROR 10616 --- [boardPrac] [ool-2-thread-45] o.h.engine.jdbc.spi.SqlExceptionHelper   : (conn=88) Duplicate entry 'dup5' for key 'name'
2024-07-05T19:14:36.281+09:00  WARN 10616 --- [boardPrac] [ool-2-thread-94] o.m.jdbc.message.server.ErrorPacket      : Error: 1062-23000: Duplicate entry 'dup5' for key 'name'
2024-07-05T19:14:36.281+09:00 ERROR 10616 --- [boardPrac] [pool-2-thread-3] o.h.engine.jdbc.spi.SqlExceptionHelper   : (conn=89) Duplicate entry 'dup5' for key 'name'
2024-07-05T19:14:36.281+09:00  WARN 10616 --- [boardPrac] [pool-2-thread-8] o.m.jdbc.message.server.ErrorPacket      : Error: 1062-23000: Duplicate entry 'dup5' for key 'name'
2024-07-05T19:14:36.282+09:00  WARN 10616 --- [boardPrac] [ool-2-thread-91] o.m.jdbc.message.server.ErrorPacket      : Error: 1062-23000: Duplicate entry 'dup5' for key 'name'
2024-07-05T19:14:36.282+09:00  WARN 10616 --- [boardPrac] [ool-2-thread-94] o.h.engine.jdbc.spi.SqlExceptionHelper   : SQL Error: 1062, SQLState: 23000
2024-07-05T19:14:36.282+09:00  WARN 10616 --- [boardPrac] [pool-2-thread-8] o.h.engine.jdbc.spi.SqlExceptionHelper   : SQL Error: 1062, SQLState: 23000
2024-07-05T19:14:36.282+09:00 ERROR 10616 --- [boardPrac] [ool-2-thread-94] o.h.engine.jdbc.spi.SqlExceptionHelper   : (conn=92) Duplicate entry 'dup5' for key 'name'
2024-07-05T19:14:36.282+09:00 ERROR 10616 --- [boardPrac] [pool-2-thread-8] o.h.engine.jdbc.spi.SqlExceptionHelper   : (conn=84) Duplicate entry 'dup5' for key 'name'
2024-07-05T19:14:36.282+09:00  WARN 10616 --- [boardPrac] [ool-2-thread-91] o.h.engine.jdbc.spi.SqlExceptionHelper   : SQL Error: 1062, SQLState: 23000
2024-07-05T19:14:36.282+09:00 ERROR 10616 --- [boardPrac] [ool-2-thread-91] o.h.engine.jdbc.spi.SqlExceptionHelper   : (conn=87) Duplicate entry 'dup5' for key 'name'
could not execute statement [(conn=93) Duplicate entry 'dup5' for key 'name'] [insert into users (name) values (?) returning user_id]; SQL [insert into users (name) values (?) returning user_id]; constraint [name]
could not execute statement [(conn=86) Duplicate entry 'dup5' for key 'name'] [insert into users (name) values (?) returning user_id]; SQL [insert into users (name) values (?) returning user_id]; constraint [name]
could not execute statement [(conn=91) Duplicate entry 'dup5' for key 'name'] [insert into users (name) values (?) returning user_id]; SQL [insert into users (name) values (?) returning user_id]; constraint [name]
could not execute statement [(conn=90) Duplicate entry 'dup5' for key 'name'] [insert into users (name) values (?) returning user_id]; SQL [insert into users (name) values (?) returning user_id]; constraint [name]
could not execute statement [(conn=88) Duplicate entry 'dup5' for key 'name'] [insert into users (name) values (?) returning user_id]; SQL [insert into users (name) values (?) returning user_id]; constraint [name]
could not execute statement [(conn=85) Duplicate entry 'dup5' for key 'name'] [insert into users (name) values (?) returning user_id]; SQL [insert into users (name) values (?) returning user_id]; constraint [name]
could not execute statement [(conn=89) Duplicate entry 'dup5' for key 'name'] [insert into users (name) values (?) returning user_id]; SQL [insert into users (name) values (?) returning user_id]; constraint [name]
could not execute statement [(conn=87) Duplicate entry 'dup5' for key 'name'] [insert into users (name) values (?) returning user_id]; SQL [insert into users (name) values (?) returning user_id]; constraint [name]
could not execute statement [(conn=84) Duplicate entry 'dup5' for key 'name'] [insert into users (name) values (?) returning user_id]; SQL [insert into users (name) values (?) returning user_id]; constraint [name]
could not execute statement [(conn=92) Duplicate entry 'dup5' for key 'name'] [insert into users (name) values (?) returning user_id]; SQL [insert into users (name) values (?) returning user_id]; constraint [name]
Hibernate: insert into users (name) values (?) returning user_id
Hibernate: insert into users (name) values (?) returning user_id
Hibernate: insert into users (name) values (?) returning user_id
Hibernate: insert into users (name) values (?) returning user_id
Hibernate: insert into users (name) values (?) returning user_id
Hibernate: insert into users (name) values (?) returning user_id
Hibernate: insert into users (name) values (?) returning user_id
Hibernate: insert into users (name) values (?) returning user_id
Hibernate: insert into users (name) values (?) returning user_id
Hibernate: insert into users (name) values (?) returning user_id
2024-07-05T19:14:36.288+09:00  WARN 10616 --- [boardPrac] [pool-2-thread-4] o.m.jdbc.message.server.ErrorPacket      : Error: 1062-23000: Duplicate entry 'dup5' for key 'name'
2024-07-05T19:14:36.288+09:00  WARN 10616 --- [boardPrac] [ool-2-thread-11] o.m.jdbc.message.server.ErrorPacket      : Error: 1062-23000: Duplicate entry 'dup5' for key 'name'
2024-07-05T19:14:36.288+09:00  WARN 10616 --- [boardPrac] [ool-2-thread-11] o.h.engine.jdbc.spi.SqlExceptionHelper   : SQL Error: 1062, SQLState: 23000
2024-07-05T19:14:36.288+09:00  WARN 10616 --- [boardPrac] [pool-2-thread-4] o.h.engine.jdbc.spi.SqlExceptionHelper   : SQL Error: 1062, SQLState: 23000
2024-07-05T19:14:36.288+09:00  WARN 10616 --- [boardPrac] [ool-2-thread-42] o.m.jdbc.message.server.ErrorPacket      : Error: 1062-23000: Duplicate entry 'dup5' for key 'name'
2024-07-05T19:14:36.288+09:00 ERROR 10616 --- [boardPrac] [ool-2-thread-11] o.h.engine.jdbc.spi.SqlExceptionHelper   : (conn=87) Duplicate entry 'dup5' for key 'name'
2024-07-05T19:14:36.288+09:00  WARN 10616 --- [boardPrac] [ol-2-thread-101] o.m.jdbc.message.server.ErrorPacket      : Error: 1062-23000: Duplicate entry 'dup5' for key 'name'
2024-07-05T19:14:36.289+09:00 ERROR 10616 --- [boardPrac] [pool-2-thread-4] o.h.engine.jdbc.spi.SqlExceptionHelper   : (conn=93) Duplicate entry 'dup5' for key 'name'
2024-07-05T19:14:36.289+09:00  WARN 10616 --- [boardPrac] [ool-2-thread-99] o.m.jdbc.message.server.ErrorPacket      : Error: 1062-23000: Duplicate entry 'dup5' for key 'name'
2024-07-05T19:14:36.289+09:00  WARN 10616 --- [boardPrac] [ool-2-thread-42] o.h.engine.jdbc.spi.SqlExceptionHelper   : SQL Error: 1062, SQLState: 23000
2024-07-05T19:14:36.289+09:00  WARN 10616 --- [boardPrac] [ool-2-thread-67] o.m.jdbc.message.server.ErrorPacket      : Error: 1062-23000: Duplicate entry 'dup5' for key 'name'
2024-07-05T19:14:36.289+09:00  WARN 10616 --- [boardPrac] [ool-2-thread-99] o.h.engine.jdbc.spi.SqlExceptionHelper   : SQL Error: 1062, SQLState: 23000
2024-07-05T19:14:36.289+09:00 ERROR 10616 --- [boardPrac] [ool-2-thread-99] o.h.engine.jdbc.spi.SqlExceptionHelper   : (conn=91) Duplicate entry 'dup5' for key 'name'
2024-07-05T19:14:36.289+09:00  WARN 10616 --- [boardPrac] [ool-2-thread-67] o.h.engine.jdbc.spi.SqlExceptionHelper   : SQL Error: 1062, SQLState: 23000
2024-07-05T19:14:36.289+09:00  WARN 10616 --- [boardPrac] [ool-2-thread-32] o.m.jdbc.message.server.ErrorPacket      : Error: 1062-23000: Duplicate entry 'dup5' for key 'name'
2024-07-05T19:14:36.289+09:00  WARN 10616 --- [boardPrac] [ol-2-thread-101] o.h.engine.jdbc.spi.SqlExceptionHelper   : SQL Error: 1062, SQLState: 23000
2024-07-05T19:14:36.289+09:00  WARN 10616 --- [boardPrac] [ool-2-thread-74] o.m.jdbc.message.server.ErrorPacket      : Error: 1062-23000: Duplicate entry 'dup5' for key 'name'
2024-07-05T19:14:36.289+09:00 ERROR 10616 --- [boardPrac] [ool-2-thread-42] o.h.engine.jdbc.spi.SqlExceptionHelper   : (conn=88) Duplicate entry 'dup5' for key 'name'
2024-07-05T19:14:36.289+09:00  WARN 10616 --- [boardPrac] [ool-2-thread-76] o.m.jdbc.message.server.ErrorPacket      : Error: 1062-23000: Duplicate entry 'dup5' for key 'name'
2024-07-05T19:14:36.289+09:00  WARN 10616 --- [boardPrac] [ool-2-thread-76] o.h.engine.jdbc.spi.SqlExceptionHelper   : SQL Error: 1062, SQLState: 23000
2024-07-05T19:14:36.289+09:00 ERROR 10616 --- [boardPrac] [ool-2-thread-76] o.h.engine.jdbc.spi.SqlExceptionHelper   : (conn=92) Duplicate entry 'dup5' for key 'name'
2024-07-05T19:14:36.289+09:00  WARN 10616 --- [boardPrac] [ool-2-thread-58] o.m.jdbc.message.server.ErrorPacket      : Error: 1062-23000: Duplicate entry 'dup5' for key 'name'
2024-07-05T19:14:36.289+09:00  WARN 10616 --- [boardPrac] [ool-2-thread-58] o.h.engine.jdbc.spi.SqlExceptionHelper   : SQL Error: 1062, SQLState: 23000
2024-07-05T19:14:36.289+09:00 ERROR 10616 --- [boardPrac] [ool-2-thread-58] o.h.engine.jdbc.spi.SqlExceptionHelper   : (conn=85) Duplicate entry 'dup5' for key 'name'
2024-07-05T19:14:36.289+09:00 ERROR 10616 --- [boardPrac] [ool-2-thread-67] o.h.engine.jdbc.spi.SqlExceptionHelper   : (conn=89) Duplicate entry 'dup5' for key 'name'
2024-07-05T19:14:36.289+09:00 ERROR 10616 --- [boardPrac] [ol-2-thread-101] o.h.engine.jdbc.spi.SqlExceptionHelper   : (conn=90) Duplicate entry 'dup5' for key 'name'
2024-07-05T19:14:36.289+09:00  WARN 10616 --- [boardPrac] [ool-2-thread-74] o.h.engine.jdbc.spi.SqlExceptionHelper   : SQL Error: 1062, SQLState: 23000
2024-07-05T19:14:36.289+09:00  WARN 10616 --- [boardPrac] [ool-2-thread-32] o.h.engine.jdbc.spi.SqlExceptionHelper   : SQL Error: 1062, SQLState: 23000
2024-07-05T19:14:36.290+09:00 ERROR 10616 --- [boardPrac] [ool-2-thread-74] o.h.engine.jdbc.spi.SqlExceptionHelper   : (conn=84) Duplicate entry 'dup5' for key 'name'
2024-07-05T19:14:36.290+09:00 ERROR 10616 --- [boardPrac] [ool-2-thread-32] o.h.engine.jdbc.spi.SqlExceptionHelper   : (conn=86) Duplicate entry 'dup5' for key 'name'
could not execute statement [(conn=87) Duplicate entry 'dup5' for key 'name'] [insert into users (name) values (?) returning user_id]; SQL [insert into users (name) values (?) returning user_id]; constraint [name]
could not execute statement [(conn=93) Duplicate entry 'dup5' for key 'name'] [insert into users (name) values (?) returning user_id]; SQL [insert into users (name) values (?) returning user_id]; constraint [name]
could not execute statement [(conn=92) Duplicate entry 'dup5' for key 'name'] [insert into users (name) values (?) returning user_id]; SQL [insert into users (name) values (?) returning user_id]; constraint [name]
could not execute statement [(conn=91) Duplicate entry 'dup5' for key 'name'] [insert into users (name) values (?) returning user_id]; SQL [insert into users (name) values (?) returning user_id]; constraint [name]
could not execute statement [(conn=88) Duplicate entry 'dup5' for key 'name'] [insert into users (name) values (?) returning user_id]; SQL [insert into users (name) values (?) returning user_id]; constraint [name]
could not execute statement [(conn=86) Duplicate entry 'dup5' for key 'name'] [insert into users (name) values (?) returning user_id]; SQL [insert into users (name) values (?) returning user_id]; constraint [name]
could not execute statement [(conn=89) Duplicate entry 'dup5' for key 'name'] [insert into users (name) values (?) returning user_id]; SQL [insert into users (name) values (?) returning user_id]; constraint [name]
could not execute statement [(conn=84) Duplicate entry 'dup5' for key 'name'] [insert into users (name) values (?) returning user_id]; SQL [insert into users (name) values (?) returning user_id]; constraint [name]
could not execute statement [(conn=90) Duplicate entry 'dup5' for key 'name'] [insert into users (name) values (?) returning user_id]; SQL [insert into users (name) values (?) returning user_id]; constraint [name]
could not execute statement [(conn=85) Duplicate entry 'dup5' for key 'name'] [insert into users (name) values (?) returning user_id]; SQL [insert into users (name) values (?) returning user_id]; constraint [name]
Hibernate: insert into users (name) values (?) returning user_id
Hibernate: insert into users (name) values (?) returning user_id
Hibernate: insert into users (name) values (?) returning user_id
Hibernate: insert into users (name) values (?) returning user_id
Hibernate: insert into users (name) values (?) returning user_id
Hibernate: insert into users (name) values (?) returning user_id
Hibernate: insert into users (name) values (?) returning user_id
Hibernate: insert into users (name) values (?) returning user_id
Hibernate: insert into users (name) values (?) returning user_id
Hibernate: insert into users (name) values (?) returning user_id
2024-07-05T19:14:36.296+09:00  WARN 10616 --- [boardPrac] [ool-2-thread-77] o.m.jdbc.message.server.ErrorPacket      : Error: 1062-23000: Duplicate entry 'dup5' for key 'name'
2024-07-05T19:14:36.297+09:00  WARN 10616 --- [boardPrac] [ol-2-thread-100] o.m.jdbc.message.server.ErrorPacket      : Error: 1062-23000: Duplicate entry 'dup5' for key 'name'
2024-07-05T19:14:36.297+09:00  WARN 10616 --- [boardPrac] [ool-2-thread-95] o.m.jdbc.message.server.ErrorPacket      : Error: 1062-23000: Duplicate entry 'dup5' for key 'name'
2024-07-05T19:14:36.297+09:00  WARN 10616 --- [boardPrac] [ool-2-thread-20] o.m.jdbc.message.server.ErrorPacket      : Error: 1062-23000: Duplicate entry 'dup5' for key 'name'
2024-07-05T19:14:36.297+09:00  WARN 10616 --- [boardPrac] [ool-2-thread-77] o.h.engine.jdbc.spi.SqlExceptionHelper   : SQL Error: 1062, SQLState: 23000
2024-07-05T19:14:36.297+09:00  WARN 10616 --- [boardPrac] [ool-2-thread-95] o.h.engine.jdbc.spi.SqlExceptionHelper   : SQL Error: 1062, SQLState: 23000
2024-07-05T19:14:36.297+09:00  WARN 10616 --- [boardPrac] [ool-2-thread-46] o.m.jdbc.message.server.ErrorPacket      : Error: 1062-23000: Duplicate entry 'dup5' for key 'name'
2024-07-05T19:14:36.297+09:00  WARN 10616 --- [boardPrac] [ool-2-thread-33] o.m.jdbc.message.server.ErrorPacket      : Error: 1062-23000: Duplicate entry 'dup5' for key 'name'
2024-07-05T19:14:36.297+09:00  WARN 10616 --- [boardPrac] [ool-2-thread-46] o.h.engine.jdbc.spi.SqlExceptionHelper   : SQL Error: 1062, SQLState: 23000
2024-07-05T19:14:36.297+09:00  WARN 10616 --- [boardPrac] [ool-2-thread-16] o.m.jdbc.message.server.ErrorPacket      : Error: 1062-23000: Duplicate entry 'dup5' for key 'name'
2024-07-05T19:14:36.297+09:00  WARN 10616 --- [boardPrac] [ol-2-thread-100] o.h.engine.jdbc.spi.SqlExceptionHelper   : SQL Error: 1062, SQLState: 23000
2024-07-05T19:14:36.297+09:00  WARN 10616 --- [boardPrac] [ool-2-thread-20] o.h.engine.jdbc.spi.SqlExceptionHelper   : SQL Error: 1062, SQLState: 23000
2024-07-05T19:14:36.297+09:00 ERROR 10616 --- [boardPrac] [ool-2-thread-95] o.h.engine.jdbc.spi.SqlExceptionHelper   : (conn=89) Duplicate entry 'dup5' for key 'name'
2024-07-05T19:14:36.297+09:00 ERROR 10616 --- [boardPrac] [ool-2-thread-77] o.h.engine.jdbc.spi.SqlExceptionHelper   : (conn=86) Duplicate entry 'dup5' for key 'name'
2024-07-05T19:14:36.297+09:00 ERROR 10616 --- [boardPrac] [ool-2-thread-46] o.h.engine.jdbc.spi.SqlExceptionHelper   : (conn=90) Duplicate entry 'dup5' for key 'name'
2024-07-05T19:14:36.297+09:00  WARN 10616 --- [boardPrac] [ool-2-thread-52] o.m.jdbc.message.server.ErrorPacket      : Error: 1062-23000: Duplicate entry 'dup5' for key 'name'
2024-07-05T19:14:36.297+09:00  WARN 10616 --- [boardPrac] [ool-2-thread-33] o.h.engine.jdbc.spi.SqlExceptionHelper   : SQL Error: 1062, SQLState: 23000
2024-07-05T19:14:36.297+09:00 ERROR 10616 --- [boardPrac] [ol-2-thread-100] o.h.engine.jdbc.spi.SqlExceptionHelper   : (conn=87) Duplicate entry 'dup5' for key 'name'
2024-07-05T19:14:36.297+09:00  WARN 10616 --- [boardPrac] [ool-2-thread-16] o.h.engine.jdbc.spi.SqlExceptionHelper   : SQL Error: 1062, SQLState: 23000
2024-07-05T19:14:36.297+09:00 ERROR 10616 --- [boardPrac] [ool-2-thread-20] o.h.engine.jdbc.spi.SqlExceptionHelper   : (conn=84) Duplicate entry 'dup5' for key 'name'
2024-07-05T19:14:36.297+09:00  WARN 10616 --- [boardPrac] [ool-2-thread-34] o.m.jdbc.message.server.ErrorPacket      : Error: 1062-23000: Duplicate entry 'dup5' for key 'name'
2024-07-05T19:14:36.297+09:00  WARN 10616 --- [boardPrac] [ool-2-thread-17] o.m.jdbc.message.server.ErrorPacket      : Error: 1062-23000: Duplicate entry 'dup5' for key 'name'
2024-07-05T19:14:36.298+09:00 ERROR 10616 --- [boardPrac] [ool-2-thread-16] o.h.engine.jdbc.spi.SqlExceptionHelper   : (conn=88) Duplicate entry 'dup5' for key 'name'
2024-07-05T19:14:36.297+09:00  WARN 10616 --- [boardPrac] [ool-2-thread-52] o.h.engine.jdbc.spi.SqlExceptionHelper   : SQL Error: 1062, SQLState: 23000
2024-07-05T19:14:36.298+09:00 ERROR 10616 --- [boardPrac] [ool-2-thread-33] o.h.engine.jdbc.spi.SqlExceptionHelper   : (conn=91) Duplicate entry 'dup5' for key 'name'
2024-07-05T19:14:36.298+09:00  WARN 10616 --- [boardPrac] [ool-2-thread-34] o.h.engine.jdbc.spi.SqlExceptionHelper   : SQL Error: 1062, SQLState: 23000
2024-07-05T19:14:36.298+09:00 ERROR 10616 --- [boardPrac] [ool-2-thread-52] o.h.engine.jdbc.spi.SqlExceptionHelper   : (conn=85) Duplicate entry 'dup5' for key 'name'
2024-07-05T19:14:36.298+09:00  WARN 10616 --- [boardPrac] [ool-2-thread-17] o.h.engine.jdbc.spi.SqlExceptionHelper   : SQL Error: 1062, SQLState: 23000
2024-07-05T19:14:36.299+09:00 ERROR 10616 --- [boardPrac] [ool-2-thread-34] o.h.engine.jdbc.spi.SqlExceptionHelper   : (conn=93) Duplicate entry 'dup5' for key 'name'
2024-07-05T19:14:36.299+09:00 ERROR 10616 --- [boardPrac] [ool-2-thread-17] o.h.engine.jdbc.spi.SqlExceptionHelper   : (conn=92) Duplicate entry 'dup5' for key 'name'
could not execute statement [(conn=86) Duplicate entry 'dup5' for key 'name'] [insert into users (name) values (?) returning user_id]; SQL [insert into users (name) values (?) returning user_id]; constraint [name]
could not execute statement [(conn=90) Duplicate entry 'dup5' for key 'name'] [insert into users (name) values (?) returning user_id]; SQL [insert into users (name) values (?) returning user_id]; constraint [name]
could not execute statement [(conn=91) Duplicate entry 'dup5' for key 'name'] [insert into users (name) values (?) returning user_id]; SQL [insert into users (name) values (?) returning user_id]; constraint [name]
could not execute statement [(conn=88) Duplicate entry 'dup5' for key 'name'] [insert into users (name) values (?) returning user_id]; SQL [insert into users (name) values (?) returning user_id]; constraint [name]
could not execute statement [(conn=93) Duplicate entry 'dup5' for key 'name'] [insert into users (name) values (?) returning user_id]; SQL [insert into users (name) values (?) returning user_id]; constraint [name]
could not execute statement [(conn=87) Duplicate entry 'dup5' for key 'name'] [insert into users (name) values (?) returning user_id]; SQL [insert into users (name) values (?) returning user_id]; constraint [name]
could not execute statement [(conn=85) Duplicate entry 'dup5' for key 'name'] [insert into users (name) values (?) returning user_id]; SQL [insert into users (name) values (?) returning user_id]; constraint [name]
could not execute statement [(conn=84) Duplicate entry 'dup5' for key 'name'] [insert into users (name) values (?) returning user_id]; SQL [insert into users (name) values (?) returning user_id]; constraint [name]
could not execute statement [(conn=89) Duplicate entry 'dup5' for key 'name'] [insert into users (name) values (?) returning user_id]; SQL [insert into users (name) values (?) returning user_id]; constraint [name]
could not execute statement [(conn=92) Duplicate entry 'dup5' for key 'name'] [insert into users (name) values (?) returning user_id]; SQL [insert into users (name) values (?) returning user_id]; constraint [name]
Hibernate: insert into users (name) values (?) returning user_id
Hibernate: insert into users (name) values (?) returning user_id
Hibernate: insert into users (name) values (?) returning user_id
Hibernate: insert into users (name) values (?) returning user_id
Hibernate: insert into users (name) values (?) returning user_id
Hibernate: insert into users (name) values (?) returning user_id
Hibernate: insert into users (name) values (?) returning user_id
Hibernate: insert into users (name) values (?) returning user_id
Hibernate: insert into users (name) values (?) returning user_id
Hibernate: insert into users (name) values (?) returning user_id
2024-07-05T19:14:36.304+09:00  WARN 10616 --- [boardPrac] [ool-2-thread-85] o.m.jdbc.message.server.ErrorPacket      : Error: 1062-23000: Duplicate entry 'dup5' for key 'name'
2024-07-05T19:14:36.304+09:00  WARN 10616 --- [boardPrac] [ool-2-thread-82] o.m.jdbc.message.server.ErrorPacket      : Error: 1062-23000: Duplicate entry 'dup5' for key 'name'
2024-07-05T19:14:36.305+09:00  WARN 10616 --- [boardPrac] [ool-2-thread-85] o.h.engine.jdbc.spi.SqlExceptionHelper   : SQL Error: 1062, SQLState: 23000
2024-07-05T19:14:36.305+09:00  WARN 10616 --- [boardPrac] [ool-2-thread-82] o.h.engine.jdbc.spi.SqlExceptionHelper   : SQL Error: 1062, SQLState: 23000
2024-07-05T19:14:36.305+09:00 ERROR 10616 --- [boardPrac] [ool-2-thread-85] o.h.engine.jdbc.spi.SqlExceptionHelper   : (conn=84) Duplicate entry 'dup5' for key 'name'
2024-07-05T19:14:36.305+09:00  WARN 10616 --- [boardPrac] [ool-2-thread-83] o.m.jdbc.message.server.ErrorPacket      : Error: 1062-23000: Duplicate entry 'dup5' for key 'name'
2024-07-05T19:14:36.305+09:00 ERROR 10616 --- [boardPrac] [ool-2-thread-82] o.h.engine.jdbc.spi.SqlExceptionHelper   : (conn=88) Duplicate entry 'dup5' for key 'name'
2024-07-05T19:14:36.305+09:00  WARN 10616 --- [boardPrac] [ool-2-thread-83] o.h.engine.jdbc.spi.SqlExceptionHelper   : SQL Error: 1062, SQLState: 23000
2024-07-05T19:14:36.305+09:00 ERROR 10616 --- [boardPrac] [ool-2-thread-83] o.h.engine.jdbc.spi.SqlExceptionHelper   : (conn=92) Duplicate entry 'dup5' for key 'name'
2024-07-05T19:14:36.306+09:00  WARN 10616 --- [boardPrac] [ool-2-thread-84] o.m.jdbc.message.server.ErrorPacket      : Error: 1062-23000: Duplicate entry 'dup5' for key 'name'
2024-07-05T19:14:36.306+09:00  WARN 10616 --- [boardPrac] [ool-2-thread-21] o.m.jdbc.message.server.ErrorPacket      : Error: 1062-23000: Duplicate entry 'dup5' for key 'name'
2024-07-05T19:14:36.306+09:00  WARN 10616 --- [boardPrac] [ool-2-thread-31] o.m.jdbc.message.server.ErrorPacket      : Error: 1062-23000: Duplicate entry 'dup5' for key 'name'
2024-07-05T19:14:36.306+09:00  WARN 10616 --- [boardPrac] [ol-2-thread-103] o.m.jdbc.message.server.ErrorPacket      : Error: 1062-23000: Duplicate entry 'dup5' for key 'name'
2024-07-05T19:14:36.306+09:00  WARN 10616 --- [boardPrac] [ool-2-thread-31] o.h.engine.jdbc.spi.SqlExceptionHelper   : SQL Error: 1062, SQLState: 23000
2024-07-05T19:14:36.306+09:00  WARN 10616 --- [boardPrac] [ool-2-thread-81] o.m.jdbc.message.server.ErrorPacket      : Error: 1062-23000: Duplicate entry 'dup5' for key 'name'
2024-07-05T19:14:36.306+09:00  WARN 10616 --- [boardPrac] [ool-2-thread-78] o.m.jdbc.message.server.ErrorPacket      : Error: 1062-23000: Duplicate entry 'dup5' for key 'name'
2024-07-05T19:14:36.306+09:00  WARN 10616 --- [boardPrac] [ool-2-thread-14] o.m.jdbc.message.server.ErrorPacket      : Error: 1062-23000: Duplicate entry 'dup5' for key 'name'
2024-07-05T19:14:36.306+09:00  WARN 10616 --- [boardPrac] [ool-2-thread-84] o.h.engine.jdbc.spi.SqlExceptionHelper   : SQL Error: 1062, SQLState: 23000
2024-07-05T19:14:36.306+09:00  WARN 10616 --- [boardPrac] [ool-2-thread-21] o.h.engine.jdbc.spi.SqlExceptionHelper   : SQL Error: 1062, SQLState: 23000
2024-07-05T19:14:36.306+09:00  WARN 10616 --- [boardPrac] [ol-2-thread-103] o.h.engine.jdbc.spi.SqlExceptionHelper   : SQL Error: 1062, SQLState: 23000
2024-07-05T19:14:36.306+09:00 ERROR 10616 --- [boardPrac] [ool-2-thread-31] o.h.engine.jdbc.spi.SqlExceptionHelper   : (conn=87) Duplicate entry 'dup5' for key 'name'
2024-07-05T19:14:36.306+09:00  WARN 10616 --- [boardPrac] [ool-2-thread-78] o.h.engine.jdbc.spi.SqlExceptionHelper   : SQL Error: 1062, SQLState: 23000
2024-07-05T19:14:36.306+09:00  WARN 10616 --- [boardPrac] [ool-2-thread-81] o.h.engine.jdbc.spi.SqlExceptionHelper   : SQL Error: 1062, SQLState: 23000
2024-07-05T19:14:36.306+09:00  WARN 10616 --- [boardPrac] [ool-2-thread-14] o.h.engine.jdbc.spi.SqlExceptionHelper   : SQL Error: 1062, SQLState: 23000
2024-07-05T19:14:36.306+09:00 ERROR 10616 --- [boardPrac] [ool-2-thread-78] o.h.engine.jdbc.spi.SqlExceptionHelper   : (conn=85) Duplicate entry 'dup5' for key 'name'
2024-07-05T19:14:36.306+09:00 ERROR 10616 --- [boardPrac] [ool-2-thread-84] o.h.engine.jdbc.spi.SqlExceptionHelper   : (conn=89) Duplicate entry 'dup5' for key 'name'
2024-07-05T19:14:36.306+09:00 ERROR 10616 --- [boardPrac] [ool-2-thread-21] o.h.engine.jdbc.spi.SqlExceptionHelper   : (conn=90) Duplicate entry 'dup5' for key 'name'
2024-07-05T19:14:36.306+09:00 ERROR 10616 --- [boardPrac] [ol-2-thread-103] o.h.engine.jdbc.spi.SqlExceptionHelper   : (conn=91) Duplicate entry 'dup5' for key 'name'
2024-07-05T19:14:36.307+09:00 ERROR 10616 --- [boardPrac] [ool-2-thread-14] o.h.engine.jdbc.spi.SqlExceptionHelper   : (conn=86) Duplicate entry 'dup5' for key 'name'
2024-07-05T19:14:36.307+09:00 ERROR 10616 --- [boardPrac] [ool-2-thread-81] o.h.engine.jdbc.spi.SqlExceptionHelper   : (conn=93) Duplicate entry 'dup5' for key 'name'
could not execute statement [(conn=88) Duplicate entry 'dup5' for key 'name'] [insert into users (name) values (?) returning user_id]; SQL [insert into users (name) values (?) returning user_id]; constraint [name]
could not execute statement [(conn=84) Duplicate entry 'dup5' for key 'name'] [insert into users (name) values (?) returning user_id]; SQL [insert into users (name) values (?) returning user_id]; constraint [name]
could not execute statement [(conn=92) Duplicate entry 'dup5' for key 'name'] [insert into users (name) values (?) returning user_id]; SQL [insert into users (name) values (?) returning user_id]; constraint [name]
could not execute statement [(conn=85) Duplicate entry 'dup5' for key 'name'] [insert into users (name) values (?) returning user_id]; SQL [insert into users (name) values (?) returning user_id]; constraint [name]
could not execute statement [(conn=91) Duplicate entry 'dup5' for key 'name'] [insert into users (name) values (?) returning user_id]; SQL [insert into users (name) values (?) returning user_id]; constraint [name]
could not execute statement [(conn=87) Duplicate entry 'dup5' for key 'name'] [insert into users (name) values (?) returning user_id]; SQL [insert into users (name) values (?) returning user_id]; constraint [name]
could not execute statement [(conn=86) Duplicate entry 'dup5' for key 'name'] [insert into users (name) values (?) returning user_id]; SQL [insert into users (name) values (?) returning user_id]; constraint [name]
could not execute statement [(conn=93) Duplicate entry 'dup5' for key 'name'] [insert into users (name) values (?) returning user_id]; SQL [insert into users (name) values (?) returning user_id]; constraint [name]
Hibernate: insert into users (name) values (?) returning user_id
Hibernate: insert into users (name) values (?) returning user_id
Hibernate: insert into users (name) values (?) returning user_id
could not execute statement [(conn=89) Duplicate entry 'dup5' for key 'name'] [insert into users (name) values (?) returning user_id]; SQL [insert into users (name) values (?) returning user_id]; constraint [name]
could not execute statement [(conn=90) Duplicate entry 'dup5' for key 'name'] [insert into users (name) values (?) returning user_id]; SQL [insert into users (name) values (?) returning user_id]; constraint [name]
2024-07-05T19:14:36.312+09:00  WARN 10616 --- [boardPrac] [ool-2-thread-87] o.m.jdbc.message.server.ErrorPacket      : Error: 1062-23000: Duplicate entry 'dup5' for key 'name'
2024-07-05T19:14:36.312+09:00  WARN 10616 --- [boardPrac] [ool-2-thread-86] o.m.jdbc.message.server.ErrorPacket      : Error: 1062-23000: Duplicate entry 'dup5' for key 'name'
Hibernate: insert into users (name) values (?) returning user_id
2024-07-05T19:14:36.312+09:00  WARN 10616 --- [boardPrac] [ool-2-thread-28] o.m.jdbc.message.server.ErrorPacket      : Error: 1062-23000: Duplicate entry 'dup5' for key 'name'
Hibernate: insert into users (name) values (?) returning user_id
2024-07-05T19:14:36.313+09:00  WARN 10616 --- [boardPrac] [ool-2-thread-87] o.h.engine.jdbc.spi.SqlExceptionHelper   : SQL Error: 1062, SQLState: 23000
2024-07-05T19:14:36.313+09:00 ERROR 10616 --- [boardPrac] [ool-2-thread-87] o.h.engine.jdbc.spi.SqlExceptionHelper   : (conn=88) Duplicate entry 'dup5' for key 'name'
Hibernate: insert into users (name) values (?) returning user_id
2024-07-05T19:14:36.313+09:00  WARN 10616 --- [boardPrac] [ool-2-thread-86] o.h.engine.jdbc.spi.SqlExceptionHelper   : SQL Error: 1062, SQLState: 23000
2024-07-05T19:14:36.313+09:00  WARN 10616 --- [boardPrac] [ool-2-thread-28] o.h.engine.jdbc.spi.SqlExceptionHelper   : SQL Error: 1062, SQLState: 23000
Hibernate: insert into users (name) values (?) returning user_id
2024-07-05T19:14:36.313+09:00 ERROR 10616 --- [boardPrac] [ool-2-thread-86] o.h.engine.jdbc.spi.SqlExceptionHelper   : (conn=92) Duplicate entry 'dup5' for key 'name'
2024-07-05T19:14:36.313+09:00 ERROR 10616 --- [boardPrac] [ool-2-thread-28] o.h.engine.jdbc.spi.SqlExceptionHelper   : (conn=84) Duplicate entry 'dup5' for key 'name'
Hibernate: insert into users (name) values (?) returning user_id
Hibernate: insert into users (name) values (?) returning user_id
Hibernate: insert into users (name) values (?) returning user_id
2024-07-05T19:14:36.314+09:00  WARN 10616 --- [boardPrac] [ool-2-thread-44] o.m.jdbc.message.server.ErrorPacket      : Error: 1062-23000: Duplicate entry 'dup5' for key 'name'
2024-07-05T19:14:36.314+09:00  WARN 10616 --- [boardPrac] [pool-2-thread-9] o.m.jdbc.message.server.ErrorPacket      : Error: 1062-23000: Duplicate entry 'dup5' for key 'name'
2024-07-05T19:14:36.314+09:00  WARN 10616 --- [boardPrac] [ool-2-thread-39] o.m.jdbc.message.server.ErrorPacket      : Error: 1062-23000: Duplicate entry 'dup5' for key 'name'
2024-07-05T19:14:36.314+09:00  WARN 10616 --- [boardPrac] [ool-2-thread-80] o.m.jdbc.message.server.ErrorPacket      : Error: 1062-23000: Duplicate entry 'dup5' for key 'name'
2024-07-05T19:14:36.314+09:00  WARN 10616 --- [boardPrac] [ool-2-thread-64] o.m.jdbc.message.server.ErrorPacket      : Error: 1062-23000: Duplicate entry 'dup5' for key 'name'
2024-07-05T19:14:36.314+09:00  WARN 10616 --- [boardPrac] [ool-2-thread-88] o.m.jdbc.message.server.ErrorPacket      : Error: 1062-23000: Duplicate entry 'dup5' for key 'name'
2024-07-05T19:14:36.314+09:00  WARN 10616 --- [boardPrac] [ool-2-thread-44] o.h.engine.jdbc.spi.SqlExceptionHelper   : SQL Error: 1062, SQLState: 23000
2024-07-05T19:14:36.314+09:00  WARN 10616 --- [boardPrac] [pool-2-thread-9] o.h.engine.jdbc.spi.SqlExceptionHelper   : SQL Error: 1062, SQLState: 23000
2024-07-05T19:14:36.315+09:00  WARN 10616 --- [boardPrac] [ool-2-thread-80] o.h.engine.jdbc.spi.SqlExceptionHelper   : SQL Error: 1062, SQLState: 23000
2024-07-05T19:14:36.315+09:00 ERROR 10616 --- [boardPrac] [pool-2-thread-9] o.h.engine.jdbc.spi.SqlExceptionHelper   : (conn=86) Duplicate entry 'dup5' for key 'name'
2024-07-05T19:14:36.315+09:00  WARN 10616 --- [boardPrac] [ool-2-thread-39] o.h.engine.jdbc.spi.SqlExceptionHelper   : SQL Error: 1062, SQLState: 23000
2024-07-05T19:14:36.315+09:00  WARN 10616 --- [boardPrac] [ool-2-thread-64] o.h.engine.jdbc.spi.SqlExceptionHelper   : SQL Error: 1062, SQLState: 23000
2024-07-05T19:14:36.315+09:00  WARN 10616 --- [boardPrac] [ool-2-thread-88] o.h.engine.jdbc.spi.SqlExceptionHelper   : SQL Error: 1062, SQLState: 23000
2024-07-05T19:14:36.315+09:00  WARN 10616 --- [boardPrac] [ool-2-thread-22] o.m.jdbc.message.server.ErrorPacket      : Error: 1062-23000: Duplicate entry 'dup5' for key 'name'
2024-07-05T19:14:36.315+09:00 ERROR 10616 --- [boardPrac] [ool-2-thread-44] o.h.engine.jdbc.spi.SqlExceptionHelper   : (conn=91) Duplicate entry 'dup5' for key 'name'
2024-07-05T19:14:36.315+09:00 ERROR 10616 --- [boardPrac] [ool-2-thread-80] o.h.engine.jdbc.spi.SqlExceptionHelper   : (conn=87) Duplicate entry 'dup5' for key 'name'
2024-07-05T19:14:36.315+09:00  WARN 10616 --- [boardPrac] [ool-2-thread-22] o.h.engine.jdbc.spi.SqlExceptionHelper   : SQL Error: 1062, SQLState: 23000
2024-07-05T19:14:36.315+09:00 ERROR 10616 --- [boardPrac] [ool-2-thread-88] o.h.engine.jdbc.spi.SqlExceptionHelper   : (conn=85) Duplicate entry 'dup5' for key 'name'
2024-07-05T19:14:36.315+09:00 ERROR 10616 --- [boardPrac] [ool-2-thread-22] o.h.engine.jdbc.spi.SqlExceptionHelper   : (conn=90) Duplicate entry 'dup5' for key 'name'
2024-07-05T19:14:36.315+09:00 ERROR 10616 --- [boardPrac] [ool-2-thread-39] o.h.engine.jdbc.spi.SqlExceptionHelper   : (conn=93) Duplicate entry 'dup5' for key 'name'
2024-07-05T19:14:36.315+09:00 ERROR 10616 --- [boardPrac] [ool-2-thread-64] o.h.engine.jdbc.spi.SqlExceptionHelper   : (conn=89) Duplicate entry 'dup5' for key 'name'
could not execute statement [(conn=84) Duplicate entry 'dup5' for key 'name'] [insert into users (name) values (?) returning user_id]; SQL [insert into users (name) values (?) returning user_id]; constraint [name]
could not execute statement [(conn=92) Duplicate entry 'dup5' for key 'name'] [insert into users (name) values (?) returning user_id]; SQL [insert into users (name) values (?) returning user_id]; constraint [name]
could not execute statement [(conn=88) Duplicate entry 'dup5' for key 'name'] [insert into users (name) values (?) returning user_id]; SQL [insert into users (name) values (?) returning user_id]; constraint [name]
Hibernate: insert into users (name) values (?) returning user_id
could not execute statement [(conn=86) Duplicate entry 'dup5' for key 'name'] [insert into users (name) values (?) returning user_id]; SQL [insert into users (name) values (?) returning user_id]; constraint [name]
Hibernate: insert into users (name) values (?) returning user_id
Hibernate: insert into users (name) values (?) returning user_id
could not execute statement [(conn=90) Duplicate entry 'dup5' for key 'name'] [insert into users (name) values (?) returning user_id]; SQL [insert into users (name) values (?) returning user_id]; constraint [name]
could not execute statement [(conn=89) Duplicate entry 'dup5' for key 'name'] [insert into users (name) values (?) returning user_id]; SQL [insert into users (name) values (?) returning user_id]; constraint [name]
could not execute statement [(conn=87) Duplicate entry 'dup5' for key 'name'] [insert into users (name) values (?) returning user_id]; SQL [insert into users (name) values (?) returning user_id]; constraint [name]
could not execute statement [(conn=91) Duplicate entry 'dup5' for key 'name'] [insert into users (name) values (?) returning user_id]; SQL [insert into users (name) values (?) returning user_id]; constraint [name]
could not execute statement [(conn=85) Duplicate entry 'dup5' for key 'name'] [insert into users (name) values (?) returning user_id]; SQL [insert into users (name) values (?) returning user_id]; constraint [name]
could not execute statement [(conn=93) Duplicate entry 'dup5' for key 'name'] [insert into users (name) values (?) returning user_id]; SQL [insert into users (name) values (?) returning user_id]; constraint [name]
2024-07-05T19:14:36.320+09:00  WARN 10616 --- [boardPrac] [ool-2-thread-26] o.m.jdbc.message.server.ErrorPacket      : Error: 1062-23000: Duplicate entry 'dup5' for key 'name'
2024-07-05T19:14:36.320+09:00  WARN 10616 --- [boardPrac] [ool-2-thread-26] o.h.engine.jdbc.spi.SqlExceptionHelper   : SQL Error: 1062, SQLState: 23000
2024-07-05T19:14:36.320+09:00 ERROR 10616 --- [boardPrac] [ool-2-thread-26] o.h.engine.jdbc.spi.SqlExceptionHelper   : (conn=88) Duplicate entry 'dup5' for key 'name'
Hibernate: insert into users (name) values (?) returning user_id
Hibernate: insert into users (name) values (?) returning user_id
Hibernate: insert into users (name) values (?) returning user_id
Hibernate: insert into users (name) values (?) returning user_id
Hibernate: insert into users (name) values (?) returning user_id
Hibernate: insert into users (name) values (?) returning user_id
Hibernate: insert into users (name) values (?) returning user_id
2024-07-05T19:14:36.321+09:00  WARN 10616 --- [boardPrac] [pool-2-thread-1] o.m.jdbc.message.server.ErrorPacket      : Error: 1062-23000: Duplicate entry 'dup5' for key 'name'
2024-07-05T19:14:36.321+09:00  WARN 10616 --- [boardPrac] [ool-2-thread-96] o.m.jdbc.message.server.ErrorPacket      : Error: 1062-23000: Duplicate entry 'dup5' for key 'name'
2024-07-05T19:14:36.321+09:00  WARN 10616 --- [boardPrac] [pool-2-thread-1] o.h.engine.jdbc.spi.SqlExceptionHelper   : SQL Error: 1062, SQLState: 23000
2024-07-05T19:14:36.321+09:00  WARN 10616 --- [boardPrac] [ool-2-thread-96] o.h.engine.jdbc.spi.SqlExceptionHelper   : SQL Error: 1062, SQLState: 23000
2024-07-05T19:14:36.321+09:00 ERROR 10616 --- [boardPrac] [pool-2-thread-1] o.h.engine.jdbc.spi.SqlExceptionHelper   : (conn=92) Duplicate entry 'dup5' for key 'name'
2024-07-05T19:14:36.321+09:00 ERROR 10616 --- [boardPrac] [ool-2-thread-96] o.h.engine.jdbc.spi.SqlExceptionHelper   : (conn=84) Duplicate entry 'dup5' for key 'name'
2024-07-05T19:14:36.323+09:00  WARN 10616 --- [boardPrac] [ool-2-thread-27] o.m.jdbc.message.server.ErrorPacket      : Error: 1062-23000: Duplicate entry 'dup5' for key 'name'
2024-07-05T19:14:36.323+09:00  WARN 10616 --- [boardPrac] [ool-2-thread-27] o.h.engine.jdbc.spi.SqlExceptionHelper   : SQL Error: 1062, SQLState: 23000
2024-07-05T19:14:36.323+09:00  WARN 10616 --- [boardPrac] [ool-2-thread-62] o.m.jdbc.message.server.ErrorPacket      : Error: 1062-23000: Duplicate entry 'dup5' for key 'name'
2024-07-05T19:14:36.323+09:00 ERROR 10616 --- [boardPrac] [ool-2-thread-27] o.h.engine.jdbc.spi.SqlExceptionHelper   : (conn=93) Duplicate entry 'dup5' for key 'name'
2024-07-05T19:14:36.323+09:00  WARN 10616 --- [boardPrac] [ool-2-thread-70] o.m.jdbc.message.server.ErrorPacket      : Error: 1062-23000: Duplicate entry 'dup5' for key 'name'
2024-07-05T19:14:36.323+09:00  WARN 10616 --- [boardPrac] [ool-2-thread-10] o.m.jdbc.message.server.ErrorPacket      : Error: 1062-23000: Duplicate entry 'dup5' for key 'name'
2024-07-05T19:14:36.323+09:00  WARN 10616 --- [boardPrac] [ool-2-thread-70] o.h.engine.jdbc.spi.SqlExceptionHelper   : SQL Error: 1062, SQLState: 23000
2024-07-05T19:14:36.323+09:00  WARN 10616 --- [boardPrac] [ool-2-thread-62] o.h.engine.jdbc.spi.SqlExceptionHelper   : SQL Error: 1062, SQLState: 23000
2024-07-05T19:14:36.323+09:00 ERROR 10616 --- [boardPrac] [ool-2-thread-70] o.h.engine.jdbc.spi.SqlExceptionHelper   : (conn=91) Duplicate entry 'dup5' for key 'name'
2024-07-05T19:14:36.323+09:00 ERROR 10616 --- [boardPrac] [ool-2-thread-62] o.h.engine.jdbc.spi.SqlExceptionHelper   : (conn=85) Duplicate entry 'dup5' for key 'name'
2024-07-05T19:14:36.323+09:00  WARN 10616 --- [boardPrac] [ool-2-thread-10] o.h.engine.jdbc.spi.SqlExceptionHelper   : SQL Error: 1062, SQLState: 23000
2024-07-05T19:14:36.323+09:00 ERROR 10616 --- [boardPrac] [ool-2-thread-10] o.h.engine.jdbc.spi.SqlExceptionHelper   : (conn=87) Duplicate entry 'dup5' for key 'name'
could not execute statement [(conn=88) Duplicate entry 'dup5' for key 'name'] [insert into users (name) values (?) returning user_id]; SQL [insert into users (name) values (?) returning user_id]; constraint [name]
2024-07-05T19:14:36.324+09:00  WARN 10616 --- [boardPrac] [ool-2-thread-89] o.m.jdbc.message.server.ErrorPacket      : Error: 1062-23000: Duplicate entry 'dup5' for key 'name'
2024-07-05T19:14:36.324+09:00  WARN 10616 --- [boardPrac] [ool-2-thread-51] o.m.jdbc.message.server.ErrorPacket      : Error: 1062-23000: Duplicate entry 'dup5' for key 'name'
2024-07-05T19:14:36.324+09:00  WARN 10616 --- [boardPrac] [ool-2-thread-73] o.m.jdbc.message.server.ErrorPacket      : Error: 1062-23000: Duplicate entry 'dup5' for key 'name'
2024-07-05T19:14:36.324+09:00  WARN 10616 --- [boardPrac] [ool-2-thread-89] o.h.engine.jdbc.spi.SqlExceptionHelper   : SQL Error: 1062, SQLState: 23000
2024-07-05T19:14:36.324+09:00 ERROR 10616 --- [boardPrac] [ool-2-thread-89] o.h.engine.jdbc.spi.SqlExceptionHelper   : (conn=90) Duplicate entry 'dup5' for key 'name'
2024-07-05T19:14:36.324+09:00  WARN 10616 --- [boardPrac] [ool-2-thread-73] o.h.engine.jdbc.spi.SqlExceptionHelper   : SQL Error: 1062, SQLState: 23000
2024-07-05T19:14:36.324+09:00  WARN 10616 --- [boardPrac] [ool-2-thread-51] o.h.engine.jdbc.spi.SqlExceptionHelper   : SQL Error: 1062, SQLState: 23000
2024-07-05T19:14:36.324+09:00 ERROR 10616 --- [boardPrac] [ool-2-thread-73] o.h.engine.jdbc.spi.SqlExceptionHelper   : (conn=89) Duplicate entry 'dup5' for key 'name'
2024-07-05T19:14:36.324+09:00 ERROR 10616 --- [boardPrac] [ool-2-thread-51] o.h.engine.jdbc.spi.SqlExceptionHelper   : (conn=86) Duplicate entry 'dup5' for key 'name'
could not execute statement [(conn=92) Duplicate entry 'dup5' for key 'name'] [insert into users (name) values (?) returning user_id]; SQL [insert into users (name) values (?) returning user_id]; constraint [name]
could not execute statement [(conn=84) Duplicate entry 'dup5' for key 'name'] [insert into users (name) values (?) returning user_id]; SQL [insert into users (name) values (?) returning user_id]; constraint [name]
Hibernate: insert into users (name) values (?) returning user_id
could not execute statement [(conn=87) Duplicate entry 'dup5' for key 'name'] [insert into users (name) values (?) returning user_id]; SQL [insert into users (name) values (?) returning user_id]; constraint [name]
could not execute statement [(conn=91) Duplicate entry 'dup5' for key 'name'] [insert into users (name) values (?) returning user_id]; SQL [insert into users (name) values (?) returning user_id]; constraint [name]
could not execute statement [(conn=93) Duplicate entry 'dup5' for key 'name'] [insert into users (name) values (?) returning user_id]; SQL [insert into users (name) values (?) returning user_id]; constraint [name]
could not execute statement [(conn=85) Duplicate entry 'dup5' for key 'name'] [insert into users (name) values (?) returning user_id]; SQL [insert into users (name) values (?) returning user_id]; constraint [name]
Hibernate: insert into users (name) values (?) returning user_id
Hibernate: insert into users (name) values (?) returning user_id
could not execute statement [(conn=89) Duplicate entry 'dup5' for key 'name'] [insert into users (name) values (?) returning user_id]; SQL [insert into users (name) values (?) returning user_id]; constraint [name]
2024-07-05T19:14:36.327+09:00  WARN 10616 --- [boardPrac] [ool-2-thread-29] o.m.jdbc.message.server.ErrorPacket      : Error: 1062-23000: Duplicate entry 'dup5' for key 'name'
Hibernate: insert into users (name) values (?) returning user_id
could not execute statement [(conn=90) Duplicate entry 'dup5' for key 'name'] [insert into users (name) values (?) returning user_id]; SQL [insert into users (name) values (?) returning user_id]; constraint [name]
Hibernate: insert into users (name) values (?) returning user_id
could not execute statement [(conn=86) Duplicate entry 'dup5' for key 'name'] [insert into users (name) values (?) returning user_id]; SQL [insert into users (name) values (?) returning user_id]; constraint [name]
Hibernate: insert into users (name) values (?) returning user_id
2024-07-05T19:14:36.328+09:00  WARN 10616 --- [boardPrac] [ool-2-thread-29] o.h.engine.jdbc.spi.SqlExceptionHelper   : SQL Error: 1062, SQLState: 23000
Hibernate: insert into users (name) values (?) returning user_id
2024-07-05T19:14:36.328+09:00 ERROR 10616 --- [boardPrac] [ool-2-thread-29] o.h.engine.jdbc.spi.SqlExceptionHelper   : (conn=88) Duplicate entry 'dup5' for key 'name'
2024-07-05T19:14:36.329+09:00  WARN 10616 --- [boardPrac] [ool-2-thread-53] o.m.jdbc.message.server.ErrorPacket      : Error: 1062-23000: Duplicate entry 'dup5' for key 'name'
2024-07-05T19:14:36.329+09:00  WARN 10616 --- [boardPrac] [ool-2-thread-47] o.m.jdbc.message.server.ErrorPacket      : Error: 1062-23000: Duplicate entry 'dup5' for key 'name'
2024-07-05T19:14:36.329+09:00  WARN 10616 --- [boardPrac] [ool-2-thread-53] o.h.engine.jdbc.spi.SqlExceptionHelper   : SQL Error: 1062, SQLState: 23000
2024-07-05T19:14:36.330+09:00 ERROR 10616 --- [boardPrac] [ool-2-thread-53] o.h.engine.jdbc.spi.SqlExceptionHelper   : (conn=92) Duplicate entry 'dup5' for key 'name'
2024-07-05T19:14:36.330+09:00  WARN 10616 --- [boardPrac] [ool-2-thread-47] o.h.engine.jdbc.spi.SqlExceptionHelper   : SQL Error: 1062, SQLState: 23000
Hibernate: insert into users (name) values (?) returning user_id
2024-07-05T19:14:36.330+09:00 ERROR 10616 --- [boardPrac] [ool-2-thread-47] o.h.engine.jdbc.spi.SqlExceptionHelper   : (conn=84) Duplicate entry 'dup5' for key 'name'
Hibernate: insert into users (name) values (?) returning user_id
Hibernate: insert into users (name) values (?) returning user_id
2024-07-05T19:14:36.330+09:00  WARN 10616 --- [boardPrac] [ool-2-thread-71] o.m.jdbc.message.server.ErrorPacket      : Error: 1062-23000: Duplicate entry 'dup5' for key 'name'
2024-07-05T19:14:36.330+09:00  WARN 10616 --- [boardPrac] [ool-2-thread-15] o.m.jdbc.message.server.ErrorPacket      : Error: 1062-23000: Duplicate entry 'dup5' for key 'name'
2024-07-05T19:14:36.330+09:00  WARN 10616 --- [boardPrac] [ool-2-thread-49] o.m.jdbc.message.server.ErrorPacket      : Error: 1062-23000: Duplicate entry 'dup5' for key 'name'
2024-07-05T19:14:36.330+09:00  WARN 10616 --- [boardPrac] [pool-2-thread-7] o.m.jdbc.message.server.ErrorPacket      : Error: 1062-23000: Duplicate entry 'dup5' for key 'name'
2024-07-05T19:14:36.330+09:00  WARN 10616 --- [boardPrac] [ool-2-thread-15] o.h.engine.jdbc.spi.SqlExceptionHelper   : SQL Error: 1062, SQLState: 23000
2024-07-05T19:14:36.330+09:00  WARN 10616 --- [boardPrac] [ool-2-thread-49] o.h.engine.jdbc.spi.SqlExceptionHelper   : SQL Error: 1062, SQLState: 23000
2024-07-05T19:14:36.330+09:00 ERROR 10616 --- [boardPrac] [ool-2-thread-49] o.h.engine.jdbc.spi.SqlExceptionHelper   : (conn=91) Duplicate entry 'dup5' for key 'name'
2024-07-05T19:14:36.330+09:00  WARN 10616 --- [boardPrac] [pool-2-thread-7] o.h.engine.jdbc.spi.SqlExceptionHelper   : SQL Error: 1062, SQLState: 23000
2024-07-05T19:14:36.330+09:00 ERROR 10616 --- [boardPrac] [pool-2-thread-7] o.h.engine.jdbc.spi.SqlExceptionHelper   : (conn=87) Duplicate entry 'dup5' for key 'name'
2024-07-05T19:14:36.330+09:00  WARN 10616 --- [boardPrac] [ool-2-thread-71] o.h.engine.jdbc.spi.SqlExceptionHelper   : SQL Error: 1062, SQLState: 23000
2024-07-05T19:14:36.330+09:00 ERROR 10616 --- [boardPrac] [ool-2-thread-15] o.h.engine.jdbc.spi.SqlExceptionHelper   : (conn=93) Duplicate entry 'dup5' for key 'name'
2024-07-05T19:14:36.330+09:00 ERROR 10616 --- [boardPrac] [ool-2-thread-71] o.h.engine.jdbc.spi.SqlExceptionHelper   : (conn=85) Duplicate entry 'dup5' for key 'name'
could not execute statement [(conn=88) Duplicate entry 'dup5' for key 'name'] [insert into users (name) values (?) returning user_id]; SQL [insert into users (name) values (?) returning user_id]; constraint [name]
2024-07-05T19:14:36.332+09:00  WARN 10616 --- [boardPrac] [ool-2-thread-25] o.m.jdbc.message.server.ErrorPacket      : Error: 1062-23000: Duplicate entry 'dup5' for key 'name'
2024-07-05T19:14:36.332+09:00  WARN 10616 --- [boardPrac] [ol-2-thread-104] o.m.jdbc.message.server.ErrorPacket      : Error: 1062-23000: Duplicate entry 'dup5' for key 'name'
2024-07-05T19:14:36.332+09:00  WARN 10616 --- [boardPrac] [ool-2-thread-55] o.m.jdbc.message.server.ErrorPacket      : Error: 1062-23000: Duplicate entry 'dup5' for key 'name'
2024-07-05T19:14:36.332+09:00  WARN 10616 --- [boardPrac] [ool-2-thread-25] o.h.engine.jdbc.spi.SqlExceptionHelper   : SQL Error: 1062, SQLState: 23000
2024-07-05T19:14:36.332+09:00 ERROR 10616 --- [boardPrac] [ool-2-thread-25] o.h.engine.jdbc.spi.SqlExceptionHelper   : (conn=86) Duplicate entry 'dup5' for key 'name'
2024-07-05T19:14:36.332+09:00  WARN 10616 --- [boardPrac] [ol-2-thread-104] o.h.engine.jdbc.spi.SqlExceptionHelper   : SQL Error: 1062, SQLState: 23000
2024-07-05T19:14:36.332+09:00  WARN 10616 --- [boardPrac] [ool-2-thread-55] o.h.engine.jdbc.spi.SqlExceptionHelper   : SQL Error: 1062, SQLState: 23000
2024-07-05T19:14:36.333+09:00 ERROR 10616 --- [boardPrac] [ol-2-thread-104] o.h.engine.jdbc.spi.SqlExceptionHelper   : (conn=90) Duplicate entry 'dup5' for key 'name'
2024-07-05T19:14:36.333+09:00 ERROR 10616 --- [boardPrac] [ool-2-thread-55] o.h.engine.jdbc.spi.SqlExceptionHelper   : (conn=89) Duplicate entry 'dup5' for key 'name'
could not execute statement [(conn=87) Duplicate entry 'dup5' for key 'name'] [insert into users (name) values (?) returning user_id]; SQL [insert into users (name) values (?) returning user_id]; constraint [name]
could not execute statement [(conn=93) Duplicate entry 'dup5' for key 'name'] [insert into users (name) values (?) returning user_id]; SQL [insert into users (name) values (?) returning user_id]; constraint [name]
could not execute statement [(conn=91) Duplicate entry 'dup5' for key 'name'] [insert into users (name) values (?) returning user_id]; SQL [insert into users (name) values (?) returning user_id]; constraint [name]
could not execute statement [(conn=92) Duplicate entry 'dup5' for key 'name'] [insert into users (name) values (?) returning user_id]; SQL [insert into users (name) values (?) returning user_id]; constraint [name]
could not execute statement [(conn=84) Duplicate entry 'dup5' for key 'name'] [insert into users (name) values (?) returning user_id]; SQL [insert into users (name) values (?) returning user_id]; constraint [name]
could not execute statement [(conn=85) Duplicate entry 'dup5' for key 'name'] [insert into users (name) values (?) returning user_id]; SQL [insert into users (name) values (?) returning user_id]; constraint [name]
Hibernate: insert into users (name) values (?) returning user_id
could not execute statement [(conn=86) Duplicate entry 'dup5' for key 'name'] [insert into users (name) values (?) returning user_id]; SQL [insert into users (name) values (?) returning user_id]; constraint [name]
could not execute statement [(conn=90) Duplicate entry 'dup5' for key 'name'] [insert into users (name) values (?) returning user_id]; SQL [insert into users (name) values (?) returning user_id]; constraint [name]
could not execute statement [(conn=89) Duplicate entry 'dup5' for key 'name'] [insert into users (name) values (?) returning user_id]; SQL [insert into users (name) values (?) returning user_id]; constraint [name]
Hibernate: insert into users (name) values (?) returning user_id
Hibernate: insert into users (name) values (?) returning user_id
Hibernate: insert into users (name) values (?) returning user_id
Hibernate: insert into users (name) values (?) returning user_id
Hibernate: insert into users (name) values (?) returning user_id
Hibernate: insert into users (name) values (?) returning user_id
2024-07-05T19:14:36.337+09:00  WARN 10616 --- [boardPrac] [ool-2-thread-54] o.m.jdbc.message.server.ErrorPacket      : Error: 1062-23000: Duplicate entry 'dup5' for key 'name'
2024-07-05T19:14:36.337+09:00  WARN 10616 --- [boardPrac] [ool-2-thread-54] o.h.engine.jdbc.spi.SqlExceptionHelper   : SQL Error: 1062, SQLState: 23000
2024-07-05T19:14:36.337+09:00 ERROR 10616 --- [boardPrac] [ool-2-thread-54] o.h.engine.jdbc.spi.SqlExceptionHelper   : (conn=88) Duplicate entry 'dup5' for key 'name'
Hibernate: insert into users (name) values (?) returning user_id
Hibernate: insert into users (name) values (?) returning user_id
Hibernate: insert into users (name) values (?) returning user_id
2024-07-05T19:14:36.339+09:00  WARN 10616 --- [boardPrac] [ool-2-thread-30] o.m.jdbc.message.server.ErrorPacket      : Error: 1062-23000: Duplicate entry 'dup5' for key 'name'
2024-07-05T19:14:36.339+09:00  WARN 10616 --- [boardPrac] [ool-2-thread-68] o.m.jdbc.message.server.ErrorPacket      : Error: 1062-23000: Duplicate entry 'dup5' for key 'name'
2024-07-05T19:14:36.339+09:00  WARN 10616 --- [boardPrac] [ool-2-thread-30] o.h.engine.jdbc.spi.SqlExceptionHelper   : SQL Error: 1062, SQLState: 23000
2024-07-05T19:14:36.339+09:00 ERROR 10616 --- [boardPrac] [ool-2-thread-30] o.h.engine.jdbc.spi.SqlExceptionHelper   : (conn=92) Duplicate entry 'dup5' for key 'name'
2024-07-05T19:14:36.339+09:00  WARN 10616 --- [boardPrac] [ool-2-thread-68] o.h.engine.jdbc.spi.SqlExceptionHelper   : SQL Error: 1062, SQLState: 23000
2024-07-05T19:14:36.339+09:00 ERROR 10616 --- [boardPrac] [ool-2-thread-68] o.h.engine.jdbc.spi.SqlExceptionHelper   : (conn=84) Duplicate entry 'dup5' for key 'name'
2024-07-05T19:14:36.339+09:00  WARN 10616 --- [boardPrac] [ool-2-thread-38] o.m.jdbc.message.server.ErrorPacket      : Error: 1062-23000: Duplicate entry 'dup5' for key 'name'
2024-07-05T19:14:36.339+09:00  WARN 10616 --- [boardPrac] [ool-2-thread-65] o.m.jdbc.message.server.ErrorPacket      : Error: 1062-23000: Duplicate entry 'dup5' for key 'name'
2024-07-05T19:14:36.339+09:00  WARN 10616 --- [boardPrac] [ool-2-thread-38] o.h.engine.jdbc.spi.SqlExceptionHelper   : SQL Error: 1062, SQLState: 23000
2024-07-05T19:14:36.339+09:00 ERROR 10616 --- [boardPrac] [ool-2-thread-38] o.h.engine.jdbc.spi.SqlExceptionHelper   : (conn=87) Duplicate entry 'dup5' for key 'name'
2024-07-05T19:14:36.339+09:00  WARN 10616 --- [boardPrac] [ool-2-thread-65] o.h.engine.jdbc.spi.SqlExceptionHelper   : SQL Error: 1062, SQLState: 23000
2024-07-05T19:14:36.339+09:00 ERROR 10616 --- [boardPrac] [ool-2-thread-65] o.h.engine.jdbc.spi.SqlExceptionHelper   : (conn=85) Duplicate entry 'dup5' for key 'name'
2024-07-05T19:14:36.339+09:00  WARN 10616 --- [boardPrac] [ol-2-thread-106] o.m.jdbc.message.server.ErrorPacket      : Error: 1062-23000: Duplicate entry 'dup5' for key 'name'
2024-07-05T19:14:36.339+09:00  WARN 10616 --- [boardPrac] [ool-2-thread-23] o.m.jdbc.message.server.ErrorPacket      : Error: 1062-23000: Duplicate entry 'dup5' for key 'name'
2024-07-05T19:14:36.339+09:00  WARN 10616 --- [boardPrac] [ool-2-thread-23] o.h.engine.jdbc.spi.SqlExceptionHelper   : SQL Error: 1062, SQLState: 23000
2024-07-05T19:14:36.339+09:00  WARN 10616 --- [boardPrac] [ol-2-thread-106] o.h.engine.jdbc.spi.SqlExceptionHelper   : SQL Error: 1062, SQLState: 23000
2024-07-05T19:14:36.339+09:00 ERROR 10616 --- [boardPrac] [ool-2-thread-23] o.h.engine.jdbc.spi.SqlExceptionHelper   : (conn=93) Duplicate entry 'dup5' for key 'name'
2024-07-05T19:14:36.339+09:00 ERROR 10616 --- [boardPrac] [ol-2-thread-106] o.h.engine.jdbc.spi.SqlExceptionHelper   : (conn=91) Duplicate entry 'dup5' for key 'name'
could not execute statement [(conn=88) Duplicate entry 'dup5' for key 'name'] [insert into users (name) values (?) returning user_id]; SQL [insert into users (name) values (?) returning user_id]; constraint [name]
2024-07-05T19:14:36.341+09:00  WARN 10616 --- [boardPrac] [ool-2-thread-50] o.m.jdbc.message.server.ErrorPacket      : Error: 1062-23000: Duplicate entry 'dup5' for key 'name'
2024-07-05T19:14:36.341+09:00  WARN 10616 --- [boardPrac] [ool-2-thread-60] o.m.jdbc.message.server.ErrorPacket      : Error: 1062-23000: Duplicate entry 'dup5' for key 'name'
2024-07-05T19:14:36.341+09:00  WARN 10616 --- [boardPrac] [ool-2-thread-36] o.m.jdbc.message.server.ErrorPacket      : Error: 1062-23000: Duplicate entry 'dup5' for key 'name'
2024-07-05T19:14:36.341+09:00  WARN 10616 --- [boardPrac] [ool-2-thread-60] o.h.engine.jdbc.spi.SqlExceptionHelper   : SQL Error: 1062, SQLState: 23000
2024-07-05T19:14:36.341+09:00  WARN 10616 --- [boardPrac] [ool-2-thread-50] o.h.engine.jdbc.spi.SqlExceptionHelper   : SQL Error: 1062, SQLState: 23000
2024-07-05T19:14:36.341+09:00 ERROR 10616 --- [boardPrac] [ool-2-thread-60] o.h.engine.jdbc.spi.SqlExceptionHelper   : (conn=90) Duplicate entry 'dup5' for key 'name'
2024-07-05T19:14:36.341+09:00  WARN 10616 --- [boardPrac] [ool-2-thread-36] o.h.engine.jdbc.spi.SqlExceptionHelper   : SQL Error: 1062, SQLState: 23000
2024-07-05T19:14:36.341+09:00 ERROR 10616 --- [boardPrac] [ool-2-thread-50] o.h.engine.jdbc.spi.SqlExceptionHelper   : (conn=89) Duplicate entry 'dup5' for key 'name'
2024-07-05T19:14:36.342+09:00 ERROR 10616 --- [boardPrac] [ool-2-thread-36] o.h.engine.jdbc.spi.SqlExceptionHelper   : (conn=86) Duplicate entry 'dup5' for key 'name'
Hibernate: insert into users (name) values (?) returning user_id
could not execute statement [(conn=87) Duplicate entry 'dup5' for key 'name'] [insert into users (name) values (?) returning user_id]; SQL [insert into users (name) values (?) returning user_id]; constraint [name]
could not execute statement [(conn=92) Duplicate entry 'dup5' for key 'name'] [insert into users (name) values (?) returning user_id]; SQL [insert into users (name) values (?) returning user_id]; constraint [name]
could not execute statement [(conn=84) Duplicate entry 'dup5' for key 'name'] [insert into users (name) values (?) returning user_id]; SQL [insert into users (name) values (?) returning user_id]; constraint [name]
could not execute statement [(conn=85) Duplicate entry 'dup5' for key 'name'] [insert into users (name) values (?) returning user_id]; SQL [insert into users (name) values (?) returning user_id]; constraint [name]
could not execute statement [(conn=93) Duplicate entry 'dup5' for key 'name'] [insert into users (name) values (?) returning user_id]; SQL [insert into users (name) values (?) returning user_id]; constraint [name]
could not execute statement [(conn=91) Duplicate entry 'dup5' for key 'name'] [insert into users (name) values (?) returning user_id]; SQL [insert into users (name) values (?) returning user_id]; constraint [name]
2024-07-05T19:14:36.344+09:00  WARN 10616 --- [boardPrac] [ool-2-thread-41] o.m.jdbc.message.server.ErrorPacket      : Error: 1062-23000: Duplicate entry 'dup5' for key 'name'
2024-07-05T19:14:36.344+09:00  WARN 10616 --- [boardPrac] [ool-2-thread-41] o.h.engine.jdbc.spi.SqlExceptionHelper   : SQL Error: 1062, SQLState: 23000
2024-07-05T19:14:36.344+09:00 ERROR 10616 --- [boardPrac] [ool-2-thread-41] o.h.engine.jdbc.spi.SqlExceptionHelper   : (conn=88) Duplicate entry 'dup5' for key 'name'
could not execute statement [(conn=86) Duplicate entry 'dup5' for key 'name'] [insert into users (name) values (?) returning user_id]; SQL [insert into users (name) values (?) returning user_id]; constraint [name]
Hibernate: insert into users (name) values (?) returning user_id
Hibernate: insert into users (name) values (?) returning user_id
Hibernate: insert into users (name) values (?) returning user_id
Hibernate: insert into users (name) values (?) returning user_id
could not execute statement [(conn=89) Duplicate entry 'dup5' for key 'name'] [insert into users (name) values (?) returning user_id]; SQL [insert into users (name) values (?) returning user_id]; constraint [name]
could not execute statement [(conn=90) Duplicate entry 'dup5' for key 'name'] [insert into users (name) values (?) returning user_id]; SQL [insert into users (name) values (?) returning user_id]; constraint [name]
Hibernate: insert into users (name) values (?) returning user_id
Hibernate: insert into users (name) values (?) returning user_id
2024-07-05T19:14:36.347+09:00  WARN 10616 --- [boardPrac] [ool-2-thread-18] o.m.jdbc.message.server.ErrorPacket      : Error: 1062-23000: Duplicate entry 'dup5' for key 'name'
Hibernate: insert into users (name) values (?) returning user_id
Hibernate: insert into users (name) values (?) returning user_id
Hibernate: insert into users (name) values (?) returning user_id
2024-07-05T19:14:36.347+09:00  WARN 10616 --- [boardPrac] [ool-2-thread-18] o.h.engine.jdbc.spi.SqlExceptionHelper   : SQL Error: 1062, SQLState: 23000
2024-07-05T19:14:36.347+09:00 ERROR 10616 --- [boardPrac] [ool-2-thread-18] o.h.engine.jdbc.spi.SqlExceptionHelper   : (conn=91) Duplicate entry 'dup5' for key 'name'
2024-07-05T19:14:36.347+09:00  WARN 10616 --- [boardPrac] [ool-2-thread-57] o.m.jdbc.message.server.ErrorPacket      : Error: 1062-23000: Duplicate entry 'dup5' for key 'name'
2024-07-05T19:14:36.348+09:00  WARN 10616 --- [boardPrac] [ool-2-thread-57] o.h.engine.jdbc.spi.SqlExceptionHelper   : SQL Error: 1062, SQLState: 23000
2024-07-05T19:14:36.348+09:00 ERROR 10616 --- [boardPrac] [ool-2-thread-57] o.h.engine.jdbc.spi.SqlExceptionHelper   : (conn=93) Duplicate entry 'dup5' for key 'name'
2024-07-05T19:14:36.348+09:00  WARN 10616 --- [boardPrac] [ool-2-thread-37] o.m.jdbc.message.server.ErrorPacket      : Error: 1062-23000: Duplicate entry 'dup5' for key 'name'
2024-07-05T19:14:36.348+09:00  WARN 10616 --- [boardPrac] [ool-2-thread-37] o.h.engine.jdbc.spi.SqlExceptionHelper   : SQL Error: 1062, SQLState: 23000
2024-07-05T19:14:36.348+09:00 ERROR 10616 --- [boardPrac] [ool-2-thread-37] o.h.engine.jdbc.spi.SqlExceptionHelper   : (conn=85) Duplicate entry 'dup5' for key 'name'
2024-07-05T19:14:36.349+09:00  WARN 10616 --- [boardPrac] [ool-2-thread-72] o.m.jdbc.message.server.ErrorPacket      : Error: 1062-23000: Duplicate entry 'dup5' for key 'name'
2024-07-05T19:14:36.349+09:00  WARN 10616 --- [boardPrac] [ool-2-thread-72] o.h.engine.jdbc.spi.SqlExceptionHelper   : SQL Error: 1062, SQLState: 23000
2024-07-05T19:14:36.349+09:00 ERROR 10616 --- [boardPrac] [ool-2-thread-72] o.h.engine.jdbc.spi.SqlExceptionHelper   : (conn=92) Duplicate entry 'dup5' for key 'name'
2024-07-05T19:14:36.349+09:00  WARN 10616 --- [boardPrac] [pool-2-thread-5] o.m.jdbc.message.server.ErrorPacket      : Error: 1062-23000: Duplicate entry 'dup5' for key 'name'
could not execute statement [(conn=88) Duplicate entry 'dup5' for key 'name'] [insert into users (name) values (?) returning user_id]; SQL [insert into users (name) values (?) returning user_id]; constraint [name]
2024-07-05T19:14:36.349+09:00  WARN 10616 --- [boardPrac] [ool-2-thread-98] o.m.jdbc.message.server.ErrorPacket      : Error: 1062-23000: Duplicate entry 'dup5' for key 'name'
2024-07-05T19:14:36.349+09:00  WARN 10616 --- [boardPrac] [pool-2-thread-5] o.h.engine.jdbc.spi.SqlExceptionHelper   : SQL Error: 1062, SQLState: 23000
2024-07-05T19:14:36.349+09:00 ERROR 10616 --- [boardPrac] [pool-2-thread-5] o.h.engine.jdbc.spi.SqlExceptionHelper   : (conn=84) Duplicate entry 'dup5' for key 'name'
2024-07-05T19:14:36.349+09:00  WARN 10616 --- [boardPrac] [ool-2-thread-98] o.h.engine.jdbc.spi.SqlExceptionHelper   : SQL Error: 1062, SQLState: 23000
2024-07-05T19:14:36.349+09:00 ERROR 10616 --- [boardPrac] [ool-2-thread-98] o.h.engine.jdbc.spi.SqlExceptionHelper   : (conn=87) Duplicate entry 'dup5' for key 'name'
2024-07-05T19:14:36.350+09:00  WARN 10616 --- [boardPrac] [ool-2-thread-61] o.m.jdbc.message.server.ErrorPacket      : Error: 1062-23000: Duplicate entry 'dup5' for key 'name'
2024-07-05T19:14:36.350+09:00  WARN 10616 --- [boardPrac] [ool-2-thread-56] o.m.jdbc.message.server.ErrorPacket      : Error: 1062-23000: Duplicate entry 'dup5' for key 'name'
2024-07-05T19:14:36.350+09:00  WARN 10616 --- [boardPrac] [ool-2-thread-59] o.m.jdbc.message.server.ErrorPacket      : Error: 1062-23000: Duplicate entry 'dup5' for key 'name'
2024-07-05T19:14:36.350+09:00  WARN 10616 --- [boardPrac] [ool-2-thread-61] o.h.engine.jdbc.spi.SqlExceptionHelper   : SQL Error: 1062, SQLState: 23000
2024-07-05T19:14:36.350+09:00 ERROR 10616 --- [boardPrac] [ool-2-thread-61] o.h.engine.jdbc.spi.SqlExceptionHelper   : (conn=90) Duplicate entry 'dup5' for key 'name'
2024-07-05T19:14:36.350+09:00  WARN 10616 --- [boardPrac] [ool-2-thread-56] o.h.engine.jdbc.spi.SqlExceptionHelper   : SQL Error: 1062, SQLState: 23000
2024-07-05T19:14:36.350+09:00  WARN 10616 --- [boardPrac] [ool-2-thread-59] o.h.engine.jdbc.spi.SqlExceptionHelper   : SQL Error: 1062, SQLState: 23000
2024-07-05T19:14:36.350+09:00 ERROR 10616 --- [boardPrac] [ool-2-thread-56] o.h.engine.jdbc.spi.SqlExceptionHelper   : (conn=89) Duplicate entry 'dup5' for key 'name'
2024-07-05T19:14:36.350+09:00 ERROR 10616 --- [boardPrac] [ool-2-thread-59] o.h.engine.jdbc.spi.SqlExceptionHelper   : (conn=86) Duplicate entry 'dup5' for key 'name'
could not execute statement [(conn=91) Duplicate entry 'dup5' for key 'name'] [insert into users (name) values (?) returning user_id]; SQL [insert into users (name) values (?) returning user_id]; constraint [name]
Hibernate: insert into users (name) values (?) returning user_id
could not execute statement [(conn=85) Duplicate entry 'dup5' for key 'name'] [insert into users (name) values (?) returning user_id]; SQL [insert into users (name) values (?) returning user_id]; constraint [name]
could not execute statement [(conn=84) Duplicate entry 'dup5' for key 'name'] [insert into users (name) values (?) returning user_id]; SQL [insert into users (name) values (?) returning user_id]; constraint [name]
could not execute statement [(conn=93) Duplicate entry 'dup5' for key 'name'] [insert into users (name) values (?) returning user_id]; SQL [insert into users (name) values (?) returning user_id]; constraint [name]
could not execute statement [(conn=87) Duplicate entry 'dup5' for key 'name'] [insert into users (name) values (?) returning user_id]; SQL [insert into users (name) values (?) returning user_id]; constraint [name]
could not execute statement [(conn=92) Duplicate entry 'dup5' for key 'name'] [insert into users (name) values (?) returning user_id]; SQL [insert into users (name) values (?) returning user_id]; constraint [name]
Hibernate: insert into users (name) values (?) returning user_id
could not execute statement [(conn=86) Duplicate entry 'dup5' for key 'name'] [insert into users (name) values (?) returning user_id]; SQL [insert into users (name) values (?) returning user_id]; constraint [name]
2024-07-05T19:14:36.353+09:00  WARN 10616 --- [boardPrac] [ool-2-thread-79] o.m.jdbc.message.server.ErrorPacket      : Error: 1062-23000: Duplicate entry 'dup5' for key 'name'
could not execute statement [(conn=90) Duplicate entry 'dup5' for key 'name'] [insert into users (name) values (?) returning user_id]; SQL [insert into users (name) values (?) returning user_id]; constraint [name]
2024-07-05T19:14:36.354+09:00  WARN 10616 --- [boardPrac] [ool-2-thread-79] o.h.engine.jdbc.spi.SqlExceptionHelper   : SQL Error: 1062, SQLState: 23000
2024-07-05T19:14:36.354+09:00 ERROR 10616 --- [boardPrac] [ool-2-thread-79] o.h.engine.jdbc.spi.SqlExceptionHelper   : (conn=88) Duplicate entry 'dup5' for key 'name'
could not execute statement [(conn=89) Duplicate entry 'dup5' for key 'name'] [insert into users (name) values (?) returning user_id]; SQL [insert into users (name) values (?) returning user_id]; constraint [name]
Hibernate: insert into users (name) values (?) returning user_id
Hibernate: insert into users (name) values (?) returning user_id
Hibernate: insert into users (name) values (?) returning user_id
Hibernate: insert into users (name) values (?) returning user_id
2024-07-05T19:14:36.355+09:00  WARN 10616 --- [boardPrac] [pool-2-thread-2] o.m.jdbc.message.server.ErrorPacket      : Error: 1062-23000: Duplicate entry 'dup5' for key 'name'
Hibernate: insert into users (name) values (?) returning user_id
Hibernate: insert into users (name) values (?) returning user_id
Hibernate: insert into users (name) values (?) returning user_id
2024-07-05T19:14:36.355+09:00  WARN 10616 --- [boardPrac] [pool-2-thread-2] o.h.engine.jdbc.spi.SqlExceptionHelper   : SQL Error: 1062, SQLState: 23000
2024-07-05T19:14:36.355+09:00 ERROR 10616 --- [boardPrac] [pool-2-thread-2] o.h.engine.jdbc.spi.SqlExceptionHelper   : (conn=91) Duplicate entry 'dup5' for key 'name'
Hibernate: insert into users (name) values (?) returning user_id
2024-07-05T19:14:36.357+09:00  WARN 10616 --- [boardPrac] [ol-2-thread-105] o.m.jdbc.message.server.ErrorPacket      : Error: 1062-23000: Duplicate entry 'dup5' for key 'name'
2024-07-05T19:14:36.357+09:00  WARN 10616 --- [boardPrac] [ol-2-thread-108] o.m.jdbc.message.server.ErrorPacket      : Error: 1062-23000: Duplicate entry 'dup5' for key 'name'
2024-07-05T19:14:36.358+09:00  WARN 10616 --- [boardPrac] [ol-2-thread-105] o.h.engine.jdbc.spi.SqlExceptionHelper   : SQL Error: 1062, SQLState: 23000
2024-07-05T19:14:36.358+09:00  WARN 10616 --- [boardPrac] [ol-2-thread-108] o.h.engine.jdbc.spi.SqlExceptionHelper   : SQL Error: 1062, SQLState: 23000
2024-07-05T19:14:36.358+09:00 ERROR 10616 --- [boardPrac] [ol-2-thread-105] o.h.engine.jdbc.spi.SqlExceptionHelper   : (conn=84) Duplicate entry 'dup5' for key 'name'
2024-07-05T19:14:36.358+09:00 ERROR 10616 --- [boardPrac] [ol-2-thread-108] o.h.engine.jdbc.spi.SqlExceptionHelper   : (conn=93) Duplicate entry 'dup5' for key 'name'
2024-07-05T19:14:36.358+09:00  WARN 10616 --- [boardPrac] [ol-2-thread-107] o.m.jdbc.message.server.ErrorPacket      : Error: 1062-23000: Duplicate entry 'dup5' for key 'name'
could not execute statement [(conn=88) Duplicate entry 'dup5' for key 'name'] [insert into users (name) values (?) returning user_id]; SQL [insert into users (name) values (?) returning user_id]; constraint [name]
2024-07-05T19:14:36.358+09:00  WARN 10616 --- [boardPrac] [ol-2-thread-111] o.m.jdbc.message.server.ErrorPacket      : Error: 1062-23000: Duplicate entry 'dup5' for key 'name'
2024-07-05T19:14:36.358+09:00  WARN 10616 --- [boardPrac] [ol-2-thread-112] o.m.jdbc.message.server.ErrorPacket      : Error: 1062-23000: Duplicate entry 'dup5' for key 'name'
2024-07-05T19:14:36.358+09:00  WARN 10616 --- [boardPrac] [ool-2-thread-97] o.m.jdbc.message.server.ErrorPacket      : Error: 1062-23000: Duplicate entry 'dup5' for key 'name'
2024-07-05T19:14:36.358+09:00  WARN 10616 --- [boardPrac] [ool-2-thread-63] o.m.jdbc.message.server.ErrorPacket      : Error: 1062-23000: Duplicate entry 'dup5' for key 'name'
2024-07-05T19:14:36.358+09:00  WARN 10616 --- [boardPrac] [ol-2-thread-107] o.h.engine.jdbc.spi.SqlExceptionHelper   : SQL Error: 1062, SQLState: 23000
2024-07-05T19:14:36.358+09:00  WARN 10616 --- [boardPrac] [ol-2-thread-110] o.m.jdbc.message.server.ErrorPacket      : Error: 1062-23000: Duplicate entry 'dup5' for key 'name'
2024-07-05T19:14:36.358+09:00 ERROR 10616 --- [boardPrac] [ol-2-thread-107] o.h.engine.jdbc.spi.SqlExceptionHelper   : (conn=87) Duplicate entry 'dup5' for key 'name'
2024-07-05T19:14:36.358+09:00  WARN 10616 --- [boardPrac] [ol-2-thread-111] o.h.engine.jdbc.spi.SqlExceptionHelper   : SQL Error: 1062, SQLState: 23000
2024-07-05T19:14:36.358+09:00 ERROR 10616 --- [boardPrac] [ol-2-thread-111] o.h.engine.jdbc.spi.SqlExceptionHelper   : (conn=86) Duplicate entry 'dup5' for key 'name'
2024-07-05T19:14:36.358+09:00  WARN 10616 --- [boardPrac] [ol-2-thread-112] o.h.engine.jdbc.spi.SqlExceptionHelper   : SQL Error: 1062, SQLState: 23000
2024-07-05T19:14:36.358+09:00  WARN 10616 --- [boardPrac] [ool-2-thread-97] o.h.engine.jdbc.spi.SqlExceptionHelper   : SQL Error: 1062, SQLState: 23000
2024-07-05T19:14:36.359+09:00  WARN 10616 --- [boardPrac] [ool-2-thread-63] o.h.engine.jdbc.spi.SqlExceptionHelper   : SQL Error: 1062, SQLState: 23000
2024-07-05T19:14:36.359+09:00 ERROR 10616 --- [boardPrac] [ol-2-thread-112] o.h.engine.jdbc.spi.SqlExceptionHelper   : (conn=89) Duplicate entry 'dup5' for key 'name'
2024-07-05T19:14:36.359+09:00 ERROR 10616 --- [boardPrac] [ool-2-thread-97] o.h.engine.jdbc.spi.SqlExceptionHelper   : (conn=85) Duplicate entry 'dup5' for key 'name'
2024-07-05T19:14:36.359+09:00 ERROR 10616 --- [boardPrac] [ool-2-thread-63] o.h.engine.jdbc.spi.SqlExceptionHelper   : (conn=92) Duplicate entry 'dup5' for key 'name'
2024-07-05T19:14:36.359+09:00  WARN 10616 --- [boardPrac] [ol-2-thread-110] o.h.engine.jdbc.spi.SqlExceptionHelper   : SQL Error: 1062, SQLState: 23000
2024-07-05T19:14:36.359+09:00 ERROR 10616 --- [boardPrac] [ol-2-thread-110] o.h.engine.jdbc.spi.SqlExceptionHelper   : (conn=90) Duplicate entry 'dup5' for key 'name'
could not execute statement [(conn=91) Duplicate entry 'dup5' for key 'name'] [insert into users (name) values (?) returning user_id]; SQL [insert into users (name) values (?) returning user_id]; constraint [name]
Hibernate: insert into users (name) values (?) returning user_id
could not execute statement [(conn=84) Duplicate entry 'dup5' for key 'name'] [insert into users (name) values (?) returning user_id]; SQL [insert into users (name) values (?) returning user_id]; constraint [name]
could not execute statement [(conn=93) Duplicate entry 'dup5' for key 'name'] [insert into users (name) values (?) returning user_id]; SQL [insert into users (name) values (?) returning user_id]; constraint [name]
Hibernate: insert into users (name) values (?) returning user_id
could not execute statement [(conn=87) Duplicate entry 'dup5' for key 'name'] [insert into users (name) values (?) returning user_id]; SQL [insert into users (name) values (?) returning user_id]; constraint [name]
could not execute statement [(conn=85) Duplicate entry 'dup5' for key 'name'] [insert into users (name) values (?) returning user_id]; SQL [insert into users (name) values (?) returning user_id]; constraint [name]
could not execute statement [(conn=89) Duplicate entry 'dup5' for key 'name'] [insert into users (name) values (?) returning user_id]; SQL [insert into users (name) values (?) returning user_id]; constraint [name]
could not execute statement [(conn=92) Duplicate entry 'dup5' for key 'name'] [insert into users (name) values (?) returning user_id]; SQL [insert into users (name) values (?) returning user_id]; constraint [name]
could not execute statement [(conn=90) Duplicate entry 'dup5' for key 'name'] [insert into users (name) values (?) returning user_id]; SQL [insert into users (name) values (?) returning user_id]; constraint [name]
could not execute statement [(conn=86) Duplicate entry 'dup5' for key 'name'] [insert into users (name) values (?) returning user_id]; SQL [insert into users (name) values (?) returning user_id]; constraint [name]
2024-07-05T19:14:36.363+09:00  WARN 10616 --- [boardPrac] [ol-2-thread-109] o.m.jdbc.message.server.ErrorPacket      : Error: 1062-23000: Duplicate entry 'dup5' for key 'name'
2024-07-05T19:14:36.363+09:00  WARN 10616 --- [boardPrac] [ol-2-thread-109] o.h.engine.jdbc.spi.SqlExceptionHelper   : SQL Error: 1062, SQLState: 23000
2024-07-05T19:14:36.363+09:00  WARN 10616 --- [boardPrac] [ol-2-thread-113] o.m.jdbc.message.server.ErrorPacket      : Error: 1062-23000: Duplicate entry 'dup5' for key 'name'
2024-07-05T19:14:36.367+09:00 ERROR 10616 --- [boardPrac] [ol-2-thread-109] o.h.engine.jdbc.spi.SqlExceptionHelper   : (conn=88) Duplicate entry 'dup5' for key 'name'
Hibernate: insert into users (name) values (?) returning user_id
2024-07-05T19:14:36.367+09:00  WARN 10616 --- [boardPrac] [ol-2-thread-113] o.h.engine.jdbc.spi.SqlExceptionHelper   : SQL Error: 1062, SQLState: 23000
2024-07-05T19:14:36.367+09:00 ERROR 10616 --- [boardPrac] [ol-2-thread-113] o.h.engine.jdbc.spi.SqlExceptionHelper   : (conn=91) Duplicate entry 'dup5' for key 'name'
Hibernate: insert into users (name) values (?) returning user_id
Hibernate: insert into users (name) values (?) returning user_id
Hibernate: insert into users (name) values (?) returning user_id
Hibernate: insert into users (name) values (?) returning user_id
Hibernate: insert into users (name) values (?) returning user_id
Hibernate: insert into users (name) values (?) returning user_id
Hibernate: insert into users (name) values (?) returning user_id
2024-07-05T19:14:36.369+09:00  WARN 10616 --- [boardPrac] [ol-2-thread-121] o.m.jdbc.message.server.ErrorPacket      : Error: 1062-23000: Duplicate entry 'dup5' for key 'name'
2024-07-05T19:14:36.369+09:00  WARN 10616 --- [boardPrac] [ol-2-thread-120] o.m.jdbc.message.server.ErrorPacket      : Error: 1062-23000: Duplicate entry 'dup5' for key 'name'
2024-07-05T19:14:36.369+09:00  WARN 10616 --- [boardPrac] [ol-2-thread-116] o.m.jdbc.message.server.ErrorPacket      : Error: 1062-23000: Duplicate entry 'dup5' for key 'name'
2024-07-05T19:14:36.369+09:00  WARN 10616 --- [boardPrac] [ol-2-thread-121] o.h.engine.jdbc.spi.SqlExceptionHelper   : SQL Error: 1062, SQLState: 23000
2024-07-05T19:14:36.369+09:00 ERROR 10616 --- [boardPrac] [ol-2-thread-121] o.h.engine.jdbc.spi.SqlExceptionHelper   : (conn=90) Duplicate entry 'dup5' for key 'name'
2024-07-05T19:14:36.369+09:00  WARN 10616 --- [boardPrac] [ol-2-thread-120] o.h.engine.jdbc.spi.SqlExceptionHelper   : SQL Error: 1062, SQLState: 23000
2024-07-05T19:14:36.369+09:00  WARN 10616 --- [boardPrac] [ol-2-thread-116] o.h.engine.jdbc.spi.SqlExceptionHelper   : SQL Error: 1062, SQLState: 23000
2024-07-05T19:14:36.369+09:00  WARN 10616 --- [boardPrac] [ol-2-thread-114] o.m.jdbc.message.server.ErrorPacket      : Error: 1062-23000: Duplicate entry 'dup5' for key 'name'
2024-07-05T19:14:36.369+09:00 ERROR 10616 --- [boardPrac] [ol-2-thread-120] o.h.engine.jdbc.spi.SqlExceptionHelper   : (conn=86) Duplicate entry 'dup5' for key 'name'
2024-07-05T19:14:36.371+09:00 ERROR 10616 --- [boardPrac] [ol-2-thread-116] o.h.engine.jdbc.spi.SqlExceptionHelper   : (conn=87) Duplicate entry 'dup5' for key 'name'
2024-07-05T19:14:36.371+09:00  WARN 10616 --- [boardPrac] [ol-2-thread-114] o.h.engine.jdbc.spi.SqlExceptionHelper   : SQL Error: 1062, SQLState: 23000
2024-07-05T19:14:36.371+09:00 ERROR 10616 --- [boardPrac] [ol-2-thread-114] o.h.engine.jdbc.spi.SqlExceptionHelper   : (conn=93) Duplicate entry 'dup5' for key 'name'
2024-07-05T19:14:36.371+09:00  WARN 10616 --- [boardPrac] [ol-2-thread-117] o.m.jdbc.message.server.ErrorPacket      : Error: 1062-23000: Duplicate entry 'dup5' for key 'name'
2024-07-05T19:14:36.371+09:00  WARN 10616 --- [boardPrac] [ol-2-thread-117] o.h.engine.jdbc.spi.SqlExceptionHelper   : SQL Error: 1062, SQLState: 23000
2024-07-05T19:14:36.371+09:00  WARN 10616 --- [boardPrac] [ol-2-thread-115] o.m.jdbc.message.server.ErrorPacket      : Error: 1062-23000: Duplicate entry 'dup5' for key 'name'
2024-07-05T19:14:36.371+09:00 ERROR 10616 --- [boardPrac] [ol-2-thread-117] o.h.engine.jdbc.spi.SqlExceptionHelper   : (conn=89) Duplicate entry 'dup5' for key 'name'
2024-07-05T19:14:36.371+09:00  WARN 10616 --- [boardPrac] [ol-2-thread-119] o.m.jdbc.message.server.ErrorPacket      : Error: 1062-23000: Duplicate entry 'dup5' for key 'name'
2024-07-05T19:14:36.371+09:00  WARN 10616 --- [boardPrac] [ol-2-thread-118] o.m.jdbc.message.server.ErrorPacket      : Error: 1062-23000: Duplicate entry 'dup5' for key 'name'
2024-07-05T19:14:36.371+09:00  WARN 10616 --- [boardPrac] [ol-2-thread-115] o.h.engine.jdbc.spi.SqlExceptionHelper   : SQL Error: 1062, SQLState: 23000
2024-07-05T19:14:36.371+09:00 ERROR 10616 --- [boardPrac] [ol-2-thread-115] o.h.engine.jdbc.spi.SqlExceptionHelper   : (conn=84) Duplicate entry 'dup5' for key 'name'
2024-07-05T19:14:36.371+09:00  WARN 10616 --- [boardPrac] [ol-2-thread-119] o.h.engine.jdbc.spi.SqlExceptionHelper   : SQL Error: 1062, SQLState: 23000
could not execute statement [(conn=91) Duplicate entry 'dup5' for key 'name'] [insert into users (name) values (?) returning user_id]; SQL [insert into users (name) values (?) returning user_id]; constraint [name]
2024-07-05T19:14:36.371+09:00  WARN 10616 --- [boardPrac] [ol-2-thread-118] o.h.engine.jdbc.spi.SqlExceptionHelper   : SQL Error: 1062, SQLState: 23000
2024-07-05T19:14:36.371+09:00 ERROR 10616 --- [boardPrac] [ol-2-thread-119] o.h.engine.jdbc.spi.SqlExceptionHelper   : (conn=92) Duplicate entry 'dup5' for key 'name'
could not execute statement [(conn=88) Duplicate entry 'dup5' for key 'name'] [insert into users (name) values (?) returning user_id]; SQL [insert into users (name) values (?) returning user_id]; constraint [name]
2024-07-05T19:14:36.371+09:00 ERROR 10616 --- [boardPrac] [ol-2-thread-118] o.h.engine.jdbc.spi.SqlExceptionHelper   : (conn=85) Duplicate entry 'dup5' for key 'name'
Hibernate: insert into users (name) values (?) returning user_id
Hibernate: insert into users (name) values (?) returning user_id
could not execute statement [(conn=90) Duplicate entry 'dup5' for key 'name'] [insert into users (name) values (?) returning user_id]; SQL [insert into users (name) values (?) returning user_id]; constraint [name]
could not execute statement [(conn=87) Duplicate entry 'dup5' for key 'name'] [insert into users (name) values (?) returning user_id]; SQL [insert into users (name) values (?) returning user_id]; constraint [name]
could not execute statement [(conn=93) Duplicate entry 'dup5' for key 'name'] [insert into users (name) values (?) returning user_id]; SQL [insert into users (name) values (?) returning user_id]; constraint [name]
could not execute statement [(conn=86) Duplicate entry 'dup5' for key 'name'] [insert into users (name) values (?) returning user_id]; SQL [insert into users (name) values (?) returning user_id]; constraint [name]
could not execute statement [(conn=92) Duplicate entry 'dup5' for key 'name'] [insert into users (name) values (?) returning user_id]; SQL [insert into users (name) values (?) returning user_id]; constraint [name]
could not execute statement [(conn=89) Duplicate entry 'dup5' for key 'name'] [insert into users (name) values (?) returning user_id]; SQL [insert into users (name) values (?) returning user_id]; constraint [name]
could not execute statement [(conn=85) Duplicate entry 'dup5' for key 'name'] [insert into users (name) values (?) returning user_id]; SQL [insert into users (name) values (?) returning user_id]; constraint [name]
could not execute statement [(conn=84) Duplicate entry 'dup5' for key 'name'] [insert into users (name) values (?) returning user_id]; SQL [insert into users (name) values (?) returning user_id]; constraint [name]
2024-07-05T19:14:36.375+09:00  WARN 10616 --- [boardPrac] [ol-2-thread-122] o.m.jdbc.message.server.ErrorPacket      : Error: 1062-23000: Duplicate entry 'dup5' for key 'name'
Hibernate: insert into users (name) values (?) returning user_id
2024-07-05T19:14:36.375+09:00  WARN 10616 --- [boardPrac] [ol-2-thread-122] o.h.engine.jdbc.spi.SqlExceptionHelper   : SQL Error: 1062, SQLState: 23000
Hibernate: insert into users (name) values (?) returning user_id
2024-07-05T19:14:36.375+09:00  WARN 10616 --- [boardPrac] [ol-2-thread-123] o.m.jdbc.message.server.ErrorPacket      : Error: 1062-23000: Duplicate entry 'dup5' for key 'name'
2024-07-05T19:14:36.375+09:00 ERROR 10616 --- [boardPrac] [ol-2-thread-122] o.h.engine.jdbc.spi.SqlExceptionHelper   : (conn=91) Duplicate entry 'dup5' for key 'name'
2024-07-05T19:14:36.375+09:00  WARN 10616 --- [boardPrac] [ol-2-thread-123] o.h.engine.jdbc.spi.SqlExceptionHelper   : SQL Error: 1062, SQLState: 23000
2024-07-05T19:14:36.375+09:00 ERROR 10616 --- [boardPrac] [ol-2-thread-123] o.h.engine.jdbc.spi.SqlExceptionHelper   : (conn=88) Duplicate entry 'dup5' for key 'name'
Hibernate: insert into users (name) values (?) returning user_id
Hibernate: insert into users (name) values (?) returning user_id
Hibernate: insert into users (name) values (?) returning user_id
Hibernate: insert into users (name) values (?) returning user_id
Hibernate: insert into users (name) values (?) returning user_id
2024-07-05T19:14:36.377+09:00  WARN 10616 --- [boardPrac] [ol-2-thread-124] o.m.jdbc.message.server.ErrorPacket      : Error: 1062-23000: Duplicate entry 'dup5' for key 'name'
Hibernate: insert into users (name) values (?) returning user_id
2024-07-05T19:14:36.377+09:00  WARN 10616 --- [boardPrac] [ol-2-thread-126] o.m.jdbc.message.server.ErrorPacket      : Error: 1062-23000: Duplicate entry 'dup5' for key 'name'
2024-07-05T19:14:36.377+09:00  WARN 10616 --- [boardPrac] [ol-2-thread-126] o.h.engine.jdbc.spi.SqlExceptionHelper   : SQL Error: 1062, SQLState: 23000
2024-07-05T19:14:36.377+09:00  WARN 10616 --- [boardPrac] [ol-2-thread-124] o.h.engine.jdbc.spi.SqlExceptionHelper   : SQL Error: 1062, SQLState: 23000
2024-07-05T19:14:36.377+09:00 ERROR 10616 --- [boardPrac] [ol-2-thread-126] o.h.engine.jdbc.spi.SqlExceptionHelper   : (conn=86) Duplicate entry 'dup5' for key 'name'
2024-07-05T19:14:36.377+09:00 ERROR 10616 --- [boardPrac] [ol-2-thread-124] o.h.engine.jdbc.spi.SqlExceptionHelper   : (conn=90) Duplicate entry 'dup5' for key 'name'
could not execute statement [(conn=88) Duplicate entry 'dup5' for key 'name'] [insert into users (name) values (?) returning user_id]; SQL [insert into users (name) values (?) returning user_id]; constraint [name]
could not execute statement [(conn=91) Duplicate entry 'dup5' for key 'name'] [insert into users (name) values (?) returning user_id]; SQL [insert into users (name) values (?) returning user_id]; constraint [name]
2024-07-05T19:14:36.379+09:00  WARN 10616 --- [boardPrac] [ol-2-thread-131] o.m.jdbc.message.server.ErrorPacket      : Error: 1062-23000: Duplicate entry 'dup5' for key 'name'
2024-07-05T19:14:36.379+09:00  WARN 10616 --- [boardPrac] [ol-2-thread-129] o.m.jdbc.message.server.ErrorPacket      : Error: 1062-23000: Duplicate entry 'dup5' for key 'name'
2024-07-05T19:14:36.379+09:00  WARN 10616 --- [boardPrac] [ol-2-thread-127] o.m.jdbc.message.server.ErrorPacket      : Error: 1062-23000: Duplicate entry 'dup5' for key 'name'
2024-07-05T19:14:36.379+09:00  WARN 10616 --- [boardPrac] [ol-2-thread-125] o.m.jdbc.message.server.ErrorPacket      : Error: 1062-23000: Duplicate entry 'dup5' for key 'name'
2024-07-05T19:14:36.381+09:00  WARN 10616 --- [boardPrac] [ol-2-thread-128] o.m.jdbc.message.server.ErrorPacket      : Error: 1062-23000: Duplicate entry 'dup5' for key 'name'
2024-07-05T19:14:36.381+09:00  WARN 10616 --- [boardPrac] [ol-2-thread-130] o.m.jdbc.message.server.ErrorPacket      : Error: 1062-23000: Duplicate entry 'dup5' for key 'name'
2024-07-05T19:14:36.381+09:00  WARN 10616 --- [boardPrac] [ol-2-thread-128] o.h.engine.jdbc.spi.SqlExceptionHelper   : SQL Error: 1062, SQLState: 23000
2024-07-05T19:14:36.381+09:00  WARN 10616 --- [boardPrac] [ol-2-thread-127] o.h.engine.jdbc.spi.SqlExceptionHelper   : SQL Error: 1062, SQLState: 23000
2024-07-05T19:14:36.381+09:00 ERROR 10616 --- [boardPrac] [ol-2-thread-128] o.h.engine.jdbc.spi.SqlExceptionHelper   : (conn=92) Duplicate entry 'dup5' for key 'name'
2024-07-05T19:14:36.381+09:00 ERROR 10616 --- [boardPrac] [ol-2-thread-127] o.h.engine.jdbc.spi.SqlExceptionHelper   : (conn=93) Duplicate entry 'dup5' for key 'name'
2024-07-05T19:14:36.381+09:00  WARN 10616 --- [boardPrac] [ol-2-thread-125] o.h.engine.jdbc.spi.SqlExceptionHelper   : SQL Error: 1062, SQLState: 23000
2024-07-05T19:14:36.381+09:00  WARN 10616 --- [boardPrac] [ol-2-thread-129] o.h.engine.jdbc.spi.SqlExceptionHelper   : SQL Error: 1062, SQLState: 23000
2024-07-05T19:14:36.381+09:00 ERROR 10616 --- [boardPrac] [ol-2-thread-125] o.h.engine.jdbc.spi.SqlExceptionHelper   : (conn=87) Duplicate entry 'dup5' for key 'name'
2024-07-05T19:14:36.381+09:00 ERROR 10616 --- [boardPrac] [ol-2-thread-129] o.h.engine.jdbc.spi.SqlExceptionHelper   : (conn=85) Duplicate entry 'dup5' for key 'name'
2024-07-05T19:14:36.381+09:00  WARN 10616 --- [boardPrac] [ol-2-thread-131] o.h.engine.jdbc.spi.SqlExceptionHelper   : SQL Error: 1062, SQLState: 23000
2024-07-05T19:14:36.381+09:00  WARN 10616 --- [boardPrac] [ol-2-thread-130] o.h.engine.jdbc.spi.SqlExceptionHelper   : SQL Error: 1062, SQLState: 23000
2024-07-05T19:14:36.381+09:00 ERROR 10616 --- [boardPrac] [ol-2-thread-131] o.h.engine.jdbc.spi.SqlExceptionHelper   : (conn=84) Duplicate entry 'dup5' for key 'name'
2024-07-05T19:14:36.381+09:00 ERROR 10616 --- [boardPrac] [ol-2-thread-130] o.h.engine.jdbc.spi.SqlExceptionHelper   : (conn=89) Duplicate entry 'dup5' for key 'name'
could not execute statement [(conn=90) Duplicate entry 'dup5' for key 'name'] [insert into users (name) values (?) returning user_id]; SQL [insert into users (name) values (?) returning user_id]; constraint [name]
could not execute statement [(conn=86) Duplicate entry 'dup5' for key 'name'] [insert into users (name) values (?) returning user_id]; SQL [insert into users (name) values (?) returning user_id]; constraint [name]
Hibernate: insert into users (name) values (?) returning user_id
Hibernate: insert into users (name) values (?) returning user_id
Hibernate: insert into users (name) values (?) returning user_id
Hibernate: insert into users (name) values (?) returning user_id
could not execute statement [(conn=93) Duplicate entry 'dup5' for key 'name'] [insert into users (name) values (?) returning user_id]; SQL [insert into users (name) values (?) returning user_id]; constraint [name]
could not execute statement [(conn=85) Duplicate entry 'dup5' for key 'name'] [insert into users (name) values (?) returning user_id]; SQL [insert into users (name) values (?) returning user_id]; constraint [name]
could not execute statement [(conn=87) Duplicate entry 'dup5' for key 'name'] [insert into users (name) values (?) returning user_id]; SQL [insert into users (name) values (?) returning user_id]; constraint [name]
2024-07-05T19:14:36.389+09:00  WARN 10616 --- [boardPrac] [ol-2-thread-135] o.m.jdbc.message.server.ErrorPacket      : Error: 1062-23000: Duplicate entry 'dup5' for key 'name'
2024-07-05T19:14:36.389+09:00  WARN 10616 --- [boardPrac] [ol-2-thread-134] o.m.jdbc.message.server.ErrorPacket      : Error: 1062-23000: Duplicate entry 'dup5' for key 'name'
2024-07-05T19:14:36.389+09:00  WARN 10616 --- [boardPrac] [ol-2-thread-132] o.m.jdbc.message.server.ErrorPacket      : Error: 1062-23000: Duplicate entry 'dup5' for key 'name'
2024-07-05T19:14:36.389+09:00  WARN 10616 --- [boardPrac] [ol-2-thread-133] o.m.jdbc.message.server.ErrorPacket      : Error: 1062-23000: Duplicate entry 'dup5' for key 'name'
could not execute statement [(conn=92) Duplicate entry 'dup5' for key 'name'] [insert into users (name) values (?) returning user_id]; SQL [insert into users (name) values (?) returning user_id]; constraint [name]
could not execute statement [(conn=89) Duplicate entry 'dup5' for key 'name'] [insert into users (name) values (?) returning user_id]; SQL [insert into users (name) values (?) returning user_id]; constraint [name]
could not execute statement [(conn=84) Duplicate entry 'dup5' for key 'name'] [insert into users (name) values (?) returning user_id]; SQL [insert into users (name) values (?) returning user_id]; constraint [name]
2024-07-05T19:14:36.390+09:00  WARN 10616 --- [boardPrac] [ol-2-thread-134] o.h.engine.jdbc.spi.SqlExceptionHelper   : SQL Error: 1062, SQLState: 23000
2024-07-05T19:14:36.390+09:00  WARN 10616 --- [boardPrac] [ol-2-thread-135] o.h.engine.jdbc.spi.SqlExceptionHelper   : SQL Error: 1062, SQLState: 23000
2024-07-05T19:14:36.390+09:00 ERROR 10616 --- [boardPrac] [ol-2-thread-134] o.h.engine.jdbc.spi.SqlExceptionHelper   : (conn=90) Duplicate entry 'dup5' for key 'name'
2024-07-05T19:14:36.390+09:00  WARN 10616 --- [boardPrac] [ol-2-thread-132] o.h.engine.jdbc.spi.SqlExceptionHelper   : SQL Error: 1062, SQLState: 23000
2024-07-05T19:14:36.390+09:00 ERROR 10616 --- [boardPrac] [ol-2-thread-135] o.h.engine.jdbc.spi.SqlExceptionHelper   : (conn=86) Duplicate entry 'dup5' for key 'name'
2024-07-05T19:14:36.390+09:00 ERROR 10616 --- [boardPrac] [ol-2-thread-132] o.h.engine.jdbc.spi.SqlExceptionHelper   : (conn=91) Duplicate entry 'dup5' for key 'name'
2024-07-05T19:14:36.390+09:00  WARN 10616 --- [boardPrac] [ol-2-thread-133] o.h.engine.jdbc.spi.SqlExceptionHelper   : SQL Error: 1062, SQLState: 23000
2024-07-05T19:14:36.390+09:00 ERROR 10616 --- [boardPrac] [ol-2-thread-133] o.h.engine.jdbc.spi.SqlExceptionHelper   : (conn=88) Duplicate entry 'dup5' for key 'name'
Hibernate: insert into users (name) values (?) returning user_id
Hibernate: insert into users (name) values (?) returning user_id
Hibernate: insert into users (name) values (?) returning user_id
Hibernate: insert into users (name) values (?) returning user_id
Hibernate: insert into users (name) values (?) returning user_id
Hibernate: insert into users (name) values (?) returning user_id
could not execute statement [(conn=86) Duplicate entry 'dup5' for key 'name'] [insert into users (name) values (?) returning user_id]; SQL [insert into users (name) values (?) returning user_id]; constraint [name]
could not execute statement [(conn=91) Duplicate entry 'dup5' for key 'name'] [insert into users (name) values (?) returning user_id]; SQL [insert into users (name) values (?) returning user_id]; constraint [name]
could not execute statement [(conn=90) Duplicate entry 'dup5' for key 'name'] [insert into users (name) values (?) returning user_id]; SQL [insert into users (name) values (?) returning user_id]; constraint [name]
could not execute statement [(conn=88) Duplicate entry 'dup5' for key 'name'] [insert into users (name) values (?) returning user_id]; SQL [insert into users (name) values (?) returning user_id]; constraint [name]
2024-07-05T19:14:36.395+09:00  WARN 10616 --- [boardPrac] [ol-2-thread-139] o.m.jdbc.message.server.ErrorPacket      : Error: 1062-23000: Duplicate entry 'dup5' for key 'name'
2024-07-05T19:14:36.396+09:00  WARN 10616 --- [boardPrac] [ol-2-thread-141] o.m.jdbc.message.server.ErrorPacket      : Error: 1062-23000: Duplicate entry 'dup5' for key 'name'
2024-07-05T19:14:36.396+09:00  WARN 10616 --- [boardPrac] [ol-2-thread-137] o.m.jdbc.message.server.ErrorPacket      : Error: 1062-23000: Duplicate entry 'dup5' for key 'name'
2024-07-05T19:14:36.396+09:00  WARN 10616 --- [boardPrac] [ol-2-thread-136] o.m.jdbc.message.server.ErrorPacket      : Error: 1062-23000: Duplicate entry 'dup5' for key 'name'
2024-07-05T19:14:36.396+09:00  WARN 10616 --- [boardPrac] [ol-2-thread-141] o.h.engine.jdbc.spi.SqlExceptionHelper   : SQL Error: 1062, SQLState: 23000
2024-07-05T19:14:36.396+09:00  WARN 10616 --- [boardPrac] [ol-2-thread-139] o.h.engine.jdbc.spi.SqlExceptionHelper   : SQL Error: 1062, SQLState: 23000
2024-07-05T19:14:36.396+09:00  WARN 10616 --- [boardPrac] [ol-2-thread-137] o.h.engine.jdbc.spi.SqlExceptionHelper   : SQL Error: 1062, SQLState: 23000
2024-07-05T19:14:36.396+09:00 ERROR 10616 --- [boardPrac] [ol-2-thread-139] o.h.engine.jdbc.spi.SqlExceptionHelper   : (conn=87) Duplicate entry 'dup5' for key 'name'
2024-07-05T19:14:36.396+09:00  WARN 10616 --- [boardPrac] [ol-2-thread-138] o.m.jdbc.message.server.ErrorPacket      : Error: 1062-23000: Duplicate entry 'dup5' for key 'name'
2024-07-05T19:14:36.396+09:00 ERROR 10616 --- [boardPrac] [ol-2-thread-141] o.h.engine.jdbc.spi.SqlExceptionHelper   : (conn=89) Duplicate entry 'dup5' for key 'name'
2024-07-05T19:14:36.396+09:00 ERROR 10616 --- [boardPrac] [ol-2-thread-137] o.h.engine.jdbc.spi.SqlExceptionHelper   : (conn=92) Duplicate entry 'dup5' for key 'name'
2024-07-05T19:14:36.396+09:00  WARN 10616 --- [boardPrac] [ol-2-thread-136] o.h.engine.jdbc.spi.SqlExceptionHelper   : SQL Error: 1062, SQLState: 23000
2024-07-05T19:14:36.396+09:00  WARN 10616 --- [boardPrac] [ol-2-thread-138] o.h.engine.jdbc.spi.SqlExceptionHelper   : SQL Error: 1062, SQLState: 23000
2024-07-05T19:14:36.396+09:00  WARN 10616 --- [boardPrac] [ol-2-thread-140] o.m.jdbc.message.server.ErrorPacket      : Error: 1062-23000: Duplicate entry 'dup5' for key 'name'
2024-07-05T19:14:36.396+09:00 ERROR 10616 --- [boardPrac] [ol-2-thread-138] o.h.engine.jdbc.spi.SqlExceptionHelper   : (conn=84) Duplicate entry 'dup5' for key 'name'
2024-07-05T19:14:36.396+09:00 ERROR 10616 --- [boardPrac] [ol-2-thread-136] o.h.engine.jdbc.spi.SqlExceptionHelper   : (conn=93) Duplicate entry 'dup5' for key 'name'
2024-07-05T19:14:36.396+09:00  WARN 10616 --- [boardPrac] [ol-2-thread-140] o.h.engine.jdbc.spi.SqlExceptionHelper   : SQL Error: 1062, SQLState: 23000
2024-07-05T19:14:36.396+09:00 ERROR 10616 --- [boardPrac] [ol-2-thread-140] o.h.engine.jdbc.spi.SqlExceptionHelper   : (conn=85) Duplicate entry 'dup5' for key 'name'
Hibernate: insert into users (name) values (?) returning user_id
Hibernate: insert into users (name) values (?) returning user_id
Hibernate: insert into users (name) values (?) returning user_id
Hibernate: insert into users (name) values (?) returning user_id
2024-07-05T19:14:36.398+09:00  WARN 10616 --- [boardPrac] [ol-2-thread-144] o.m.jdbc.message.server.ErrorPacket      : Error: 1062-23000: Duplicate entry 'dup5' for key 'name'
2024-07-05T19:14:36.398+09:00  WARN 10616 --- [boardPrac] [ol-2-thread-145] o.m.jdbc.message.server.ErrorPacket      : Error: 1062-23000: Duplicate entry 'dup5' for key 'name'
2024-07-05T19:14:36.398+09:00  WARN 10616 --- [boardPrac] [ol-2-thread-145] o.h.engine.jdbc.spi.SqlExceptionHelper   : SQL Error: 1062, SQLState: 23000
could not execute statement [(conn=92) Duplicate entry 'dup5' for key 'name'] [insert into users (name) values (?) returning user_id]; SQL [insert into users (name) values (?) returning user_id]; constraint [name]
2024-07-05T19:14:36.398+09:00 ERROR 10616 --- [boardPrac] [ol-2-thread-145] o.h.engine.jdbc.spi.SqlExceptionHelper   : (conn=88) Duplicate entry 'dup5' for key 'name'
2024-07-05T19:14:36.398+09:00  WARN 10616 --- [boardPrac] [ol-2-thread-144] o.h.engine.jdbc.spi.SqlExceptionHelper   : SQL Error: 1062, SQLState: 23000
could not execute statement [(conn=84) Duplicate entry 'dup5' for key 'name'] [insert into users (name) values (?) returning user_id]; SQL [insert into users (name) values (?) returning user_id]; constraint [name]
2024-07-05T19:14:36.398+09:00 ERROR 10616 --- [boardPrac] [ol-2-thread-144] o.h.engine.jdbc.spi.SqlExceptionHelper   : (conn=90) Duplicate entry 'dup5' for key 'name'
could not execute statement [(conn=89) Duplicate entry 'dup5' for key 'name'] [insert into users (name) values (?) returning user_id]; SQL [insert into users (name) values (?) returning user_id]; constraint [name]
could not execute statement [(conn=87) Duplicate entry 'dup5' for key 'name'] [insert into users (name) values (?) returning user_id]; SQL [insert into users (name) values (?) returning user_id]; constraint [name]
2024-07-05T19:14:36.399+09:00  WARN 10616 --- [boardPrac] [ol-2-thread-142] o.m.jdbc.message.server.ErrorPacket      : Error: 1062-23000: Duplicate entry 'dup5' for key 'name'
could not execute statement [(conn=85) Duplicate entry 'dup5' for key 'name'] [insert into users (name) values (?) returning user_id]; SQL [insert into users (name) values (?) returning user_id]; constraint [name]
could not execute statement [(conn=93) Duplicate entry 'dup5' for key 'name'] [insert into users (name) values (?) returning user_id]; SQL [insert into users (name) values (?) returning user_id]; constraint [name]
2024-07-05T19:14:36.399+09:00  WARN 10616 --- [boardPrac] [ol-2-thread-143] o.m.jdbc.message.server.ErrorPacket      : Error: 1062-23000: Duplicate entry 'dup5' for key 'name'
2024-07-05T19:14:36.399+09:00  WARN 10616 --- [boardPrac] [ol-2-thread-142] o.h.engine.jdbc.spi.SqlExceptionHelper   : SQL Error: 1062, SQLState: 23000
2024-07-05T19:14:36.399+09:00 ERROR 10616 --- [boardPrac] [ol-2-thread-142] o.h.engine.jdbc.spi.SqlExceptionHelper   : (conn=86) Duplicate entry 'dup5' for key 'name'
2024-07-05T19:14:36.399+09:00  WARN 10616 --- [boardPrac] [ol-2-thread-143] o.h.engine.jdbc.spi.SqlExceptionHelper   : SQL Error: 1062, SQLState: 23000
2024-07-05T19:14:36.399+09:00 ERROR 10616 --- [boardPrac] [ol-2-thread-143] o.h.engine.jdbc.spi.SqlExceptionHelper   : (conn=91) Duplicate entry 'dup5' for key 'name'
Hibernate: insert into users (name) values (?) returning user_id
Hibernate: insert into users (name) values (?) returning user_id
Hibernate: insert into users (name) values (?) returning user_id
Hibernate: insert into users (name) values (?) returning user_id
Hibernate: insert into users (name) values (?) returning user_id
Hibernate: insert into users (name) values (?) returning user_id
could not execute statement [(conn=86) Duplicate entry 'dup5' for key 'name'] [insert into users (name) values (?) returning user_id]; SQL [insert into users (name) values (?) returning user_id]; constraint [name]
could not execute statement [(conn=91) Duplicate entry 'dup5' for key 'name'] [insert into users (name) values (?) returning user_id]; SQL [insert into users (name) values (?) returning user_id]; constraint [name]
could not execute statement [(conn=88) Duplicate entry 'dup5' for key 'name'] [insert into users (name) values (?) returning user_id]; SQL [insert into users (name) values (?) returning user_id]; constraint [name]
could not execute statement [(conn=90) Duplicate entry 'dup5' for key 'name'] [insert into users (name) values (?) returning user_id]; SQL [insert into users (name) values (?) returning user_id]; constraint [name]
2024-07-05T19:14:36.402+09:00  WARN 10616 --- [boardPrac] [ol-2-thread-147] o.m.jdbc.message.server.ErrorPacket      : Error: 1062-23000: Duplicate entry 'dup5' for key 'name'
2024-07-05T19:14:36.402+09:00  WARN 10616 --- [boardPrac] [ol-2-thread-151] o.m.jdbc.message.server.ErrorPacket      : Error: 1062-23000: Duplicate entry 'dup5' for key 'name'
2024-07-05T19:14:36.403+09:00  WARN 10616 --- [boardPrac] [ol-2-thread-147] o.h.engine.jdbc.spi.SqlExceptionHelper   : SQL Error: 1062, SQLState: 23000
2024-07-05T19:14:36.403+09:00  WARN 10616 --- [boardPrac] [ol-2-thread-151] o.h.engine.jdbc.spi.SqlExceptionHelper   : SQL Error: 1062, SQLState: 23000
2024-07-05T19:14:36.403+09:00 ERROR 10616 --- [boardPrac] [ol-2-thread-147] o.h.engine.jdbc.spi.SqlExceptionHelper   : (conn=84) Duplicate entry 'dup5' for key 'name'
2024-07-05T19:14:36.403+09:00 ERROR 10616 --- [boardPrac] [ol-2-thread-151] o.h.engine.jdbc.spi.SqlExceptionHelper   : (conn=93) Duplicate entry 'dup5' for key 'name'
2024-07-05T19:14:36.403+09:00  WARN 10616 --- [boardPrac] [ol-2-thread-150] o.m.jdbc.message.server.ErrorPacket      : Error: 1062-23000: Duplicate entry 'dup5' for key 'name'
2024-07-05T19:14:36.403+09:00  WARN 10616 --- [boardPrac] [ol-2-thread-149] o.m.jdbc.message.server.ErrorPacket      : Error: 1062-23000: Duplicate entry 'dup5' for key 'name'
2024-07-05T19:14:36.403+09:00  WARN 10616 --- [boardPrac] [ol-2-thread-150] o.h.engine.jdbc.spi.SqlExceptionHelper   : SQL Error: 1062, SQLState: 23000
2024-07-05T19:14:36.403+09:00  WARN 10616 --- [boardPrac] [ol-2-thread-148] o.m.jdbc.message.server.ErrorPacket      : Error: 1062-23000: Duplicate entry 'dup5' for key 'name'
2024-07-05T19:14:36.403+09:00  WARN 10616 --- [boardPrac] [ol-2-thread-146] o.m.jdbc.message.server.ErrorPacket      : Error: 1062-23000: Duplicate entry 'dup5' for key 'name'
2024-07-05T19:14:36.403+09:00  WARN 10616 --- [boardPrac] [ol-2-thread-149] o.h.engine.jdbc.spi.SqlExceptionHelper   : SQL Error: 1062, SQLState: 23000
2024-07-05T19:14:36.403+09:00 ERROR 10616 --- [boardPrac] [ol-2-thread-150] o.h.engine.jdbc.spi.SqlExceptionHelper   : (conn=85) Duplicate entry 'dup5' for key 'name'
2024-07-05T19:14:36.403+09:00  WARN 10616 --- [boardPrac] [ol-2-thread-148] o.h.engine.jdbc.spi.SqlExceptionHelper   : SQL Error: 1062, SQLState: 23000
2024-07-05T19:14:36.403+09:00 ERROR 10616 --- [boardPrac] [ol-2-thread-149] o.h.engine.jdbc.spi.SqlExceptionHelper   : (conn=87) Duplicate entry 'dup5' for key 'name'
2024-07-05T19:14:36.404+09:00  WARN 10616 --- [boardPrac] [ol-2-thread-146] o.h.engine.jdbc.spi.SqlExceptionHelper   : SQL Error: 1062, SQLState: 23000
2024-07-05T19:14:36.404+09:00 ERROR 10616 --- [boardPrac] [ol-2-thread-146] o.h.engine.jdbc.spi.SqlExceptionHelper   : (conn=92) Duplicate entry 'dup5' for key 'name'
2024-07-05T19:14:36.404+09:00 ERROR 10616 --- [boardPrac] [ol-2-thread-148] o.h.engine.jdbc.spi.SqlExceptionHelper   : (conn=89) Duplicate entry 'dup5' for key 'name'
Hibernate: insert into users (name) values (?) returning user_id
Hibernate: insert into users (name) values (?) returning user_id
Hibernate: insert into users (name) values (?) returning user_id
Hibernate: insert into users (name) values (?) returning user_id
could not execute statement [(conn=92) Duplicate entry 'dup5' for key 'name'] [insert into users (name) values (?) returning user_id]; SQL [insert into users (name) values (?) returning user_id]; constraint [name]
2024-07-05T19:14:36.406+09:00  WARN 10616 --- [boardPrac] [ol-2-thread-154] o.m.jdbc.message.server.ErrorPacket      : Error: 1062-23000: Duplicate entry 'dup5' for key 'name'
2024-07-05T19:14:36.406+09:00  WARN 10616 --- [boardPrac] [ol-2-thread-152] o.m.jdbc.message.server.ErrorPacket      : Error: 1062-23000: Duplicate entry 'dup5' for key 'name'
could not execute statement [(conn=89) Duplicate entry 'dup5' for key 'name'] [insert into users (name) values (?) returning user_id]; SQL [insert into users (name) values (?) returning user_id]; constraint [name]
2024-07-05T19:14:36.406+09:00  WARN 10616 --- [boardPrac] [ol-2-thread-155] o.m.jdbc.message.server.ErrorPacket      : Error: 1062-23000: Duplicate entry 'dup5' for key 'name'
2024-07-05T19:14:36.406+09:00  WARN 10616 --- [boardPrac] [ol-2-thread-153] o.m.jdbc.message.server.ErrorPacket      : Error: 1062-23000: Duplicate entry 'dup5' for key 'name'
could not execute statement [(conn=84) Duplicate entry 'dup5' for key 'name'] [insert into users (name) values (?) returning user_id]; SQL [insert into users (name) values (?) returning user_id]; constraint [name]
could not execute statement [(conn=85) Duplicate entry 'dup5' for key 'name'] [insert into users (name) values (?) returning user_id]; SQL [insert into users (name) values (?) returning user_id]; constraint [name]
2024-07-05T19:14:36.406+09:00  WARN 10616 --- [boardPrac] [ol-2-thread-154] o.h.engine.jdbc.spi.SqlExceptionHelper   : SQL Error: 1062, SQLState: 23000
could not execute statement [(conn=87) Duplicate entry 'dup5' for key 'name'] [insert into users (name) values (?) returning user_id]; SQL [insert into users (name) values (?) returning user_id]; constraint [name]
2024-07-05T19:14:36.406+09:00  WARN 10616 --- [boardPrac] [ol-2-thread-152] o.h.engine.jdbc.spi.SqlExceptionHelper   : SQL Error: 1062, SQLState: 23000
2024-07-05T19:14:36.406+09:00 ERROR 10616 --- [boardPrac] [ol-2-thread-154] o.h.engine.jdbc.spi.SqlExceptionHelper   : (conn=90) Duplicate entry 'dup5' for key 'name'
could not execute statement [(conn=93) Duplicate entry 'dup5' for key 'name'] [insert into users (name) values (?) returning user_id]; SQL [insert into users (name) values (?) returning user_id]; constraint [name]
2024-07-05T19:14:36.406+09:00 ERROR 10616 --- [boardPrac] [ol-2-thread-152] o.h.engine.jdbc.spi.SqlExceptionHelper   : (conn=86) Duplicate entry 'dup5' for key 'name'
2024-07-05T19:14:36.406+09:00  WARN 10616 --- [boardPrac] [ol-2-thread-155] o.h.engine.jdbc.spi.SqlExceptionHelper   : SQL Error: 1062, SQLState: 23000
2024-07-05T19:14:36.406+09:00  WARN 10616 --- [boardPrac] [ol-2-thread-153] o.h.engine.jdbc.spi.SqlExceptionHelper   : SQL Error: 1062, SQLState: 23000
2024-07-05T19:14:36.406+09:00 ERROR 10616 --- [boardPrac] [ol-2-thread-155] o.h.engine.jdbc.spi.SqlExceptionHelper   : (conn=88) Duplicate entry 'dup5' for key 'name'
2024-07-05T19:14:36.406+09:00 ERROR 10616 --- [boardPrac] [ol-2-thread-153] o.h.engine.jdbc.spi.SqlExceptionHelper   : (conn=91) Duplicate entry 'dup5' for key 'name'
Hibernate: insert into users (name) values (?) returning user_id
Hibernate: insert into users (name) values (?) returning user_id
Hibernate: insert into users (name) values (?) returning user_id
Hibernate: insert into users (name) values (?) returning user_id
Hibernate: insert into users (name) values (?) returning user_id
Hibernate: insert into users (name) values (?) returning user_id
could not execute statement [(conn=90) Duplicate entry 'dup5' for key 'name'] [insert into users (name) values (?) returning user_id]; SQL [insert into users (name) values (?) returning user_id]; constraint [name]
could not execute statement [(conn=88) Duplicate entry 'dup5' for key 'name'] [insert into users (name) values (?) returning user_id]; SQL [insert into users (name) values (?) returning user_id]; constraint [name]
could not execute statement [(conn=91) Duplicate entry 'dup5' for key 'name'] [insert into users (name) values (?) returning user_id]; SQL [insert into users (name) values (?) returning user_id]; constraint [name]
could not execute statement [(conn=86) Duplicate entry 'dup5' for key 'name'] [insert into users (name) values (?) returning user_id]; SQL [insert into users (name) values (?) returning user_id]; constraint [name]
2024-07-05T19:14:36.410+09:00  WARN 10616 --- [boardPrac] [ol-2-thread-156] o.m.jdbc.message.server.ErrorPacket      : Error: 1062-23000: Duplicate entry 'dup5' for key 'name'
2024-07-05T19:14:36.410+09:00  WARN 10616 --- [boardPrac] [ol-2-thread-160] o.m.jdbc.message.server.ErrorPacket      : Error: 1062-23000: Duplicate entry 'dup5' for key 'name'
2024-07-05T19:14:36.410+09:00  WARN 10616 --- [boardPrac] [ol-2-thread-158] o.m.jdbc.message.server.ErrorPacket      : Error: 1062-23000: Duplicate entry 'dup5' for key 'name'
2024-07-05T19:14:36.410+09:00  WARN 10616 --- [boardPrac] [ol-2-thread-157] o.m.jdbc.message.server.ErrorPacket      : Error: 1062-23000: Duplicate entry 'dup5' for key 'name'
2024-07-05T19:14:36.411+09:00  WARN 10616 --- [boardPrac] [ol-2-thread-159] o.m.jdbc.message.server.ErrorPacket      : Error: 1062-23000: Duplicate entry 'dup5' for key 'name'
2024-07-05T19:14:36.410+09:00  WARN 10616 --- [boardPrac] [ol-2-thread-161] o.m.jdbc.message.server.ErrorPacket      : Error: 1062-23000: Duplicate entry 'dup5' for key 'name'
2024-07-05T19:14:36.411+09:00  WARN 10616 --- [boardPrac] [ol-2-thread-156] o.h.engine.jdbc.spi.SqlExceptionHelper   : SQL Error: 1062, SQLState: 23000
2024-07-05T19:14:36.411+09:00  WARN 10616 --- [boardPrac] [ol-2-thread-160] o.h.engine.jdbc.spi.SqlExceptionHelper   : SQL Error: 1062, SQLState: 23000
2024-07-05T19:14:36.411+09:00 ERROR 10616 --- [boardPrac] [ol-2-thread-156] o.h.engine.jdbc.spi.SqlExceptionHelper   : (conn=84) Duplicate entry 'dup5' for key 'name'
2024-07-05T19:14:36.411+09:00 ERROR 10616 --- [boardPrac] [ol-2-thread-160] o.h.engine.jdbc.spi.SqlExceptionHelper   : (conn=93) Duplicate entry 'dup5' for key 'name'
2024-07-05T19:14:36.411+09:00  WARN 10616 --- [boardPrac] [ol-2-thread-159] o.h.engine.jdbc.spi.SqlExceptionHelper   : SQL Error: 1062, SQLState: 23000
2024-07-05T19:14:36.411+09:00  WARN 10616 --- [boardPrac] [ol-2-thread-158] o.h.engine.jdbc.spi.SqlExceptionHelper   : SQL Error: 1062, SQLState: 23000
2024-07-05T19:14:36.411+09:00  WARN 10616 --- [boardPrac] [ol-2-thread-161] o.h.engine.jdbc.spi.SqlExceptionHelper   : SQL Error: 1062, SQLState: 23000
2024-07-05T19:14:36.411+09:00 ERROR 10616 --- [boardPrac] [ol-2-thread-159] o.h.engine.jdbc.spi.SqlExceptionHelper   : (conn=85) Duplicate entry 'dup5' for key 'name'
2024-07-05T19:14:36.411+09:00 ERROR 10616 --- [boardPrac] [ol-2-thread-161] o.h.engine.jdbc.spi.SqlExceptionHelper   : (conn=89) Duplicate entry 'dup5' for key 'name'
2024-07-05T19:14:36.411+09:00  WARN 10616 --- [boardPrac] [ol-2-thread-157] o.h.engine.jdbc.spi.SqlExceptionHelper   : SQL Error: 1062, SQLState: 23000
2024-07-05T19:14:36.411+09:00 ERROR 10616 --- [boardPrac] [ol-2-thread-158] o.h.engine.jdbc.spi.SqlExceptionHelper   : (conn=92) Duplicate entry 'dup5' for key 'name'
2024-07-05T19:14:36.411+09:00 ERROR 10616 --- [boardPrac] [ol-2-thread-157] o.h.engine.jdbc.spi.SqlExceptionHelper   : (conn=87) Duplicate entry 'dup5' for key 'name'
Hibernate: insert into users (name) values (?) returning user_id
Hibernate: insert into users (name) values (?) returning user_id
Hibernate: insert into users (name) values (?) returning user_id
Hibernate: insert into users (name) values (?) returning user_id
could not execute statement [(conn=84) Duplicate entry 'dup5' for key 'name'] [insert into users (name) values (?) returning user_id]; SQL [insert into users (name) values (?) returning user_id]; constraint [name]
could not execute statement [(conn=89) Duplicate entry 'dup5' for key 'name'] [insert into users (name) values (?) returning user_id]; SQL [insert into users (name) values (?) returning user_id]; constraint [name]
could not execute statement [(conn=92) Duplicate entry 'dup5' for key 'name'] [insert into users (name) values (?) returning user_id]; SQL [insert into users (name) values (?) returning user_id]; constraint [name]
could not execute statement [(conn=85) Duplicate entry 'dup5' for key 'name'] [insert into users (name) values (?) returning user_id]; SQL [insert into users (name) values (?) returning user_id]; constraint [name]
could not execute statement [(conn=93) Duplicate entry 'dup5' for key 'name'] [insert into users (name) values (?) returning user_id]; SQL [insert into users (name) values (?) returning user_id]; constraint [name]
could not execute statement [(conn=87) Duplicate entry 'dup5' for key 'name'] [insert into users (name) values (?) returning user_id]; SQL [insert into users (name) values (?) returning user_id]; constraint [name]
2024-07-05T19:14:36.414+09:00  WARN 10616 --- [boardPrac] [ol-2-thread-162] o.m.jdbc.message.server.ErrorPacket      : Error: 1062-23000: Duplicate entry 'dup5' for key 'name'
2024-07-05T19:14:36.414+09:00  WARN 10616 --- [boardPrac] [ol-2-thread-165] o.m.jdbc.message.server.ErrorPacket      : Error: 1062-23000: Duplicate entry 'dup5' for key 'name'
2024-07-05T19:14:36.414+09:00  WARN 10616 --- [boardPrac] [ol-2-thread-163] o.m.jdbc.message.server.ErrorPacket      : Error: 1062-23000: Duplicate entry 'dup5' for key 'name'
2024-07-05T19:14:36.414+09:00  WARN 10616 --- [boardPrac] [ol-2-thread-164] o.m.jdbc.message.server.ErrorPacket      : Error: 1062-23000: Duplicate entry 'dup5' for key 'name'
2024-07-05T19:14:36.415+09:00  WARN 10616 --- [boardPrac] [ol-2-thread-162] o.h.engine.jdbc.spi.SqlExceptionHelper   : SQL Error: 1062, SQLState: 23000
2024-07-05T19:14:36.415+09:00 ERROR 10616 --- [boardPrac] [ol-2-thread-162] o.h.engine.jdbc.spi.SqlExceptionHelper   : (conn=88) Duplicate entry 'dup5' for key 'name'
2024-07-05T19:14:36.415+09:00  WARN 10616 --- [boardPrac] [ol-2-thread-165] o.h.engine.jdbc.spi.SqlExceptionHelper   : SQL Error: 1062, SQLState: 23000
2024-07-05T19:14:36.415+09:00  WARN 10616 --- [boardPrac] [ol-2-thread-163] o.h.engine.jdbc.spi.SqlExceptionHelper   : SQL Error: 1062, SQLState: 23000
2024-07-05T19:14:36.415+09:00  WARN 10616 --- [boardPrac] [ol-2-thread-164] o.h.engine.jdbc.spi.SqlExceptionHelper   : SQL Error: 1062, SQLState: 23000
2024-07-05T19:14:36.415+09:00 ERROR 10616 --- [boardPrac] [ol-2-thread-165] o.h.engine.jdbc.spi.SqlExceptionHelper   : (conn=90) Duplicate entry 'dup5' for key 'name'
2024-07-05T19:14:36.415+09:00 ERROR 10616 --- [boardPrac] [ol-2-thread-163] o.h.engine.jdbc.spi.SqlExceptionHelper   : (conn=91) Duplicate entry 'dup5' for key 'name'
2024-07-05T19:14:36.415+09:00 ERROR 10616 --- [boardPrac] [ol-2-thread-164] o.h.engine.jdbc.spi.SqlExceptionHelper   : (conn=86) Duplicate entry 'dup5' for key 'name'
Hibernate: insert into users (name) values (?) returning user_id
Hibernate: insert into users (name) values (?) returning user_id
Hibernate: insert into users (name) values (?) returning user_id
Hibernate: insert into users (name) values (?) returning user_id
Hibernate: insert into users (name) values (?) returning user_id
Hibernate: insert into users (name) values (?) returning user_id
could not execute statement [(conn=91) Duplicate entry 'dup5' for key 'name'] [insert into users (name) values (?) returning user_id]; SQL [insert into users (name) values (?) returning user_id]; constraint [name]
could not execute statement [(conn=86) Duplicate entry 'dup5' for key 'name'] [insert into users (name) values (?) returning user_id]; SQL [insert into users (name) values (?) returning user_id]; constraint [name]
could not execute statement [(conn=88) Duplicate entry 'dup5' for key 'name'] [insert into users (name) values (?) returning user_id]; SQL [insert into users (name) values (?) returning user_id]; constraint [name]
could not execute statement [(conn=90) Duplicate entry 'dup5' for key 'name'] [insert into users (name) values (?) returning user_id]; SQL [insert into users (name) values (?) returning user_id]; constraint [name]
2024-07-05T19:14:36.418+09:00  WARN 10616 --- [boardPrac] [ol-2-thread-171] o.m.jdbc.message.server.ErrorPacket      : Error: 1062-23000: Duplicate entry 'dup5' for key 'name'
2024-07-05T19:14:36.418+09:00  WARN 10616 --- [boardPrac] [ol-2-thread-167] o.m.jdbc.message.server.ErrorPacket      : Error: 1062-23000: Duplicate entry 'dup5' for key 'name'
2024-07-05T19:14:36.418+09:00  WARN 10616 --- [boardPrac] [ol-2-thread-169] o.m.jdbc.message.server.ErrorPacket      : Error: 1062-23000: Duplicate entry 'dup5' for key 'name'
2024-07-05T19:14:36.418+09:00  WARN 10616 --- [boardPrac] [ol-2-thread-170] o.m.jdbc.message.server.ErrorPacket      : Error: 1062-23000: Duplicate entry 'dup5' for key 'name'
2024-07-05T19:14:36.418+09:00  WARN 10616 --- [boardPrac] [ol-2-thread-168] o.m.jdbc.message.server.ErrorPacket      : Error: 1062-23000: Duplicate entry 'dup5' for key 'name'
2024-07-05T19:14:36.418+09:00  WARN 10616 --- [boardPrac] [ol-2-thread-166] o.m.jdbc.message.server.ErrorPacket      : Error: 1062-23000: Duplicate entry 'dup5' for key 'name'
2024-07-05T19:14:36.419+09:00  WARN 10616 --- [boardPrac] [ol-2-thread-171] o.h.engine.jdbc.spi.SqlExceptionHelper   : SQL Error: 1062, SQLState: 23000
2024-07-05T19:14:36.419+09:00 ERROR 10616 --- [boardPrac] [ol-2-thread-171] o.h.engine.jdbc.spi.SqlExceptionHelper   : (conn=93) Duplicate entry 'dup5' for key 'name'
2024-07-05T19:14:36.419+09:00  WARN 10616 --- [boardPrac] [ol-2-thread-169] o.h.engine.jdbc.spi.SqlExceptionHelper   : SQL Error: 1062, SQLState: 23000
2024-07-05T19:14:36.419+09:00  WARN 10616 --- [boardPrac] [ol-2-thread-168] o.h.engine.jdbc.spi.SqlExceptionHelper   : SQL Error: 1062, SQLState: 23000
2024-07-05T19:14:36.419+09:00  WARN 10616 --- [boardPrac] [ol-2-thread-167] o.h.engine.jdbc.spi.SqlExceptionHelper   : SQL Error: 1062, SQLState: 23000
2024-07-05T19:14:36.419+09:00 ERROR 10616 --- [boardPrac] [ol-2-thread-169] o.h.engine.jdbc.spi.SqlExceptionHelper   : (conn=89) Duplicate entry 'dup5' for key 'name'
2024-07-05T19:14:36.419+09:00  WARN 10616 --- [boardPrac] [ol-2-thread-166] o.h.engine.jdbc.spi.SqlExceptionHelper   : SQL Error: 1062, SQLState: 23000
2024-07-05T19:14:36.419+09:00  WARN 10616 --- [boardPrac] [ol-2-thread-170] o.h.engine.jdbc.spi.SqlExceptionHelper   : SQL Error: 1062, SQLState: 23000
2024-07-05T19:14:36.419+09:00 ERROR 10616 --- [boardPrac] [ol-2-thread-166] o.h.engine.jdbc.spi.SqlExceptionHelper   : (conn=84) Duplicate entry 'dup5' for key 'name'
2024-07-05T19:14:36.419+09:00 ERROR 10616 --- [boardPrac] [ol-2-thread-170] o.h.engine.jdbc.spi.SqlExceptionHelper   : (conn=85) Duplicate entry 'dup5' for key 'name'
2024-07-05T19:14:36.419+09:00 ERROR 10616 --- [boardPrac] [ol-2-thread-168] o.h.engine.jdbc.spi.SqlExceptionHelper   : (conn=92) Duplicate entry 'dup5' for key 'name'
2024-07-05T19:14:36.419+09:00 ERROR 10616 --- [boardPrac] [ol-2-thread-167] o.h.engine.jdbc.spi.SqlExceptionHelper   : (conn=87) Duplicate entry 'dup5' for key 'name'
Hibernate: insert into users (name) values (?) returning user_id
Hibernate: insert into users (name) values (?) returning user_id
Hibernate: insert into users (name) values (?) returning user_id
Hibernate: insert into users (name) values (?) returning user_id
2024-07-05T19:14:36.422+09:00  WARN 10616 --- [boardPrac] [ol-2-thread-173] o.m.jdbc.message.server.ErrorPacket      : Error: 1062-23000: Duplicate entry 'dup5' for key 'name'
2024-07-05T19:14:36.422+09:00  WARN 10616 --- [boardPrac] [ol-2-thread-175] o.m.jdbc.message.server.ErrorPacket      : Error: 1062-23000: Duplicate entry 'dup5' for key 'name'
2024-07-05T19:14:36.422+09:00  WARN 10616 --- [boardPrac] [ol-2-thread-172] o.m.jdbc.message.server.ErrorPacket      : Error: 1062-23000: Duplicate entry 'dup5' for key 'name'
2024-07-05T19:14:36.422+09:00  WARN 10616 --- [boardPrac] [ol-2-thread-174] o.m.jdbc.message.server.ErrorPacket      : Error: 1062-23000: Duplicate entry 'dup5' for key 'name'
2024-07-05T19:14:36.422+09:00  WARN 10616 --- [boardPrac] [ol-2-thread-173] o.h.engine.jdbc.spi.SqlExceptionHelper   : SQL Error: 1062, SQLState: 23000
2024-07-05T19:14:36.422+09:00  WARN 10616 --- [boardPrac] [ol-2-thread-172] o.h.engine.jdbc.spi.SqlExceptionHelper   : SQL Error: 1062, SQLState: 23000
2024-07-05T19:14:36.422+09:00  WARN 10616 --- [boardPrac] [ol-2-thread-175] o.h.engine.jdbc.spi.SqlExceptionHelper   : SQL Error: 1062, SQLState: 23000
2024-07-05T19:14:36.422+09:00 ERROR 10616 --- [boardPrac] [ol-2-thread-172] o.h.engine.jdbc.spi.SqlExceptionHelper   : (conn=91) Duplicate entry 'dup5' for key 'name'
2024-07-05T19:14:36.422+09:00 ERROR 10616 --- [boardPrac] [ol-2-thread-173] o.h.engine.jdbc.spi.SqlExceptionHelper   : (conn=88) Duplicate entry 'dup5' for key 'name'
2024-07-05T19:14:36.422+09:00  WARN 10616 --- [boardPrac] [ol-2-thread-174] o.h.engine.jdbc.spi.SqlExceptionHelper   : SQL Error: 1062, SQLState: 23000
2024-07-05T19:14:36.422+09:00 ERROR 10616 --- [boardPrac] [ol-2-thread-175] o.h.engine.jdbc.spi.SqlExceptionHelper   : (conn=86) Duplicate entry 'dup5' for key 'name'
2024-07-05T19:14:36.422+09:00 ERROR 10616 --- [boardPrac] [ol-2-thread-174] o.h.engine.jdbc.spi.SqlExceptionHelper   : (conn=90) Duplicate entry 'dup5' for key 'name'
could not execute statement [(conn=85) Duplicate entry 'dup5' for key 'name'] [insert into users (name) values (?) returning user_id]; SQL [insert into users (name) values (?) returning user_id]; constraint [name]
could not execute statement [(conn=84) Duplicate entry 'dup5' for key 'name'] [insert into users (name) values (?) returning user_id]; SQL [insert into users (name) values (?) returning user_id]; constraint [name]
could not execute statement [(conn=93) Duplicate entry 'dup5' for key 'name'] [insert into users (name) values (?) returning user_id]; SQL [insert into users (name) values (?) returning user_id]; constraint [name]
could not execute statement [(conn=87) Duplicate entry 'dup5' for key 'name'] [insert into users (name) values (?) returning user_id]; SQL [insert into users (name) values (?) returning user_id]; constraint [name]
could not execute statement [(conn=89) Duplicate entry 'dup5' for key 'name'] [insert into users (name) values (?) returning user_id]; SQL [insert into users (name) values (?) returning user_id]; constraint [name]
could not execute statement [(conn=92) Duplicate entry 'dup5' for key 'name'] [insert into users (name) values (?) returning user_id]; SQL [insert into users (name) values (?) returning user_id]; constraint [name]
Hibernate: insert into users (name) values (?) returning user_id
Hibernate: insert into users (name) values (?) returning user_id
Hibernate: insert into users (name) values (?) returning user_id
Hibernate: insert into users (name) values (?) returning user_id
could not execute statement [(conn=86) Duplicate entry 'dup5' for key 'name'] [insert into users (name) values (?) returning user_id]; SQL [insert into users (name) values (?) returning user_id]; constraint [name]
Hibernate: insert into users (name) values (?) returning user_id
Hibernate: insert into users (name) values (?) returning user_id
could not execute statement [(conn=90) Duplicate entry 'dup5' for key 'name'] [insert into users (name) values (?) returning user_id]; SQL [insert into users (name) values (?) returning user_id]; constraint [name]
could not execute statement [(conn=88) Duplicate entry 'dup5' for key 'name'] [insert into users (name) values (?) returning user_id]; SQL [insert into users (name) values (?) returning user_id]; constraint [name]
could not execute statement [(conn=91) Duplicate entry 'dup5' for key 'name'] [insert into users (name) values (?) returning user_id]; SQL [insert into users (name) values (?) returning user_id]; constraint [name]
2024-07-05T19:14:36.427+09:00  WARN 10616 --- [boardPrac] [ol-2-thread-176] o.m.jdbc.message.server.ErrorPacket      : Error: 1062-23000: Duplicate entry 'dup5' for key 'name'
2024-07-05T19:14:36.427+09:00  WARN 10616 --- [boardPrac] [ol-2-thread-178] o.m.jdbc.message.server.ErrorPacket      : Error: 1062-23000: Duplicate entry 'dup5' for key 'name'
2024-07-05T19:14:36.427+09:00  WARN 10616 --- [boardPrac] [ol-2-thread-180] o.m.jdbc.message.server.ErrorPacket      : Error: 1062-23000: Duplicate entry 'dup5' for key 'name'
2024-07-05T19:14:36.427+09:00  WARN 10616 --- [boardPrac] [ol-2-thread-177] o.m.jdbc.message.server.ErrorPacket      : Error: 1062-23000: Duplicate entry 'dup5' for key 'name'
2024-07-05T19:14:36.427+09:00  WARN 10616 --- [boardPrac] [ol-2-thread-179] o.m.jdbc.message.server.ErrorPacket      : Error: 1062-23000: Duplicate entry 'dup5' for key 'name'
2024-07-05T19:14:36.427+09:00  WARN 10616 --- [boardPrac] [ol-2-thread-181] o.m.jdbc.message.server.ErrorPacket      : Error: 1062-23000: Duplicate entry 'dup5' for key 'name'
2024-07-05T19:14:36.427+09:00  WARN 10616 --- [boardPrac] [ol-2-thread-177] o.h.engine.jdbc.spi.SqlExceptionHelper   : SQL Error: 1062, SQLState: 23000
2024-07-05T19:14:36.427+09:00 ERROR 10616 --- [boardPrac] [ol-2-thread-177] o.h.engine.jdbc.spi.SqlExceptionHelper   : (conn=85) Duplicate entry 'dup5' for key 'name'
Hibernate: insert into users (name) values (?) returning user_id
2024-07-05T19:14:36.427+09:00  WARN 10616 --- [boardPrac] [ol-2-thread-180] o.h.engine.jdbc.spi.SqlExceptionHelper   : SQL Error: 1062, SQLState: 23000
2024-07-05T19:14:36.427+09:00  WARN 10616 --- [boardPrac] [ol-2-thread-179] o.h.engine.jdbc.spi.SqlExceptionHelper   : SQL Error: 1062, SQLState: 23000
2024-07-05T19:14:36.427+09:00  WARN 10616 --- [boardPrac] [ol-2-thread-176] o.h.engine.jdbc.spi.SqlExceptionHelper   : SQL Error: 1062, SQLState: 23000
Hibernate: insert into users (name) values (?) returning user_id
2024-07-05T19:14:36.427+09:00 ERROR 10616 --- [boardPrac] [ol-2-thread-180] o.h.engine.jdbc.spi.SqlExceptionHelper   : (conn=87) Duplicate entry 'dup5' for key 'name'
Hibernate: insert into users (name) values (?) returning user_id
2024-07-05T19:14:36.427+09:00  WARN 10616 --- [boardPrac] [ol-2-thread-178] o.h.engine.jdbc.spi.SqlExceptionHelper   : SQL Error: 1062, SQLState: 23000
2024-07-05T19:14:36.427+09:00 ERROR 10616 --- [boardPrac] [ol-2-thread-179] o.h.engine.jdbc.spi.SqlExceptionHelper   : (conn=84) Duplicate entry 'dup5' for key 'name'
Hibernate: insert into users (name) values (?) returning user_id
2024-07-05T19:14:36.427+09:00  WARN 10616 --- [boardPrac] [ol-2-thread-181] o.h.engine.jdbc.spi.SqlExceptionHelper   : SQL Error: 1062, SQLState: 23000
2024-07-05T19:14:36.427+09:00 ERROR 10616 --- [boardPrac] [ol-2-thread-181] o.h.engine.jdbc.spi.SqlExceptionHelper   : (conn=93) Duplicate entry 'dup5' for key 'name'
2024-07-05T19:14:36.427+09:00 ERROR 10616 --- [boardPrac] [ol-2-thread-176] o.h.engine.jdbc.spi.SqlExceptionHelper   : (conn=89) Duplicate entry 'dup5' for key 'name'
2024-07-05T19:14:36.427+09:00 ERROR 10616 --- [boardPrac] [ol-2-thread-178] o.h.engine.jdbc.spi.SqlExceptionHelper   : (conn=92) Duplicate entry 'dup5' for key 'name'
2024-07-05T19:14:36.429+09:00  WARN 10616 --- [boardPrac] [ol-2-thread-185] o.m.jdbc.message.server.ErrorPacket      : Error: 1062-23000: Duplicate entry 'dup5' for key 'name'
2024-07-05T19:14:36.429+09:00  WARN 10616 --- [boardPrac] [ol-2-thread-182] o.m.jdbc.message.server.ErrorPacket      : Error: 1062-23000: Duplicate entry 'dup5' for key 'name'
2024-07-05T19:14:36.429+09:00  WARN 10616 --- [boardPrac] [ol-2-thread-184] o.m.jdbc.message.server.ErrorPacket      : Error: 1062-23000: Duplicate entry 'dup5' for key 'name'
2024-07-05T19:14:36.430+09:00  WARN 10616 --- [boardPrac] [ol-2-thread-183] o.m.jdbc.message.server.ErrorPacket      : Error: 1062-23000: Duplicate entry 'dup5' for key 'name'
2024-07-05T19:14:36.430+09:00  WARN 10616 --- [boardPrac] [ol-2-thread-182] o.h.engine.jdbc.spi.SqlExceptionHelper   : SQL Error: 1062, SQLState: 23000
2024-07-05T19:14:36.430+09:00  WARN 10616 --- [boardPrac] [ol-2-thread-185] o.h.engine.jdbc.spi.SqlExceptionHelper   : SQL Error: 1062, SQLState: 23000
2024-07-05T19:14:36.430+09:00  WARN 10616 --- [boardPrac] [ol-2-thread-184] o.h.engine.jdbc.spi.SqlExceptionHelper   : SQL Error: 1062, SQLState: 23000
2024-07-05T19:14:36.430+09:00  WARN 10616 --- [boardPrac] [ol-2-thread-183] o.h.engine.jdbc.spi.SqlExceptionHelper   : SQL Error: 1062, SQLState: 23000
2024-07-05T19:14:36.430+09:00 ERROR 10616 --- [boardPrac] [ol-2-thread-182] o.h.engine.jdbc.spi.SqlExceptionHelper   : (conn=91) Duplicate entry 'dup5' for key 'name'
2024-07-05T19:14:36.430+09:00 ERROR 10616 --- [boardPrac] [ol-2-thread-183] o.h.engine.jdbc.spi.SqlExceptionHelper   : (conn=88) Duplicate entry 'dup5' for key 'name'
2024-07-05T19:14:36.430+09:00 ERROR 10616 --- [boardPrac] [ol-2-thread-185] o.h.engine.jdbc.spi.SqlExceptionHelper   : (conn=90) Duplicate entry 'dup5' for key 'name'
2024-07-05T19:14:36.430+09:00 ERROR 10616 --- [boardPrac] [ol-2-thread-184] o.h.engine.jdbc.spi.SqlExceptionHelper   : (conn=86) Duplicate entry 'dup5' for key 'name'
could not execute statement [(conn=85) Duplicate entry 'dup5' for key 'name'] [insert into users (name) values (?) returning user_id]; SQL [insert into users (name) values (?) returning user_id]; constraint [name]
could not execute statement [(conn=87) Duplicate entry 'dup5' for key 'name'] [insert into users (name) values (?) returning user_id]; SQL [insert into users (name) values (?) returning user_id]; constraint [name]
could not execute statement [(conn=92) Duplicate entry 'dup5' for key 'name'] [insert into users (name) values (?) returning user_id]; SQL [insert into users (name) values (?) returning user_id]; constraint [name]
could not execute statement [(conn=84) Duplicate entry 'dup5' for key 'name'] [insert into users (name) values (?) returning user_id]; SQL [insert into users (name) values (?) returning user_id]; constraint [name]
could not execute statement [(conn=89) Duplicate entry 'dup5' for key 'name'] [insert into users (name) values (?) returning user_id]; SQL [insert into users (name) values (?) returning user_id]; constraint [name]
could not execute statement [(conn=93) Duplicate entry 'dup5' for key 'name'] [insert into users (name) values (?) returning user_id]; SQL [insert into users (name) values (?) returning user_id]; constraint [name]
could not execute statement [(conn=86) Duplicate entry 'dup5' for key 'name'] [insert into users (name) values (?) returning user_id]; SQL [insert into users (name) values (?) returning user_id]; constraint [name]
could not execute statement [(conn=90) Duplicate entry 'dup5' for key 'name'] [insert into users (name) values (?) returning user_id]; SQL [insert into users (name) values (?) returning user_id]; constraint [name]
could not execute statement [(conn=88) Duplicate entry 'dup5' for key 'name'] [insert into users (name) values (?) returning user_id]; SQL [insert into users (name) values (?) returning user_id]; constraint [name]
could not execute statement [(conn=91) Duplicate entry 'dup5' for key 'name'] [insert into users (name) values (?) returning user_id]; SQL [insert into users (name) values (?) returning user_id]; constraint [name]
Hibernate: insert into users (name) values (?) returning user_id
Hibernate: insert into users (name) values (?) returning user_id
Hibernate: insert into users (name) values (?) returning user_id
Hibernate: insert into users (name) values (?) returning user_id
Hibernate: insert into users (name) values (?) returning user_id
Hibernate: insert into users (name) values (?) returning user_id
2024-07-05T19:14:36.436+09:00  WARN 10616 --- [boardPrac] [ol-2-thread-190] o.m.jdbc.message.server.ErrorPacket      : Error: 1062-23000: Duplicate entry 'dup5' for key 'name'
Hibernate: insert into users (name) values (?) returning user_id
2024-07-05T19:14:36.436+09:00  WARN 10616 --- [boardPrac] [ol-2-thread-187] o.m.jdbc.message.server.ErrorPacket      : Error: 1062-23000: Duplicate entry 'dup5' for key 'name'
Hibernate: insert into users (name) values (?) returning user_id
Hibernate: insert into users (name) values (?) returning user_id
2024-07-05T19:14:36.436+09:00  WARN 10616 --- [boardPrac] [ol-2-thread-191] o.m.jdbc.message.server.ErrorPacket      : Error: 1062-23000: Duplicate entry 'dup5' for key 'name'
Hibernate: insert into users (name) values (?) returning user_id
2024-07-05T19:14:36.436+09:00  WARN 10616 --- [boardPrac] [ol-2-thread-188] o.m.jdbc.message.server.ErrorPacket      : Error: 1062-23000: Duplicate entry 'dup5' for key 'name'
2024-07-05T19:14:36.436+09:00  WARN 10616 --- [boardPrac] [ol-2-thread-187] o.h.engine.jdbc.spi.SqlExceptionHelper   : SQL Error: 1062, SQLState: 23000
2024-07-05T19:14:36.436+09:00  WARN 10616 --- [boardPrac] [ol-2-thread-188] o.h.engine.jdbc.spi.SqlExceptionHelper   : SQL Error: 1062, SQLState: 23000
2024-07-05T19:14:36.436+09:00 ERROR 10616 --- [boardPrac] [ol-2-thread-187] o.h.engine.jdbc.spi.SqlExceptionHelper   : (conn=84) Duplicate entry 'dup5' for key 'name'
2024-07-05T19:14:36.436+09:00  WARN 10616 --- [boardPrac] [ol-2-thread-190] o.h.engine.jdbc.spi.SqlExceptionHelper   : SQL Error: 1062, SQLState: 23000
2024-07-05T19:14:36.436+09:00 ERROR 10616 --- [boardPrac] [ol-2-thread-188] o.h.engine.jdbc.spi.SqlExceptionHelper   : (conn=85) Duplicate entry 'dup5' for key 'name'
2024-07-05T19:14:36.436+09:00  WARN 10616 --- [boardPrac] [ol-2-thread-191] o.h.engine.jdbc.spi.SqlExceptionHelper   : SQL Error: 1062, SQLState: 23000
2024-07-05T19:14:36.436+09:00 ERROR 10616 --- [boardPrac] [ol-2-thread-191] o.h.engine.jdbc.spi.SqlExceptionHelper   : (conn=93) Duplicate entry 'dup5' for key 'name'
2024-07-05T19:14:36.436+09:00 ERROR 10616 --- [boardPrac] [ol-2-thread-190] o.h.engine.jdbc.spi.SqlExceptionHelper   : (conn=89) Duplicate entry 'dup5' for key 'name'
2024-07-05T19:14:36.436+09:00  WARN 10616 --- [boardPrac] [ol-2-thread-186] o.m.jdbc.message.server.ErrorPacket      : Error: 1062-23000: Duplicate entry 'dup5' for key 'name'
2024-07-05T19:14:36.436+09:00  WARN 10616 --- [boardPrac] [ol-2-thread-186] o.h.engine.jdbc.spi.SqlExceptionHelper   : SQL Error: 1062, SQLState: 23000
2024-07-05T19:14:36.436+09:00 ERROR 10616 --- [boardPrac] [ol-2-thread-186] o.h.engine.jdbc.spi.SqlExceptionHelper   : (conn=87) Duplicate entry 'dup5' for key 'name'
2024-07-05T19:14:36.436+09:00  WARN 10616 --- [boardPrac] [ol-2-thread-189] o.m.jdbc.message.server.ErrorPacket      : Error: 1062-23000: Duplicate entry 'dup5' for key 'name'
2024-07-05T19:14:36.436+09:00  WARN 10616 --- [boardPrac] [ol-2-thread-189] o.h.engine.jdbc.spi.SqlExceptionHelper   : SQL Error: 1062, SQLState: 23000
2024-07-05T19:14:36.436+09:00 ERROR 10616 --- [boardPrac] [ol-2-thread-189] o.h.engine.jdbc.spi.SqlExceptionHelper   : (conn=92) Duplicate entry 'dup5' for key 'name'
2024-07-05T19:14:36.437+09:00  WARN 10616 --- [boardPrac] [ol-2-thread-194] o.m.jdbc.message.server.ErrorPacket      : Error: 1062-23000: Duplicate entry 'dup5' for key 'name'
2024-07-05T19:14:36.437+09:00  WARN 10616 --- [boardPrac] [ol-2-thread-192] o.m.jdbc.message.server.ErrorPacket      : Error: 1062-23000: Duplicate entry 'dup5' for key 'name'
2024-07-05T19:14:36.438+09:00  WARN 10616 --- [boardPrac] [ol-2-thread-195] o.m.jdbc.message.server.ErrorPacket      : Error: 1062-23000: Duplicate entry 'dup5' for key 'name'
2024-07-05T19:14:36.438+09:00  WARN 10616 --- [boardPrac] [ol-2-thread-193] o.m.jdbc.message.server.ErrorPacket      : Error: 1062-23000: Duplicate entry 'dup5' for key 'name'
2024-07-05T19:14:36.438+09:00  WARN 10616 --- [boardPrac] [ol-2-thread-192] o.h.engine.jdbc.spi.SqlExceptionHelper   : SQL Error: 1062, SQLState: 23000
2024-07-05T19:14:36.438+09:00  WARN 10616 --- [boardPrac] [ol-2-thread-194] o.h.engine.jdbc.spi.SqlExceptionHelper   : SQL Error: 1062, SQLState: 23000
2024-07-05T19:14:36.438+09:00  WARN 10616 --- [boardPrac] [ol-2-thread-195] o.h.engine.jdbc.spi.SqlExceptionHelper   : SQL Error: 1062, SQLState: 23000
2024-07-05T19:14:36.438+09:00 ERROR 10616 --- [boardPrac] [ol-2-thread-195] o.h.engine.jdbc.spi.SqlExceptionHelper   : (conn=90) Duplicate entry 'dup5' for key 'name'
2024-07-05T19:14:36.438+09:00 ERROR 10616 --- [boardPrac] [ol-2-thread-192] o.h.engine.jdbc.spi.SqlExceptionHelper   : (conn=91) Duplicate entry 'dup5' for key 'name'
2024-07-05T19:14:36.438+09:00 ERROR 10616 --- [boardPrac] [ol-2-thread-194] o.h.engine.jdbc.spi.SqlExceptionHelper   : (conn=88) Duplicate entry 'dup5' for key 'name'
2024-07-05T19:14:36.438+09:00  WARN 10616 --- [boardPrac] [ol-2-thread-193] o.h.engine.jdbc.spi.SqlExceptionHelper   : SQL Error: 1062, SQLState: 23000
2024-07-05T19:14:36.438+09:00 ERROR 10616 --- [boardPrac] [ol-2-thread-193] o.h.engine.jdbc.spi.SqlExceptionHelper   : (conn=86) Duplicate entry 'dup5' for key 'name'
could not execute statement [(conn=84) Duplicate entry 'dup5' for key 'name'] [insert into users (name) values (?) returning user_id]; SQL [insert into users (name) values (?) returning user_id]; constraint [name]
could not execute statement [(conn=85) Duplicate entry 'dup5' for key 'name'] [insert into users (name) values (?) returning user_id]; SQL [insert into users (name) values (?) returning user_id]; constraint [name]
could not execute statement [(conn=93) Duplicate entry 'dup5' for key 'name'] [insert into users (name) values (?) returning user_id]; SQL [insert into users (name) values (?) returning user_id]; constraint [name]
could not execute statement [(conn=87) Duplicate entry 'dup5' for key 'name'] [insert into users (name) values (?) returning user_id]; SQL [insert into users (name) values (?) returning user_id]; constraint [name]
could not execute statement [(conn=89) Duplicate entry 'dup5' for key 'name'] [insert into users (name) values (?) returning user_id]; SQL [insert into users (name) values (?) returning user_id]; constraint [name]
could not execute statement [(conn=92) Duplicate entry 'dup5' for key 'name'] [insert into users (name) values (?) returning user_id]; SQL [insert into users (name) values (?) returning user_id]; constraint [name]
could not execute statement [(conn=91) Duplicate entry 'dup5' for key 'name'] [insert into users (name) values (?) returning user_id]; SQL [insert into users (name) values (?) returning user_id]; constraint [name]
could not execute statement [(conn=88) Duplicate entry 'dup5' for key 'name'] [insert into users (name) values (?) returning user_id]; SQL [insert into users (name) values (?) returning user_id]; constraint [name]
Hibernate: insert into users (name) values (?) returning user_id
Hibernate: insert into users (name) values (?) returning user_id
Hibernate: insert into users (name) values (?) returning user_id
could not execute statement [(conn=86) Duplicate entry 'dup5' for key 'name'] [insert into users (name) values (?) returning user_id]; SQL [insert into users (name) values (?) returning user_id]; constraint [name]
could not execute statement [(conn=90) Duplicate entry 'dup5' for key 'name'] [insert into users (name) values (?) returning user_id]; SQL [insert into users (name) values (?) returning user_id]; constraint [name]
Hibernate: insert into users (name) values (?) returning user_id
Hibernate: insert into users (name) values (?) returning user_id
Hibernate: insert into users (name) values (?) returning user_id
Hibernate: insert into users (name) values (?) returning user_id
Hibernate: insert into users (name) values (?) returning user_id
2024-07-05T19:14:36.443+09:00  WARN 10616 --- [boardPrac] [ol-2-thread-201] o.m.jdbc.message.server.ErrorPacket      : Error: 1062-23000: Duplicate entry 'dup5' for key 'name'
Hibernate: insert into users (name) values (?) returning user_id
Hibernate: insert into users (name) values (?) returning user_id
2024-07-05T19:14:36.444+09:00  WARN 10616 --- [boardPrac] [ol-2-thread-201] o.h.engine.jdbc.spi.SqlExceptionHelper   : SQL Error: 1062, SQLState: 23000
2024-07-05T19:14:36.444+09:00  WARN 10616 --- [boardPrac] [ol-2-thread-197] o.m.jdbc.message.server.ErrorPacket      : Error: 1062-23000: Duplicate entry 'dup5' for key 'name'
2024-07-05T19:14:36.444+09:00  WARN 10616 --- [boardPrac] [ol-2-thread-196] o.m.jdbc.message.server.ErrorPacket      : Error: 1062-23000: Duplicate entry 'dup5' for key 'name'
2024-07-05T19:14:36.444+09:00 ERROR 10616 --- [boardPrac] [ol-2-thread-201] o.h.engine.jdbc.spi.SqlExceptionHelper   : (conn=92) Duplicate entry 'dup5' for key 'name'
2024-07-05T19:14:36.444+09:00  WARN 10616 --- [boardPrac] [ol-2-thread-199] o.m.jdbc.message.server.ErrorPacket      : Error: 1062-23000: Duplicate entry 'dup5' for key 'name'
2024-07-05T19:14:36.444+09:00  WARN 10616 --- [boardPrac] [ol-2-thread-198] o.m.jdbc.message.server.ErrorPacket      : Error: 1062-23000: Duplicate entry 'dup5' for key 'name'
2024-07-05T19:14:36.444+09:00  WARN 10616 --- [boardPrac] [ol-2-thread-200] o.m.jdbc.message.server.ErrorPacket      : Error: 1062-23000: Duplicate entry 'dup5' for key 'name'
2024-07-05T19:14:36.444+09:00  WARN 10616 --- [boardPrac] [ol-2-thread-199] o.h.engine.jdbc.spi.SqlExceptionHelper   : SQL Error: 1062, SQLState: 23000
2024-07-05T19:14:36.444+09:00 ERROR 10616 --- [boardPrac] [ol-2-thread-199] o.h.engine.jdbc.spi.SqlExceptionHelper   : (conn=87) Duplicate entry 'dup5' for key 'name'
2024-07-05T19:14:36.444+09:00  WARN 10616 --- [boardPrac] [ol-2-thread-198] o.h.engine.jdbc.spi.SqlExceptionHelper   : SQL Error: 1062, SQLState: 23000
2024-07-05T19:14:36.444+09:00  WARN 10616 --- [boardPrac] [ol-2-thread-196] o.h.engine.jdbc.spi.SqlExceptionHelper   : SQL Error: 1062, SQLState: 23000
2024-07-05T19:14:36.444+09:00 ERROR 10616 --- [boardPrac] [ol-2-thread-198] o.h.engine.jdbc.spi.SqlExceptionHelper   : (conn=85) Duplicate entry 'dup5' for key 'name'
2024-07-05T19:14:36.444+09:00  WARN 10616 --- [boardPrac] [ol-2-thread-197] o.h.engine.jdbc.spi.SqlExceptionHelper   : SQL Error: 1062, SQLState: 23000
2024-07-05T19:14:36.444+09:00  WARN 10616 --- [boardPrac] [ol-2-thread-200] o.h.engine.jdbc.spi.SqlExceptionHelper   : SQL Error: 1062, SQLState: 23000
2024-07-05T19:14:36.444+09:00 ERROR 10616 --- [boardPrac] [ol-2-thread-196] o.h.engine.jdbc.spi.SqlExceptionHelper   : (conn=93) Duplicate entry 'dup5' for key 'name'
2024-07-05T19:14:36.444+09:00 ERROR 10616 --- [boardPrac] [ol-2-thread-200] o.h.engine.jdbc.spi.SqlExceptionHelper   : (conn=89) Duplicate entry 'dup5' for key 'name'
2024-07-05T19:14:36.444+09:00 ERROR 10616 --- [boardPrac] [ol-2-thread-197] o.h.engine.jdbc.spi.SqlExceptionHelper   : (conn=84) Duplicate entry 'dup5' for key 'name'
2024-07-05T19:14:36.445+09:00  WARN 10616 --- [boardPrac] [ol-2-thread-202] o.m.jdbc.message.server.ErrorPacket      : Error: 1062-23000: Duplicate entry 'dup5' for key 'name'
2024-07-05T19:14:36.445+09:00  WARN 10616 --- [boardPrac] [ol-2-thread-205] o.m.jdbc.message.server.ErrorPacket      : Error: 1062-23000: Duplicate entry 'dup5' for key 'name'
2024-07-05T19:14:36.445+09:00  WARN 10616 --- [boardPrac] [ol-2-thread-204] o.m.jdbc.message.server.ErrorPacket      : Error: 1062-23000: Duplicate entry 'dup5' for key 'name'
2024-07-05T19:14:36.445+09:00  WARN 10616 --- [boardPrac] [ol-2-thread-203] o.m.jdbc.message.server.ErrorPacket      : Error: 1062-23000: Duplicate entry 'dup5' for key 'name'
2024-07-05T19:14:36.446+09:00  WARN 10616 --- [boardPrac] [ol-2-thread-205] o.h.engine.jdbc.spi.SqlExceptionHelper   : SQL Error: 1062, SQLState: 23000
2024-07-05T19:14:36.446+09:00  WARN 10616 --- [boardPrac] [ol-2-thread-204] o.h.engine.jdbc.spi.SqlExceptionHelper   : SQL Error: 1062, SQLState: 23000
2024-07-05T19:14:36.446+09:00  WARN 10616 --- [boardPrac] [ol-2-thread-203] o.h.engine.jdbc.spi.SqlExceptionHelper   : SQL Error: 1062, SQLState: 23000
2024-07-05T19:14:36.446+09:00 ERROR 10616 --- [boardPrac] [ol-2-thread-205] o.h.engine.jdbc.spi.SqlExceptionHelper   : (conn=86) Duplicate entry 'dup5' for key 'name'
2024-07-05T19:14:36.446+09:00  WARN 10616 --- [boardPrac] [ol-2-thread-202] o.h.engine.jdbc.spi.SqlExceptionHelper   : SQL Error: 1062, SQLState: 23000
2024-07-05T19:14:36.446+09:00 ERROR 10616 --- [boardPrac] [ol-2-thread-203] o.h.engine.jdbc.spi.SqlExceptionHelper   : (conn=90) Duplicate entry 'dup5' for key 'name'
2024-07-05T19:14:36.446+09:00 ERROR 10616 --- [boardPrac] [ol-2-thread-204] o.h.engine.jdbc.spi.SqlExceptionHelper   : (conn=91) Duplicate entry 'dup5' for key 'name'
2024-07-05T19:14:36.446+09:00 ERROR 10616 --- [boardPrac] [ol-2-thread-202] o.h.engine.jdbc.spi.SqlExceptionHelper   : (conn=88) Duplicate entry 'dup5' for key 'name'
could not execute statement [(conn=92) Duplicate entry 'dup5' for key 'name'] [insert into users (name) values (?) returning user_id]; SQL [insert into users (name) values (?) returning user_id]; constraint [name]
could not execute statement [(conn=87) Duplicate entry 'dup5' for key 'name'] [insert into users (name) values (?) returning user_id]; SQL [insert into users (name) values (?) returning user_id]; constraint [name]
could not execute statement [(conn=93) Duplicate entry 'dup5' for key 'name'] [insert into users (name) values (?) returning user_id]; SQL [insert into users (name) values (?) returning user_id]; constraint [name]
could not execute statement [(conn=89) Duplicate entry 'dup5' for key 'name'] [insert into users (name) values (?) returning user_id]; SQL [insert into users (name) values (?) returning user_id]; constraint [name]
could not execute statement [(conn=84) Duplicate entry 'dup5' for key 'name'] [insert into users (name) values (?) returning user_id]; SQL [insert into users (name) values (?) returning user_id]; constraint [name]
could not execute statement [(conn=85) Duplicate entry 'dup5' for key 'name'] [insert into users (name) values (?) returning user_id]; SQL [insert into users (name) values (?) returning user_id]; constraint [name]
could not execute statement [(conn=90) Duplicate entry 'dup5' for key 'name'] [insert into users (name) values (?) returning user_id]; SQL [insert into users (name) values (?) returning user_id]; constraint [name]
could not execute statement [(conn=88) Duplicate entry 'dup5' for key 'name'] [insert into users (name) values (?) returning user_id]; SQL [insert into users (name) values (?) returning user_id]; constraint [name]
could not execute statement [(conn=86) Duplicate entry 'dup5' for key 'name'] [insert into users (name) values (?) returning user_id]; SQL [insert into users (name) values (?) returning user_id]; constraint [name]
could not execute statement [(conn=91) Duplicate entry 'dup5' for key 'name'] [insert into users (name) values (?) returning user_id]; SQL [insert into users (name) values (?) returning user_id]; constraint [name]
Hibernate: insert into users (name) values (?) returning user_id
Hibernate: insert into users (name) values (?) returning user_id
Hibernate: insert into users (name) values (?) returning user_id
Hibernate: insert into users (name) values (?) returning user_id
Hibernate: insert into users (name) values (?) returning user_id
Hibernate: insert into users (name) values (?) returning user_id
2024-07-05T19:14:36.450+09:00  WARN 10616 --- [boardPrac] [ol-2-thread-208] o.m.jdbc.message.server.ErrorPacket      : Error: 1062-23000: Duplicate entry 'dup5' for key 'name'
Hibernate: insert into users (name) values (?) returning user_id
2024-07-05T19:14:36.450+09:00  WARN 10616 --- [boardPrac] [ol-2-thread-210] o.m.jdbc.message.server.ErrorPacket      : Error: 1062-23000: Duplicate entry 'dup5' for key 'name'
Hibernate: insert into users (name) values (?) returning user_id
2024-07-05T19:14:36.450+09:00  WARN 10616 --- [boardPrac] [ol-2-thread-207] o.m.jdbc.message.server.ErrorPacket      : Error: 1062-23000: Duplicate entry 'dup5' for key 'name'
Hibernate: insert into users (name) values (?) returning user_id
2024-07-05T19:14:36.450+09:00  WARN 10616 --- [boardPrac] [ol-2-thread-206] o.m.jdbc.message.server.ErrorPacket      : Error: 1062-23000: Duplicate entry 'dup5' for key 'name'
Hibernate: insert into users (name) values (?) returning user_id
2024-07-05T19:14:36.450+09:00  WARN 10616 --- [boardPrac] [ol-2-thread-208] o.h.engine.jdbc.spi.SqlExceptionHelper   : SQL Error: 1062, SQLState: 23000
2024-07-05T19:14:36.450+09:00  WARN 10616 --- [boardPrac] [ol-2-thread-210] o.h.engine.jdbc.spi.SqlExceptionHelper   : SQL Error: 1062, SQLState: 23000
2024-07-05T19:14:36.450+09:00  WARN 10616 --- [boardPrac] [ol-2-thread-209] o.m.jdbc.message.server.ErrorPacket      : Error: 1062-23000: Duplicate entry 'dup5' for key 'name'
2024-07-05T19:14:36.450+09:00  WARN 10616 --- [boardPrac] [ol-2-thread-211] o.m.jdbc.message.server.ErrorPacket      : Error: 1062-23000: Duplicate entry 'dup5' for key 'name'
2024-07-05T19:14:36.451+09:00  WARN 10616 --- [boardPrac] [ol-2-thread-206] o.h.engine.jdbc.spi.SqlExceptionHelper   : SQL Error: 1062, SQLState: 23000
2024-07-05T19:14:36.451+09:00 ERROR 10616 --- [boardPrac] [ol-2-thread-210] o.h.engine.jdbc.spi.SqlExceptionHelper   : (conn=84) Duplicate entry 'dup5' for key 'name'
2024-07-05T19:14:36.451+09:00 ERROR 10616 --- [boardPrac] [ol-2-thread-208] o.h.engine.jdbc.spi.SqlExceptionHelper   : (conn=93) Duplicate entry 'dup5' for key 'name'
2024-07-05T19:14:36.451+09:00  WARN 10616 --- [boardPrac] [ol-2-thread-211] o.h.engine.jdbc.spi.SqlExceptionHelper   : SQL Error: 1062, SQLState: 23000
2024-07-05T19:14:36.451+09:00  WARN 10616 --- [boardPrac] [ol-2-thread-207] o.h.engine.jdbc.spi.SqlExceptionHelper   : SQL Error: 1062, SQLState: 23000
2024-07-05T19:14:36.451+09:00 ERROR 10616 --- [boardPrac] [ol-2-thread-211] o.h.engine.jdbc.spi.SqlExceptionHelper   : (conn=85) Duplicate entry 'dup5' for key 'name'
2024-07-05T19:14:36.451+09:00 ERROR 10616 --- [boardPrac] [ol-2-thread-206] o.h.engine.jdbc.spi.SqlExceptionHelper   : (conn=92) Duplicate entry 'dup5' for key 'name'
2024-07-05T19:14:36.451+09:00 ERROR 10616 --- [boardPrac] [ol-2-thread-207] o.h.engine.jdbc.spi.SqlExceptionHelper   : (conn=87) Duplicate entry 'dup5' for key 'name'
2024-07-05T19:14:36.451+09:00  WARN 10616 --- [boardPrac] [ol-2-thread-209] o.h.engine.jdbc.spi.SqlExceptionHelper   : SQL Error: 1062, SQLState: 23000
2024-07-05T19:14:36.451+09:00 ERROR 10616 --- [boardPrac] [ol-2-thread-209] o.h.engine.jdbc.spi.SqlExceptionHelper   : (conn=89) Duplicate entry 'dup5' for key 'name'
2024-07-05T19:14:36.453+09:00  WARN 10616 --- [boardPrac] [ol-2-thread-213] o.m.jdbc.message.server.ErrorPacket      : Error: 1062-23000: Duplicate entry 'dup5' for key 'name'
2024-07-05T19:14:36.453+09:00  WARN 10616 --- [boardPrac] [ol-2-thread-215] o.m.jdbc.message.server.ErrorPacket      : Error: 1062-23000: Duplicate entry 'dup5' for key 'name'
2024-07-05T19:14:36.453+09:00  WARN 10616 --- [boardPrac] [ol-2-thread-212] o.m.jdbc.message.server.ErrorPacket      : Error: 1062-23000: Duplicate entry 'dup5' for key 'name'
2024-07-05T19:14:36.453+09:00  WARN 10616 --- [boardPrac] [ol-2-thread-214] o.m.jdbc.message.server.ErrorPacket      : Error: 1062-23000: Duplicate entry 'dup5' for key 'name'
2024-07-05T19:14:36.453+09:00  WARN 10616 --- [boardPrac] [ol-2-thread-213] o.h.engine.jdbc.spi.SqlExceptionHelper   : SQL Error: 1062, SQLState: 23000
2024-07-05T19:14:36.453+09:00 ERROR 10616 --- [boardPrac] [ol-2-thread-213] o.h.engine.jdbc.spi.SqlExceptionHelper   : (conn=88) Duplicate entry 'dup5' for key 'name'
2024-07-05T19:14:36.453+09:00  WARN 10616 --- [boardPrac] [ol-2-thread-215] o.h.engine.jdbc.spi.SqlExceptionHelper   : SQL Error: 1062, SQLState: 23000
2024-07-05T19:14:36.453+09:00  WARN 10616 --- [boardPrac] [ol-2-thread-212] o.h.engine.jdbc.spi.SqlExceptionHelper   : SQL Error: 1062, SQLState: 23000
2024-07-05T19:14:36.453+09:00 ERROR 10616 --- [boardPrac] [ol-2-thread-215] o.h.engine.jdbc.spi.SqlExceptionHelper   : (conn=91) Duplicate entry 'dup5' for key 'name'
2024-07-05T19:14:36.453+09:00 ERROR 10616 --- [boardPrac] [ol-2-thread-212] o.h.engine.jdbc.spi.SqlExceptionHelper   : (conn=90) Duplicate entry 'dup5' for key 'name'
2024-07-05T19:14:36.453+09:00  WARN 10616 --- [boardPrac] [ol-2-thread-214] o.h.engine.jdbc.spi.SqlExceptionHelper   : SQL Error: 1062, SQLState: 23000
2024-07-05T19:14:36.453+09:00 ERROR 10616 --- [boardPrac] [ol-2-thread-214] o.h.engine.jdbc.spi.SqlExceptionHelper   : (conn=86) Duplicate entry 'dup5' for key 'name'
could not execute statement [(conn=92) Duplicate entry 'dup5' for key 'name'] [insert into users (name) values (?) returning user_id]; SQL [insert into users (name) values (?) returning user_id]; constraint [name]
could not execute statement [(conn=85) Duplicate entry 'dup5' for key 'name'] [insert into users (name) values (?) returning user_id]; SQL [insert into users (name) values (?) returning user_id]; constraint [name]
could not execute statement [(conn=84) Duplicate entry 'dup5' for key 'name'] [insert into users (name) values (?) returning user_id]; SQL [insert into users (name) values (?) returning user_id]; constraint [name]
could not execute statement [(conn=93) Duplicate entry 'dup5' for key 'name'] [insert into users (name) values (?) returning user_id]; SQL [insert into users (name) values (?) returning user_id]; constraint [name]
could not execute statement [(conn=89) Duplicate entry 'dup5' for key 'name'] [insert into users (name) values (?) returning user_id]; SQL [insert into users (name) values (?) returning user_id]; constraint [name]
could not execute statement [(conn=87) Duplicate entry 'dup5' for key 'name'] [insert into users (name) values (?) returning user_id]; SQL [insert into users (name) values (?) returning user_id]; constraint [name]
could not execute statement [(conn=88) Duplicate entry 'dup5' for key 'name'] [insert into users (name) values (?) returning user_id]; SQL [insert into users (name) values (?) returning user_id]; constraint [name]
could not execute statement [(conn=86) Duplicate entry 'dup5' for key 'name'] [insert into users (name) values (?) returning user_id]; SQL [insert into users (name) values (?) returning user_id]; constraint [name]
could not execute statement [(conn=91) Duplicate entry 'dup5' for key 'name'] [insert into users (name) values (?) returning user_id]; SQL [insert into users (name) values (?) returning user_id]; constraint [name]
Hibernate: insert into users (name) values (?) returning user_id
Hibernate: insert into users (name) values (?) returning user_id
could not execute statement [(conn=90) Duplicate entry 'dup5' for key 'name'] [insert into users (name) values (?) returning user_id]; SQL [insert into users (name) values (?) returning user_id]; constraint [name]
Hibernate: insert into users (name) values (?) returning user_id
Hibernate: insert into users (name) values (?) returning user_id
Hibernate: insert into users (name) values (?) returning user_id
Hibernate: insert into users (name) values (?) returning user_id
Hibernate: insert into users (name) values (?) returning user_id
Hibernate: insert into users (name) values (?) returning user_id
2024-07-05T19:14:36.459+09:00  WARN 10616 --- [boardPrac] [ol-2-thread-221] o.m.jdbc.message.server.ErrorPacket      : Error: 1062-23000: Duplicate entry 'dup5' for key 'name'
2024-07-05T19:14:36.459+09:00  WARN 10616 --- [boardPrac] [ol-2-thread-219] o.m.jdbc.message.server.ErrorPacket      : Error: 1062-23000: Duplicate entry 'dup5' for key 'name'
2024-07-05T19:14:36.459+09:00  WARN 10616 --- [boardPrac] [ol-2-thread-220] o.m.jdbc.message.server.ErrorPacket      : Error: 1062-23000: Duplicate entry 'dup5' for key 'name'
2024-07-05T19:14:36.459+09:00  WARN 10616 --- [boardPrac] [ol-2-thread-217] o.m.jdbc.message.server.ErrorPacket      : Error: 1062-23000: Duplicate entry 'dup5' for key 'name'
2024-07-05T19:14:36.459+09:00  WARN 10616 --- [boardPrac] [ol-2-thread-218] o.m.jdbc.message.server.ErrorPacket      : Error: 1062-23000: Duplicate entry 'dup5' for key 'name'
Hibernate: insert into users (name) values (?) returning user_id
Hibernate: insert into users (name) values (?) returning user_id
2024-07-05T19:14:36.459+09:00  WARN 10616 --- [boardPrac] [ol-2-thread-219] o.h.engine.jdbc.spi.SqlExceptionHelper   : SQL Error: 1062, SQLState: 23000
2024-07-05T19:14:36.459+09:00  WARN 10616 --- [boardPrac] [ol-2-thread-221] o.h.engine.jdbc.spi.SqlExceptionHelper   : SQL Error: 1062, SQLState: 23000
2024-07-05T19:14:36.459+09:00 ERROR 10616 --- [boardPrac] [ol-2-thread-219] o.h.engine.jdbc.spi.SqlExceptionHelper   : (conn=87) Duplicate entry 'dup5' for key 'name'
2024-07-05T19:14:36.459+09:00  WARN 10616 --- [boardPrac] [ol-2-thread-220] o.h.engine.jdbc.spi.SqlExceptionHelper   : SQL Error: 1062, SQLState: 23000
2024-07-05T19:14:36.459+09:00 ERROR 10616 --- [boardPrac] [ol-2-thread-221] o.h.engine.jdbc.spi.SqlExceptionHelper   : (conn=89) Duplicate entry 'dup5' for key 'name'
2024-07-05T19:14:36.459+09:00 ERROR 10616 --- [boardPrac] [ol-2-thread-220] o.h.engine.jdbc.spi.SqlExceptionHelper   : (conn=84) Duplicate entry 'dup5' for key 'name'
2024-07-05T19:14:36.459+09:00  WARN 10616 --- [boardPrac] [ol-2-thread-218] o.h.engine.jdbc.spi.SqlExceptionHelper   : SQL Error: 1062, SQLState: 23000
2024-07-05T19:14:36.459+09:00  WARN 10616 --- [boardPrac] [ol-2-thread-217] o.h.engine.jdbc.spi.SqlExceptionHelper   : SQL Error: 1062, SQLState: 23000
2024-07-05T19:14:36.459+09:00 ERROR 10616 --- [boardPrac] [ol-2-thread-218] o.h.engine.jdbc.spi.SqlExceptionHelper   : (conn=93) Duplicate entry 'dup5' for key 'name'
2024-07-05T19:14:36.459+09:00  WARN 10616 --- [boardPrac] [ol-2-thread-216] o.m.jdbc.message.server.ErrorPacket      : Error: 1062-23000: Duplicate entry 'dup5' for key 'name'
2024-07-05T19:14:36.459+09:00 ERROR 10616 --- [boardPrac] [ol-2-thread-217] o.h.engine.jdbc.spi.SqlExceptionHelper   : (conn=85) Duplicate entry 'dup5' for key 'name'
2024-07-05T19:14:36.459+09:00  WARN 10616 --- [boardPrac] [ol-2-thread-216] o.h.engine.jdbc.spi.SqlExceptionHelper   : SQL Error: 1062, SQLState: 23000
2024-07-05T19:14:36.459+09:00 ERROR 10616 --- [boardPrac] [ol-2-thread-216] o.h.engine.jdbc.spi.SqlExceptionHelper   : (conn=92) Duplicate entry 'dup5' for key 'name'
2024-07-05T19:14:36.461+09:00  WARN 10616 --- [boardPrac] [ol-2-thread-224] o.m.jdbc.message.server.ErrorPacket      : Error: 1062-23000: Duplicate entry 'dup5' for key 'name'
2024-07-05T19:14:36.461+09:00  WARN 10616 --- [boardPrac] [ol-2-thread-222] o.m.jdbc.message.server.ErrorPacket      : Error: 1062-23000: Duplicate entry 'dup5' for key 'name'
2024-07-05T19:14:36.461+09:00  WARN 10616 --- [boardPrac] [ol-2-thread-223] o.m.jdbc.message.server.ErrorPacket      : Error: 1062-23000: Duplicate entry 'dup5' for key 'name'
2024-07-05T19:14:36.461+09:00  WARN 10616 --- [boardPrac] [ol-2-thread-225] o.m.jdbc.message.server.ErrorPacket      : Error: 1062-23000: Duplicate entry 'dup5' for key 'name'
2024-07-05T19:14:36.461+09:00  WARN 10616 --- [boardPrac] [ol-2-thread-225] o.h.engine.jdbc.spi.SqlExceptionHelper   : SQL Error: 1062, SQLState: 23000
2024-07-05T19:14:36.461+09:00  WARN 10616 --- [boardPrac] [ol-2-thread-222] o.h.engine.jdbc.spi.SqlExceptionHelper   : SQL Error: 1062, SQLState: 23000
2024-07-05T19:14:36.461+09:00  WARN 10616 --- [boardPrac] [ol-2-thread-224] o.h.engine.jdbc.spi.SqlExceptionHelper   : SQL Error: 1062, SQLState: 23000
2024-07-05T19:14:36.461+09:00 ERROR 10616 --- [boardPrac] [ol-2-thread-225] o.h.engine.jdbc.spi.SqlExceptionHelper   : (conn=86) Duplicate entry 'dup5' for key 'name'
2024-07-05T19:14:36.461+09:00  WARN 10616 --- [boardPrac] [ol-2-thread-223] o.h.engine.jdbc.spi.SqlExceptionHelper   : SQL Error: 1062, SQLState: 23000
2024-07-05T19:14:36.461+09:00 ERROR 10616 --- [boardPrac] [ol-2-thread-222] o.h.engine.jdbc.spi.SqlExceptionHelper   : (conn=88) Duplicate entry 'dup5' for key 'name'
2024-07-05T19:14:36.461+09:00 ERROR 10616 --- [boardPrac] [ol-2-thread-224] o.h.engine.jdbc.spi.SqlExceptionHelper   : (conn=91) Duplicate entry 'dup5' for key 'name'
2024-07-05T19:14:36.461+09:00 ERROR 10616 --- [boardPrac] [ol-2-thread-223] o.h.engine.jdbc.spi.SqlExceptionHelper   : (conn=90) Duplicate entry 'dup5' for key 'name'
could not execute statement [(conn=87) Duplicate entry 'dup5' for key 'name'] [insert into users (name) values (?) returning user_id]; SQL [insert into users (name) values (?) returning user_id]; constraint [name]
could not execute statement [(conn=93) Duplicate entry 'dup5' for key 'name'] [insert into users (name) values (?) returning user_id]; SQL [insert into users (name) values (?) returning user_id]; constraint [name]
could not execute statement [(conn=84) Duplicate entry 'dup5' for key 'name'] [insert into users (name) values (?) returning user_id]; SQL [insert into users (name) values (?) returning user_id]; constraint [name]
could not execute statement [(conn=92) Duplicate entry 'dup5' for key 'name'] [insert into users (name) values (?) returning user_id]; SQL [insert into users (name) values (?) returning user_id]; constraint [name]
could not execute statement [(conn=85) Duplicate entry 'dup5' for key 'name'] [insert into users (name) values (?) returning user_id]; SQL [insert into users (name) values (?) returning user_id]; constraint [name]
could not execute statement [(conn=89) Duplicate entry 'dup5' for key 'name'] [insert into users (name) values (?) returning user_id]; SQL [insert into users (name) values (?) returning user_id]; constraint [name]
could not execute statement [(conn=91) Duplicate entry 'dup5' for key 'name'] [insert into users (name) values (?) returning user_id]; SQL [insert into users (name) values (?) returning user_id]; constraint [name]
could not execute statement [(conn=88) Duplicate entry 'dup5' for key 'name'] [insert into users (name) values (?) returning user_id]; SQL [insert into users (name) values (?) returning user_id]; constraint [name]
could not execute statement [(conn=90) Duplicate entry 'dup5' for key 'name'] [insert into users (name) values (?) returning user_id]; SQL [insert into users (name) values (?) returning user_id]; constraint [name]
could not execute statement [(conn=86) Duplicate entry 'dup5' for key 'name'] [insert into users (name) values (?) returning user_id]; SQL [insert into users (name) values (?) returning user_id]; constraint [name]
Hibernate: insert into users (name) values (?) returning user_id
Hibernate: insert into users (name) values (?) returning user_id
Hibernate: insert into users (name) values (?) returning user_id
Hibernate: insert into users (name) values (?) returning user_id
Hibernate: insert into users (name) values (?) returning user_id
Hibernate: insert into users (name) values (?) returning user_id
Hibernate: insert into users (name) values (?) returning user_id
2024-07-05T19:14:36.467+09:00  WARN 10616 --- [boardPrac] [ol-2-thread-226] o.m.jdbc.message.server.ErrorPacket      : Error: 1062-23000: Duplicate entry 'dup5' for key 'name'
Hibernate: insert into users (name) values (?) returning user_id
2024-07-05T19:14:36.467+09:00  WARN 10616 --- [boardPrac] [ol-2-thread-231] o.m.jdbc.message.server.ErrorPacket      : Error: 1062-23000: Duplicate entry 'dup5' for key 'name'
Hibernate: insert into users (name) values (?) returning user_id
2024-07-05T19:14:36.467+09:00  WARN 10616 --- [boardPrac] [ol-2-thread-227] o.m.jdbc.message.server.ErrorPacket      : Error: 1062-23000: Duplicate entry 'dup5' for key 'name'
Hibernate: insert into users (name) values (?) returning user_id
2024-07-05T19:14:36.467+09:00  WARN 10616 --- [boardPrac] [ol-2-thread-228] o.m.jdbc.message.server.ErrorPacket      : Error: 1062-23000: Duplicate entry 'dup5' for key 'name'
2024-07-05T19:14:36.467+09:00  WARN 10616 --- [boardPrac] [ol-2-thread-229] o.m.jdbc.message.server.ErrorPacket      : Error: 1062-23000: Duplicate entry 'dup5' for key 'name'
2024-07-05T19:14:36.467+09:00  WARN 10616 --- [boardPrac] [ol-2-thread-230] o.m.jdbc.message.server.ErrorPacket      : Error: 1062-23000: Duplicate entry 'dup5' for key 'name'
2024-07-05T19:14:36.467+09:00  WARN 10616 --- [boardPrac] [ol-2-thread-227] o.h.engine.jdbc.spi.SqlExceptionHelper   : SQL Error: 1062, SQLState: 23000
2024-07-05T19:14:36.467+09:00  WARN 10616 --- [boardPrac] [ol-2-thread-231] o.h.engine.jdbc.spi.SqlExceptionHelper   : SQL Error: 1062, SQLState: 23000
2024-07-05T19:14:36.467+09:00  WARN 10616 --- [boardPrac] [ol-2-thread-226] o.h.engine.jdbc.spi.SqlExceptionHelper   : SQL Error: 1062, SQLState: 23000
2024-07-05T19:14:36.467+09:00 ERROR 10616 --- [boardPrac] [ol-2-thread-227] o.h.engine.jdbc.spi.SqlExceptionHelper   : (conn=87) Duplicate entry 'dup5' for key 'name'
2024-07-05T19:14:36.467+09:00  WARN 10616 --- [boardPrac] [ol-2-thread-230] o.h.engine.jdbc.spi.SqlExceptionHelper   : SQL Error: 1062, SQLState: 23000
2024-07-05T19:14:36.467+09:00 ERROR 10616 --- [boardPrac] [ol-2-thread-231] o.h.engine.jdbc.spi.SqlExceptionHelper   : (conn=93) Duplicate entry 'dup5' for key 'name'
2024-07-05T19:14:36.467+09:00 ERROR 10616 --- [boardPrac] [ol-2-thread-230] o.h.engine.jdbc.spi.SqlExceptionHelper   : (conn=84) Duplicate entry 'dup5' for key 'name'
2024-07-05T19:14:36.467+09:00 ERROR 10616 --- [boardPrac] [ol-2-thread-226] o.h.engine.jdbc.spi.SqlExceptionHelper   : (conn=85) Duplicate entry 'dup5' for key 'name'
2024-07-05T19:14:36.467+09:00  WARN 10616 --- [boardPrac] [ol-2-thread-228] o.h.engine.jdbc.spi.SqlExceptionHelper   : SQL Error: 1062, SQLState: 23000
2024-07-05T19:14:36.467+09:00  WARN 10616 --- [boardPrac] [ol-2-thread-229] o.h.engine.jdbc.spi.SqlExceptionHelper   : SQL Error: 1062, SQLState: 23000
2024-07-05T19:14:36.467+09:00 ERROR 10616 --- [boardPrac] [ol-2-thread-228] o.h.engine.jdbc.spi.SqlExceptionHelper   : (conn=89) Duplicate entry 'dup5' for key 'name'
2024-07-05T19:14:36.467+09:00 ERROR 10616 --- [boardPrac] [ol-2-thread-229] o.h.engine.jdbc.spi.SqlExceptionHelper   : (conn=92) Duplicate entry 'dup5' for key 'name'
2024-07-05T19:14:36.469+09:00  WARN 10616 --- [boardPrac] [ol-2-thread-233] o.m.jdbc.message.server.ErrorPacket      : Error: 1062-23000: Duplicate entry 'dup5' for key 'name'
2024-07-05T19:14:36.469+09:00  WARN 10616 --- [boardPrac] [ol-2-thread-234] o.m.jdbc.message.server.ErrorPacket      : Error: 1062-23000: Duplicate entry 'dup5' for key 'name'
2024-07-05T19:14:36.469+09:00  WARN 10616 --- [boardPrac] [ol-2-thread-232] o.m.jdbc.message.server.ErrorPacket      : Error: 1062-23000: Duplicate entry 'dup5' for key 'name'
2024-07-05T19:14:36.469+09:00  WARN 10616 --- [boardPrac] [ol-2-thread-235] o.m.jdbc.message.server.ErrorPacket      : Error: 1062-23000: Duplicate entry 'dup5' for key 'name'
2024-07-05T19:14:36.469+09:00  WARN 10616 --- [boardPrac] [ol-2-thread-233] o.h.engine.jdbc.spi.SqlExceptionHelper   : SQL Error: 1062, SQLState: 23000
2024-07-05T19:14:36.469+09:00  WARN 10616 --- [boardPrac] [ol-2-thread-234] o.h.engine.jdbc.spi.SqlExceptionHelper   : SQL Error: 1062, SQLState: 23000
2024-07-05T19:14:36.469+09:00  WARN 10616 --- [boardPrac] [ol-2-thread-232] o.h.engine.jdbc.spi.SqlExceptionHelper   : SQL Error: 1062, SQLState: 23000
2024-07-05T19:14:36.469+09:00  WARN 10616 --- [boardPrac] [ol-2-thread-235] o.h.engine.jdbc.spi.SqlExceptionHelper   : SQL Error: 1062, SQLState: 23000
2024-07-05T19:14:36.469+09:00 ERROR 10616 --- [boardPrac] [ol-2-thread-233] o.h.engine.jdbc.spi.SqlExceptionHelper   : (conn=91) Duplicate entry 'dup5' for key 'name'
2024-07-05T19:14:36.469+09:00 ERROR 10616 --- [boardPrac] [ol-2-thread-232] o.h.engine.jdbc.spi.SqlExceptionHelper   : (conn=90) Duplicate entry 'dup5' for key 'name'
2024-07-05T19:14:36.469+09:00 ERROR 10616 --- [boardPrac] [ol-2-thread-234] o.h.engine.jdbc.spi.SqlExceptionHelper   : (conn=86) Duplicate entry 'dup5' for key 'name'
2024-07-05T19:14:36.469+09:00 ERROR 10616 --- [boardPrac] [ol-2-thread-235] o.h.engine.jdbc.spi.SqlExceptionHelper   : (conn=88) Duplicate entry 'dup5' for key 'name'
could not execute statement [(conn=93) Duplicate entry 'dup5' for key 'name'] [insert into users (name) values (?) returning user_id]; SQL [insert into users (name) values (?) returning user_id]; constraint [name]
could not execute statement [(conn=89) Duplicate entry 'dup5' for key 'name'] [insert into users (name) values (?) returning user_id]; SQL [insert into users (name) values (?) returning user_id]; constraint [name]
could not execute statement [(conn=85) Duplicate entry 'dup5' for key 'name'] [insert into users (name) values (?) returning user_id]; SQL [insert into users (name) values (?) returning user_id]; constraint [name]
could not execute statement [(conn=92) Duplicate entry 'dup5' for key 'name'] [insert into users (name) values (?) returning user_id]; SQL [insert into users (name) values (?) returning user_id]; constraint [name]
could not execute statement [(conn=87) Duplicate entry 'dup5' for key 'name'] [insert into users (name) values (?) returning user_id]; SQL [insert into users (name) values (?) returning user_id]; constraint [name]
could not execute statement [(conn=84) Duplicate entry 'dup5' for key 'name'] [insert into users (name) values (?) returning user_id]; SQL [insert into users (name) values (?) returning user_id]; constraint [name]
could not execute statement [(conn=90) Duplicate entry 'dup5' for key 'name'] [insert into users (name) values (?) returning user_id]; SQL [insert into users (name) values (?) returning user_id]; constraint [name]
could not execute statement [(conn=88) Duplicate entry 'dup5' for key 'name'] [insert into users (name) values (?) returning user_id]; SQL [insert into users (name) values (?) returning user_id]; constraint [name]
could not execute statement [(conn=86) Duplicate entry 'dup5' for key 'name'] [insert into users (name) values (?) returning user_id]; SQL [insert into users (name) values (?) returning user_id]; constraint [name]
could not execute statement [(conn=91) Duplicate entry 'dup5' for key 'name'] [insert into users (name) values (?) returning user_id]; SQL [insert into users (name) values (?) returning user_id]; constraint [name]
Hibernate: insert into users (name) values (?) returning user_id
Hibernate: insert into users (name) values (?) returning user_id
Hibernate: insert into users (name) values (?) returning user_id
Hibernate: insert into users (name) values (?) returning user_id
Hibernate: insert into users (name) values (?) returning user_id
Hibernate: insert into users (name) values (?) returning user_id
Hibernate: insert into users (name) values (?) returning user_id
Hibernate: insert into users (name) values (?) returning user_id
Hibernate: insert into users (name) values (?) returning user_id
Hibernate: insert into users (name) values (?) returning user_id
2024-07-05T19:14:36.479+09:00  WARN 10616 --- [boardPrac] [ol-2-thread-243] o.m.jdbc.message.server.ErrorPacket      : Error: 1062-23000: Duplicate entry 'dup5' for key 'name'
2024-07-05T19:14:36.479+09:00  WARN 10616 --- [boardPrac] [ol-2-thread-237] o.m.jdbc.message.server.ErrorPacket      : Error: 1062-23000: Duplicate entry 'dup5' for key 'name'
2024-07-05T19:14:36.479+09:00  WARN 10616 --- [boardPrac] [ol-2-thread-240] o.m.jdbc.message.server.ErrorPacket      : Error: 1062-23000: Duplicate entry 'dup5' for key 'name'
2024-07-05T19:14:36.479+09:00  WARN 10616 --- [boardPrac] [ol-2-thread-244] o.m.jdbc.message.server.ErrorPacket      : Error: 1062-23000: Duplicate entry 'dup5' for key 'name'
2024-07-05T19:14:36.479+09:00  WARN 10616 --- [boardPrac] [ol-2-thread-238] o.m.jdbc.message.server.ErrorPacket      : Error: 1062-23000: Duplicate entry 'dup5' for key 'name'
2024-07-05T19:14:36.479+09:00  WARN 10616 --- [boardPrac] [ol-2-thread-239] o.m.jdbc.message.server.ErrorPacket      : Error: 1062-23000: Duplicate entry 'dup5' for key 'name'
2024-07-05T19:14:36.479+09:00  WARN 10616 --- [boardPrac] [ol-2-thread-245] o.m.jdbc.message.server.ErrorPacket      : Error: 1062-23000: Duplicate entry 'dup5' for key 'name'
2024-07-05T19:14:36.479+09:00  WARN 10616 --- [boardPrac] [ol-2-thread-236] o.m.jdbc.message.server.ErrorPacket      : Error: 1062-23000: Duplicate entry 'dup5' for key 'name'
2024-07-05T19:14:36.479+09:00  WARN 10616 --- [boardPrac] [ol-2-thread-237] o.h.engine.jdbc.spi.SqlExceptionHelper   : SQL Error: 1062, SQLState: 23000
2024-07-05T19:14:36.479+09:00  WARN 10616 --- [boardPrac] [ol-2-thread-245] o.h.engine.jdbc.spi.SqlExceptionHelper   : SQL Error: 1062, SQLState: 23000
2024-07-05T19:14:36.479+09:00  WARN 10616 --- [boardPrac] [ol-2-thread-236] o.h.engine.jdbc.spi.SqlExceptionHelper   : SQL Error: 1062, SQLState: 23000
2024-07-05T19:14:36.479+09:00  WARN 10616 --- [boardPrac] [ol-2-thread-242] o.m.jdbc.message.server.ErrorPacket      : Error: 1062-23000: Duplicate entry 'dup5' for key 'name'
2024-07-05T19:14:36.479+09:00 ERROR 10616 --- [boardPrac] [ol-2-thread-236] o.h.engine.jdbc.spi.SqlExceptionHelper   : (conn=93) Duplicate entry 'dup5' for key 'name'
2024-07-05T19:14:36.479+09:00  WARN 10616 --- [boardPrac] [ol-2-thread-241] o.m.jdbc.message.server.ErrorPacket      : Error: 1062-23000: Duplicate entry 'dup5' for key 'name'
2024-07-05T19:14:36.479+09:00  WARN 10616 --- [boardPrac] [ol-2-thread-239] o.h.engine.jdbc.spi.SqlExceptionHelper   : SQL Error: 1062, SQLState: 23000
2024-07-05T19:14:36.479+09:00  WARN 10616 --- [boardPrac] [ol-2-thread-240] o.h.engine.jdbc.spi.SqlExceptionHelper   : SQL Error: 1062, SQLState: 23000
2024-07-05T19:14:36.479+09:00  WARN 10616 --- [boardPrac] [ol-2-thread-242] o.h.engine.jdbc.spi.SqlExceptionHelper   : SQL Error: 1062, SQLState: 23000
2024-07-05T19:14:36.479+09:00 ERROR 10616 --- [boardPrac] [ol-2-thread-240] o.h.engine.jdbc.spi.SqlExceptionHelper   : (conn=92) Duplicate entry 'dup5' for key 'name'
2024-07-05T19:14:36.479+09:00  WARN 10616 --- [boardPrac] [ol-2-thread-238] o.h.engine.jdbc.spi.SqlExceptionHelper   : SQL Error: 1062, SQLState: 23000
2024-07-05T19:14:36.479+09:00  WARN 10616 --- [boardPrac] [ol-2-thread-243] o.h.engine.jdbc.spi.SqlExceptionHelper   : SQL Error: 1062, SQLState: 23000
2024-07-05T19:14:36.479+09:00 ERROR 10616 --- [boardPrac] [ol-2-thread-238] o.h.engine.jdbc.spi.SqlExceptionHelper   : (conn=84) Duplicate entry 'dup5' for key 'name'
2024-07-05T19:14:36.479+09:00  WARN 10616 --- [boardPrac] [ol-2-thread-244] o.h.engine.jdbc.spi.SqlExceptionHelper   : SQL Error: 1062, SQLState: 23000
2024-07-05T19:14:36.479+09:00 ERROR 10616 --- [boardPrac] [ol-2-thread-243] o.h.engine.jdbc.spi.SqlExceptionHelper   : (conn=90) Duplicate entry 'dup5' for key 'name'
2024-07-05T19:14:36.479+09:00 ERROR 10616 --- [boardPrac] [ol-2-thread-237] o.h.engine.jdbc.spi.SqlExceptionHelper   : (conn=87) Duplicate entry 'dup5' for key 'name'
2024-07-05T19:14:36.479+09:00 ERROR 10616 --- [boardPrac] [ol-2-thread-245] o.h.engine.jdbc.spi.SqlExceptionHelper   : (conn=86) Duplicate entry 'dup5' for key 'name'
2024-07-05T19:14:36.479+09:00 ERROR 10616 --- [boardPrac] [ol-2-thread-239] o.h.engine.jdbc.spi.SqlExceptionHelper   : (conn=89) Duplicate entry 'dup5' for key 'name'
2024-07-05T19:14:36.479+09:00  WARN 10616 --- [boardPrac] [ol-2-thread-241] o.h.engine.jdbc.spi.SqlExceptionHelper   : SQL Error: 1062, SQLState: 23000
2024-07-05T19:14:36.479+09:00 ERROR 10616 --- [boardPrac] [ol-2-thread-241] o.h.engine.jdbc.spi.SqlExceptionHelper   : (conn=85) Duplicate entry 'dup5' for key 'name'
2024-07-05T19:14:36.479+09:00 ERROR 10616 --- [boardPrac] [ol-2-thread-242] o.h.engine.jdbc.spi.SqlExceptionHelper   : (conn=91) Duplicate entry 'dup5' for key 'name'
2024-07-05T19:14:36.479+09:00 ERROR 10616 --- [boardPrac] [ol-2-thread-244] o.h.engine.jdbc.spi.SqlExceptionHelper   : (conn=88) Duplicate entry 'dup5' for key 'name'
could not execute statement [(conn=85) Duplicate entry 'dup5' for key 'name'] [insert into users (name) values (?) returning user_id]; SQL [insert into users (name) values (?) returning user_id]; constraint [name]
could not execute statement [(conn=91) Duplicate entry 'dup5' for key 'name'] [insert into users (name) values (?) returning user_id]; SQL [insert into users (name) values (?) returning user_id]; constraint [name]
could not execute statement [(conn=93) Duplicate entry 'dup5' for key 'name'] [insert into users (name) values (?) returning user_id]; SQL [insert into users (name) values (?) returning user_id]; constraint [name]
could not execute statement [(conn=88) Duplicate entry 'dup5' for key 'name'] [insert into users (name) values (?) returning user_id]; SQL [insert into users (name) values (?) returning user_id]; constraint [name]
could not execute statement [(conn=84) Duplicate entry 'dup5' for key 'name'] [insert into users (name) values (?) returning user_id]; SQL [insert into users (name) values (?) returning user_id]; constraint [name]
could not execute statement [(conn=86) Duplicate entry 'dup5' for key 'name'] [insert into users (name) values (?) returning user_id]; SQL [insert into users (name) values (?) returning user_id]; constraint [name]
could not execute statement [(conn=89) Duplicate entry 'dup5' for key 'name'] [insert into users (name) values (?) returning user_id]; SQL [insert into users (name) values (?) returning user_id]; constraint [name]
could not execute statement [(conn=92) Duplicate entry 'dup5' for key 'name'] [insert into users (name) values (?) returning user_id]; SQL [insert into users (name) values (?) returning user_id]; constraint [name]
could not execute statement [(conn=87) Duplicate entry 'dup5' for key 'name'] [insert into users (name) values (?) returning user_id]; SQL [insert into users (name) values (?) returning user_id]; constraint [name]
could not execute statement [(conn=90) Duplicate entry 'dup5' for key 'name'] [insert into users (name) values (?) returning user_id]; SQL [insert into users (name) values (?) returning user_id]; constraint [name]
Hibernate: insert into users (name) values (?) returning user_id
Hibernate: insert into users (name) values (?) returning user_id
Hibernate: insert into users (name) values (?) returning user_id
Hibernate: insert into users (name) values (?) returning user_id
Hibernate: insert into users (name) values (?) returning user_id
Hibernate: insert into users (name) values (?) returning user_id
Hibernate: insert into users (name) values (?) returning user_id
Hibernate: insert into users (name) values (?) returning user_id
Hibernate: insert into users (name) values (?) returning user_id
Hibernate: insert into users (name) values (?) returning user_id
2024-07-05T19:14:36.487+09:00  WARN 10616 --- [boardPrac] [ol-2-thread-248] o.m.jdbc.message.server.ErrorPacket      : Error: 1062-23000: Duplicate entry 'dup5' for key 'name'
2024-07-05T19:14:36.487+09:00  WARN 10616 --- [boardPrac] [ol-2-thread-253] o.m.jdbc.message.server.ErrorPacket      : Error: 1062-23000: Duplicate entry 'dup5' for key 'name'
2024-07-05T19:14:36.487+09:00  WARN 10616 --- [boardPrac] [ol-2-thread-251] o.m.jdbc.message.server.ErrorPacket      : Error: 1062-23000: Duplicate entry 'dup5' for key 'name'
2024-07-05T19:14:36.487+09:00  WARN 10616 --- [boardPrac] [ol-2-thread-250] o.m.jdbc.message.server.ErrorPacket      : Error: 1062-23000: Duplicate entry 'dup5' for key 'name'
2024-07-05T19:14:36.487+09:00  WARN 10616 --- [boardPrac] [ol-2-thread-247] o.m.jdbc.message.server.ErrorPacket      : Error: 1062-23000: Duplicate entry 'dup5' for key 'name'
2024-07-05T19:14:36.487+09:00  WARN 10616 --- [boardPrac] [ol-2-thread-255] o.m.jdbc.message.server.ErrorPacket      : Error: 1062-23000: Duplicate entry 'dup5' for key 'name'
2024-07-05T19:14:36.488+09:00  WARN 10616 --- [boardPrac] [ol-2-thread-248] o.h.engine.jdbc.spi.SqlExceptionHelper   : SQL Error: 1062, SQLState: 23000
2024-07-05T19:14:36.488+09:00  WARN 10616 --- [boardPrac] [ol-2-thread-251] o.h.engine.jdbc.spi.SqlExceptionHelper   : SQL Error: 1062, SQLState: 23000
2024-07-05T19:14:36.488+09:00 ERROR 10616 --- [boardPrac] [ol-2-thread-248] o.h.engine.jdbc.spi.SqlExceptionHelper   : (conn=85) Duplicate entry 'dup5' for key 'name'
2024-07-05T19:14:36.488+09:00  WARN 10616 --- [boardPrac] [ol-2-thread-253] o.h.engine.jdbc.spi.SqlExceptionHelper   : SQL Error: 1062, SQLState: 23000
2024-07-05T19:14:36.488+09:00 ERROR 10616 --- [boardPrac] [ol-2-thread-251] o.h.engine.jdbc.spi.SqlExceptionHelper   : (conn=87) Duplicate entry 'dup5' for key 'name'
2024-07-05T19:14:36.488+09:00  WARN 10616 --- [boardPrac] [ol-2-thread-250] o.h.engine.jdbc.spi.SqlExceptionHelper   : SQL Error: 1062, SQLState: 23000
2024-07-05T19:14:36.488+09:00  WARN 10616 --- [boardPrac] [ol-2-thread-247] o.h.engine.jdbc.spi.SqlExceptionHelper   : SQL Error: 1062, SQLState: 23000
2024-07-05T19:14:36.488+09:00 ERROR 10616 --- [boardPrac] [ol-2-thread-250] o.h.engine.jdbc.spi.SqlExceptionHelper   : (conn=89) Duplicate entry 'dup5' for key 'name'
2024-07-05T19:14:36.488+09:00  WARN 10616 --- [boardPrac] [ol-2-thread-255] o.h.engine.jdbc.spi.SqlExceptionHelper   : SQL Error: 1062, SQLState: 23000
2024-07-05T19:14:36.488+09:00 ERROR 10616 --- [boardPrac] [ol-2-thread-247] o.h.engine.jdbc.spi.SqlExceptionHelper   : (conn=93) Duplicate entry 'dup5' for key 'name'
2024-07-05T19:14:36.488+09:00 ERROR 10616 --- [boardPrac] [ol-2-thread-255] o.h.engine.jdbc.spi.SqlExceptionHelper   : (conn=86) Duplicate entry 'dup5' for key 'name'
2024-07-05T19:14:36.488+09:00  WARN 10616 --- [boardPrac] [ol-2-thread-252] o.m.jdbc.message.server.ErrorPacket      : Error: 1062-23000: Duplicate entry 'dup5' for key 'name'
2024-07-05T19:14:36.488+09:00  WARN 10616 --- [boardPrac] [ol-2-thread-246] o.m.jdbc.message.server.ErrorPacket      : Error: 1062-23000: Duplicate entry 'dup5' for key 'name'
2024-07-05T19:14:36.488+09:00  WARN 10616 --- [boardPrac] [ol-2-thread-252] o.h.engine.jdbc.spi.SqlExceptionHelper   : SQL Error: 1062, SQLState: 23000
2024-07-05T19:14:36.488+09:00 ERROR 10616 --- [boardPrac] [ol-2-thread-252] o.h.engine.jdbc.spi.SqlExceptionHelper   : (conn=92) Duplicate entry 'dup5' for key 'name'
2024-07-05T19:14:36.488+09:00  WARN 10616 --- [boardPrac] [ol-2-thread-249] o.m.jdbc.message.server.ErrorPacket      : Error: 1062-23000: Duplicate entry 'dup5' for key 'name'
2024-07-05T19:14:36.488+09:00  WARN 10616 --- [boardPrac] [ol-2-thread-249] o.h.engine.jdbc.spi.SqlExceptionHelper   : SQL Error: 1062, SQLState: 23000
2024-07-05T19:14:36.488+09:00 ERROR 10616 --- [boardPrac] [ol-2-thread-249] o.h.engine.jdbc.spi.SqlExceptionHelper   : (conn=84) Duplicate entry 'dup5' for key 'name'
2024-07-05T19:14:36.488+09:00 ERROR 10616 --- [boardPrac] [ol-2-thread-253] o.h.engine.jdbc.spi.SqlExceptionHelper   : (conn=91) Duplicate entry 'dup5' for key 'name'
2024-07-05T19:14:36.488+09:00  WARN 10616 --- [boardPrac] [ol-2-thread-246] o.h.engine.jdbc.spi.SqlExceptionHelper   : SQL Error: 1062, SQLState: 23000
2024-07-05T19:14:36.488+09:00 ERROR 10616 --- [boardPrac] [ol-2-thread-246] o.h.engine.jdbc.spi.SqlExceptionHelper   : (conn=90) Duplicate entry 'dup5' for key 'name'
2024-07-05T19:14:36.487+09:00  WARN 10616 --- [boardPrac] [ol-2-thread-254] o.m.jdbc.message.server.ErrorPacket      : Error: 1062-23000: Duplicate entry 'dup5' for key 'name'
2024-07-05T19:14:36.488+09:00  WARN 10616 --- [boardPrac] [ol-2-thread-254] o.h.engine.jdbc.spi.SqlExceptionHelper   : SQL Error: 1062, SQLState: 23000
2024-07-05T19:14:36.488+09:00 ERROR 10616 --- [boardPrac] [ol-2-thread-254] o.h.engine.jdbc.spi.SqlExceptionHelper   : (conn=88) Duplicate entry 'dup5' for key 'name'
could not execute statement [(conn=93) Duplicate entry 'dup5' for key 'name'] [insert into users (name) values (?) returning user_id]; SQL [insert into users (name) values (?) returning user_id]; constraint [name]
could not execute statement [(conn=92) Duplicate entry 'dup5' for key 'name'] [insert into users (name) values (?) returning user_id]; SQL [insert into users (name) values (?) returning user_id]; constraint [name]
could not execute statement [(conn=87) Duplicate entry 'dup5' for key 'name'] [insert into users (name) values (?) returning user_id]; SQL [insert into users (name) values (?) returning user_id]; constraint [name]
could not execute statement [(conn=85) Duplicate entry 'dup5' for key 'name'] [insert into users (name) values (?) returning user_id]; SQL [insert into users (name) values (?) returning user_id]; constraint [name]
could not execute statement [(conn=89) Duplicate entry 'dup5' for key 'name'] [insert into users (name) values (?) returning user_id]; SQL [insert into users (name) values (?) returning user_id]; constraint [name]
could not execute statement [(conn=90) Duplicate entry 'dup5' for key 'name'] [insert into users (name) values (?) returning user_id]; SQL [insert into users (name) values (?) returning user_id]; constraint [name]
could not execute statement [(conn=84) Duplicate entry 'dup5' for key 'name'] [insert into users (name) values (?) returning user_id]; SQL [insert into users (name) values (?) returning user_id]; constraint [name]
could not execute statement [(conn=91) Duplicate entry 'dup5' for key 'name'] [insert into users (name) values (?) returning user_id]; SQL [insert into users (name) values (?) returning user_id]; constraint [name]
could not execute statement [(conn=86) Duplicate entry 'dup5' for key 'name'] [insert into users (name) values (?) returning user_id]; SQL [insert into users (name) values (?) returning user_id]; constraint [name]
could not execute statement [(conn=88) Duplicate entry 'dup5' for key 'name'] [insert into users (name) values (?) returning user_id]; SQL [insert into users (name) values (?) returning user_id]; constraint [name]
Hibernate: insert into users (name) values (?) returning user_id
Hibernate: insert into users (name) values (?) returning user_id
Hibernate: insert into users (name) values (?) returning user_id
Hibernate: insert into users (name) values (?) returning user_id
Hibernate: insert into users (name) values (?) returning user_id
Hibernate: insert into users (name) values (?) returning user_id
Hibernate: insert into users (name) values (?) returning user_id
Hibernate: insert into users (name) values (?) returning user_id
Hibernate: insert into users (name) values (?) returning user_id
Hibernate: insert into users (name) values (?) returning user_id
2024-07-05T19:14:36.496+09:00  WARN 10616 --- [boardPrac] [ol-2-thread-265] o.m.jdbc.message.server.ErrorPacket      : Error: 1062-23000: Duplicate entry 'dup5' for key 'name'
2024-07-05T19:14:36.496+09:00  WARN 10616 --- [boardPrac] [ol-2-thread-260] o.m.jdbc.message.server.ErrorPacket      : Error: 1062-23000: Duplicate entry 'dup5' for key 'name'
2024-07-05T19:14:36.496+09:00  WARN 10616 --- [boardPrac] [ol-2-thread-262] o.m.jdbc.message.server.ErrorPacket      : Error: 1062-23000: Duplicate entry 'dup5' for key 'name'
2024-07-05T19:14:36.496+09:00  WARN 10616 --- [boardPrac] [ol-2-thread-257] o.m.jdbc.message.server.ErrorPacket      : Error: 1062-23000: Duplicate entry 'dup5' for key 'name'
2024-07-05T19:14:36.496+09:00  WARN 10616 --- [boardPrac] [ol-2-thread-263] o.m.jdbc.message.server.ErrorPacket      : Error: 1062-23000: Duplicate entry 'dup5' for key 'name'
2024-07-05T19:14:36.496+09:00  WARN 10616 --- [boardPrac] [ol-2-thread-256] o.m.jdbc.message.server.ErrorPacket      : Error: 1062-23000: Duplicate entry 'dup5' for key 'name'
2024-07-05T19:14:36.496+09:00  WARN 10616 --- [boardPrac] [ol-2-thread-264] o.m.jdbc.message.server.ErrorPacket      : Error: 1062-23000: Duplicate entry 'dup5' for key 'name'
2024-07-05T19:14:36.496+09:00  WARN 10616 --- [boardPrac] [ol-2-thread-262] o.h.engine.jdbc.spi.SqlExceptionHelper   : SQL Error: 1062, SQLState: 23000
2024-07-05T19:14:36.496+09:00  WARN 10616 --- [boardPrac] [ol-2-thread-263] o.h.engine.jdbc.spi.SqlExceptionHelper   : SQL Error: 1062, SQLState: 23000
2024-07-05T19:14:36.496+09:00 ERROR 10616 --- [boardPrac] [ol-2-thread-262] o.h.engine.jdbc.spi.SqlExceptionHelper   : (conn=86) Duplicate entry 'dup5' for key 'name'
2024-07-05T19:14:36.496+09:00 ERROR 10616 --- [boardPrac] [ol-2-thread-263] o.h.engine.jdbc.spi.SqlExceptionHelper   : (conn=87) Duplicate entry 'dup5' for key 'name'
2024-07-05T19:14:36.496+09:00  WARN 10616 --- [boardPrac] [ol-2-thread-264] o.h.engine.jdbc.spi.SqlExceptionHelper   : SQL Error: 1062, SQLState: 23000
2024-07-05T19:14:36.496+09:00 ERROR 10616 --- [boardPrac] [ol-2-thread-264] o.h.engine.jdbc.spi.SqlExceptionHelper   : (conn=85) Duplicate entry 'dup5' for key 'name'
2024-07-05T19:14:36.496+09:00  WARN 10616 --- [boardPrac] [ol-2-thread-256] o.h.engine.jdbc.spi.SqlExceptionHelper   : SQL Error: 1062, SQLState: 23000
2024-07-05T19:14:36.496+09:00 ERROR 10616 --- [boardPrac] [ol-2-thread-256] o.h.engine.jdbc.spi.SqlExceptionHelper   : (conn=90) Duplicate entry 'dup5' for key 'name'
2024-07-05T19:14:36.496+09:00  WARN 10616 --- [boardPrac] [ol-2-thread-258] o.m.jdbc.message.server.ErrorPacket      : Error: 1062-23000: Duplicate entry 'dup5' for key 'name'
2024-07-05T19:14:36.496+09:00  WARN 10616 --- [boardPrac] [ol-2-thread-265] o.h.engine.jdbc.spi.SqlExceptionHelper   : SQL Error: 1062, SQLState: 23000
2024-07-05T19:14:36.496+09:00  WARN 10616 --- [boardPrac] [ol-2-thread-260] o.h.engine.jdbc.spi.SqlExceptionHelper   : SQL Error: 1062, SQLState: 23000
2024-07-05T19:14:36.496+09:00 ERROR 10616 --- [boardPrac] [ol-2-thread-265] o.h.engine.jdbc.spi.SqlExceptionHelper   : (conn=91) Duplicate entry 'dup5' for key 'name'
2024-07-05T19:14:36.496+09:00  WARN 10616 --- [boardPrac] [ol-2-thread-257] o.h.engine.jdbc.spi.SqlExceptionHelper   : SQL Error: 1062, SQLState: 23000
2024-07-05T19:14:36.496+09:00  WARN 10616 --- [boardPrac] [ol-2-thread-259] o.m.jdbc.message.server.ErrorPacket      : Error: 1062-23000: Duplicate entry 'dup5' for key 'name'
2024-07-05T19:14:36.496+09:00 ERROR 10616 --- [boardPrac] [ol-2-thread-260] o.h.engine.jdbc.spi.SqlExceptionHelper   : (conn=88) Duplicate entry 'dup5' for key 'name'
2024-07-05T19:14:36.496+09:00  WARN 10616 --- [boardPrac] [ol-2-thread-258] o.h.engine.jdbc.spi.SqlExceptionHelper   : SQL Error: 1062, SQLState: 23000
2024-07-05T19:14:36.496+09:00 ERROR 10616 --- [boardPrac] [ol-2-thread-257] o.h.engine.jdbc.spi.SqlExceptionHelper   : (conn=92) Duplicate entry 'dup5' for key 'name'
2024-07-05T19:14:36.497+09:00 ERROR 10616 --- [boardPrac] [ol-2-thread-258] o.h.engine.jdbc.spi.SqlExceptionHelper   : (conn=84) Duplicate entry 'dup5' for key 'name'
2024-07-05T19:14:36.497+09:00  WARN 10616 --- [boardPrac] [ol-2-thread-259] o.h.engine.jdbc.spi.SqlExceptionHelper   : SQL Error: 1062, SQLState: 23000
2024-07-05T19:14:36.497+09:00 ERROR 10616 --- [boardPrac] [ol-2-thread-259] o.h.engine.jdbc.spi.SqlExceptionHelper   : (conn=93) Duplicate entry 'dup5' for key 'name'
2024-07-05T19:14:36.497+09:00  WARN 10616 --- [boardPrac] [ol-2-thread-261] o.m.jdbc.message.server.ErrorPacket      : Error: 1062-23000: Duplicate entry 'dup5' for key 'name'
2024-07-05T19:14:36.497+09:00  WARN 10616 --- [boardPrac] [ol-2-thread-261] o.h.engine.jdbc.spi.SqlExceptionHelper   : SQL Error: 1062, SQLState: 23000
2024-07-05T19:14:36.497+09:00 ERROR 10616 --- [boardPrac] [ol-2-thread-261] o.h.engine.jdbc.spi.SqlExceptionHelper   : (conn=89) Duplicate entry 'dup5' for key 'name'
could not execute statement [(conn=90) Duplicate entry 'dup5' for key 'name'] [insert into users (name) values (?) returning user_id]; SQL [insert into users (name) values (?) returning user_id]; constraint [name]
could not execute statement [(conn=86) Duplicate entry 'dup5' for key 'name'] [insert into users (name) values (?) returning user_id]; SQL [insert into users (name) values (?) returning user_id]; constraint [name]
could not execute statement [(conn=93) Duplicate entry 'dup5' for key 'name'] [insert into users (name) values (?) returning user_id]; SQL [insert into users (name) values (?) returning user_id]; constraint [name]
could not execute statement [(conn=84) Duplicate entry 'dup5' for key 'name'] [insert into users (name) values (?) returning user_id]; SQL [insert into users (name) values (?) returning user_id]; constraint [name]
could not execute statement [(conn=91) Duplicate entry 'dup5' for key 'name'] [insert into users (name) values (?) returning user_id]; SQL [insert into users (name) values (?) returning user_id]; constraint [name]
could not execute statement [(conn=87) Duplicate entry 'dup5' for key 'name'] [insert into users (name) values (?) returning user_id]; SQL [insert into users (name) values (?) returning user_id]; constraint [name]
could not execute statement [(conn=85) Duplicate entry 'dup5' for key 'name'] [insert into users (name) values (?) returning user_id]; SQL [insert into users (name) values (?) returning user_id]; constraint [name]
could not execute statement [(conn=89) Duplicate entry 'dup5' for key 'name'] [insert into users (name) values (?) returning user_id]; SQL [insert into users (name) values (?) returning user_id]; constraint [name]
could not execute statement [(conn=92) Duplicate entry 'dup5' for key 'name'] [insert into users (name) values (?) returning user_id]; SQL [insert into users (name) values (?) returning user_id]; constraint [name]
could not execute statement [(conn=88) Duplicate entry 'dup5' for key 'name'] [insert into users (name) values (?) returning user_id]; SQL [insert into users (name) values (?) returning user_id]; constraint [name]
Hibernate: insert into users (name) values (?) returning user_id
Hibernate: insert into users (name) values (?) returning user_id
Hibernate: insert into users (name) values (?) returning user_id
Hibernate: insert into users (name) values (?) returning user_id
Hibernate: insert into users (name) values (?) returning user_id
Hibernate: insert into users (name) values (?) returning user_id
Hibernate: insert into users (name) values (?) returning user_id
Hibernate: insert into users (name) values (?) returning user_id
Hibernate: insert into users (name) values (?) returning user_id
Hibernate: insert into users (name) values (?) returning user_id
2024-07-05T19:14:36.506+09:00  WARN 10616 --- [boardPrac] [ol-2-thread-268] o.m.jdbc.message.server.ErrorPacket      : Error: 1062-23000: Duplicate entry 'dup5' for key 'name'
2024-07-05T19:14:36.506+09:00  WARN 10616 --- [boardPrac] [ol-2-thread-273] o.m.jdbc.message.server.ErrorPacket      : Error: 1062-23000: Duplicate entry 'dup5' for key 'name'
2024-07-05T19:14:36.506+09:00  WARN 10616 --- [boardPrac] [ol-2-thread-270] o.m.jdbc.message.server.ErrorPacket      : Error: 1062-23000: Duplicate entry 'dup5' for key 'name'
2024-07-05T19:14:36.506+09:00  WARN 10616 --- [boardPrac] [ol-2-thread-272] o.m.jdbc.message.server.ErrorPacket      : Error: 1062-23000: Duplicate entry 'dup5' for key 'name'
2024-07-05T19:14:36.506+09:00  WARN 10616 --- [boardPrac] [ol-2-thread-271] o.m.jdbc.message.server.ErrorPacket      : Error: 1062-23000: Duplicate entry 'dup5' for key 'name'
2024-07-05T19:14:36.506+09:00  WARN 10616 --- [boardPrac] [ol-2-thread-269] o.m.jdbc.message.server.ErrorPacket      : Error: 1062-23000: Duplicate entry 'dup5' for key 'name'
2024-07-05T19:14:36.506+09:00  WARN 10616 --- [boardPrac] [ol-2-thread-274] o.m.jdbc.message.server.ErrorPacket      : Error: 1062-23000: Duplicate entry 'dup5' for key 'name'
2024-07-05T19:14:36.506+09:00  WARN 10616 --- [boardPrac] [ol-2-thread-266] o.m.jdbc.message.server.ErrorPacket      : Error: 1062-23000: Duplicate entry 'dup5' for key 'name'
2024-07-05T19:14:36.506+09:00  WARN 10616 --- [boardPrac] [ol-2-thread-268] o.h.engine.jdbc.spi.SqlExceptionHelper   : SQL Error: 1062, SQLState: 23000
2024-07-05T19:14:36.506+09:00  WARN 10616 --- [boardPrac] [ol-2-thread-272] o.h.engine.jdbc.spi.SqlExceptionHelper   : SQL Error: 1062, SQLState: 23000
2024-07-05T19:14:36.506+09:00 ERROR 10616 --- [boardPrac] [ol-2-thread-268] o.h.engine.jdbc.spi.SqlExceptionHelper   : (conn=91) Duplicate entry 'dup5' for key 'name'
2024-07-05T19:14:36.506+09:00 ERROR 10616 --- [boardPrac] [ol-2-thread-272] o.h.engine.jdbc.spi.SqlExceptionHelper   : (conn=92) Duplicate entry 'dup5' for key 'name'
2024-07-05T19:14:36.506+09:00  WARN 10616 --- [boardPrac] [ol-2-thread-266] o.h.engine.jdbc.spi.SqlExceptionHelper   : SQL Error: 1062, SQLState: 23000
2024-07-05T19:14:36.506+09:00  WARN 10616 --- [boardPrac] [ol-2-thread-269] o.h.engine.jdbc.spi.SqlExceptionHelper   : SQL Error: 1062, SQLState: 23000
2024-07-05T19:14:36.506+09:00  WARN 10616 --- [boardPrac] [ol-2-thread-270] o.h.engine.jdbc.spi.SqlExceptionHelper   : SQL Error: 1062, SQLState: 23000
2024-07-05T19:14:36.506+09:00 ERROR 10616 --- [boardPrac] [ol-2-thread-269] o.h.engine.jdbc.spi.SqlExceptionHelper   : (conn=85) Duplicate entry 'dup5' for key 'name'
2024-07-05T19:14:36.506+09:00 ERROR 10616 --- [boardPrac] [ol-2-thread-270] o.h.engine.jdbc.spi.SqlExceptionHelper   : (conn=84) Duplicate entry 'dup5' for key 'name'
2024-07-05T19:14:36.506+09:00  WARN 10616 --- [boardPrac] [ol-2-thread-267] o.m.jdbc.message.server.ErrorPacket      : Error: 1062-23000: Duplicate entry 'dup5' for key 'name'
2024-07-05T19:14:36.506+09:00  WARN 10616 --- [boardPrac] [ol-2-thread-275] o.m.jdbc.message.server.ErrorPacket      : Error: 1062-23000: Duplicate entry 'dup5' for key 'name'
2024-07-05T19:14:36.506+09:00  WARN 10616 --- [boardPrac] [ol-2-thread-273] o.h.engine.jdbc.spi.SqlExceptionHelper   : SQL Error: 1062, SQLState: 23000
2024-07-05T19:14:36.506+09:00  WARN 10616 --- [boardPrac] [ol-2-thread-271] o.h.engine.jdbc.spi.SqlExceptionHelper   : SQL Error: 1062, SQLState: 23000
2024-07-05T19:14:36.506+09:00 ERROR 10616 --- [boardPrac] [ol-2-thread-273] o.h.engine.jdbc.spi.SqlExceptionHelper   : (conn=86) Duplicate entry 'dup5' for key 'name'
2024-07-05T19:14:36.506+09:00  WARN 10616 --- [boardPrac] [ol-2-thread-274] o.h.engine.jdbc.spi.SqlExceptionHelper   : SQL Error: 1062, SQLState: 23000
2024-07-05T19:14:36.506+09:00  WARN 10616 --- [boardPrac] [ol-2-thread-275] o.h.engine.jdbc.spi.SqlExceptionHelper   : SQL Error: 1062, SQLState: 23000
2024-07-05T19:14:36.506+09:00 ERROR 10616 --- [boardPrac] [ol-2-thread-274] o.h.engine.jdbc.spi.SqlExceptionHelper   : (conn=93) Duplicate entry 'dup5' for key 'name'
2024-07-05T19:14:36.506+09:00 ERROR 10616 --- [boardPrac] [ol-2-thread-275] o.h.engine.jdbc.spi.SqlExceptionHelper   : (conn=88) Duplicate entry 'dup5' for key 'name'
2024-07-05T19:14:36.506+09:00 ERROR 10616 --- [boardPrac] [ol-2-thread-266] o.h.engine.jdbc.spi.SqlExceptionHelper   : (conn=89) Duplicate entry 'dup5' for key 'name'
2024-07-05T19:14:36.506+09:00  WARN 10616 --- [boardPrac] [ol-2-thread-267] o.h.engine.jdbc.spi.SqlExceptionHelper   : SQL Error: 1062, SQLState: 23000
2024-07-05T19:14:36.506+09:00 ERROR 10616 --- [boardPrac] [ol-2-thread-271] o.h.engine.jdbc.spi.SqlExceptionHelper   : (conn=90) Duplicate entry 'dup5' for key 'name'
2024-07-05T19:14:36.506+09:00 ERROR 10616 --- [boardPrac] [ol-2-thread-267] o.h.engine.jdbc.spi.SqlExceptionHelper   : (conn=87) Duplicate entry 'dup5' for key 'name'
could not execute statement [(conn=89) Duplicate entry 'dup5' for key 'name'] [insert into users (name) values (?) returning user_id]; SQL [insert into users (name) values (?) returning user_id]; constraint [name]
could not execute statement [(conn=85) Duplicate entry 'dup5' for key 'name'] [insert into users (name) values (?) returning user_id]; SQL [insert into users (name) values (?) returning user_id]; constraint [name]
could not execute statement [(conn=86) Duplicate entry 'dup5' for key 'name'] [insert into users (name) values (?) returning user_id]; SQL [insert into users (name) values (?) returning user_id]; constraint [name]
could not execute statement [(conn=88) Duplicate entry 'dup5' for key 'name'] [insert into users (name) values (?) returning user_id]; SQL [insert into users (name) values (?) returning user_id]; constraint [name]
could not execute statement [(conn=91) Duplicate entry 'dup5' for key 'name'] [insert into users (name) values (?) returning user_id]; SQL [insert into users (name) values (?) returning user_id]; constraint [name]
could not execute statement [(conn=87) Duplicate entry 'dup5' for key 'name'] [insert into users (name) values (?) returning user_id]; SQL [insert into users (name) values (?) returning user_id]; constraint [name]
could not execute statement [(conn=84) Duplicate entry 'dup5' for key 'name'] [insert into users (name) values (?) returning user_id]; SQL [insert into users (name) values (?) returning user_id]; constraint [name]
could not execute statement [(conn=90) Duplicate entry 'dup5' for key 'name'] [insert into users (name) values (?) returning user_id]; SQL [insert into users (name) values (?) returning user_id]; constraint [name]
could not execute statement [(conn=93) Duplicate entry 'dup5' for key 'name'] [insert into users (name) values (?) returning user_id]; SQL [insert into users (name) values (?) returning user_id]; constraint [name]
could not execute statement [(conn=92) Duplicate entry 'dup5' for key 'name'] [insert into users (name) values (?) returning user_id]; SQL [insert into users (name) values (?) returning user_id]; constraint [name]
Hibernate: insert into users (name) values (?) returning user_id
Hibernate: insert into users (name) values (?) returning user_id
Hibernate: insert into users (name) values (?) returning user_id
Hibernate: insert into users (name) values (?) returning user_id
Hibernate: insert into users (name) values (?) returning user_id
Hibernate: insert into users (name) values (?) returning user_id
Hibernate: insert into users (name) values (?) returning user_id
Hibernate: insert into users (name) values (?) returning user_id
Hibernate: insert into users (name) values (?) returning user_id
Hibernate: insert into users (name) values (?) returning user_id
2024-07-05T19:14:36.516+09:00  WARN 10616 --- [boardPrac] [ol-2-thread-284] o.m.jdbc.message.server.ErrorPacket      : Error: 1062-23000: Duplicate entry 'dup5' for key 'name'
2024-07-05T19:14:36.516+09:00  WARN 10616 --- [boardPrac] [ol-2-thread-282] o.m.jdbc.message.server.ErrorPacket      : Error: 1062-23000: Duplicate entry 'dup5' for key 'name'
2024-07-05T19:14:36.516+09:00  WARN 10616 --- [boardPrac] [ol-2-thread-277] o.m.jdbc.message.server.ErrorPacket      : Error: 1062-23000: Duplicate entry 'dup5' for key 'name'
2024-07-05T19:14:36.516+09:00  WARN 10616 --- [boardPrac] [ol-2-thread-285] o.m.jdbc.message.server.ErrorPacket      : Error: 1062-23000: Duplicate entry 'dup5' for key 'name'
2024-07-05T19:14:36.517+09:00  WARN 10616 --- [boardPrac] [ol-2-thread-282] o.h.engine.jdbc.spi.SqlExceptionHelper   : SQL Error: 1062, SQLState: 23000
2024-07-05T19:14:36.517+09:00  WARN 10616 --- [boardPrac] [ol-2-thread-284] o.h.engine.jdbc.spi.SqlExceptionHelper   : SQL Error: 1062, SQLState: 23000
2024-07-05T19:14:36.517+09:00  WARN 10616 --- [boardPrac] [ol-2-thread-285] o.h.engine.jdbc.spi.SqlExceptionHelper   : SQL Error: 1062, SQLState: 23000
2024-07-05T19:14:36.517+09:00  WARN 10616 --- [boardPrac] [ol-2-thread-277] o.h.engine.jdbc.spi.SqlExceptionHelper   : SQL Error: 1062, SQLState: 23000
2024-07-05T19:14:36.517+09:00  WARN 10616 --- [boardPrac] [ol-2-thread-279] o.m.jdbc.message.server.ErrorPacket      : Error: 1062-23000: Duplicate entry 'dup5' for key 'name'
2024-07-05T19:14:36.517+09:00 ERROR 10616 --- [boardPrac] [ol-2-thread-282] o.h.engine.jdbc.spi.SqlExceptionHelper   : (conn=91) Duplicate entry 'dup5' for key 'name'
2024-07-05T19:14:36.517+09:00  WARN 10616 --- [boardPrac] [ol-2-thread-281] o.m.jdbc.message.server.ErrorPacket      : Error: 1062-23000: Duplicate entry 'dup5' for key 'name'
2024-07-05T19:14:36.517+09:00 ERROR 10616 --- [boardPrac] [ol-2-thread-284] o.h.engine.jdbc.spi.SqlExceptionHelper   : (conn=90) Duplicate entry 'dup5' for key 'name'
2024-07-05T19:14:36.517+09:00  WARN 10616 --- [boardPrac] [ol-2-thread-279] o.h.engine.jdbc.spi.SqlExceptionHelper   : SQL Error: 1062, SQLState: 23000
2024-07-05T19:14:36.517+09:00  WARN 10616 --- [boardPrac] [ol-2-thread-280] o.m.jdbc.message.server.ErrorPacket      : Error: 1062-23000: Duplicate entry 'dup5' for key 'name'
2024-07-05T19:14:36.517+09:00  WARN 10616 --- [boardPrac] [ol-2-thread-281] o.h.engine.jdbc.spi.SqlExceptionHelper   : SQL Error: 1062, SQLState: 23000
2024-07-05T19:14:36.517+09:00  WARN 10616 --- [boardPrac] [ol-2-thread-276] o.m.jdbc.message.server.ErrorPacket      : Error: 1062-23000: Duplicate entry 'dup5' for key 'name'
2024-07-05T19:14:36.517+09:00 ERROR 10616 --- [boardPrac] [ol-2-thread-285] o.h.engine.jdbc.spi.SqlExceptionHelper   : (conn=92) Duplicate entry 'dup5' for key 'name'
2024-07-05T19:14:36.517+09:00  WARN 10616 --- [boardPrac] [ol-2-thread-278] o.m.jdbc.message.server.ErrorPacket      : Error: 1062-23000: Duplicate entry 'dup5' for key 'name'
2024-07-05T19:14:36.517+09:00  WARN 10616 --- [boardPrac] [ol-2-thread-283] o.m.jdbc.message.server.ErrorPacket      : Error: 1062-23000: Duplicate entry 'dup5' for key 'name'
2024-07-05T19:14:36.517+09:00 ERROR 10616 --- [boardPrac] [ol-2-thread-277] o.h.engine.jdbc.spi.SqlExceptionHelper   : (conn=85) Duplicate entry 'dup5' for key 'name'
2024-07-05T19:14:36.517+09:00  WARN 10616 --- [boardPrac] [ol-2-thread-278] o.h.engine.jdbc.spi.SqlExceptionHelper   : SQL Error: 1062, SQLState: 23000
2024-07-05T19:14:36.517+09:00 ERROR 10616 --- [boardPrac] [ol-2-thread-278] o.h.engine.jdbc.spi.SqlExceptionHelper   : (conn=88) Duplicate entry 'dup5' for key 'name'
2024-07-05T19:14:36.517+09:00 ERROR 10616 --- [boardPrac] [ol-2-thread-279] o.h.engine.jdbc.spi.SqlExceptionHelper   : (conn=89) Duplicate entry 'dup5' for key 'name'
2024-07-05T19:14:36.517+09:00 ERROR 10616 --- [boardPrac] [ol-2-thread-281] o.h.engine.jdbc.spi.SqlExceptionHelper   : (conn=84) Duplicate entry 'dup5' for key 'name'
2024-07-05T19:14:36.517+09:00  WARN 10616 --- [boardPrac] [ol-2-thread-276] o.h.engine.jdbc.spi.SqlExceptionHelper   : SQL Error: 1062, SQLState: 23000
2024-07-05T19:14:36.517+09:00  WARN 10616 --- [boardPrac] [ol-2-thread-280] o.h.engine.jdbc.spi.SqlExceptionHelper   : SQL Error: 1062, SQLState: 23000
2024-07-05T19:14:36.517+09:00 ERROR 10616 --- [boardPrac] [ol-2-thread-276] o.h.engine.jdbc.spi.SqlExceptionHelper   : (conn=86) Duplicate entry 'dup5' for key 'name'
2024-07-05T19:14:36.517+09:00  WARN 10616 --- [boardPrac] [ol-2-thread-283] o.h.engine.jdbc.spi.SqlExceptionHelper   : SQL Error: 1062, SQLState: 23000
2024-07-05T19:14:36.517+09:00 ERROR 10616 --- [boardPrac] [ol-2-thread-280] o.h.engine.jdbc.spi.SqlExceptionHelper   : (conn=87) Duplicate entry 'dup5' for key 'name'
2024-07-05T19:14:36.517+09:00 ERROR 10616 --- [boardPrac] [ol-2-thread-283] o.h.engine.jdbc.spi.SqlExceptionHelper   : (conn=93) Duplicate entry 'dup5' for key 'name'
could not execute statement [(conn=84) Duplicate entry 'dup5' for key 'name'] [insert into users (name) values (?) returning user_id]; SQL [insert into users (name) values (?) returning user_id]; constraint [name]
could not execute statement [(conn=89) Duplicate entry 'dup5' for key 'name'] [insert into users (name) values (?) returning user_id]; SQL [insert into users (name) values (?) returning user_id]; constraint [name]
could not execute statement [(conn=87) Duplicate entry 'dup5' for key 'name'] [insert into users (name) values (?) returning user_id]; SQL [insert into users (name) values (?) returning user_id]; constraint [name]
could not execute statement [(conn=91) Duplicate entry 'dup5' for key 'name'] [insert into users (name) values (?) returning user_id]; SQL [insert into users (name) values (?) returning user_id]; constraint [name]
could not execute statement [(conn=88) Duplicate entry 'dup5' for key 'name'] [insert into users (name) values (?) returning user_id]; SQL [insert into users (name) values (?) returning user_id]; constraint [name]
could not execute statement [(conn=86) Duplicate entry 'dup5' for key 'name'] [insert into users (name) values (?) returning user_id]; SQL [insert into users (name) values (?) returning user_id]; constraint [name]
could not execute statement [(conn=85) Duplicate entry 'dup5' for key 'name'] [insert into users (name) values (?) returning user_id]; SQL [insert into users (name) values (?) returning user_id]; constraint [name]
could not execute statement [(conn=90) Duplicate entry 'dup5' for key 'name'] [insert into users (name) values (?) returning user_id]; SQL [insert into users (name) values (?) returning user_id]; constraint [name]
could not execute statement [(conn=92) Duplicate entry 'dup5' for key 'name'] [insert into users (name) values (?) returning user_id]; SQL [insert into users (name) values (?) returning user_id]; constraint [name]
could not execute statement [(conn=93) Duplicate entry 'dup5' for key 'name'] [insert into users (name) values (?) returning user_id]; SQL [insert into users (name) values (?) returning user_id]; constraint [name]
Hibernate: insert into users (name) values (?) returning user_id
Hibernate: insert into users (name) values (?) returning user_id
Hibernate: insert into users (name) values (?) returning user_id
Hibernate: insert into users (name) values (?) returning user_id
Hibernate: insert into users (name) values (?) returning user_id
Hibernate: insert into users (name) values (?) returning user_id
Hibernate: insert into users (name) values (?) returning user_id
Hibernate: insert into users (name) values (?) returning user_id
Hibernate: insert into users (name) values (?) returning user_id
Hibernate: insert into users (name) values (?) returning user_id
2024-07-05T19:14:36.526+09:00  WARN 10616 --- [boardPrac] [ol-2-thread-286] o.m.jdbc.message.server.ErrorPacket      : Error: 1062-23000: Duplicate entry 'dup5' for key 'name'
2024-07-05T19:14:36.526+09:00  WARN 10616 --- [boardPrac] [ol-2-thread-287] o.m.jdbc.message.server.ErrorPacket      : Error: 1062-23000: Duplicate entry 'dup5' for key 'name'
2024-07-05T19:14:36.527+09:00  WARN 10616 --- [boardPrac] [ol-2-thread-295] o.m.jdbc.message.server.ErrorPacket      : Error: 1062-23000: Duplicate entry 'dup5' for key 'name'
2024-07-05T19:14:36.527+09:00  WARN 10616 --- [boardPrac] [ol-2-thread-292] o.m.jdbc.message.server.ErrorPacket      : Error: 1062-23000: Duplicate entry 'dup5' for key 'name'
2024-07-05T19:14:36.527+09:00  WARN 10616 --- [boardPrac] [ol-2-thread-287] o.h.engine.jdbc.spi.SqlExceptionHelper   : SQL Error: 1062, SQLState: 23000
2024-07-05T19:14:36.527+09:00  WARN 10616 --- [boardPrac] [ol-2-thread-290] o.m.jdbc.message.server.ErrorPacket      : Error: 1062-23000: Duplicate entry 'dup5' for key 'name'
2024-07-05T19:14:36.527+09:00 ERROR 10616 --- [boardPrac] [ol-2-thread-287] o.h.engine.jdbc.spi.SqlExceptionHelper   : (conn=84) Duplicate entry 'dup5' for key 'name'
2024-07-05T19:14:36.527+09:00  WARN 10616 --- [boardPrac] [ol-2-thread-292] o.h.engine.jdbc.spi.SqlExceptionHelper   : SQL Error: 1062, SQLState: 23000
2024-07-05T19:14:36.527+09:00  WARN 10616 --- [boardPrac] [ol-2-thread-286] o.h.engine.jdbc.spi.SqlExceptionHelper   : SQL Error: 1062, SQLState: 23000
2024-07-05T19:14:36.527+09:00 ERROR 10616 --- [boardPrac] [ol-2-thread-292] o.h.engine.jdbc.spi.SqlExceptionHelper   : (conn=86) Duplicate entry 'dup5' for key 'name'
2024-07-05T19:14:36.527+09:00 ERROR 10616 --- [boardPrac] [ol-2-thread-286] o.h.engine.jdbc.spi.SqlExceptionHelper   : (conn=92) Duplicate entry 'dup5' for key 'name'
2024-07-05T19:14:36.527+09:00  WARN 10616 --- [boardPrac] [ol-2-thread-290] o.h.engine.jdbc.spi.SqlExceptionHelper   : SQL Error: 1062, SQLState: 23000
2024-07-05T19:14:36.527+09:00  WARN 10616 --- [boardPrac] [ol-2-thread-295] o.h.engine.jdbc.spi.SqlExceptionHelper   : SQL Error: 1062, SQLState: 23000
2024-07-05T19:14:36.527+09:00  WARN 10616 --- [boardPrac] [ol-2-thread-291] o.m.jdbc.message.server.ErrorPacket      : Error: 1062-23000: Duplicate entry 'dup5' for key 'name'
2024-07-05T19:14:36.527+09:00  WARN 10616 --- [boardPrac] [ol-2-thread-289] o.m.jdbc.message.server.ErrorPacket      : Error: 1062-23000: Duplicate entry 'dup5' for key 'name'
2024-07-05T19:14:36.527+09:00  WARN 10616 --- [boardPrac] [ol-2-thread-291] o.h.engine.jdbc.spi.SqlExceptionHelper   : SQL Error: 1062, SQLState: 23000
2024-07-05T19:14:36.527+09:00 ERROR 10616 --- [boardPrac] [ol-2-thread-295] o.h.engine.jdbc.spi.SqlExceptionHelper   : (conn=90) Duplicate entry 'dup5' for key 'name'
2024-07-05T19:14:36.527+09:00 ERROR 10616 --- [boardPrac] [ol-2-thread-291] o.h.engine.jdbc.spi.SqlExceptionHelper   : (conn=88) Duplicate entry 'dup5' for key 'name'
2024-07-05T19:14:36.527+09:00 ERROR 10616 --- [boardPrac] [ol-2-thread-290] o.h.engine.jdbc.spi.SqlExceptionHelper   : (conn=91) Duplicate entry 'dup5' for key 'name'
2024-07-05T19:14:36.527+09:00  WARN 10616 --- [boardPrac] [ol-2-thread-294] o.m.jdbc.message.server.ErrorPacket      : Error: 1062-23000: Duplicate entry 'dup5' for key 'name'
2024-07-05T19:14:36.527+09:00  WARN 10616 --- [boardPrac] [ol-2-thread-293] o.m.jdbc.message.server.ErrorPacket      : Error: 1062-23000: Duplicate entry 'dup5' for key 'name'
2024-07-05T19:14:36.527+09:00  WARN 10616 --- [boardPrac] [ol-2-thread-289] o.h.engine.jdbc.spi.SqlExceptionHelper   : SQL Error: 1062, SQLState: 23000
2024-07-05T19:14:36.527+09:00  WARN 10616 --- [boardPrac] [ol-2-thread-294] o.h.engine.jdbc.spi.SqlExceptionHelper   : SQL Error: 1062, SQLState: 23000
2024-07-05T19:14:36.527+09:00 ERROR 10616 --- [boardPrac] [ol-2-thread-294] o.h.engine.jdbc.spi.SqlExceptionHelper   : (conn=93) Duplicate entry 'dup5' for key 'name'
2024-07-05T19:14:36.527+09:00 ERROR 10616 --- [boardPrac] [ol-2-thread-289] o.h.engine.jdbc.spi.SqlExceptionHelper   : (conn=85) Duplicate entry 'dup5' for key 'name'
2024-07-05T19:14:36.527+09:00  WARN 10616 --- [boardPrac] [ol-2-thread-293] o.h.engine.jdbc.spi.SqlExceptionHelper   : SQL Error: 1062, SQLState: 23000
2024-07-05T19:14:36.527+09:00 ERROR 10616 --- [boardPrac] [ol-2-thread-293] o.h.engine.jdbc.spi.SqlExceptionHelper   : (conn=89) Duplicate entry 'dup5' for key 'name'
2024-07-05T19:14:36.527+09:00  WARN 10616 --- [boardPrac] [ol-2-thread-288] o.m.jdbc.message.server.ErrorPacket      : Error: 1062-23000: Duplicate entry 'dup5' for key 'name'
2024-07-05T19:14:36.527+09:00  WARN 10616 --- [boardPrac] [ol-2-thread-288] o.h.engine.jdbc.spi.SqlExceptionHelper   : SQL Error: 1062, SQLState: 23000
2024-07-05T19:14:36.527+09:00 ERROR 10616 --- [boardPrac] [ol-2-thread-288] o.h.engine.jdbc.spi.SqlExceptionHelper   : (conn=87) Duplicate entry 'dup5' for key 'name'
could not execute statement [(conn=85) Duplicate entry 'dup5' for key 'name'] [insert into users (name) values (?) returning user_id]; SQL [insert into users (name) values (?) returning user_id]; constraint [name]
could not execute statement [(conn=89) Duplicate entry 'dup5' for key 'name'] [insert into users (name) values (?) returning user_id]; SQL [insert into users (name) values (?) returning user_id]; constraint [name]
could not execute statement [(conn=86) Duplicate entry 'dup5' for key 'name'] [insert into users (name) values (?) returning user_id]; SQL [insert into users (name) values (?) returning user_id]; constraint [name]
could not execute statement [(conn=87) Duplicate entry 'dup5' for key 'name'] [insert into users (name) values (?) returning user_id]; SQL [insert into users (name) values (?) returning user_id]; constraint [name]
could not execute statement [(conn=93) Duplicate entry 'dup5' for key 'name'] [insert into users (name) values (?) returning user_id]; SQL [insert into users (name) values (?) returning user_id]; constraint [name]
could not execute statement [(conn=88) Duplicate entry 'dup5' for key 'name'] [insert into users (name) values (?) returning user_id]; SQL [insert into users (name) values (?) returning user_id]; constraint [name]
could not execute statement [(conn=90) Duplicate entry 'dup5' for key 'name'] [insert into users (name) values (?) returning user_id]; SQL [insert into users (name) values (?) returning user_id]; constraint [name]
could not execute statement [(conn=92) Duplicate entry 'dup5' for key 'name'] [insert into users (name) values (?) returning user_id]; SQL [insert into users (name) values (?) returning user_id]; constraint [name]
could not execute statement [(conn=84) Duplicate entry 'dup5' for key 'name'] [insert into users (name) values (?) returning user_id]; SQL [insert into users (name) values (?) returning user_id]; constraint [name]
could not execute statement [(conn=91) Duplicate entry 'dup5' for key 'name'] [insert into users (name) values (?) returning user_id]; SQL [insert into users (name) values (?) returning user_id]; constraint [name]
Hibernate: insert into users (name) values (?) returning user_id
Hibernate: insert into users (name) values (?) returning user_id
Hibernate: insert into users (name) values (?) returning user_id
Hibernate: insert into users (name) values (?) returning user_id
Hibernate: insert into users (name) values (?) returning user_id
Hibernate: insert into users (name) values (?) returning user_id
Hibernate: insert into users (name) values (?) returning user_id
Hibernate: insert into users (name) values (?) returning user_id
Hibernate: insert into users (name) values (?) returning user_id
Hibernate: insert into users (name) values (?) returning user_id
2024-07-05T19:14:36.538+09:00  WARN 10616 --- [boardPrac] [ol-2-thread-301] o.m.jdbc.message.server.ErrorPacket      : Error: 1062-23000: Duplicate entry 'dup5' for key 'name'
2024-07-05T19:14:36.538+09:00  WARN 10616 --- [boardPrac] [ol-2-thread-302] o.m.jdbc.message.server.ErrorPacket      : Error: 1062-23000: Duplicate entry 'dup5' for key 'name'
2024-07-05T19:14:36.539+09:00  WARN 10616 --- [boardPrac] [ol-2-thread-299] o.m.jdbc.message.server.ErrorPacket      : Error: 1062-23000: Duplicate entry 'dup5' for key 'name'
2024-07-05T19:14:36.539+09:00  WARN 10616 --- [boardPrac] [ol-2-thread-296] o.m.jdbc.message.server.ErrorPacket      : Error: 1062-23000: Duplicate entry 'dup5' for key 'name'
2024-07-05T19:14:36.539+09:00  WARN 10616 --- [boardPrac] [ol-2-thread-304] o.m.jdbc.message.server.ErrorPacket      : Error: 1062-23000: Duplicate entry 'dup5' for key 'name'
2024-07-05T19:14:36.539+09:00  WARN 10616 --- [boardPrac] [ol-2-thread-297] o.m.jdbc.message.server.ErrorPacket      : Error: 1062-23000: Duplicate entry 'dup5' for key 'name'
2024-07-05T19:14:36.539+09:00  WARN 10616 --- [boardPrac] [ol-2-thread-299] o.h.engine.jdbc.spi.SqlExceptionHelper   : SQL Error: 1062, SQLState: 23000
2024-07-05T19:14:36.539+09:00  WARN 10616 --- [boardPrac] [ol-2-thread-302] o.h.engine.jdbc.spi.SqlExceptionHelper   : SQL Error: 1062, SQLState: 23000
2024-07-05T19:14:36.539+09:00  WARN 10616 --- [boardPrac] [ol-2-thread-303] o.m.jdbc.message.server.ErrorPacket      : Error: 1062-23000: Duplicate entry 'dup5' for key 'name'
2024-07-05T19:14:36.539+09:00  WARN 10616 --- [boardPrac] [ol-2-thread-296] o.h.engine.jdbc.spi.SqlExceptionHelper   : SQL Error: 1062, SQLState: 23000
2024-07-05T19:14:36.539+09:00 ERROR 10616 --- [boardPrac] [ol-2-thread-299] o.h.engine.jdbc.spi.SqlExceptionHelper   : (conn=87) Duplicate entry 'dup5' for key 'name'
2024-07-05T19:14:36.539+09:00 ERROR 10616 --- [boardPrac] [ol-2-thread-296] o.h.engine.jdbc.spi.SqlExceptionHelper   : (conn=85) Duplicate entry 'dup5' for key 'name'
2024-07-05T19:14:36.539+09:00  WARN 10616 --- [boardPrac] [ol-2-thread-304] o.h.engine.jdbc.spi.SqlExceptionHelper   : SQL Error: 1062, SQLState: 23000
2024-07-05T19:14:36.539+09:00 ERROR 10616 --- [boardPrac] [ol-2-thread-302] o.h.engine.jdbc.spi.SqlExceptionHelper   : (conn=90) Duplicate entry 'dup5' for key 'name'
2024-07-05T19:14:36.539+09:00 ERROR 10616 --- [boardPrac] [ol-2-thread-304] o.h.engine.jdbc.spi.SqlExceptionHelper   : (conn=84) Duplicate entry 'dup5' for key 'name'
2024-07-05T19:14:36.539+09:00  WARN 10616 --- [boardPrac] [ol-2-thread-301] o.h.engine.jdbc.spi.SqlExceptionHelper   : SQL Error: 1062, SQLState: 23000
2024-07-05T19:14:36.539+09:00 ERROR 10616 --- [boardPrac] [ol-2-thread-301] o.h.engine.jdbc.spi.SqlExceptionHelper   : (conn=93) Duplicate entry 'dup5' for key 'name'
2024-07-05T19:14:36.539+09:00  WARN 10616 --- [boardPrac] [ol-2-thread-297] o.h.engine.jdbc.spi.SqlExceptionHelper   : SQL Error: 1062, SQLState: 23000
2024-07-05T19:14:36.539+09:00  WARN 10616 --- [boardPrac] [ol-2-thread-303] o.h.engine.jdbc.spi.SqlExceptionHelper   : SQL Error: 1062, SQLState: 23000
2024-07-05T19:14:36.539+09:00 ERROR 10616 --- [boardPrac] [ol-2-thread-297] o.h.engine.jdbc.spi.SqlExceptionHelper   : (conn=86) Duplicate entry 'dup5' for key 'name'
2024-07-05T19:14:36.539+09:00 ERROR 10616 --- [boardPrac] [ol-2-thread-303] o.h.engine.jdbc.spi.SqlExceptionHelper   : (conn=92) Duplicate entry 'dup5' for key 'name'
2024-07-05T19:14:36.540+09:00  WARN 10616 --- [boardPrac] [ol-2-thread-300] o.m.jdbc.message.server.ErrorPacket      : Error: 1062-23000: Duplicate entry 'dup5' for key 'name'
2024-07-05T19:14:36.540+09:00  WARN 10616 --- [boardPrac] [ol-2-thread-298] o.m.jdbc.message.server.ErrorPacket      : Error: 1062-23000: Duplicate entry 'dup5' for key 'name'
2024-07-05T19:14:36.540+09:00  WARN 10616 --- [boardPrac] [ol-2-thread-305] o.m.jdbc.message.server.ErrorPacket      : Error: 1062-23000: Duplicate entry 'dup5' for key 'name'
2024-07-05T19:14:36.540+09:00  WARN 10616 --- [boardPrac] [ol-2-thread-298] o.h.engine.jdbc.spi.SqlExceptionHelper   : SQL Error: 1062, SQLState: 23000
2024-07-05T19:14:36.540+09:00  WARN 10616 --- [boardPrac] [ol-2-thread-300] o.h.engine.jdbc.spi.SqlExceptionHelper   : SQL Error: 1062, SQLState: 23000
2024-07-05T19:14:36.540+09:00 ERROR 10616 --- [boardPrac] [ol-2-thread-298] o.h.engine.jdbc.spi.SqlExceptionHelper   : (conn=89) Duplicate entry 'dup5' for key 'name'
2024-07-05T19:14:36.540+09:00 ERROR 10616 --- [boardPrac] [ol-2-thread-300] o.h.engine.jdbc.spi.SqlExceptionHelper   : (conn=88) Duplicate entry 'dup5' for key 'name'
2024-07-05T19:14:36.540+09:00  WARN 10616 --- [boardPrac] [ol-2-thread-305] o.h.engine.jdbc.spi.SqlExceptionHelper   : SQL Error: 1062, SQLState: 23000
2024-07-05T19:14:36.540+09:00 ERROR 10616 --- [boardPrac] [ol-2-thread-305] o.h.engine.jdbc.spi.SqlExceptionHelper   : (conn=91) Duplicate entry 'dup5' for key 'name'
could not execute statement [(conn=88) Duplicate entry 'dup5' for key 'name'] [insert into users (name) values (?) returning user_id]; SQL [insert into users (name) values (?) returning user_id]; constraint [name]
could not execute statement [(conn=85) Duplicate entry 'dup5' for key 'name'] [insert into users (name) values (?) returning user_id]; SQL [insert into users (name) values (?) returning user_id]; constraint [name]
could not execute statement [(conn=87) Duplicate entry 'dup5' for key 'name'] [insert into users (name) values (?) returning user_id]; SQL [insert into users (name) values (?) returning user_id]; constraint [name]
could not execute statement [(conn=89) Duplicate entry 'dup5' for key 'name'] [insert into users (name) values (?) returning user_id]; SQL [insert into users (name) values (?) returning user_id]; constraint [name]
could not execute statement [(conn=90) Duplicate entry 'dup5' for key 'name'] [insert into users (name) values (?) returning user_id]; SQL [insert into users (name) values (?) returning user_id]; constraint [name]
could not execute statement [(conn=86) Duplicate entry 'dup5' for key 'name'] [insert into users (name) values (?) returning user_id]; SQL [insert into users (name) values (?) returning user_id]; constraint [name]
could not execute statement [(conn=91) Duplicate entry 'dup5' for key 'name'] [insert into users (name) values (?) returning user_id]; SQL [insert into users (name) values (?) returning user_id]; constraint [name]
could not execute statement [(conn=84) Duplicate entry 'dup5' for key 'name'] [insert into users (name) values (?) returning user_id]; SQL [insert into users (name) values (?) returning user_id]; constraint [name]
could not execute statement [(conn=93) Duplicate entry 'dup5' for key 'name'] [insert into users (name) values (?) returning user_id]; SQL [insert into users (name) values (?) returning user_id]; constraint [name]
could not execute statement [(conn=92) Duplicate entry 'dup5' for key 'name'] [insert into users (name) values (?) returning user_id]; SQL [insert into users (name) values (?) returning user_id]; constraint [name]
Hibernate: insert into users (name) values (?) returning user_id
Hibernate: insert into users (name) values (?) returning user_id
Hibernate: insert into users (name) values (?) returning user_id
Hibernate: insert into users (name) values (?) returning user_id
Hibernate: insert into users (name) values (?) returning user_id
Hibernate: insert into users (name) values (?) returning user_id
Hibernate: insert into users (name) values (?) returning user_id
Hibernate: insert into users (name) values (?) returning user_id
Hibernate: insert into users (name) values (?) returning user_id
Hibernate: insert into users (name) values (?) returning user_id
2024-07-05T19:14:36.548+09:00  WARN 10616 --- [boardPrac] [ol-2-thread-313] o.m.jdbc.message.server.ErrorPacket      : Error: 1062-23000: Duplicate entry 'dup5' for key 'name'
2024-07-05T19:14:36.548+09:00  WARN 10616 --- [boardPrac] [ol-2-thread-312] o.m.jdbc.message.server.ErrorPacket      : Error: 1062-23000: Duplicate entry 'dup5' for key 'name'
2024-07-05T19:14:36.548+09:00  WARN 10616 --- [boardPrac] [ol-2-thread-311] o.m.jdbc.message.server.ErrorPacket      : Error: 1062-23000: Duplicate entry 'dup5' for key 'name'
2024-07-05T19:14:36.548+09:00  WARN 10616 --- [boardPrac] [ol-2-thread-314] o.m.jdbc.message.server.ErrorPacket      : Error: 1062-23000: Duplicate entry 'dup5' for key 'name'
2024-07-05T19:14:36.548+09:00  WARN 10616 --- [boardPrac] [ol-2-thread-309] o.m.jdbc.message.server.ErrorPacket      : Error: 1062-23000: Duplicate entry 'dup5' for key 'name'
2024-07-05T19:14:36.548+09:00  WARN 10616 --- [boardPrac] [ol-2-thread-312] o.h.engine.jdbc.spi.SqlExceptionHelper   : SQL Error: 1062, SQLState: 23000
2024-07-05T19:14:36.548+09:00  WARN 10616 --- [boardPrac] [ol-2-thread-316] o.m.jdbc.message.server.ErrorPacket      : Error: 1062-23000: Duplicate entry 'dup5' for key 'name'
2024-07-05T19:14:36.548+09:00  WARN 10616 --- [boardPrac] [ol-2-thread-308] o.m.jdbc.message.server.ErrorPacket      : Error: 1062-23000: Duplicate entry 'dup5' for key 'name'
2024-07-05T19:14:36.548+09:00  WARN 10616 --- [boardPrac] [ol-2-thread-309] o.h.engine.jdbc.spi.SqlExceptionHelper   : SQL Error: 1062, SQLState: 23000
2024-07-05T19:14:36.548+09:00  WARN 10616 --- [boardPrac] [ol-2-thread-314] o.h.engine.jdbc.spi.SqlExceptionHelper   : SQL Error: 1062, SQLState: 23000
2024-07-05T19:14:36.548+09:00  WARN 10616 --- [boardPrac] [ol-2-thread-316] o.h.engine.jdbc.spi.SqlExceptionHelper   : SQL Error: 1062, SQLState: 23000
2024-07-05T19:14:36.548+09:00 ERROR 10616 --- [boardPrac] [ol-2-thread-314] o.h.engine.jdbc.spi.SqlExceptionHelper   : (conn=86) Duplicate entry 'dup5' for key 'name'
2024-07-05T19:14:36.548+09:00  WARN 10616 --- [boardPrac] [ol-2-thread-307] o.m.jdbc.message.server.ErrorPacket      : Error: 1062-23000: Duplicate entry 'dup5' for key 'name'
2024-07-05T19:14:36.548+09:00  WARN 10616 --- [boardPrac] [ol-2-thread-313] o.h.engine.jdbc.spi.SqlExceptionHelper   : SQL Error: 1062, SQLState: 23000
2024-07-05T19:14:36.548+09:00  WARN 10616 --- [boardPrac] [ol-2-thread-307] o.h.engine.jdbc.spi.SqlExceptionHelper   : SQL Error: 1062, SQLState: 23000
2024-07-05T19:14:36.548+09:00 ERROR 10616 --- [boardPrac] [ol-2-thread-313] o.h.engine.jdbc.spi.SqlExceptionHelper   : (conn=90) Duplicate entry 'dup5' for key 'name'
2024-07-05T19:14:36.548+09:00  WARN 10616 --- [boardPrac] [ol-2-thread-310] o.m.jdbc.message.server.ErrorPacket      : Error: 1062-23000: Duplicate entry 'dup5' for key 'name'
2024-07-05T19:14:36.548+09:00  WARN 10616 --- [boardPrac] [ol-2-thread-306] o.m.jdbc.message.server.ErrorPacket      : Error: 1062-23000: Duplicate entry 'dup5' for key 'name'
2024-07-05T19:14:36.548+09:00 ERROR 10616 --- [boardPrac] [ol-2-thread-312] o.h.engine.jdbc.spi.SqlExceptionHelper   : (conn=85) Duplicate entry 'dup5' for key 'name'
2024-07-05T19:14:36.548+09:00  WARN 10616 --- [boardPrac] [ol-2-thread-311] o.h.engine.jdbc.spi.SqlExceptionHelper   : SQL Error: 1062, SQLState: 23000
2024-07-05T19:14:36.548+09:00 ERROR 10616 --- [boardPrac] [ol-2-thread-309] o.h.engine.jdbc.spi.SqlExceptionHelper   : (conn=91) Duplicate entry 'dup5' for key 'name'
2024-07-05T19:14:36.548+09:00 ERROR 10616 --- [boardPrac] [ol-2-thread-316] o.h.engine.jdbc.spi.SqlExceptionHelper   : (conn=92) Duplicate entry 'dup5' for key 'name'
2024-07-05T19:14:36.548+09:00  WARN 10616 --- [boardPrac] [ol-2-thread-308] o.h.engine.jdbc.spi.SqlExceptionHelper   : SQL Error: 1062, SQLState: 23000
2024-07-05T19:14:36.548+09:00 ERROR 10616 --- [boardPrac] [ol-2-thread-307] o.h.engine.jdbc.spi.SqlExceptionHelper   : (conn=93) Duplicate entry 'dup5' for key 'name'
2024-07-05T19:14:36.549+09:00 ERROR 10616 --- [boardPrac] [ol-2-thread-308] o.h.engine.jdbc.spi.SqlExceptionHelper   : (conn=89) Duplicate entry 'dup5' for key 'name'
2024-07-05T19:14:36.549+09:00  WARN 10616 --- [boardPrac] [ol-2-thread-310] o.h.engine.jdbc.spi.SqlExceptionHelper   : SQL Error: 1062, SQLState: 23000
2024-07-05T19:14:36.549+09:00 ERROR 10616 --- [boardPrac] [ol-2-thread-310] o.h.engine.jdbc.spi.SqlExceptionHelper   : (conn=87) Duplicate entry 'dup5' for key 'name'
2024-07-05T19:14:36.549+09:00 ERROR 10616 --- [boardPrac] [ol-2-thread-311] o.h.engine.jdbc.spi.SqlExceptionHelper   : (conn=84) Duplicate entry 'dup5' for key 'name'
2024-07-05T19:14:36.549+09:00  WARN 10616 --- [boardPrac] [ol-2-thread-306] o.h.engine.jdbc.spi.SqlExceptionHelper   : SQL Error: 1062, SQLState: 23000
2024-07-05T19:14:36.549+09:00 ERROR 10616 --- [boardPrac] [ol-2-thread-306] o.h.engine.jdbc.spi.SqlExceptionHelper   : (conn=88) Duplicate entry 'dup5' for key 'name'
could not execute statement [(conn=86) Duplicate entry 'dup5' for key 'name'] [insert into users (name) values (?) returning user_id]; SQL [insert into users (name) values (?) returning user_id]; constraint [name]
could not execute statement [(conn=92) Duplicate entry 'dup5' for key 'name'] [insert into users (name) values (?) returning user_id]; SQL [insert into users (name) values (?) returning user_id]; constraint [name]
could not execute statement [(conn=88) Duplicate entry 'dup5' for key 'name'] [insert into users (name) values (?) returning user_id]; SQL [insert into users (name) values (?) returning user_id]; constraint [name]
could not execute statement [(conn=89) Duplicate entry 'dup5' for key 'name'] [insert into users (name) values (?) returning user_id]; SQL [insert into users (name) values (?) returning user_id]; constraint [name]
could not execute statement [(conn=85) Duplicate entry 'dup5' for key 'name'] [insert into users (name) values (?) returning user_id]; SQL [insert into users (name) values (?) returning user_id]; constraint [name]
could not execute statement [(conn=91) Duplicate entry 'dup5' for key 'name'] [insert into users (name) values (?) returning user_id]; SQL [insert into users (name) values (?) returning user_id]; constraint [name]
could not execute statement [(conn=84) Duplicate entry 'dup5' for key 'name'] [insert into users (name) values (?) returning user_id]; SQL [insert into users (name) values (?) returning user_id]; constraint [name]
could not execute statement [(conn=90) Duplicate entry 'dup5' for key 'name'] [insert into users (name) values (?) returning user_id]; SQL [insert into users (name) values (?) returning user_id]; constraint [name]
could not execute statement [(conn=87) Duplicate entry 'dup5' for key 'name'] [insert into users (name) values (?) returning user_id]; SQL [insert into users (name) values (?) returning user_id]; constraint [name]
could not execute statement [(conn=93) Duplicate entry 'dup5' for key 'name'] [insert into users (name) values (?) returning user_id]; SQL [insert into users (name) values (?) returning user_id]; constraint [name]
Hibernate: insert into users (name) values (?) returning user_id
Hibernate: insert into users (name) values (?) returning user_id
Hibernate: insert into users (name) values (?) returning user_id
Hibernate: insert into users (name) values (?) returning user_id
Hibernate: insert into users (name) values (?) returning user_id
Hibernate: insert into users (name) values (?) returning user_id
Hibernate: insert into users (name) values (?) returning user_id
Hibernate: insert into users (name) values (?) returning user_id
Hibernate: insert into users (name) values (?) returning user_id
Hibernate: insert into users (name) values (?) returning user_id
2024-07-05T19:14:36.556+09:00  WARN 10616 --- [boardPrac] [ol-2-thread-315] o.m.jdbc.message.server.ErrorPacket      : Error: 1062-23000: Duplicate entry 'dup5' for key 'name'
2024-07-05T19:14:36.556+09:00  WARN 10616 --- [boardPrac] [ol-2-thread-321] o.m.jdbc.message.server.ErrorPacket      : Error: 1062-23000: Duplicate entry 'dup5' for key 'name'
2024-07-05T19:14:36.556+09:00  WARN 10616 --- [boardPrac] [ol-2-thread-324] o.m.jdbc.message.server.ErrorPacket      : Error: 1062-23000: Duplicate entry 'dup5' for key 'name'
2024-07-05T19:14:36.556+09:00  WARN 10616 --- [boardPrac] [ol-2-thread-323] o.m.jdbc.message.server.ErrorPacket      : Error: 1062-23000: Duplicate entry 'dup5' for key 'name'
2024-07-05T19:14:36.556+09:00  WARN 10616 --- [boardPrac] [ol-2-thread-317] o.m.jdbc.message.server.ErrorPacket      : Error: 1062-23000: Duplicate entry 'dup5' for key 'name'
2024-07-05T19:14:36.556+09:00  WARN 10616 --- [boardPrac] [ol-2-thread-319] o.m.jdbc.message.server.ErrorPacket      : Error: 1062-23000: Duplicate entry 'dup5' for key 'name'
2024-07-05T19:14:36.556+09:00  WARN 10616 --- [boardPrac] [ol-2-thread-315] o.h.engine.jdbc.spi.SqlExceptionHelper   : SQL Error: 1062, SQLState: 23000
2024-07-05T19:14:36.556+09:00  WARN 10616 --- [boardPrac] [ol-2-thread-317] o.h.engine.jdbc.spi.SqlExceptionHelper   : SQL Error: 1062, SQLState: 23000
2024-07-05T19:14:36.556+09:00  WARN 10616 --- [boardPrac] [ol-2-thread-325] o.m.jdbc.message.server.ErrorPacket      : Error: 1062-23000: Duplicate entry 'dup5' for key 'name'
2024-07-05T19:14:36.556+09:00  WARN 10616 --- [boardPrac] [ol-2-thread-320] o.m.jdbc.message.server.ErrorPacket      : Error: 1062-23000: Duplicate entry 'dup5' for key 'name'
2024-07-05T19:14:36.556+09:00  WARN 10616 --- [boardPrac] [ol-2-thread-322] o.m.jdbc.message.server.ErrorPacket      : Error: 1062-23000: Duplicate entry 'dup5' for key 'name'
2024-07-05T19:14:36.556+09:00  WARN 10616 --- [boardPrac] [ol-2-thread-325] o.h.engine.jdbc.spi.SqlExceptionHelper   : SQL Error: 1062, SQLState: 23000
2024-07-05T19:14:36.556+09:00 ERROR 10616 --- [boardPrac] [ol-2-thread-325] o.h.engine.jdbc.spi.SqlExceptionHelper   : (conn=85) Duplicate entry 'dup5' for key 'name'
2024-07-05T19:14:36.556+09:00  WARN 10616 --- [boardPrac] [ol-2-thread-318] o.m.jdbc.message.server.ErrorPacket      : Error: 1062-23000: Duplicate entry 'dup5' for key 'name'
2024-07-05T19:14:36.556+09:00  WARN 10616 --- [boardPrac] [ol-2-thread-321] o.h.engine.jdbc.spi.SqlExceptionHelper   : SQL Error: 1062, SQLState: 23000
2024-07-05T19:14:36.556+09:00  WARN 10616 --- [boardPrac] [ol-2-thread-324] o.h.engine.jdbc.spi.SqlExceptionHelper   : SQL Error: 1062, SQLState: 23000
2024-07-05T19:14:36.556+09:00 ERROR 10616 --- [boardPrac] [ol-2-thread-315] o.h.engine.jdbc.spi.SqlExceptionHelper   : (conn=86) Duplicate entry 'dup5' for key 'name'
2024-07-05T19:14:36.556+09:00  WARN 10616 --- [boardPrac] [ol-2-thread-323] o.h.engine.jdbc.spi.SqlExceptionHelper   : SQL Error: 1062, SQLState: 23000
2024-07-05T19:14:36.556+09:00 ERROR 10616 --- [boardPrac] [ol-2-thread-317] o.h.engine.jdbc.spi.SqlExceptionHelper   : (conn=89) Duplicate entry 'dup5' for key 'name'
2024-07-05T19:14:36.556+09:00  WARN 10616 --- [boardPrac] [ol-2-thread-319] o.h.engine.jdbc.spi.SqlExceptionHelper   : SQL Error: 1062, SQLState: 23000
2024-07-05T19:14:36.557+09:00 ERROR 10616 --- [boardPrac] [ol-2-thread-321] o.h.engine.jdbc.spi.SqlExceptionHelper   : (conn=91) Duplicate entry 'dup5' for key 'name'
2024-07-05T19:14:36.557+09:00 ERROR 10616 --- [boardPrac] [ol-2-thread-323] o.h.engine.jdbc.spi.SqlExceptionHelper   : (conn=87) Duplicate entry 'dup5' for key 'name'
2024-07-05T19:14:36.557+09:00 ERROR 10616 --- [boardPrac] [ol-2-thread-319] o.h.engine.jdbc.spi.SqlExceptionHelper   : (conn=90) Duplicate entry 'dup5' for key 'name'
2024-07-05T19:14:36.556+09:00  WARN 10616 --- [boardPrac] [ol-2-thread-320] o.h.engine.jdbc.spi.SqlExceptionHelper   : SQL Error: 1062, SQLState: 23000
2024-07-05T19:14:36.557+09:00 ERROR 10616 --- [boardPrac] [ol-2-thread-320] o.h.engine.jdbc.spi.SqlExceptionHelper   : (conn=84) Duplicate entry 'dup5' for key 'name'
2024-07-05T19:14:36.556+09:00  WARN 10616 --- [boardPrac] [ol-2-thread-322] o.h.engine.jdbc.spi.SqlExceptionHelper   : SQL Error: 1062, SQLState: 23000
2024-07-05T19:14:36.557+09:00 ERROR 10616 --- [boardPrac] [ol-2-thread-324] o.h.engine.jdbc.spi.SqlExceptionHelper   : (conn=93) Duplicate entry 'dup5' for key 'name'
2024-07-05T19:14:36.557+09:00  WARN 10616 --- [boardPrac] [ol-2-thread-318] o.h.engine.jdbc.spi.SqlExceptionHelper   : SQL Error: 1062, SQLState: 23000
2024-07-05T19:14:36.557+09:00 ERROR 10616 --- [boardPrac] [ol-2-thread-322] o.h.engine.jdbc.spi.SqlExceptionHelper   : (conn=88) Duplicate entry 'dup5' for key 'name'
2024-07-05T19:14:36.557+09:00 ERROR 10616 --- [boardPrac] [ol-2-thread-318] o.h.engine.jdbc.spi.SqlExceptionHelper   : (conn=92) Duplicate entry 'dup5' for key 'name'
could not execute statement [(conn=86) Duplicate entry 'dup5' for key 'name'] [insert into users (name) values (?) returning user_id]; SQL [insert into users (name) values (?) returning user_id]; constraint [name]
could not execute statement [(conn=84) Duplicate entry 'dup5' for key 'name'] [insert into users (name) values (?) returning user_id]; SQL [insert into users (name) values (?) returning user_id]; constraint [name]
could not execute statement [(conn=89) Duplicate entry 'dup5' for key 'name'] [insert into users (name) values (?) returning user_id]; SQL [insert into users (name) values (?) returning user_id]; constraint [name]
could not execute statement [(conn=91) Duplicate entry 'dup5' for key 'name'] [insert into users (name) values (?) returning user_id]; SQL [insert into users (name) values (?) returning user_id]; constraint [name]
could not execute statement [(conn=88) Duplicate entry 'dup5' for key 'name'] [insert into users (name) values (?) returning user_id]; SQL [insert into users (name) values (?) returning user_id]; constraint [name]
could not execute statement [(conn=93) Duplicate entry 'dup5' for key 'name'] [insert into users (name) values (?) returning user_id]; SQL [insert into users (name) values (?) returning user_id]; constraint [name]
could not execute statement [(conn=85) Duplicate entry 'dup5' for key 'name'] [insert into users (name) values (?) returning user_id]; SQL [insert into users (name) values (?) returning user_id]; constraint [name]
could not execute statement [(conn=92) Duplicate entry 'dup5' for key 'name'] [insert into users (name) values (?) returning user_id]; SQL [insert into users (name) values (?) returning user_id]; constraint [name]
could not execute statement [(conn=90) Duplicate entry 'dup5' for key 'name'] [insert into users (name) values (?) returning user_id]; SQL [insert into users (name) values (?) returning user_id]; constraint [name]
could not execute statement [(conn=87) Duplicate entry 'dup5' for key 'name'] [insert into users (name) values (?) returning user_id]; SQL [insert into users (name) values (?) returning user_id]; constraint [name]
Hibernate: insert into users (name) values (?) returning user_id
Hibernate: insert into users (name) values (?) returning user_id
Hibernate: insert into users (name) values (?) returning user_id
Hibernate: insert into users (name) values (?) returning user_id
Hibernate: insert into users (name) values (?) returning user_id
Hibernate: insert into users (name) values (?) returning user_id
Hibernate: insert into users (name) values (?) returning user_id
Hibernate: insert into users (name) values (?) returning user_id
Hibernate: insert into users (name) values (?) returning user_id
Hibernate: insert into users (name) values (?) returning user_id
2024-07-05T19:14:36.565+09:00  WARN 10616 --- [boardPrac] [ol-2-thread-331] o.m.jdbc.message.server.ErrorPacket      : Error: 1062-23000: Duplicate entry 'dup5' for key 'name'
2024-07-05T19:14:36.565+09:00  WARN 10616 --- [boardPrac] [ol-2-thread-332] o.m.jdbc.message.server.ErrorPacket      : Error: 1062-23000: Duplicate entry 'dup5' for key 'name'
2024-07-05T19:14:36.565+09:00  WARN 10616 --- [boardPrac] [ol-2-thread-328] o.m.jdbc.message.server.ErrorPacket      : Error: 1062-23000: Duplicate entry 'dup5' for key 'name'
2024-07-05T19:14:36.565+09:00  WARN 10616 --- [boardPrac] [ol-2-thread-334] o.m.jdbc.message.server.ErrorPacket      : Error: 1062-23000: Duplicate entry 'dup5' for key 'name'
2024-07-05T19:14:36.565+09:00  WARN 10616 --- [boardPrac] [ol-2-thread-333] o.m.jdbc.message.server.ErrorPacket      : Error: 1062-23000: Duplicate entry 'dup5' for key 'name'
2024-07-05T19:14:36.565+09:00  WARN 10616 --- [boardPrac] [ol-2-thread-328] o.h.engine.jdbc.spi.SqlExceptionHelper   : SQL Error: 1062, SQLState: 23000
2024-07-05T19:14:36.565+09:00  WARN 10616 --- [boardPrac] [ol-2-thread-334] o.h.engine.jdbc.spi.SqlExceptionHelper   : SQL Error: 1062, SQLState: 23000
2024-07-05T19:14:36.565+09:00 ERROR 10616 --- [boardPrac] [ol-2-thread-328] o.h.engine.jdbc.spi.SqlExceptionHelper   : (conn=89) Duplicate entry 'dup5' for key 'name'
2024-07-05T19:14:36.565+09:00 ERROR 10616 --- [boardPrac] [ol-2-thread-334] o.h.engine.jdbc.spi.SqlExceptionHelper   : (conn=88) Duplicate entry 'dup5' for key 'name'
2024-07-05T19:14:36.565+09:00  WARN 10616 --- [boardPrac] [ol-2-thread-330] o.m.jdbc.message.server.ErrorPacket      : Error: 1062-23000: Duplicate entry 'dup5' for key 'name'
2024-07-05T19:14:36.565+09:00  WARN 10616 --- [boardPrac] [ol-2-thread-331] o.h.engine.jdbc.spi.SqlExceptionHelper   : SQL Error: 1062, SQLState: 23000
2024-07-05T19:14:36.565+09:00  WARN 10616 --- [boardPrac] [ol-2-thread-332] o.h.engine.jdbc.spi.SqlExceptionHelper   : SQL Error: 1062, SQLState: 23000
2024-07-05T19:14:36.565+09:00  WARN 10616 --- [boardPrac] [ol-2-thread-333] o.h.engine.jdbc.spi.SqlExceptionHelper   : SQL Error: 1062, SQLState: 23000
2024-07-05T19:14:36.565+09:00 ERROR 10616 --- [boardPrac] [ol-2-thread-332] o.h.engine.jdbc.spi.SqlExceptionHelper   : (conn=92) Duplicate entry 'dup5' for key 'name'
2024-07-05T19:14:36.565+09:00 ERROR 10616 --- [boardPrac] [ol-2-thread-331] o.h.engine.jdbc.spi.SqlExceptionHelper   : (conn=84) Duplicate entry 'dup5' for key 'name'
2024-07-05T19:14:36.565+09:00  WARN 10616 --- [boardPrac] [ol-2-thread-330] o.h.engine.jdbc.spi.SqlExceptionHelper   : SQL Error: 1062, SQLState: 23000
2024-07-05T19:14:36.565+09:00 ERROR 10616 --- [boardPrac] [ol-2-thread-333] o.h.engine.jdbc.spi.SqlExceptionHelper   : (conn=93) Duplicate entry 'dup5' for key 'name'
2024-07-05T19:14:36.566+09:00 ERROR 10616 --- [boardPrac] [ol-2-thread-330] o.h.engine.jdbc.spi.SqlExceptionHelper   : (conn=90) Duplicate entry 'dup5' for key 'name'
2024-07-05T19:14:36.566+09:00  WARN 10616 --- [boardPrac] [ol-2-thread-326] o.m.jdbc.message.server.ErrorPacket      : Error: 1062-23000: Duplicate entry 'dup5' for key 'name'
2024-07-05T19:14:36.566+09:00  WARN 10616 --- [boardPrac] [ol-2-thread-329] o.m.jdbc.message.server.ErrorPacket      : Error: 1062-23000: Duplicate entry 'dup5' for key 'name'
2024-07-05T19:14:36.566+09:00  WARN 10616 --- [boardPrac] [ol-2-thread-327] o.m.jdbc.message.server.ErrorPacket      : Error: 1062-23000: Duplicate entry 'dup5' for key 'name'
2024-07-05T19:14:36.566+09:00  WARN 10616 --- [boardPrac] [ol-2-thread-335] o.m.jdbc.message.server.ErrorPacket      : Error: 1062-23000: Duplicate entry 'dup5' for key 'name'
2024-07-05T19:14:36.567+09:00  WARN 10616 --- [boardPrac] [ol-2-thread-326] o.h.engine.jdbc.spi.SqlExceptionHelper   : SQL Error: 1062, SQLState: 23000
2024-07-05T19:14:36.567+09:00  WARN 10616 --- [boardPrac] [ol-2-thread-329] o.h.engine.jdbc.spi.SqlExceptionHelper   : SQL Error: 1062, SQLState: 23000
2024-07-05T19:14:36.567+09:00  WARN 10616 --- [boardPrac] [ol-2-thread-327] o.h.engine.jdbc.spi.SqlExceptionHelper   : SQL Error: 1062, SQLState: 23000
2024-07-05T19:14:36.567+09:00 ERROR 10616 --- [boardPrac] [ol-2-thread-326] o.h.engine.jdbc.spi.SqlExceptionHelper   : (conn=91) Duplicate entry 'dup5' for key 'name'
2024-07-05T19:14:36.567+09:00 ERROR 10616 --- [boardPrac] [ol-2-thread-327] o.h.engine.jdbc.spi.SqlExceptionHelper   : (conn=86) Duplicate entry 'dup5' for key 'name'
2024-07-05T19:14:36.567+09:00 ERROR 10616 --- [boardPrac] [ol-2-thread-329] o.h.engine.jdbc.spi.SqlExceptionHelper   : (conn=87) Duplicate entry 'dup5' for key 'name'
2024-07-05T19:14:36.567+09:00  WARN 10616 --- [boardPrac] [ol-2-thread-335] o.h.engine.jdbc.spi.SqlExceptionHelper   : SQL Error: 1062, SQLState: 23000
2024-07-05T19:14:36.567+09:00 ERROR 10616 --- [boardPrac] [ol-2-thread-335] o.h.engine.jdbc.spi.SqlExceptionHelper   : (conn=85) Duplicate entry 'dup5' for key 'name'
could not execute statement [(conn=89) Duplicate entry 'dup5' for key 'name'] [insert into users (name) values (?) returning user_id]; SQL [insert into users (name) values (?) returning user_id]; constraint [name]
could not execute statement [(conn=88) Duplicate entry 'dup5' for key 'name'] [insert into users (name) values (?) returning user_id]; SQL [insert into users (name) values (?) returning user_id]; constraint [name]
could not execute statement [(conn=92) Duplicate entry 'dup5' for key 'name'] [insert into users (name) values (?) returning user_id]; SQL [insert into users (name) values (?) returning user_id]; constraint [name]
could not execute statement [(conn=84) Duplicate entry 'dup5' for key 'name'] [insert into users (name) values (?) returning user_id]; SQL [insert into users (name) values (?) returning user_id]; constraint [name]
could not execute statement [(conn=93) Duplicate entry 'dup5' for key 'name'] [insert into users (name) values (?) returning user_id]; SQL [insert into users (name) values (?) returning user_id]; constraint [name]
could not execute statement [(conn=90) Duplicate entry 'dup5' for key 'name'] [insert into users (name) values (?) returning user_id]; SQL [insert into users (name) values (?) returning user_id]; constraint [name]
could not execute statement [(conn=87) Duplicate entry 'dup5' for key 'name'] [insert into users (name) values (?) returning user_id]; SQL [insert into users (name) values (?) returning user_id]; constraint [name]
could not execute statement [(conn=86) Duplicate entry 'dup5' for key 'name'] [insert into users (name) values (?) returning user_id]; SQL [insert into users (name) values (?) returning user_id]; constraint [name]
could not execute statement [(conn=85) Duplicate entry 'dup5' for key 'name'] [insert into users (name) values (?) returning user_id]; SQL [insert into users (name) values (?) returning user_id]; constraint [name]
could not execute statement [(conn=91) Duplicate entry 'dup5' for key 'name'] [insert into users (name) values (?) returning user_id]; SQL [insert into users (name) values (?) returning user_id]; constraint [name]
Hibernate: insert into users (name) values (?) returning user_id
Hibernate: insert into users (name) values (?) returning user_id
Hibernate: insert into users (name) values (?) returning user_id
Hibernate: insert into users (name) values (?) returning user_id
Hibernate: insert into users (name) values (?) returning user_id
Hibernate: insert into users (name) values (?) returning user_id
Hibernate: insert into users (name) values (?) returning user_id
Hibernate: insert into users (name) values (?) returning user_id
Hibernate: insert into users (name) values (?) returning user_id
Hibernate: insert into users (name) values (?) returning user_id
2024-07-05T19:14:36.572+09:00  WARN 10616 --- [boardPrac] [ol-2-thread-336] o.m.jdbc.message.server.ErrorPacket      : Error: 1062-23000: Duplicate entry 'dup5' for key 'name'
2024-07-05T19:14:36.572+09:00  WARN 10616 --- [boardPrac] [ol-2-thread-341] o.m.jdbc.message.server.ErrorPacket      : Error: 1062-23000: Duplicate entry 'dup5' for key 'name'
2024-07-05T19:14:36.572+09:00  WARN 10616 --- [boardPrac] [ol-2-thread-336] o.h.engine.jdbc.spi.SqlExceptionHelper   : SQL Error: 1062, SQLState: 23000
2024-07-05T19:14:36.572+09:00  WARN 10616 --- [boardPrac] [ol-2-thread-341] o.h.engine.jdbc.spi.SqlExceptionHelper   : SQL Error: 1062, SQLState: 23000
2024-07-05T19:14:36.573+09:00 ERROR 10616 --- [boardPrac] [ol-2-thread-336] o.h.engine.jdbc.spi.SqlExceptionHelper   : (conn=92) Duplicate entry 'dup5' for key 'name'
2024-07-05T19:14:36.573+09:00  WARN 10616 --- [boardPrac] [ol-2-thread-337] o.m.jdbc.message.server.ErrorPacket      : Error: 1062-23000: Duplicate entry 'dup5' for key 'name'
2024-07-05T19:14:36.573+09:00 ERROR 10616 --- [boardPrac] [ol-2-thread-341] o.h.engine.jdbc.spi.SqlExceptionHelper   : (conn=93) Duplicate entry 'dup5' for key 'name'
2024-07-05T19:14:36.573+09:00  WARN 10616 --- [boardPrac] [ol-2-thread-344] o.m.jdbc.message.server.ErrorPacket      : Error: 1062-23000: Duplicate entry 'dup5' for key 'name'
2024-07-05T19:14:36.573+09:00  WARN 10616 --- [boardPrac] [ol-2-thread-345] o.m.jdbc.message.server.ErrorPacket      : Error: 1062-23000: Duplicate entry 'dup5' for key 'name'
2024-07-05T19:14:36.573+09:00  WARN 10616 --- [boardPrac] [ol-2-thread-337] o.h.engine.jdbc.spi.SqlExceptionHelper   : SQL Error: 1062, SQLState: 23000
2024-07-05T19:14:36.573+09:00  WARN 10616 --- [boardPrac] [ol-2-thread-342] o.m.jdbc.message.server.ErrorPacket      : Error: 1062-23000: Duplicate entry 'dup5' for key 'name'
2024-07-05T19:14:36.573+09:00  WARN 10616 --- [boardPrac] [ol-2-thread-344] o.h.engine.jdbc.spi.SqlExceptionHelper   : SQL Error: 1062, SQLState: 23000
2024-07-05T19:14:36.573+09:00 ERROR 10616 --- [boardPrac] [ol-2-thread-344] o.h.engine.jdbc.spi.SqlExceptionHelper   : (conn=86) Duplicate entry 'dup5' for key 'name'
2024-07-05T19:14:36.573+09:00 ERROR 10616 --- [boardPrac] [ol-2-thread-337] o.h.engine.jdbc.spi.SqlExceptionHelper   : (conn=89) Duplicate entry 'dup5' for key 'name'
2024-07-05T19:14:36.573+09:00  WARN 10616 --- [boardPrac] [ol-2-thread-345] o.h.engine.jdbc.spi.SqlExceptionHelper   : SQL Error: 1062, SQLState: 23000
2024-07-05T19:14:36.573+09:00  WARN 10616 --- [boardPrac] [ol-2-thread-339] o.m.jdbc.message.server.ErrorPacket      : Error: 1062-23000: Duplicate entry 'dup5' for key 'name'
2024-07-05T19:14:36.573+09:00  WARN 10616 --- [boardPrac] [ol-2-thread-342] o.h.engine.jdbc.spi.SqlExceptionHelper   : SQL Error: 1062, SQLState: 23000
2024-07-05T19:14:36.573+09:00  WARN 10616 --- [boardPrac] [ol-2-thread-338] o.m.jdbc.message.server.ErrorPacket      : Error: 1062-23000: Duplicate entry 'dup5' for key 'name'
2024-07-05T19:14:36.573+09:00 ERROR 10616 --- [boardPrac] [ol-2-thread-342] o.h.engine.jdbc.spi.SqlExceptionHelper   : (conn=85) Duplicate entry 'dup5' for key 'name'
2024-07-05T19:14:36.573+09:00 ERROR 10616 --- [boardPrac] [ol-2-thread-345] o.h.engine.jdbc.spi.SqlExceptionHelper   : (conn=91) Duplicate entry 'dup5' for key 'name'
2024-07-05T19:14:36.573+09:00  WARN 10616 --- [boardPrac] [ol-2-thread-343] o.m.jdbc.message.server.ErrorPacket      : Error: 1062-23000: Duplicate entry 'dup5' for key 'name'
2024-07-05T19:14:36.573+09:00  WARN 10616 --- [boardPrac] [ol-2-thread-338] o.h.engine.jdbc.spi.SqlExceptionHelper   : SQL Error: 1062, SQLState: 23000
2024-07-05T19:14:36.573+09:00  WARN 10616 --- [boardPrac] [ol-2-thread-343] o.h.engine.jdbc.spi.SqlExceptionHelper   : SQL Error: 1062, SQLState: 23000
2024-07-05T19:14:36.573+09:00  WARN 10616 --- [boardPrac] [ol-2-thread-340] o.m.jdbc.message.server.ErrorPacket      : Error: 1062-23000: Duplicate entry 'dup5' for key 'name'
2024-07-05T19:14:36.573+09:00  WARN 10616 --- [boardPrac] [ol-2-thread-339] o.h.engine.jdbc.spi.SqlExceptionHelper   : SQL Error: 1062, SQLState: 23000
2024-07-05T19:14:36.573+09:00 ERROR 10616 --- [boardPrac] [ol-2-thread-343] o.h.engine.jdbc.spi.SqlExceptionHelper   : (conn=87) Duplicate entry 'dup5' for key 'name'
2024-07-05T19:14:36.573+09:00 ERROR 10616 --- [boardPrac] [ol-2-thread-339] o.h.engine.jdbc.spi.SqlExceptionHelper   : (conn=88) Duplicate entry 'dup5' for key 'name'
2024-07-05T19:14:36.573+09:00  WARN 10616 --- [boardPrac] [ol-2-thread-340] o.h.engine.jdbc.spi.SqlExceptionHelper   : SQL Error: 1062, SQLState: 23000
2024-07-05T19:14:36.573+09:00 ERROR 10616 --- [boardPrac] [ol-2-thread-338] o.h.engine.jdbc.spi.SqlExceptionHelper   : (conn=90) Duplicate entry 'dup5' for key 'name'
2024-07-05T19:14:36.573+09:00 ERROR 10616 --- [boardPrac] [ol-2-thread-340] o.h.engine.jdbc.spi.SqlExceptionHelper   : (conn=84) Duplicate entry 'dup5' for key 'name'
could not execute statement [(conn=85) Duplicate entry 'dup5' for key 'name'] [insert into users (name) values (?) returning user_id]; SQL [insert into users (name) values (?) returning user_id]; constraint [name]
could not execute statement [(conn=88) Duplicate entry 'dup5' for key 'name'] [insert into users (name) values (?) returning user_id]; SQL [insert into users (name) values (?) returning user_id]; constraint [name]
could not execute statement [(conn=84) Duplicate entry 'dup5' for key 'name'] [insert into users (name) values (?) returning user_id]; SQL [insert into users (name) values (?) returning user_id]; constraint [name]
could not execute statement [(conn=87) Duplicate entry 'dup5' for key 'name'] [insert into users (name) values (?) returning user_id]; SQL [insert into users (name) values (?) returning user_id]; constraint [name]
could not execute statement [(conn=89) Duplicate entry 'dup5' for key 'name'] [insert into users (name) values (?) returning user_id]; SQL [insert into users (name) values (?) returning user_id]; constraint [name]
could not execute statement [(conn=90) Duplicate entry 'dup5' for key 'name'] [insert into users (name) values (?) returning user_id]; SQL [insert into users (name) values (?) returning user_id]; constraint [name]
could not execute statement [(conn=91) Duplicate entry 'dup5' for key 'name'] [insert into users (name) values (?) returning user_id]; SQL [insert into users (name) values (?) returning user_id]; constraint [name]
could not execute statement [(conn=86) Duplicate entry 'dup5' for key 'name'] [insert into users (name) values (?) returning user_id]; SQL [insert into users (name) values (?) returning user_id]; constraint [name]
could not execute statement [(conn=93) Duplicate entry 'dup5' for key 'name'] [insert into users (name) values (?) returning user_id]; SQL [insert into users (name) values (?) returning user_id]; constraint [name]
could not execute statement [(conn=92) Duplicate entry 'dup5' for key 'name'] [insert into users (name) values (?) returning user_id]; SQL [insert into users (name) values (?) returning user_id]; constraint [name]
Hibernate: insert into users (name) values (?) returning user_id
Hibernate: insert into users (name) values (?) returning user_id
Hibernate: insert into users (name) values (?) returning user_id
Hibernate: insert into users (name) values (?) returning user_id
Hibernate: insert into users (name) values (?) returning user_id
Hibernate: insert into users (name) values (?) returning user_id
Hibernate: insert into users (name) values (?) returning user_id
Hibernate: insert into users (name) values (?) returning user_id
Hibernate: insert into users (name) values (?) returning user_id
Hibernate: insert into users (name) values (?) returning user_id
2024-07-05T19:14:36.579+09:00  WARN 10616 --- [boardPrac] [ol-2-thread-353] o.m.jdbc.message.server.ErrorPacket      : Error: 1062-23000: Duplicate entry 'dup5' for key 'name'
2024-07-05T19:14:36.579+09:00  WARN 10616 --- [boardPrac] [ol-2-thread-356] o.m.jdbc.message.server.ErrorPacket      : Error: 1062-23000: Duplicate entry 'dup5' for key 'name'
2024-07-05T19:14:36.579+09:00  WARN 10616 --- [boardPrac] [ol-2-thread-354] o.m.jdbc.message.server.ErrorPacket      : Error: 1062-23000: Duplicate entry 'dup5' for key 'name'
2024-07-05T19:14:36.579+09:00  WARN 10616 --- [boardPrac] [ol-2-thread-347] o.m.jdbc.message.server.ErrorPacket      : Error: 1062-23000: Duplicate entry 'dup5' for key 'name'
2024-07-05T19:14:36.579+09:00  WARN 10616 --- [boardPrac] [ol-2-thread-349] o.m.jdbc.message.server.ErrorPacket      : Error: 1062-23000: Duplicate entry 'dup5' for key 'name'
2024-07-05T19:14:36.579+09:00  WARN 10616 --- [boardPrac] [ol-2-thread-348] o.m.jdbc.message.server.ErrorPacket      : Error: 1062-23000: Duplicate entry 'dup5' for key 'name'
2024-07-05T19:14:36.579+09:00  WARN 10616 --- [boardPrac] [ol-2-thread-352] o.m.jdbc.message.server.ErrorPacket      : Error: 1062-23000: Duplicate entry 'dup5' for key 'name'
2024-07-05T19:14:36.579+09:00  WARN 10616 --- [boardPrac] [ol-2-thread-348] o.h.engine.jdbc.spi.SqlExceptionHelper   : SQL Error: 1062, SQLState: 23000
2024-07-05T19:14:36.579+09:00  WARN 10616 --- [boardPrac] [ol-2-thread-351] o.m.jdbc.message.server.ErrorPacket      : Error: 1062-23000: Duplicate entry 'dup5' for key 'name'
2024-07-05T19:14:36.579+09:00  WARN 10616 --- [boardPrac] [ol-2-thread-352] o.h.engine.jdbc.spi.SqlExceptionHelper   : SQL Error: 1062, SQLState: 23000
2024-07-05T19:14:36.579+09:00  WARN 10616 --- [boardPrac] [ol-2-thread-346] o.m.jdbc.message.server.ErrorPacket      : Error: 1062-23000: Duplicate entry 'dup5' for key 'name'
2024-07-05T19:14:36.579+09:00  WARN 10616 --- [boardPrac] [ol-2-thread-350] o.m.jdbc.message.server.ErrorPacket      : Error: 1062-23000: Duplicate entry 'dup5' for key 'name'
2024-07-05T19:14:36.579+09:00  WARN 10616 --- [boardPrac] [ol-2-thread-351] o.h.engine.jdbc.spi.SqlExceptionHelper   : SQL Error: 1062, SQLState: 23000
2024-07-05T19:14:36.579+09:00  WARN 10616 --- [boardPrac] [ol-2-thread-356] o.h.engine.jdbc.spi.SqlExceptionHelper   : SQL Error: 1062, SQLState: 23000
2024-07-05T19:14:36.579+09:00  WARN 10616 --- [boardPrac] [ol-2-thread-353] o.h.engine.jdbc.spi.SqlExceptionHelper   : SQL Error: 1062, SQLState: 23000
2024-07-05T19:14:36.579+09:00  WARN 10616 --- [boardPrac] [ol-2-thread-346] o.h.engine.jdbc.spi.SqlExceptionHelper   : SQL Error: 1062, SQLState: 23000
2024-07-05T19:14:36.579+09:00  WARN 10616 --- [boardPrac] [ol-2-thread-347] o.h.engine.jdbc.spi.SqlExceptionHelper   : SQL Error: 1062, SQLState: 23000
2024-07-05T19:14:36.579+09:00  WARN 10616 --- [boardPrac] [ol-2-thread-349] o.h.engine.jdbc.spi.SqlExceptionHelper   : SQL Error: 1062, SQLState: 23000
2024-07-05T19:14:36.579+09:00  WARN 10616 --- [boardPrac] [ol-2-thread-354] o.h.engine.jdbc.spi.SqlExceptionHelper   : SQL Error: 1062, SQLState: 23000
2024-07-05T19:14:36.579+09:00 ERROR 10616 --- [boardPrac] [ol-2-thread-349] o.h.engine.jdbc.spi.SqlExceptionHelper   : (conn=89) Duplicate entry 'dup5' for key 'name'
2024-07-05T19:14:36.579+09:00 ERROR 10616 --- [boardPrac] [ol-2-thread-356] o.h.engine.jdbc.spi.SqlExceptionHelper   : (conn=88) Duplicate entry 'dup5' for key 'name'
2024-07-05T19:14:36.579+09:00 ERROR 10616 --- [boardPrac] [ol-2-thread-347] o.h.engine.jdbc.spi.SqlExceptionHelper   : (conn=92) Duplicate entry 'dup5' for key 'name'
2024-07-05T19:14:36.579+09:00 ERROR 10616 --- [boardPrac] [ol-2-thread-348] o.h.engine.jdbc.spi.SqlExceptionHelper   : (conn=86) Duplicate entry 'dup5' for key 'name'
2024-07-05T19:14:36.579+09:00 ERROR 10616 --- [boardPrac] [ol-2-thread-352] o.h.engine.jdbc.spi.SqlExceptionHelper   : (conn=85) Duplicate entry 'dup5' for key 'name'
2024-07-05T19:14:36.579+09:00 ERROR 10616 --- [boardPrac] [ol-2-thread-351] o.h.engine.jdbc.spi.SqlExceptionHelper   : (conn=91) Duplicate entry 'dup5' for key 'name'
2024-07-05T19:14:36.579+09:00  WARN 10616 --- [boardPrac] [ol-2-thread-350] o.h.engine.jdbc.spi.SqlExceptionHelper   : SQL Error: 1062, SQLState: 23000
2024-07-05T19:14:36.579+09:00 ERROR 10616 --- [boardPrac] [ol-2-thread-353] o.h.engine.jdbc.spi.SqlExceptionHelper   : (conn=84) Duplicate entry 'dup5' for key 'name'
2024-07-05T19:14:36.579+09:00 ERROR 10616 --- [boardPrac] [ol-2-thread-346] o.h.engine.jdbc.spi.SqlExceptionHelper   : (conn=93) Duplicate entry 'dup5' for key 'name'
2024-07-05T19:14:36.579+09:00 ERROR 10616 --- [boardPrac] [ol-2-thread-354] o.h.engine.jdbc.spi.SqlExceptionHelper   : (conn=87) Duplicate entry 'dup5' for key 'name'
2024-07-05T19:14:36.580+09:00 ERROR 10616 --- [boardPrac] [ol-2-thread-350] o.h.engine.jdbc.spi.SqlExceptionHelper   : (conn=90) Duplicate entry 'dup5' for key 'name'
could not execute statement [(conn=92) Duplicate entry 'dup5' for key 'name'] [insert into users (name) values (?) returning user_id]; SQL [insert into users (name) values (?) returning user_id]; constraint [name]
could not execute statement [(conn=88) Duplicate entry 'dup5' for key 'name'] [insert into users (name) values (?) returning user_id]; SQL [insert into users (name) values (?) returning user_id]; constraint [name]
could not execute statement [(conn=84) Duplicate entry 'dup5' for key 'name'] [insert into users (name) values (?) returning user_id]; SQL [insert into users (name) values (?) returning user_id]; constraint [name]
could not execute statement [(conn=89) Duplicate entry 'dup5' for key 'name'] [insert into users (name) values (?) returning user_id]; SQL [insert into users (name) values (?) returning user_id]; constraint [name]
could not execute statement [(conn=85) Duplicate entry 'dup5' for key 'name'] [insert into users (name) values (?) returning user_id]; SQL [insert into users (name) values (?) returning user_id]; constraint [name]
could not execute statement [(conn=87) Duplicate entry 'dup5' for key 'name'] [insert into users (name) values (?) returning user_id]; SQL [insert into users (name) values (?) returning user_id]; constraint [name]
could not execute statement [(conn=86) Duplicate entry 'dup5' for key 'name'] [insert into users (name) values (?) returning user_id]; SQL [insert into users (name) values (?) returning user_id]; constraint [name]
could not execute statement [(conn=90) Duplicate entry 'dup5' for key 'name'] [insert into users (name) values (?) returning user_id]; SQL [insert into users (name) values (?) returning user_id]; constraint [name]
could not execute statement [(conn=91) Duplicate entry 'dup5' for key 'name'] [insert into users (name) values (?) returning user_id]; SQL [insert into users (name) values (?) returning user_id]; constraint [name]
could not execute statement [(conn=93) Duplicate entry 'dup5' for key 'name'] [insert into users (name) values (?) returning user_id]; SQL [insert into users (name) values (?) returning user_id]; constraint [name]
Hibernate: insert into users (name) values (?) returning user_id
Hibernate: insert into users (name) values (?) returning user_id
Hibernate: insert into users (name) values (?) returning user_id
Hibernate: insert into users (name) values (?) returning user_id
Hibernate: insert into users (name) values (?) returning user_id
Hibernate: insert into users (name) values (?) returning user_id
Hibernate: insert into users (name) values (?) returning user_id
Hibernate: insert into users (name) values (?) returning user_id
Hibernate: insert into users (name) values (?) returning user_id
Hibernate: insert into users (name) values (?) returning user_id
2024-07-05T19:14:36.590+09:00  WARN 10616 --- [boardPrac] [ol-2-thread-364] o.m.jdbc.message.server.ErrorPacket      : Error: 1062-23000: Duplicate entry 'dup5' for key 'name'
2024-07-05T19:14:36.590+09:00  WARN 10616 --- [boardPrac] [ol-2-thread-358] o.m.jdbc.message.server.ErrorPacket      : Error: 1062-23000: Duplicate entry 'dup5' for key 'name'
2024-07-05T19:14:36.591+09:00  WARN 10616 --- [boardPrac] [ol-2-thread-357] o.m.jdbc.message.server.ErrorPacket      : Error: 1062-23000: Duplicate entry 'dup5' for key 'name'
2024-07-05T19:14:36.591+09:00  WARN 10616 --- [boardPrac] [ol-2-thread-359] o.m.jdbc.message.server.ErrorPacket      : Error: 1062-23000: Duplicate entry 'dup5' for key 'name'
2024-07-05T19:14:36.591+09:00  WARN 10616 --- [boardPrac] [ol-2-thread-362] o.m.jdbc.message.server.ErrorPacket      : Error: 1062-23000: Duplicate entry 'dup5' for key 'name'
2024-07-05T19:14:36.591+09:00  WARN 10616 --- [boardPrac] [ol-2-thread-358] o.h.engine.jdbc.spi.SqlExceptionHelper   : SQL Error: 1062, SQLState: 23000
2024-07-05T19:14:36.591+09:00  WARN 10616 --- [boardPrac] [ol-2-thread-361] o.m.jdbc.message.server.ErrorPacket      : Error: 1062-23000: Duplicate entry 'dup5' for key 'name'
2024-07-05T19:14:36.591+09:00  WARN 10616 --- [boardPrac] [ol-2-thread-359] o.h.engine.jdbc.spi.SqlExceptionHelper   : SQL Error: 1062, SQLState: 23000
2024-07-05T19:14:36.591+09:00 ERROR 10616 --- [boardPrac] [ol-2-thread-358] o.h.engine.jdbc.spi.SqlExceptionHelper   : (conn=85) Duplicate entry 'dup5' for key 'name'
2024-07-05T19:14:36.591+09:00 ERROR 10616 --- [boardPrac] [ol-2-thread-359] o.h.engine.jdbc.spi.SqlExceptionHelper   : (conn=87) Duplicate entry 'dup5' for key 'name'
2024-07-05T19:14:36.591+09:00  WARN 10616 --- [boardPrac] [ol-2-thread-364] o.h.engine.jdbc.spi.SqlExceptionHelper   : SQL Error: 1062, SQLState: 23000
2024-07-05T19:14:36.591+09:00  WARN 10616 --- [boardPrac] [ol-2-thread-360] o.m.jdbc.message.server.ErrorPacket      : Error: 1062-23000: Duplicate entry 'dup5' for key 'name'
2024-07-05T19:14:36.591+09:00  WARN 10616 --- [boardPrac] [ol-2-thread-357] o.h.engine.jdbc.spi.SqlExceptionHelper   : SQL Error: 1062, SQLState: 23000
2024-07-05T19:14:36.591+09:00  WARN 10616 --- [boardPrac] [ol-2-thread-363] o.m.jdbc.message.server.ErrorPacket      : Error: 1062-23000: Duplicate entry 'dup5' for key 'name'
2024-07-05T19:14:36.591+09:00  WARN 10616 --- [boardPrac] [ol-2-thread-362] o.h.engine.jdbc.spi.SqlExceptionHelper   : SQL Error: 1062, SQLState: 23000
2024-07-05T19:14:36.591+09:00  WARN 10616 --- [boardPrac] [ol-2-thread-361] o.h.engine.jdbc.spi.SqlExceptionHelper   : SQL Error: 1062, SQLState: 23000
2024-07-05T19:14:36.591+09:00  WARN 10616 --- [boardPrac] [ol-2-thread-363] o.h.engine.jdbc.spi.SqlExceptionHelper   : SQL Error: 1062, SQLState: 23000
2024-07-05T19:14:36.591+09:00  WARN 10616 --- [boardPrac] [ol-2-thread-365] o.m.jdbc.message.server.ErrorPacket      : Error: 1062-23000: Duplicate entry 'dup5' for key 'name'
2024-07-05T19:14:36.591+09:00 ERROR 10616 --- [boardPrac] [ol-2-thread-361] o.h.engine.jdbc.spi.SqlExceptionHelper   : (conn=90) Duplicate entry 'dup5' for key 'name'
2024-07-05T19:14:36.591+09:00  WARN 10616 --- [boardPrac] [ol-2-thread-355] o.m.jdbc.message.server.ErrorPacket      : Error: 1062-23000: Duplicate entry 'dup5' for key 'name'
2024-07-05T19:14:36.591+09:00  WARN 10616 --- [boardPrac] [ol-2-thread-365] o.h.engine.jdbc.spi.SqlExceptionHelper   : SQL Error: 1062, SQLState: 23000
2024-07-05T19:14:36.591+09:00 ERROR 10616 --- [boardPrac] [ol-2-thread-364] o.h.engine.jdbc.spi.SqlExceptionHelper   : (conn=93) Duplicate entry 'dup5' for key 'name'
2024-07-05T19:14:36.591+09:00 ERROR 10616 --- [boardPrac] [ol-2-thread-357] o.h.engine.jdbc.spi.SqlExceptionHelper   : (conn=88) Duplicate entry 'dup5' for key 'name'
2024-07-05T19:14:36.591+09:00  WARN 10616 --- [boardPrac] [ol-2-thread-360] o.h.engine.jdbc.spi.SqlExceptionHelper   : SQL Error: 1062, SQLState: 23000
2024-07-05T19:14:36.591+09:00 ERROR 10616 --- [boardPrac] [ol-2-thread-360] o.h.engine.jdbc.spi.SqlExceptionHelper   : (conn=92) Duplicate entry 'dup5' for key 'name'
2024-07-05T19:14:36.591+09:00  WARN 10616 --- [boardPrac] [ol-2-thread-355] o.h.engine.jdbc.spi.SqlExceptionHelper   : SQL Error: 1062, SQLState: 23000
2024-07-05T19:14:36.591+09:00 ERROR 10616 --- [boardPrac] [ol-2-thread-355] o.h.engine.jdbc.spi.SqlExceptionHelper   : (conn=91) Duplicate entry 'dup5' for key 'name'
2024-07-05T19:14:36.591+09:00 ERROR 10616 --- [boardPrac] [ol-2-thread-362] o.h.engine.jdbc.spi.SqlExceptionHelper   : (conn=86) Duplicate entry 'dup5' for key 'name'
2024-07-05T19:14:36.591+09:00 ERROR 10616 --- [boardPrac] [ol-2-thread-365] o.h.engine.jdbc.spi.SqlExceptionHelper   : (conn=84) Duplicate entry 'dup5' for key 'name'
2024-07-05T19:14:36.591+09:00 ERROR 10616 --- [boardPrac] [ol-2-thread-363] o.h.engine.jdbc.spi.SqlExceptionHelper   : (conn=89) Duplicate entry 'dup5' for key 'name'
could not execute statement [(conn=84) Duplicate entry 'dup5' for key 'name'] [insert into users (name) values (?) returning user_id]; SQL [insert into users (name) values (?) returning user_id]; constraint [name]
could not execute statement [(conn=88) Duplicate entry 'dup5' for key 'name'] [insert into users (name) values (?) returning user_id]; SQL [insert into users (name) values (?) returning user_id]; constraint [name]
could not execute statement [(conn=92) Duplicate entry 'dup5' for key 'name'] [insert into users (name) values (?) returning user_id]; SQL [insert into users (name) values (?) returning user_id]; constraint [name]
could not execute statement [(conn=91) Duplicate entry 'dup5' for key 'name'] [insert into users (name) values (?) returning user_id]; SQL [insert into users (name) values (?) returning user_id]; constraint [name]
could not execute statement [(conn=87) Duplicate entry 'dup5' for key 'name'] [insert into users (name) values (?) returning user_id]; SQL [insert into users (name) values (?) returning user_id]; constraint [name]
could not execute statement [(conn=93) Duplicate entry 'dup5' for key 'name'] [insert into users (name) values (?) returning user_id]; SQL [insert into users (name) values (?) returning user_id]; constraint [name]
could not execute statement [(conn=90) Duplicate entry 'dup5' for key 'name'] [insert into users (name) values (?) returning user_id]; SQL [insert into users (name) values (?) returning user_id]; constraint [name]
could not execute statement [(conn=85) Duplicate entry 'dup5' for key 'name'] [insert into users (name) values (?) returning user_id]; SQL [insert into users (name) values (?) returning user_id]; constraint [name]
could not execute statement [(conn=89) Duplicate entry 'dup5' for key 'name'] [insert into users (name) values (?) returning user_id]; SQL [insert into users (name) values (?) returning user_id]; constraint [name]
could not execute statement [(conn=86) Duplicate entry 'dup5' for key 'name'] [insert into users (name) values (?) returning user_id]; SQL [insert into users (name) values (?) returning user_id]; constraint [name]
Hibernate: insert into users (name) values (?) returning user_id
Hibernate: insert into users (name) values (?) returning user_id
Hibernate: insert into users (name) values (?) returning user_id
Hibernate: insert into users (name) values (?) returning user_id
Hibernate: insert into users (name) values (?) returning user_id
Hibernate: insert into users (name) values (?) returning user_id
Hibernate: insert into users (name) values (?) returning user_id
Hibernate: insert into users (name) values (?) returning user_id
Hibernate: insert into users (name) values (?) returning user_id
Hibernate: insert into users (name) values (?) returning user_id
2024-07-05T19:14:36.598+09:00  WARN 10616 --- [boardPrac] [ol-2-thread-374] o.m.jdbc.message.server.ErrorPacket      : Error: 1062-23000: Duplicate entry 'dup5' for key 'name'
2024-07-05T19:14:36.598+09:00  WARN 10616 --- [boardPrac] [ol-2-thread-375] o.m.jdbc.message.server.ErrorPacket      : Error: 1062-23000: Duplicate entry 'dup5' for key 'name'
2024-07-05T19:14:36.598+09:00  WARN 10616 --- [boardPrac] [ol-2-thread-372] o.m.jdbc.message.server.ErrorPacket      : Error: 1062-23000: Duplicate entry 'dup5' for key 'name'
2024-07-05T19:14:36.598+09:00  WARN 10616 --- [boardPrac] [ol-2-thread-367] o.m.jdbc.message.server.ErrorPacket      : Error: 1062-23000: Duplicate entry 'dup5' for key 'name'
2024-07-05T19:14:36.599+09:00  WARN 10616 --- [boardPrac] [ol-2-thread-374] o.h.engine.jdbc.spi.SqlExceptionHelper   : SQL Error: 1062, SQLState: 23000
2024-07-05T19:14:36.599+09:00  WARN 10616 --- [boardPrac] [ol-2-thread-375] o.h.engine.jdbc.spi.SqlExceptionHelper   : SQL Error: 1062, SQLState: 23000
2024-07-05T19:14:36.599+09:00 ERROR 10616 --- [boardPrac] [ol-2-thread-374] o.h.engine.jdbc.spi.SqlExceptionHelper   : (conn=93) Duplicate entry 'dup5' for key 'name'
2024-07-05T19:14:36.599+09:00  WARN 10616 --- [boardPrac] [ol-2-thread-366] o.m.jdbc.message.server.ErrorPacket      : Error: 1062-23000: Duplicate entry 'dup5' for key 'name'
2024-07-05T19:14:36.599+09:00  WARN 10616 --- [boardPrac] [ol-2-thread-369] o.m.jdbc.message.server.ErrorPacket      : Error: 1062-23000: Duplicate entry 'dup5' for key 'name'
2024-07-05T19:14:36.598+09:00  WARN 10616 --- [boardPrac] [ol-2-thread-370] o.m.jdbc.message.server.ErrorPacket      : Error: 1062-23000: Duplicate entry 'dup5' for key 'name'
2024-07-05T19:14:36.599+09:00  WARN 10616 --- [boardPrac] [ol-2-thread-368] o.m.jdbc.message.server.ErrorPacket      : Error: 1062-23000: Duplicate entry 'dup5' for key 'name'
2024-07-05T19:14:36.598+09:00  WARN 10616 --- [boardPrac] [ol-2-thread-371] o.m.jdbc.message.server.ErrorPacket      : Error: 1062-23000: Duplicate entry 'dup5' for key 'name'
2024-07-05T19:14:36.599+09:00  WARN 10616 --- [boardPrac] [ol-2-thread-369] o.h.engine.jdbc.spi.SqlExceptionHelper   : SQL Error: 1062, SQLState: 23000
2024-07-05T19:14:36.598+09:00  WARN 10616 --- [boardPrac] [ol-2-thread-373] o.m.jdbc.message.server.ErrorPacket      : Error: 1062-23000: Duplicate entry 'dup5' for key 'name'
2024-07-05T19:14:36.599+09:00 ERROR 10616 --- [boardPrac] [ol-2-thread-369] o.h.engine.jdbc.spi.SqlExceptionHelper   : (conn=91) Duplicate entry 'dup5' for key 'name'
2024-07-05T19:14:36.599+09:00  WARN 10616 --- [boardPrac] [ol-2-thread-372] o.h.engine.jdbc.spi.SqlExceptionHelper   : SQL Error: 1062, SQLState: 23000
2024-07-05T19:14:36.599+09:00 ERROR 10616 --- [boardPrac] [ol-2-thread-375] o.h.engine.jdbc.spi.SqlExceptionHelper   : (conn=86) Duplicate entry 'dup5' for key 'name'
2024-07-05T19:14:36.599+09:00  WARN 10616 --- [boardPrac] [ol-2-thread-371] o.h.engine.jdbc.spi.SqlExceptionHelper   : SQL Error: 1062, SQLState: 23000
2024-07-05T19:14:36.599+09:00 ERROR 10616 --- [boardPrac] [ol-2-thread-372] o.h.engine.jdbc.spi.SqlExceptionHelper   : (conn=89) Duplicate entry 'dup5' for key 'name'
2024-07-05T19:14:36.599+09:00  WARN 10616 --- [boardPrac] [ol-2-thread-367] o.h.engine.jdbc.spi.SqlExceptionHelper   : SQL Error: 1062, SQLState: 23000
2024-07-05T19:14:36.599+09:00  WARN 10616 --- [boardPrac] [ol-2-thread-366] o.h.engine.jdbc.spi.SqlExceptionHelper   : SQL Error: 1062, SQLState: 23000
2024-07-05T19:14:36.599+09:00  WARN 10616 --- [boardPrac] [ol-2-thread-368] o.h.engine.jdbc.spi.SqlExceptionHelper   : SQL Error: 1062, SQLState: 23000
2024-07-05T19:14:36.599+09:00 ERROR 10616 --- [boardPrac] [ol-2-thread-366] o.h.engine.jdbc.spi.SqlExceptionHelper   : (conn=87) Duplicate entry 'dup5' for key 'name'
2024-07-05T19:14:36.599+09:00  WARN 10616 --- [boardPrac] [ol-2-thread-370] o.h.engine.jdbc.spi.SqlExceptionHelper   : SQL Error: 1062, SQLState: 23000
2024-07-05T19:14:36.599+09:00 ERROR 10616 --- [boardPrac] [ol-2-thread-368] o.h.engine.jdbc.spi.SqlExceptionHelper   : (conn=88) Duplicate entry 'dup5' for key 'name'
2024-07-05T19:14:36.599+09:00 ERROR 10616 --- [boardPrac] [ol-2-thread-370] o.h.engine.jdbc.spi.SqlExceptionHelper   : (conn=90) Duplicate entry 'dup5' for key 'name'
2024-07-05T19:14:36.599+09:00 ERROR 10616 --- [boardPrac] [ol-2-thread-371] o.h.engine.jdbc.spi.SqlExceptionHelper   : (conn=92) Duplicate entry 'dup5' for key 'name'
2024-07-05T19:14:36.599+09:00  WARN 10616 --- [boardPrac] [ol-2-thread-373] o.h.engine.jdbc.spi.SqlExceptionHelper   : SQL Error: 1062, SQLState: 23000
2024-07-05T19:14:36.599+09:00 ERROR 10616 --- [boardPrac] [ol-2-thread-373] o.h.engine.jdbc.spi.SqlExceptionHelper   : (conn=85) Duplicate entry 'dup5' for key 'name'
2024-07-05T19:14:36.599+09:00 ERROR 10616 --- [boardPrac] [ol-2-thread-367] o.h.engine.jdbc.spi.SqlExceptionHelper   : (conn=84) Duplicate entry 'dup5' for key 'name'
could not execute statement [(conn=93) Duplicate entry 'dup5' for key 'name'] [insert into users (name) values (?) returning user_id]; SQL [insert into users (name) values (?) returning user_id]; constraint [name]
could not execute statement [(conn=86) Duplicate entry 'dup5' for key 'name'] [insert into users (name) values (?) returning user_id]; SQL [insert into users (name) values (?) returning user_id]; constraint [name]
could not execute statement [(conn=92) Duplicate entry 'dup5' for key 'name'] [insert into users (name) values (?) returning user_id]; SQL [insert into users (name) values (?) returning user_id]; constraint [name]
could not execute statement [(conn=90) Duplicate entry 'dup5' for key 'name'] [insert into users (name) values (?) returning user_id]; SQL [insert into users (name) values (?) returning user_id]; constraint [name]
could not execute statement [(conn=85) Duplicate entry 'dup5' for key 'name'] [insert into users (name) values (?) returning user_id]; SQL [insert into users (name) values (?) returning user_id]; constraint [name]
could not execute statement [(conn=84) Duplicate entry 'dup5' for key 'name'] [insert into users (name) values (?) returning user_id]; SQL [insert into users (name) values (?) returning user_id]; constraint [name]
could not execute statement [(conn=89) Duplicate entry 'dup5' for key 'name'] [insert into users (name) values (?) returning user_id]; SQL [insert into users (name) values (?) returning user_id]; constraint [name]
could not execute statement [(conn=88) Duplicate entry 'dup5' for key 'name'] [insert into users (name) values (?) returning user_id]; SQL [insert into users (name) values (?) returning user_id]; constraint [name]
could not execute statement [(conn=91) Duplicate entry 'dup5' for key 'name'] [insert into users (name) values (?) returning user_id]; SQL [insert into users (name) values (?) returning user_id]; constraint [name]
could not execute statement [(conn=87) Duplicate entry 'dup5' for key 'name'] [insert into users (name) values (?) returning user_id]; SQL [insert into users (name) values (?) returning user_id]; constraint [name]
Hibernate: insert into users (name) values (?) returning user_id
Hibernate: insert into users (name) values (?) returning user_id
Hibernate: insert into users (name) values (?) returning user_id
Hibernate: insert into users (name) values (?) returning user_id
Hibernate: insert into users (name) values (?) returning user_id
Hibernate: insert into users (name) values (?) returning user_id
Hibernate: insert into users (name) values (?) returning user_id
Hibernate: insert into users (name) values (?) returning user_id
Hibernate: insert into users (name) values (?) returning user_id
Hibernate: insert into users (name) values (?) returning user_id
2024-07-05T19:14:36.614+09:00  WARN 10616 --- [boardPrac] [ol-2-thread-383] o.m.jdbc.message.server.ErrorPacket      : Error: 1062-23000: Duplicate entry 'dup5' for key 'name'
2024-07-05T19:14:36.614+09:00  WARN 10616 --- [boardPrac] [ol-2-thread-380] o.m.jdbc.message.server.ErrorPacket      : Error: 1062-23000: Duplicate entry 'dup5' for key 'name'
2024-07-05T19:14:36.614+09:00  WARN 10616 --- [boardPrac] [ol-2-thread-377] o.m.jdbc.message.server.ErrorPacket      : Error: 1062-23000: Duplicate entry 'dup5' for key 'name'
2024-07-05T19:14:36.614+09:00  WARN 10616 --- [boardPrac] [ol-2-thread-378] o.m.jdbc.message.server.ErrorPacket      : Error: 1062-23000: Duplicate entry 'dup5' for key 'name'
2024-07-05T19:14:36.614+09:00  WARN 10616 --- [boardPrac] [ol-2-thread-385] o.m.jdbc.message.server.ErrorPacket      : Error: 1062-23000: Duplicate entry 'dup5' for key 'name'
2024-07-05T19:14:36.615+09:00  WARN 10616 --- [boardPrac] [ol-2-thread-377] o.h.engine.jdbc.spi.SqlExceptionHelper   : SQL Error: 1062, SQLState: 23000
2024-07-05T19:14:36.615+09:00  WARN 10616 --- [boardPrac] [ol-2-thread-378] o.h.engine.jdbc.spi.SqlExceptionHelper   : SQL Error: 1062, SQLState: 23000
2024-07-05T19:14:36.615+09:00 ERROR 10616 --- [boardPrac] [ol-2-thread-377] o.h.engine.jdbc.spi.SqlExceptionHelper   : (conn=93) Duplicate entry 'dup5' for key 'name'
2024-07-05T19:14:36.615+09:00 ERROR 10616 --- [boardPrac] [ol-2-thread-378] o.h.engine.jdbc.spi.SqlExceptionHelper   : (conn=92) Duplicate entry 'dup5' for key 'name'
2024-07-05T19:14:36.615+09:00  WARN 10616 --- [boardPrac] [ol-2-thread-385] o.h.engine.jdbc.spi.SqlExceptionHelper   : SQL Error: 1062, SQLState: 23000
2024-07-05T19:14:36.615+09:00 ERROR 10616 --- [boardPrac] [ol-2-thread-385] o.h.engine.jdbc.spi.SqlExceptionHelper   : (conn=91) Duplicate entry 'dup5' for key 'name'
2024-07-05T19:14:36.614+09:00  WARN 10616 --- [boardPrac] [ol-2-thread-382] o.m.jdbc.message.server.ErrorPacket      : Error: 1062-23000: Duplicate entry 'dup5' for key 'name'
2024-07-05T19:14:36.614+09:00  WARN 10616 --- [boardPrac] [ol-2-thread-381] o.m.jdbc.message.server.ErrorPacket      : Error: 1062-23000: Duplicate entry 'dup5' for key 'name'
2024-07-05T19:14:36.614+09:00  WARN 10616 --- [boardPrac] [ol-2-thread-379] o.m.jdbc.message.server.ErrorPacket      : Error: 1062-23000: Duplicate entry 'dup5' for key 'name'
2024-07-05T19:14:36.614+09:00  WARN 10616 --- [boardPrac] [ol-2-thread-384] o.m.jdbc.message.server.ErrorPacket      : Error: 1062-23000: Duplicate entry 'dup5' for key 'name'
2024-07-05T19:14:36.615+09:00  WARN 10616 --- [boardPrac] [ol-2-thread-379] o.h.engine.jdbc.spi.SqlExceptionHelper   : SQL Error: 1062, SQLState: 23000
2024-07-05T19:14:36.615+09:00 ERROR 10616 --- [boardPrac] [ol-2-thread-379] o.h.engine.jdbc.spi.SqlExceptionHelper   : (conn=86) Duplicate entry 'dup5' for key 'name'
2024-07-05T19:14:36.615+09:00  WARN 10616 --- [boardPrac] [ol-2-thread-376] o.m.jdbc.message.server.ErrorPacket      : Error: 1062-23000: Duplicate entry 'dup5' for key 'name'
2024-07-05T19:14:36.615+09:00  WARN 10616 --- [boardPrac] [ol-2-thread-380] o.h.engine.jdbc.spi.SqlExceptionHelper   : SQL Error: 1062, SQLState: 23000
2024-07-05T19:14:36.615+09:00  WARN 10616 --- [boardPrac] [ol-2-thread-383] o.h.engine.jdbc.spi.SqlExceptionHelper   : SQL Error: 1062, SQLState: 23000
2024-07-05T19:14:36.615+09:00 ERROR 10616 --- [boardPrac] [ol-2-thread-380] o.h.engine.jdbc.spi.SqlExceptionHelper   : (conn=89) Duplicate entry 'dup5' for key 'name'
2024-07-05T19:14:36.615+09:00  WARN 10616 --- [boardPrac] [ol-2-thread-381] o.h.engine.jdbc.spi.SqlExceptionHelper   : SQL Error: 1062, SQLState: 23000
2024-07-05T19:14:36.615+09:00  WARN 10616 --- [boardPrac] [ol-2-thread-382] o.h.engine.jdbc.spi.SqlExceptionHelper   : SQL Error: 1062, SQLState: 23000
2024-07-05T19:14:36.615+09:00 ERROR 10616 --- [boardPrac] [ol-2-thread-382] o.h.engine.jdbc.spi.SqlExceptionHelper   : (conn=90) Duplicate entry 'dup5' for key 'name'
2024-07-05T19:14:36.615+09:00  WARN 10616 --- [boardPrac] [ol-2-thread-384] o.h.engine.jdbc.spi.SqlExceptionHelper   : SQL Error: 1062, SQLState: 23000
2024-07-05T19:14:36.615+09:00  WARN 10616 --- [boardPrac] [ol-2-thread-376] o.h.engine.jdbc.spi.SqlExceptionHelper   : SQL Error: 1062, SQLState: 23000
2024-07-05T19:14:36.615+09:00 ERROR 10616 --- [boardPrac] [ol-2-thread-381] o.h.engine.jdbc.spi.SqlExceptionHelper   : (conn=88) Duplicate entry 'dup5' for key 'name'
2024-07-05T19:14:36.615+09:00 ERROR 10616 --- [boardPrac] [ol-2-thread-376] o.h.engine.jdbc.spi.SqlExceptionHelper   : (conn=85) Duplicate entry 'dup5' for key 'name'
2024-07-05T19:14:36.615+09:00 ERROR 10616 --- [boardPrac] [ol-2-thread-383] o.h.engine.jdbc.spi.SqlExceptionHelper   : (conn=84) Duplicate entry 'dup5' for key 'name'
2024-07-05T19:14:36.615+09:00 ERROR 10616 --- [boardPrac] [ol-2-thread-384] o.h.engine.jdbc.spi.SqlExceptionHelper   : (conn=87) Duplicate entry 'dup5' for key 'name'
could not execute statement [(conn=91) Duplicate entry 'dup5' for key 'name'] [insert into users (name) values (?) returning user_id]; SQL [insert into users (name) values (?) returning user_id]; constraint [name]
could not execute statement [(conn=90) Duplicate entry 'dup5' for key 'name'] [insert into users (name) values (?) returning user_id]; SQL [insert into users (name) values (?) returning user_id]; constraint [name]
could not execute statement [(conn=87) Duplicate entry 'dup5' for key 'name'] [insert into users (name) values (?) returning user_id]; SQL [insert into users (name) values (?) returning user_id]; constraint [name]
could not execute statement [(conn=84) Duplicate entry 'dup5' for key 'name'] [insert into users (name) values (?) returning user_id]; SQL [insert into users (name) values (?) returning user_id]; constraint [name]
could not execute statement [(conn=89) Duplicate entry 'dup5' for key 'name'] [insert into users (name) values (?) returning user_id]; SQL [insert into users (name) values (?) returning user_id]; constraint [name]
could not execute statement [(conn=88) Duplicate entry 'dup5' for key 'name'] [insert into users (name) values (?) returning user_id]; SQL [insert into users (name) values (?) returning user_id]; constraint [name]
could not execute statement [(conn=85) Duplicate entry 'dup5' for key 'name'] [insert into users (name) values (?) returning user_id]; SQL [insert into users (name) values (?) returning user_id]; constraint [name]
could not execute statement [(conn=86) Duplicate entry 'dup5' for key 'name'] [insert into users (name) values (?) returning user_id]; SQL [insert into users (name) values (?) returning user_id]; constraint [name]
could not execute statement [(conn=92) Duplicate entry 'dup5' for key 'name'] [insert into users (name) values (?) returning user_id]; SQL [insert into users (name) values (?) returning user_id]; constraint [name]
could not execute statement [(conn=93) Duplicate entry 'dup5' for key 'name'] [insert into users (name) values (?) returning user_id]; SQL [insert into users (name) values (?) returning user_id]; constraint [name]
Hibernate: insert into users (name) values (?) returning user_id
Hibernate: insert into users (name) values (?) returning user_id
Hibernate: insert into users (name) values (?) returning user_id
Hibernate: insert into users (name) values (?) returning user_id
Hibernate: insert into users (name) values (?) returning user_id
Hibernate: insert into users (name) values (?) returning user_id
Hibernate: insert into users (name) values (?) returning user_id
Hibernate: insert into users (name) values (?) returning user_id
Hibernate: insert into users (name) values (?) returning user_id
Hibernate: insert into users (name) values (?) returning user_id
2024-07-05T19:14:36.625+09:00  WARN 10616 --- [boardPrac] [ol-2-thread-390] o.m.jdbc.message.server.ErrorPacket      : Error: 1062-23000: Duplicate entry 'dup5' for key 'name'
2024-07-05T19:14:36.625+09:00  WARN 10616 --- [boardPrac] [ol-2-thread-387] o.m.jdbc.message.server.ErrorPacket      : Error: 1062-23000: Duplicate entry 'dup5' for key 'name'
2024-07-05T19:14:36.625+09:00  WARN 10616 --- [boardPrac] [ol-2-thread-391] o.m.jdbc.message.server.ErrorPacket      : Error: 1062-23000: Duplicate entry 'dup5' for key 'name'
2024-07-05T19:14:36.625+09:00  WARN 10616 --- [boardPrac] [ol-2-thread-389] o.m.jdbc.message.server.ErrorPacket      : Error: 1062-23000: Duplicate entry 'dup5' for key 'name'
2024-07-05T19:14:36.625+09:00  WARN 10616 --- [boardPrac] [ol-2-thread-390] o.h.engine.jdbc.spi.SqlExceptionHelper   : SQL Error: 1062, SQLState: 23000
2024-07-05T19:14:36.625+09:00  WARN 10616 --- [boardPrac] [ol-2-thread-387] o.h.engine.jdbc.spi.SqlExceptionHelper   : SQL Error: 1062, SQLState: 23000
2024-07-05T19:14:36.625+09:00  WARN 10616 --- [boardPrac] [ol-2-thread-391] o.h.engine.jdbc.spi.SqlExceptionHelper   : SQL Error: 1062, SQLState: 23000
2024-07-05T19:14:36.625+09:00 ERROR 10616 --- [boardPrac] [ol-2-thread-387] o.h.engine.jdbc.spi.SqlExceptionHelper   : (conn=84) Duplicate entry 'dup5' for key 'name'
2024-07-05T19:14:36.625+09:00  WARN 10616 --- [boardPrac] [ol-2-thread-392] o.m.jdbc.message.server.ErrorPacket      : Error: 1062-23000: Duplicate entry 'dup5' for key 'name'
2024-07-05T19:14:36.625+09:00  WARN 10616 --- [boardPrac] [ol-2-thread-394] o.m.jdbc.message.server.ErrorPacket      : Error: 1062-23000: Duplicate entry 'dup5' for key 'name'
2024-07-05T19:14:36.625+09:00  WARN 10616 --- [boardPrac] [ol-2-thread-392] o.h.engine.jdbc.spi.SqlExceptionHelper   : SQL Error: 1062, SQLState: 23000
2024-07-05T19:14:36.625+09:00  WARN 10616 --- [boardPrac] [ol-2-thread-393] o.m.jdbc.message.server.ErrorPacket      : Error: 1062-23000: Duplicate entry 'dup5' for key 'name'
2024-07-05T19:14:36.625+09:00  WARN 10616 --- [boardPrac] [ol-2-thread-395] o.m.jdbc.message.server.ErrorPacket      : Error: 1062-23000: Duplicate entry 'dup5' for key 'name'
2024-07-05T19:14:36.625+09:00  WARN 10616 --- [boardPrac] [ol-2-thread-388] o.m.jdbc.message.server.ErrorPacket      : Error: 1062-23000: Duplicate entry 'dup5' for key 'name'
2024-07-05T19:14:36.625+09:00  WARN 10616 --- [boardPrac] [ol-2-thread-395] o.h.engine.jdbc.spi.SqlExceptionHelper   : SQL Error: 1062, SQLState: 23000
2024-07-05T19:14:36.625+09:00  WARN 10616 --- [boardPrac] [ol-2-thread-394] o.h.engine.jdbc.spi.SqlExceptionHelper   : SQL Error: 1062, SQLState: 23000
2024-07-05T19:14:36.625+09:00  WARN 10616 --- [boardPrac] [ol-2-thread-386] o.m.jdbc.message.server.ErrorPacket      : Error: 1062-23000: Duplicate entry 'dup5' for key 'name'
2024-07-05T19:14:36.625+09:00 ERROR 10616 --- [boardPrac] [ol-2-thread-390] o.h.engine.jdbc.spi.SqlExceptionHelper   : (conn=89) Duplicate entry 'dup5' for key 'name'
2024-07-05T19:14:36.625+09:00  WARN 10616 --- [boardPrac] [ol-2-thread-393] o.h.engine.jdbc.spi.SqlExceptionHelper   : SQL Error: 1062, SQLState: 23000
2024-07-05T19:14:36.625+09:00 ERROR 10616 --- [boardPrac] [ol-2-thread-391] o.h.engine.jdbc.spi.SqlExceptionHelper   : (conn=88) Duplicate entry 'dup5' for key 'name'
2024-07-05T19:14:36.625+09:00 ERROR 10616 --- [boardPrac] [ol-2-thread-393] o.h.engine.jdbc.spi.SqlExceptionHelper   : (conn=86) Duplicate entry 'dup5' for key 'name'
2024-07-05T19:14:36.625+09:00  WARN 10616 --- [boardPrac] [ol-2-thread-389] o.h.engine.jdbc.spi.SqlExceptionHelper   : SQL Error: 1062, SQLState: 23000
2024-07-05T19:14:36.625+09:00  WARN 10616 --- [boardPrac] [ol-2-thread-386] o.h.engine.jdbc.spi.SqlExceptionHelper   : SQL Error: 1062, SQLState: 23000
2024-07-05T19:14:36.625+09:00 ERROR 10616 --- [boardPrac] [ol-2-thread-392] o.h.engine.jdbc.spi.SqlExceptionHelper   : (conn=85) Duplicate entry 'dup5' for key 'name'
2024-07-05T19:14:36.625+09:00 ERROR 10616 --- [boardPrac] [ol-2-thread-386] o.h.engine.jdbc.spi.SqlExceptionHelper   : (conn=91) Duplicate entry 'dup5' for key 'name'
2024-07-05T19:14:36.625+09:00 ERROR 10616 --- [boardPrac] [ol-2-thread-395] o.h.engine.jdbc.spi.SqlExceptionHelper   : (conn=93) Duplicate entry 'dup5' for key 'name'
2024-07-05T19:14:36.625+09:00 ERROR 10616 --- [boardPrac] [ol-2-thread-394] o.h.engine.jdbc.spi.SqlExceptionHelper   : (conn=92) Duplicate entry 'dup5' for key 'name'
2024-07-05T19:14:36.625+09:00  WARN 10616 --- [boardPrac] [ol-2-thread-388] o.h.engine.jdbc.spi.SqlExceptionHelper   : SQL Error: 1062, SQLState: 23000
2024-07-05T19:14:36.625+09:00 ERROR 10616 --- [boardPrac] [ol-2-thread-389] o.h.engine.jdbc.spi.SqlExceptionHelper   : (conn=87) Duplicate entry 'dup5' for key 'name'
2024-07-05T19:14:36.626+09:00 ERROR 10616 --- [boardPrac] [ol-2-thread-388] o.h.engine.jdbc.spi.SqlExceptionHelper   : (conn=90) Duplicate entry 'dup5' for key 'name'
could not execute statement [(conn=89) Duplicate entry 'dup5' for key 'name'] [insert into users (name) values (?) returning user_id]; SQL [insert into users (name) values (?) returning user_id]; constraint [name]
could not execute statement [(conn=87) Duplicate entry 'dup5' for key 'name'] [insert into users (name) values (?) returning user_id]; SQL [insert into users (name) values (?) returning user_id]; constraint [name]
could not execute statement [(conn=90) Duplicate entry 'dup5' for key 'name'] [insert into users (name) values (?) returning user_id]; SQL [insert into users (name) values (?) returning user_id]; constraint [name]
could not execute statement [(conn=91) Duplicate entry 'dup5' for key 'name'] [insert into users (name) values (?) returning user_id]; SQL [insert into users (name) values (?) returning user_id]; constraint [name]
could not execute statement [(conn=88) Duplicate entry 'dup5' for key 'name'] [insert into users (name) values (?) returning user_id]; SQL [insert into users (name) values (?) returning user_id]; constraint [name]
could not execute statement [(conn=92) Duplicate entry 'dup5' for key 'name'] [insert into users (name) values (?) returning user_id]; SQL [insert into users (name) values (?) returning user_id]; constraint [name]
could not execute statement [(conn=86) Duplicate entry 'dup5' for key 'name'] [insert into users (name) values (?) returning user_id]; SQL [insert into users (name) values (?) returning user_id]; constraint [name]
could not execute statement [(conn=84) Duplicate entry 'dup5' for key 'name'] [insert into users (name) values (?) returning user_id]; SQL [insert into users (name) values (?) returning user_id]; constraint [name]
could not execute statement [(conn=93) Duplicate entry 'dup5' for key 'name'] [insert into users (name) values (?) returning user_id]; SQL [insert into users (name) values (?) returning user_id]; constraint [name]
could not execute statement [(conn=85) Duplicate entry 'dup5' for key 'name'] [insert into users (name) values (?) returning user_id]; SQL [insert into users (name) values (?) returning user_id]; constraint [name]
Hibernate: insert into users (name) values (?) returning user_id
Hibernate: insert into users (name) values (?) returning user_id
Hibernate: insert into users (name) values (?) returning user_id
Hibernate: insert into users (name) values (?) returning user_id
Hibernate: insert into users (name) values (?) returning user_id
Hibernate: insert into users (name) values (?) returning user_id
Hibernate: insert into users (name) values (?) returning user_id
Hibernate: insert into users (name) values (?) returning user_id
Hibernate: insert into users (name) values (?) returning user_id
Hibernate: insert into users (name) values (?) returning user_id
2024-07-05T19:14:36.635+09:00  WARN 10616 --- [boardPrac] [ol-2-thread-400] o.m.jdbc.message.server.ErrorPacket      : Error: 1062-23000: Duplicate entry 'dup5' for key 'name'
2024-07-05T19:14:36.635+09:00  WARN 10616 --- [boardPrac] [ol-2-thread-398] o.m.jdbc.message.server.ErrorPacket      : Error: 1062-23000: Duplicate entry 'dup5' for key 'name'
2024-07-05T19:14:36.635+09:00  WARN 10616 --- [boardPrac] [ol-2-thread-405] o.m.jdbc.message.server.ErrorPacket      : Error: 1062-23000: Duplicate entry 'dup5' for key 'name'
2024-07-05T19:14:36.635+09:00  WARN 10616 --- [boardPrac] [ol-2-thread-404] o.m.jdbc.message.server.ErrorPacket      : Error: 1062-23000: Duplicate entry 'dup5' for key 'name'
2024-07-05T19:14:36.635+09:00  WARN 10616 --- [boardPrac] [ol-2-thread-398] o.h.engine.jdbc.spi.SqlExceptionHelper   : SQL Error: 1062, SQLState: 23000
2024-07-05T19:14:36.635+09:00  WARN 10616 --- [boardPrac] [ol-2-thread-400] o.h.engine.jdbc.spi.SqlExceptionHelper   : SQL Error: 1062, SQLState: 23000
2024-07-05T19:14:36.635+09:00 ERROR 10616 --- [boardPrac] [ol-2-thread-398] o.h.engine.jdbc.spi.SqlExceptionHelper   : (conn=92) Duplicate entry 'dup5' for key 'name'
2024-07-05T19:14:36.635+09:00  WARN 10616 --- [boardPrac] [ol-2-thread-404] o.h.engine.jdbc.spi.SqlExceptionHelper   : SQL Error: 1062, SQLState: 23000
2024-07-05T19:14:36.635+09:00 ERROR 10616 --- [boardPrac] [ol-2-thread-400] o.h.engine.jdbc.spi.SqlExceptionHelper   : (conn=88) Duplicate entry 'dup5' for key 'name'
2024-07-05T19:14:36.635+09:00 ERROR 10616 --- [boardPrac] [ol-2-thread-404] o.h.engine.jdbc.spi.SqlExceptionHelper   : (conn=93) Duplicate entry 'dup5' for key 'name'
2024-07-05T19:14:36.635+09:00  WARN 10616 --- [boardPrac] [ol-2-thread-399] o.m.jdbc.message.server.ErrorPacket      : Error: 1062-23000: Duplicate entry 'dup5' for key 'name'
2024-07-05T19:14:36.635+09:00  WARN 10616 --- [boardPrac] [ol-2-thread-401] o.m.jdbc.message.server.ErrorPacket      : Error: 1062-23000: Duplicate entry 'dup5' for key 'name'
2024-07-05T19:14:36.635+09:00  WARN 10616 --- [boardPrac] [ol-2-thread-405] o.h.engine.jdbc.spi.SqlExceptionHelper   : SQL Error: 1062, SQLState: 23000
2024-07-05T19:14:36.635+09:00  WARN 10616 --- [boardPrac] [ol-2-thread-396] o.m.jdbc.message.server.ErrorPacket      : Error: 1062-23000: Duplicate entry 'dup5' for key 'name'
2024-07-05T19:14:36.636+09:00  WARN 10616 --- [boardPrac] [ol-2-thread-399] o.h.engine.jdbc.spi.SqlExceptionHelper   : SQL Error: 1062, SQLState: 23000
2024-07-05T19:14:36.636+09:00  WARN 10616 --- [boardPrac] [ol-2-thread-402] o.m.jdbc.message.server.ErrorPacket      : Error: 1062-23000: Duplicate entry 'dup5' for key 'name'
2024-07-05T19:14:36.636+09:00  WARN 10616 --- [boardPrac] [ol-2-thread-403] o.m.jdbc.message.server.ErrorPacket      : Error: 1062-23000: Duplicate entry 'dup5' for key 'name'
2024-07-05T19:14:36.636+09:00 ERROR 10616 --- [boardPrac] [ol-2-thread-405] o.h.engine.jdbc.spi.SqlExceptionHelper   : (conn=85) Duplicate entry 'dup5' for key 'name'
2024-07-05T19:14:36.636+09:00  WARN 10616 --- [boardPrac] [ol-2-thread-401] o.h.engine.jdbc.spi.SqlExceptionHelper   : SQL Error: 1062, SQLState: 23000
2024-07-05T19:14:36.636+09:00  WARN 10616 --- [boardPrac] [ol-2-thread-402] o.h.engine.jdbc.spi.SqlExceptionHelper   : SQL Error: 1062, SQLState: 23000
2024-07-05T19:14:36.636+09:00 ERROR 10616 --- [boardPrac] [ol-2-thread-399] o.h.engine.jdbc.spi.SqlExceptionHelper   : (conn=86) Duplicate entry 'dup5' for key 'name'
2024-07-05T19:14:36.636+09:00 ERROR 10616 --- [boardPrac] [ol-2-thread-401] o.h.engine.jdbc.spi.SqlExceptionHelper   : (conn=90) Duplicate entry 'dup5' for key 'name'
2024-07-05T19:14:36.636+09:00  WARN 10616 --- [boardPrac] [ol-2-thread-403] o.h.engine.jdbc.spi.SqlExceptionHelper   : SQL Error: 1062, SQLState: 23000
2024-07-05T19:14:36.636+09:00  WARN 10616 --- [boardPrac] [ol-2-thread-397] o.m.jdbc.message.server.ErrorPacket      : Error: 1062-23000: Duplicate entry 'dup5' for key 'name'
2024-07-05T19:14:36.636+09:00 ERROR 10616 --- [boardPrac] [ol-2-thread-403] o.h.engine.jdbc.spi.SqlExceptionHelper   : (conn=87) Duplicate entry 'dup5' for key 'name'
2024-07-05T19:14:36.636+09:00 ERROR 10616 --- [boardPrac] [ol-2-thread-402] o.h.engine.jdbc.spi.SqlExceptionHelper   : (conn=84) Duplicate entry 'dup5' for key 'name'
2024-07-05T19:14:36.636+09:00  WARN 10616 --- [boardPrac] [ol-2-thread-397] o.h.engine.jdbc.spi.SqlExceptionHelper   : SQL Error: 1062, SQLState: 23000
2024-07-05T19:14:36.636+09:00  WARN 10616 --- [boardPrac] [ol-2-thread-396] o.h.engine.jdbc.spi.SqlExceptionHelper   : SQL Error: 1062, SQLState: 23000
2024-07-05T19:14:36.636+09:00 ERROR 10616 --- [boardPrac] [ol-2-thread-397] o.h.engine.jdbc.spi.SqlExceptionHelper   : (conn=89) Duplicate entry 'dup5' for key 'name'
2024-07-05T19:14:36.636+09:00 ERROR 10616 --- [boardPrac] [ol-2-thread-396] o.h.engine.jdbc.spi.SqlExceptionHelper   : (conn=91) Duplicate entry 'dup5' for key 'name'
could not execute statement [(conn=93) Duplicate entry 'dup5' for key 'name'] [insert into users (name) values (?) returning user_id]; SQL [insert into users (name) values (?) returning user_id]; constraint [name]
could not execute statement [(conn=89) Duplicate entry 'dup5' for key 'name'] [insert into users (name) values (?) returning user_id]; SQL [insert into users (name) values (?) returning user_id]; constraint [name]
could not execute statement [(conn=92) Duplicate entry 'dup5' for key 'name'] [insert into users (name) values (?) returning user_id]; SQL [insert into users (name) values (?) returning user_id]; constraint [name]
could not execute statement [(conn=91) Duplicate entry 'dup5' for key 'name'] [insert into users (name) values (?) returning user_id]; SQL [insert into users (name) values (?) returning user_id]; constraint [name]
could not execute statement [(conn=90) Duplicate entry 'dup5' for key 'name'] [insert into users (name) values (?) returning user_id]; SQL [insert into users (name) values (?) returning user_id]; constraint [name]
could not execute statement [(conn=84) Duplicate entry 'dup5' for key 'name'] [insert into users (name) values (?) returning user_id]; SQL [insert into users (name) values (?) returning user_id]; constraint [name]
could not execute statement [(conn=86) Duplicate entry 'dup5' for key 'name'] [insert into users (name) values (?) returning user_id]; SQL [insert into users (name) values (?) returning user_id]; constraint [name]
could not execute statement [(conn=87) Duplicate entry 'dup5' for key 'name'] [insert into users (name) values (?) returning user_id]; SQL [insert into users (name) values (?) returning user_id]; constraint [name]
could not execute statement [(conn=85) Duplicate entry 'dup5' for key 'name'] [insert into users (name) values (?) returning user_id]; SQL [insert into users (name) values (?) returning user_id]; constraint [name]
could not execute statement [(conn=88) Duplicate entry 'dup5' for key 'name'] [insert into users (name) values (?) returning user_id]; SQL [insert into users (name) values (?) returning user_id]; constraint [name]
Hibernate: insert into users (name) values (?) returning user_id
Hibernate: insert into users (name) values (?) returning user_id
Hibernate: insert into users (name) values (?) returning user_id
Hibernate: insert into users (name) values (?) returning user_id
Hibernate: insert into users (name) values (?) returning user_id
Hibernate: insert into users (name) values (?) returning user_id
Hibernate: insert into users (name) values (?) returning user_id
Hibernate: insert into users (name) values (?) returning user_id
Hibernate: insert into users (name) values (?) returning user_id
Hibernate: insert into users (name) values (?) returning user_id
2024-07-05T19:14:36.643+09:00  WARN 10616 --- [boardPrac] [ol-2-thread-414] o.m.jdbc.message.server.ErrorPacket      : Error: 1062-23000: Duplicate entry 'dup5' for key 'name'
2024-07-05T19:14:36.644+09:00  WARN 10616 --- [boardPrac] [ol-2-thread-409] o.m.jdbc.message.server.ErrorPacket      : Error: 1062-23000: Duplicate entry 'dup5' for key 'name'
2024-07-05T19:14:36.644+09:00  WARN 10616 --- [boardPrac] [ol-2-thread-412] o.m.jdbc.message.server.ErrorPacket      : Error: 1062-23000: Duplicate entry 'dup5' for key 'name'
2024-07-05T19:14:36.644+09:00  WARN 10616 --- [boardPrac] [ol-2-thread-415] o.m.jdbc.message.server.ErrorPacket      : Error: 1062-23000: Duplicate entry 'dup5' for key 'name'
2024-07-05T19:14:36.644+09:00  WARN 10616 --- [boardPrac] [ol-2-thread-409] o.h.engine.jdbc.spi.SqlExceptionHelper   : SQL Error: 1062, SQLState: 23000
2024-07-05T19:14:36.644+09:00  WARN 10616 --- [boardPrac] [ol-2-thread-414] o.h.engine.jdbc.spi.SqlExceptionHelper   : SQL Error: 1062, SQLState: 23000
2024-07-05T19:14:36.644+09:00 ERROR 10616 --- [boardPrac] [ol-2-thread-409] o.h.engine.jdbc.spi.SqlExceptionHelper   : (conn=90) Duplicate entry 'dup5' for key 'name'
2024-07-05T19:14:36.644+09:00  WARN 10616 --- [boardPrac] [ol-2-thread-415] o.h.engine.jdbc.spi.SqlExceptionHelper   : SQL Error: 1062, SQLState: 23000
2024-07-05T19:14:36.644+09:00 ERROR 10616 --- [boardPrac] [ol-2-thread-414] o.h.engine.jdbc.spi.SqlExceptionHelper   : (conn=86) Duplicate entry 'dup5' for key 'name'
2024-07-05T19:14:36.644+09:00 ERROR 10616 --- [boardPrac] [ol-2-thread-415] o.h.engine.jdbc.spi.SqlExceptionHelper   : (conn=88) Duplicate entry 'dup5' for key 'name'
2024-07-05T19:14:36.644+09:00  WARN 10616 --- [boardPrac] [ol-2-thread-410] o.m.jdbc.message.server.ErrorPacket      : Error: 1062-23000: Duplicate entry 'dup5' for key 'name'
2024-07-05T19:14:36.644+09:00  WARN 10616 --- [boardPrac] [ol-2-thread-408] o.m.jdbc.message.server.ErrorPacket      : Error: 1062-23000: Duplicate entry 'dup5' for key 'name'
2024-07-05T19:14:36.644+09:00  WARN 10616 --- [boardPrac] [ol-2-thread-412] o.h.engine.jdbc.spi.SqlExceptionHelper   : SQL Error: 1062, SQLState: 23000
2024-07-05T19:14:36.644+09:00  WARN 10616 --- [boardPrac] [ol-2-thread-410] o.h.engine.jdbc.spi.SqlExceptionHelper   : SQL Error: 1062, SQLState: 23000
2024-07-05T19:14:36.644+09:00 ERROR 10616 --- [boardPrac] [ol-2-thread-412] o.h.engine.jdbc.spi.SqlExceptionHelper   : (conn=91) Duplicate entry 'dup5' for key 'name'
2024-07-05T19:14:36.644+09:00  WARN 10616 --- [boardPrac] [ol-2-thread-407] o.m.jdbc.message.server.ErrorPacket      : Error: 1062-23000: Duplicate entry 'dup5' for key 'name'
2024-07-05T19:14:36.644+09:00  WARN 10616 --- [boardPrac] [ol-2-thread-408] o.h.engine.jdbc.spi.SqlExceptionHelper   : SQL Error: 1062, SQLState: 23000
2024-07-05T19:14:36.644+09:00 ERROR 10616 --- [boardPrac] [ol-2-thread-408] o.h.engine.jdbc.spi.SqlExceptionHelper   : (conn=85) Duplicate entry 'dup5' for key 'name'
2024-07-05T19:14:36.644+09:00 ERROR 10616 --- [boardPrac] [ol-2-thread-410] o.h.engine.jdbc.spi.SqlExceptionHelper   : (conn=84) Duplicate entry 'dup5' for key 'name'
2024-07-05T19:14:36.644+09:00  WARN 10616 --- [boardPrac] [ol-2-thread-407] o.h.engine.jdbc.spi.SqlExceptionHelper   : SQL Error: 1062, SQLState: 23000
2024-07-05T19:14:36.644+09:00 ERROR 10616 --- [boardPrac] [ol-2-thread-407] o.h.engine.jdbc.spi.SqlExceptionHelper   : (conn=89) Duplicate entry 'dup5' for key 'name'
2024-07-05T19:14:36.644+09:00  WARN 10616 --- [boardPrac] [ol-2-thread-411] o.m.jdbc.message.server.ErrorPacket      : Error: 1062-23000: Duplicate entry 'dup5' for key 'name'
2024-07-05T19:14:36.644+09:00  WARN 10616 --- [boardPrac] [ol-2-thread-413] o.m.jdbc.message.server.ErrorPacket      : Error: 1062-23000: Duplicate entry 'dup5' for key 'name'
2024-07-05T19:14:36.644+09:00  WARN 10616 --- [boardPrac] [ol-2-thread-406] o.m.jdbc.message.server.ErrorPacket      : Error: 1062-23000: Duplicate entry 'dup5' for key 'name'
2024-07-05T19:14:36.644+09:00  WARN 10616 --- [boardPrac] [ol-2-thread-411] o.h.engine.jdbc.spi.SqlExceptionHelper   : SQL Error: 1062, SQLState: 23000
2024-07-05T19:14:36.644+09:00  WARN 10616 --- [boardPrac] [ol-2-thread-413] o.h.engine.jdbc.spi.SqlExceptionHelper   : SQL Error: 1062, SQLState: 23000
2024-07-05T19:14:36.644+09:00 ERROR 10616 --- [boardPrac] [ol-2-thread-413] o.h.engine.jdbc.spi.SqlExceptionHelper   : (conn=87) Duplicate entry 'dup5' for key 'name'
2024-07-05T19:14:36.644+09:00 ERROR 10616 --- [boardPrac] [ol-2-thread-411] o.h.engine.jdbc.spi.SqlExceptionHelper   : (conn=92) Duplicate entry 'dup5' for key 'name'
2024-07-05T19:14:36.644+09:00  WARN 10616 --- [boardPrac] [ol-2-thread-406] o.h.engine.jdbc.spi.SqlExceptionHelper   : SQL Error: 1062, SQLState: 23000
2024-07-05T19:14:36.644+09:00 ERROR 10616 --- [boardPrac] [ol-2-thread-406] o.h.engine.jdbc.spi.SqlExceptionHelper   : (conn=93) Duplicate entry 'dup5' for key 'name'
could not execute statement [(conn=90) Duplicate entry 'dup5' for key 'name'] [insert into users (name) values (?) returning user_id]; SQL [insert into users (name) values (?) returning user_id]; constraint [name]
could not execute statement [(conn=85) Duplicate entry 'dup5' for key 'name'] [insert into users (name) values (?) returning user_id]; SQL [insert into users (name) values (?) returning user_id]; constraint [name]
could not execute statement [(conn=89) Duplicate entry 'dup5' for key 'name'] [insert into users (name) values (?) returning user_id]; SQL [insert into users (name) values (?) returning user_id]; constraint [name]
could not execute statement [(conn=93) Duplicate entry 'dup5' for key 'name'] [insert into users (name) values (?) returning user_id]; SQL [insert into users (name) values (?) returning user_id]; constraint [name]
could not execute statement [(conn=86) Duplicate entry 'dup5' for key 'name'] [insert into users (name) values (?) returning user_id]; SQL [insert into users (name) values (?) returning user_id]; constraint [name]
could not execute statement [(conn=92) Duplicate entry 'dup5' for key 'name'] [insert into users (name) values (?) returning user_id]; SQL [insert into users (name) values (?) returning user_id]; constraint [name]
could not execute statement [(conn=87) Duplicate entry 'dup5' for key 'name'] [insert into users (name) values (?) returning user_id]; SQL [insert into users (name) values (?) returning user_id]; constraint [name]
could not execute statement [(conn=84) Duplicate entry 'dup5' for key 'name'] [insert into users (name) values (?) returning user_id]; SQL [insert into users (name) values (?) returning user_id]; constraint [name]
could not execute statement [(conn=88) Duplicate entry 'dup5' for key 'name'] [insert into users (name) values (?) returning user_id]; SQL [insert into users (name) values (?) returning user_id]; constraint [name]
could not execute statement [(conn=91) Duplicate entry 'dup5' for key 'name'] [insert into users (name) values (?) returning user_id]; SQL [insert into users (name) values (?) returning user_id]; constraint [name]
Hibernate: insert into users (name) values (?) returning user_id
Hibernate: insert into users (name) values (?) returning user_id
Hibernate: insert into users (name) values (?) returning user_id
Hibernate: insert into users (name) values (?) returning user_id
Hibernate: insert into users (name) values (?) returning user_id
Hibernate: insert into users (name) values (?) returning user_id
Hibernate: insert into users (name) values (?) returning user_id
Hibernate: insert into users (name) values (?) returning user_id
Hibernate: insert into users (name) values (?) returning user_id
Hibernate: insert into users (name) values (?) returning user_id
2024-07-05T19:14:36.651+09:00  WARN 10616 --- [boardPrac] [ol-2-thread-419] o.m.jdbc.message.server.ErrorPacket      : Error: 1062-23000: Duplicate entry 'dup5' for key 'name'
2024-07-05T19:14:36.651+09:00  WARN 10616 --- [boardPrac] [ol-2-thread-421] o.m.jdbc.message.server.ErrorPacket      : Error: 1062-23000: Duplicate entry 'dup5' for key 'name'
2024-07-05T19:14:36.651+09:00  WARN 10616 --- [boardPrac] [ol-2-thread-417] o.m.jdbc.message.server.ErrorPacket      : Error: 1062-23000: Duplicate entry 'dup5' for key 'name'
2024-07-05T19:14:36.652+09:00  WARN 10616 --- [boardPrac] [ol-2-thread-420] o.m.jdbc.message.server.ErrorPacket      : Error: 1062-23000: Duplicate entry 'dup5' for key 'name'
2024-07-05T19:14:36.652+09:00  WARN 10616 --- [boardPrac] [ol-2-thread-417] o.h.engine.jdbc.spi.SqlExceptionHelper   : SQL Error: 1062, SQLState: 23000
2024-07-05T19:14:36.652+09:00  WARN 10616 --- [boardPrac] [ol-2-thread-422] o.m.jdbc.message.server.ErrorPacket      : Error: 1062-23000: Duplicate entry 'dup5' for key 'name'
2024-07-05T19:14:36.652+09:00  WARN 10616 --- [boardPrac] [ol-2-thread-423] o.m.jdbc.message.server.ErrorPacket      : Error: 1062-23000: Duplicate entry 'dup5' for key 'name'
2024-07-05T19:14:36.651+09:00  WARN 10616 --- [boardPrac] [ol-2-thread-425] o.m.jdbc.message.server.ErrorPacket      : Error: 1062-23000: Duplicate entry 'dup5' for key 'name'
2024-07-05T19:14:36.652+09:00  WARN 10616 --- [boardPrac] [ol-2-thread-420] o.h.engine.jdbc.spi.SqlExceptionHelper   : SQL Error: 1062, SQLState: 23000
2024-07-05T19:14:36.652+09:00  WARN 10616 --- [boardPrac] [ol-2-thread-423] o.h.engine.jdbc.spi.SqlExceptionHelper   : SQL Error: 1062, SQLState: 23000
2024-07-05T19:14:36.652+09:00  WARN 10616 --- [boardPrac] [ol-2-thread-418] o.m.jdbc.message.server.ErrorPacket      : Error: 1062-23000: Duplicate entry 'dup5' for key 'name'
2024-07-05T19:14:36.652+09:00  WARN 10616 --- [boardPrac] [ol-2-thread-422] o.h.engine.jdbc.spi.SqlExceptionHelper   : SQL Error: 1062, SQLState: 23000
2024-07-05T19:14:36.652+09:00 ERROR 10616 --- [boardPrac] [ol-2-thread-422] o.h.engine.jdbc.spi.SqlExceptionHelper   : (conn=86) Duplicate entry 'dup5' for key 'name'
2024-07-05T19:14:36.652+09:00  WARN 10616 --- [boardPrac] [ol-2-thread-419] o.h.engine.jdbc.spi.SqlExceptionHelper   : SQL Error: 1062, SQLState: 23000
2024-07-05T19:14:36.652+09:00  WARN 10616 --- [boardPrac] [ol-2-thread-424] o.m.jdbc.message.server.ErrorPacket      : Error: 1062-23000: Duplicate entry 'dup5' for key 'name'
2024-07-05T19:14:36.652+09:00  WARN 10616 --- [boardPrac] [ol-2-thread-421] o.h.engine.jdbc.spi.SqlExceptionHelper   : SQL Error: 1062, SQLState: 23000
2024-07-05T19:14:36.652+09:00 ERROR 10616 --- [boardPrac] [ol-2-thread-417] o.h.engine.jdbc.spi.SqlExceptionHelper   : (conn=90) Duplicate entry 'dup5' for key 'name'
2024-07-05T19:14:36.652+09:00  WARN 10616 --- [boardPrac] [ol-2-thread-424] o.h.engine.jdbc.spi.SqlExceptionHelper   : SQL Error: 1062, SQLState: 23000
2024-07-05T19:14:36.652+09:00 ERROR 10616 --- [boardPrac] [ol-2-thread-420] o.h.engine.jdbc.spi.SqlExceptionHelper   : (conn=85) Duplicate entry 'dup5' for key 'name'
2024-07-05T19:14:36.652+09:00 ERROR 10616 --- [boardPrac] [ol-2-thread-423] o.h.engine.jdbc.spi.SqlExceptionHelper   : (conn=84) Duplicate entry 'dup5' for key 'name'
2024-07-05T19:14:36.652+09:00  WARN 10616 --- [boardPrac] [ol-2-thread-425] o.h.engine.jdbc.spi.SqlExceptionHelper   : SQL Error: 1062, SQLState: 23000
2024-07-05T19:14:36.652+09:00  WARN 10616 --- [boardPrac] [ol-2-thread-418] o.h.engine.jdbc.spi.SqlExceptionHelper   : SQL Error: 1062, SQLState: 23000
2024-07-05T19:14:36.652+09:00  WARN 10616 --- [boardPrac] [ol-2-thread-416] o.m.jdbc.message.server.ErrorPacket      : Error: 1062-23000: Duplicate entry 'dup5' for key 'name'
2024-07-05T19:14:36.652+09:00 ERROR 10616 --- [boardPrac] [ol-2-thread-421] o.h.engine.jdbc.spi.SqlExceptionHelper   : (conn=87) Duplicate entry 'dup5' for key 'name'
2024-07-05T19:14:36.652+09:00 ERROR 10616 --- [boardPrac] [ol-2-thread-418] o.h.engine.jdbc.spi.SqlExceptionHelper   : (conn=89) Duplicate entry 'dup5' for key 'name'
2024-07-05T19:14:36.652+09:00 ERROR 10616 --- [boardPrac] [ol-2-thread-419] o.h.engine.jdbc.spi.SqlExceptionHelper   : (conn=92) Duplicate entry 'dup5' for key 'name'
2024-07-05T19:14:36.652+09:00 ERROR 10616 --- [boardPrac] [ol-2-thread-424] o.h.engine.jdbc.spi.SqlExceptionHelper   : (conn=88) Duplicate entry 'dup5' for key 'name'
2024-07-05T19:14:36.652+09:00 ERROR 10616 --- [boardPrac] [ol-2-thread-425] o.h.engine.jdbc.spi.SqlExceptionHelper   : (conn=91) Duplicate entry 'dup5' for key 'name'
2024-07-05T19:14:36.652+09:00  WARN 10616 --- [boardPrac] [ol-2-thread-416] o.h.engine.jdbc.spi.SqlExceptionHelper   : SQL Error: 1062, SQLState: 23000
2024-07-05T19:14:36.652+09:00 ERROR 10616 --- [boardPrac] [ol-2-thread-416] o.h.engine.jdbc.spi.SqlExceptionHelper   : (conn=93) Duplicate entry 'dup5' for key 'name'
could not execute statement [(conn=89) Duplicate entry 'dup5' for key 'name'] [insert into users (name) values (?) returning user_id]; SQL [insert into users (name) values (?) returning user_id]; constraint [name]
could not execute statement [(conn=88) Duplicate entry 'dup5' for key 'name'] [insert into users (name) values (?) returning user_id]; SQL [insert into users (name) values (?) returning user_id]; constraint [name]
could not execute statement [(conn=86) Duplicate entry 'dup5' for key 'name'] [insert into users (name) values (?) returning user_id]; SQL [insert into users (name) values (?) returning user_id]; constraint [name]
could not execute statement [(conn=85) Duplicate entry 'dup5' for key 'name'] [insert into users (name) values (?) returning user_id]; SQL [insert into users (name) values (?) returning user_id]; constraint [name]
could not execute statement [(conn=92) Duplicate entry 'dup5' for key 'name'] [insert into users (name) values (?) returning user_id]; SQL [insert into users (name) values (?) returning user_id]; constraint [name]
could not execute statement [(conn=91) Duplicate entry 'dup5' for key 'name'] [insert into users (name) values (?) returning user_id]; SQL [insert into users (name) values (?) returning user_id]; constraint [name]
could not execute statement [(conn=90) Duplicate entry 'dup5' for key 'name'] [insert into users (name) values (?) returning user_id]; SQL [insert into users (name) values (?) returning user_id]; constraint [name]
could not execute statement [(conn=84) Duplicate entry 'dup5' for key 'name'] [insert into users (name) values (?) returning user_id]; SQL [insert into users (name) values (?) returning user_id]; constraint [name]
could not execute statement [(conn=87) Duplicate entry 'dup5' for key 'name'] [insert into users (name) values (?) returning user_id]; SQL [insert into users (name) values (?) returning user_id]; constraint [name]
could not execute statement [(conn=93) Duplicate entry 'dup5' for key 'name'] [insert into users (name) values (?) returning user_id]; SQL [insert into users (name) values (?) returning user_id]; constraint [name]
Hibernate: insert into users (name) values (?) returning user_id
Hibernate: insert into users (name) values (?) returning user_id
Hibernate: insert into users (name) values (?) returning user_id
Hibernate: insert into users (name) values (?) returning user_id
Hibernate: insert into users (name) values (?) returning user_id
Hibernate: insert into users (name) values (?) returning user_id
Hibernate: insert into users (name) values (?) returning user_id
Hibernate: insert into users (name) values (?) returning user_id
Hibernate: insert into users (name) values (?) returning user_id
Hibernate: insert into users (name) values (?) returning user_id
2024-07-05T19:14:36.661+09:00  WARN 10616 --- [boardPrac] [ol-2-thread-429] o.m.jdbc.message.server.ErrorPacket      : Error: 1062-23000: Duplicate entry 'dup5' for key 'name'
2024-07-05T19:14:36.661+09:00  WARN 10616 --- [boardPrac] [ol-2-thread-433] o.m.jdbc.message.server.ErrorPacket      : Error: 1062-23000: Duplicate entry 'dup5' for key 'name'
2024-07-05T19:14:36.661+09:00  WARN 10616 --- [boardPrac] [ol-2-thread-428] o.m.jdbc.message.server.ErrorPacket      : Error: 1062-23000: Duplicate entry 'dup5' for key 'name'
2024-07-05T19:14:36.661+09:00  WARN 10616 --- [boardPrac] [ol-2-thread-429] o.h.engine.jdbc.spi.SqlExceptionHelper   : SQL Error: 1062, SQLState: 23000
2024-07-05T19:14:36.661+09:00 ERROR 10616 --- [boardPrac] [ol-2-thread-429] o.h.engine.jdbc.spi.SqlExceptionHelper   : (conn=85) Duplicate entry 'dup5' for key 'name'
2024-07-05T19:14:36.661+09:00  WARN 10616 --- [boardPrac] [ol-2-thread-428] o.h.engine.jdbc.spi.SqlExceptionHelper   : SQL Error: 1062, SQLState: 23000
2024-07-05T19:14:36.661+09:00  WARN 10616 --- [boardPrac] [ol-2-thread-434] o.m.jdbc.message.server.ErrorPacket      : Error: 1062-23000: Duplicate entry 'dup5' for key 'name'
2024-07-05T19:14:36.661+09:00  WARN 10616 --- [boardPrac] [ol-2-thread-427] o.m.jdbc.message.server.ErrorPacket      : Error: 1062-23000: Duplicate entry 'dup5' for key 'name'
2024-07-05T19:14:36.661+09:00  WARN 10616 --- [boardPrac] [ol-2-thread-432] o.m.jdbc.message.server.ErrorPacket      : Error: 1062-23000: Duplicate entry 'dup5' for key 'name'
2024-07-05T19:14:36.661+09:00  WARN 10616 --- [boardPrac] [ol-2-thread-430] o.m.jdbc.message.server.ErrorPacket      : Error: 1062-23000: Duplicate entry 'dup5' for key 'name'
2024-07-05T19:14:36.661+09:00  WARN 10616 --- [boardPrac] [ol-2-thread-431] o.m.jdbc.message.server.ErrorPacket      : Error: 1062-23000: Duplicate entry 'dup5' for key 'name'
2024-07-05T19:14:36.661+09:00  WARN 10616 --- [boardPrac] [ol-2-thread-432] o.h.engine.jdbc.spi.SqlExceptionHelper   : SQL Error: 1062, SQLState: 23000
2024-07-05T19:14:36.661+09:00  WARN 10616 --- [boardPrac] [ol-2-thread-430] o.h.engine.jdbc.spi.SqlExceptionHelper   : SQL Error: 1062, SQLState: 23000
2024-07-05T19:14:36.661+09:00  WARN 10616 --- [boardPrac] [ol-2-thread-435] o.m.jdbc.message.server.ErrorPacket      : Error: 1062-23000: Duplicate entry 'dup5' for key 'name'
2024-07-05T19:14:36.661+09:00 ERROR 10616 --- [boardPrac] [ol-2-thread-430] o.h.engine.jdbc.spi.SqlExceptionHelper   : (conn=92) Duplicate entry 'dup5' for key 'name'
2024-07-05T19:14:36.661+09:00  WARN 10616 --- [boardPrac] [ol-2-thread-427] o.h.engine.jdbc.spi.SqlExceptionHelper   : SQL Error: 1062, SQLState: 23000
2024-07-05T19:14:36.661+09:00  WARN 10616 --- [boardPrac] [ol-2-thread-433] o.h.engine.jdbc.spi.SqlExceptionHelper   : SQL Error: 1062, SQLState: 23000
2024-07-05T19:14:36.661+09:00 ERROR 10616 --- [boardPrac] [ol-2-thread-427] o.h.engine.jdbc.spi.SqlExceptionHelper   : (conn=88) Duplicate entry 'dup5' for key 'name'
2024-07-05T19:14:36.661+09:00 ERROR 10616 --- [boardPrac] [ol-2-thread-433] o.h.engine.jdbc.spi.SqlExceptionHelper   : (conn=87) Duplicate entry 'dup5' for key 'name'
2024-07-05T19:14:36.661+09:00 ERROR 10616 --- [boardPrac] [ol-2-thread-428] o.h.engine.jdbc.spi.SqlExceptionHelper   : (conn=91) Duplicate entry 'dup5' for key 'name'
2024-07-05T19:14:36.661+09:00  WARN 10616 --- [boardPrac] [ol-2-thread-426] o.m.jdbc.message.server.ErrorPacket      : Error: 1062-23000: Duplicate entry 'dup5' for key 'name'
2024-07-05T19:14:36.661+09:00  WARN 10616 --- [boardPrac] [ol-2-thread-434] o.h.engine.jdbc.spi.SqlExceptionHelper   : SQL Error: 1062, SQLState: 23000
2024-07-05T19:14:36.661+09:00 ERROR 10616 --- [boardPrac] [ol-2-thread-432] o.h.engine.jdbc.spi.SqlExceptionHelper   : (conn=90) Duplicate entry 'dup5' for key 'name'
2024-07-05T19:14:36.661+09:00  WARN 10616 --- [boardPrac] [ol-2-thread-431] o.h.engine.jdbc.spi.SqlExceptionHelper   : SQL Error: 1062, SQLState: 23000
2024-07-05T19:14:36.661+09:00 ERROR 10616 --- [boardPrac] [ol-2-thread-431] o.h.engine.jdbc.spi.SqlExceptionHelper   : (conn=89) Duplicate entry 'dup5' for key 'name'
2024-07-05T19:14:36.661+09:00  WARN 10616 --- [boardPrac] [ol-2-thread-435] o.h.engine.jdbc.spi.SqlExceptionHelper   : SQL Error: 1062, SQLState: 23000
2024-07-05T19:14:36.661+09:00  WARN 10616 --- [boardPrac] [ol-2-thread-426] o.h.engine.jdbc.spi.SqlExceptionHelper   : SQL Error: 1062, SQLState: 23000
2024-07-05T19:14:36.661+09:00 ERROR 10616 --- [boardPrac] [ol-2-thread-434] o.h.engine.jdbc.spi.SqlExceptionHelper   : (conn=93) Duplicate entry 'dup5' for key 'name'
2024-07-05T19:14:36.661+09:00 ERROR 10616 --- [boardPrac] [ol-2-thread-426] o.h.engine.jdbc.spi.SqlExceptionHelper   : (conn=86) Duplicate entry 'dup5' for key 'name'
2024-07-05T19:14:36.661+09:00 ERROR 10616 --- [boardPrac] [ol-2-thread-435] o.h.engine.jdbc.spi.SqlExceptionHelper   : (conn=84) Duplicate entry 'dup5' for key 'name'
could not execute statement [(conn=85) Duplicate entry 'dup5' for key 'name'] [insert into users (name) values (?) returning user_id]; SQL [insert into users (name) values (?) returning user_id]; constraint [name]
could not execute statement [(conn=86) Duplicate entry 'dup5' for key 'name'] [insert into users (name) values (?) returning user_id]; SQL [insert into users (name) values (?) returning user_id]; constraint [name]
could not execute statement [(conn=90) Duplicate entry 'dup5' for key 'name'] [insert into users (name) values (?) returning user_id]; SQL [insert into users (name) values (?) returning user_id]; constraint [name]
could not execute statement [(conn=84) Duplicate entry 'dup5' for key 'name'] [insert into users (name) values (?) returning user_id]; SQL [insert into users (name) values (?) returning user_id]; constraint [name]
could not execute statement [(conn=89) Duplicate entry 'dup5' for key 'name'] [insert into users (name) values (?) returning user_id]; SQL [insert into users (name) values (?) returning user_id]; constraint [name]
could not execute statement [(conn=91) Duplicate entry 'dup5' for key 'name'] [insert into users (name) values (?) returning user_id]; SQL [insert into users (name) values (?) returning user_id]; constraint [name]
could not execute statement [(conn=88) Duplicate entry 'dup5' for key 'name'] [insert into users (name) values (?) returning user_id]; SQL [insert into users (name) values (?) returning user_id]; constraint [name]
could not execute statement [(conn=92) Duplicate entry 'dup5' for key 'name'] [insert into users (name) values (?) returning user_id]; SQL [insert into users (name) values (?) returning user_id]; constraint [name]
could not execute statement [(conn=87) Duplicate entry 'dup5' for key 'name'] [insert into users (name) values (?) returning user_id]; SQL [insert into users (name) values (?) returning user_id]; constraint [name]
could not execute statement [(conn=93) Duplicate entry 'dup5' for key 'name'] [insert into users (name) values (?) returning user_id]; SQL [insert into users (name) values (?) returning user_id]; constraint [name]
Hibernate: insert into users (name) values (?) returning user_id
Hibernate: insert into users (name) values (?) returning user_id
Hibernate: insert into users (name) values (?) returning user_id
Hibernate: insert into users (name) values (?) returning user_id
Hibernate: insert into users (name) values (?) returning user_id
Hibernate: insert into users (name) values (?) returning user_id
Hibernate: insert into users (name) values (?) returning user_id
Hibernate: insert into users (name) values (?) returning user_id
Hibernate: insert into users (name) values (?) returning user_id
Hibernate: insert into users (name) values (?) returning user_id
2024-07-05T19:14:36.669+09:00  WARN 10616 --- [boardPrac] [ol-2-thread-436] o.m.jdbc.message.server.ErrorPacket      : Error: 1062-23000: Duplicate entry 'dup5' for key 'name'
2024-07-05T19:14:36.669+09:00  WARN 10616 --- [boardPrac] [ol-2-thread-436] o.h.engine.jdbc.spi.SqlExceptionHelper   : SQL Error: 1062, SQLState: 23000
2024-07-05T19:14:36.669+09:00 ERROR 10616 --- [boardPrac] [ol-2-thread-436] o.h.engine.jdbc.spi.SqlExceptionHelper   : (conn=85) Duplicate entry 'dup5' for key 'name'
2024-07-05T19:14:36.670+09:00  WARN 10616 --- [boardPrac] [ol-2-thread-444] o.m.jdbc.message.server.ErrorPacket      : Error: 1062-23000: Duplicate entry 'dup5' for key 'name'
2024-07-05T19:14:36.670+09:00  WARN 10616 --- [boardPrac] [ol-2-thread-445] o.m.jdbc.message.server.ErrorPacket      : Error: 1062-23000: Duplicate entry 'dup5' for key 'name'
2024-07-05T19:14:36.670+09:00  WARN 10616 --- [boardPrac] [ol-2-thread-444] o.h.engine.jdbc.spi.SqlExceptionHelper   : SQL Error: 1062, SQLState: 23000
2024-07-05T19:14:36.670+09:00 ERROR 10616 --- [boardPrac] [ol-2-thread-444] o.h.engine.jdbc.spi.SqlExceptionHelper   : (conn=87) Duplicate entry 'dup5' for key 'name'
2024-07-05T19:14:36.670+09:00  WARN 10616 --- [boardPrac] [ol-2-thread-445] o.h.engine.jdbc.spi.SqlExceptionHelper   : SQL Error: 1062, SQLState: 23000
2024-07-05T19:14:36.670+09:00 ERROR 10616 --- [boardPrac] [ol-2-thread-445] o.h.engine.jdbc.spi.SqlExceptionHelper   : (conn=93) Duplicate entry 'dup5' for key 'name'
2024-07-05T19:14:36.670+09:00  WARN 10616 --- [boardPrac] [ol-2-thread-443] o.m.jdbc.message.server.ErrorPacket      : Error: 1062-23000: Duplicate entry 'dup5' for key 'name'
2024-07-05T19:14:36.670+09:00  WARN 10616 --- [boardPrac] [ol-2-thread-439] o.m.jdbc.message.server.ErrorPacket      : Error: 1062-23000: Duplicate entry 'dup5' for key 'name'
2024-07-05T19:14:36.670+09:00  WARN 10616 --- [boardPrac] [ol-2-thread-442] o.m.jdbc.message.server.ErrorPacket      : Error: 1062-23000: Duplicate entry 'dup5' for key 'name'
2024-07-05T19:14:36.670+09:00  WARN 10616 --- [boardPrac] [ol-2-thread-443] o.h.engine.jdbc.spi.SqlExceptionHelper   : SQL Error: 1062, SQLState: 23000
2024-07-05T19:14:36.670+09:00  WARN 10616 --- [boardPrac] [ol-2-thread-439] o.h.engine.jdbc.spi.SqlExceptionHelper   : SQL Error: 1062, SQLState: 23000
2024-07-05T19:14:36.673+09:00 ERROR 10616 --- [boardPrac] [ol-2-thread-443] o.h.engine.jdbc.spi.SqlExceptionHelper   : (conn=92) Duplicate entry 'dup5' for key 'name'
2024-07-05T19:14:36.673+09:00 ERROR 10616 --- [boardPrac] [ol-2-thread-439] o.h.engine.jdbc.spi.SqlExceptionHelper   : (conn=90) Duplicate entry 'dup5' for key 'name'
2024-07-05T19:14:36.670+09:00  WARN 10616 --- [boardPrac] [ol-2-thread-438] o.m.jdbc.message.server.ErrorPacket      : Error: 1062-23000: Duplicate entry 'dup5' for key 'name'
2024-07-05T19:14:36.673+09:00  WARN 10616 --- [boardPrac] [ol-2-thread-440] o.m.jdbc.message.server.ErrorPacket      : Error: 1062-23000: Duplicate entry 'dup5' for key 'name'
2024-07-05T19:14:36.670+09:00  WARN 10616 --- [boardPrac] [ol-2-thread-441] o.m.jdbc.message.server.ErrorPacket      : Error: 1062-23000: Duplicate entry 'dup5' for key 'name'
2024-07-05T19:14:36.670+09:00  WARN 10616 --- [boardPrac] [ol-2-thread-437] o.m.jdbc.message.server.ErrorPacket      : Error: 1062-23000: Duplicate entry 'dup5' for key 'name'
2024-07-05T19:14:36.673+09:00  WARN 10616 --- [boardPrac] [ol-2-thread-441] o.h.engine.jdbc.spi.SqlExceptionHelper   : SQL Error: 1062, SQLState: 23000
2024-07-05T19:14:36.673+09:00  WARN 10616 --- [boardPrac] [ol-2-thread-442] o.h.engine.jdbc.spi.SqlExceptionHelper   : SQL Error: 1062, SQLState: 23000
2024-07-05T19:14:36.674+09:00 ERROR 10616 --- [boardPrac] [ol-2-thread-441] o.h.engine.jdbc.spi.SqlExceptionHelper   : (conn=91) Duplicate entry 'dup5' for key 'name'
2024-07-05T19:14:36.673+09:00  WARN 10616 --- [boardPrac] [ol-2-thread-438] o.h.engine.jdbc.spi.SqlExceptionHelper   : SQL Error: 1062, SQLState: 23000
2024-07-05T19:14:36.674+09:00 ERROR 10616 --- [boardPrac] [ol-2-thread-442] o.h.engine.jdbc.spi.SqlExceptionHelper   : (conn=88) Duplicate entry 'dup5' for key 'name'
2024-07-05T19:14:36.674+09:00  WARN 10616 --- [boardPrac] [ol-2-thread-437] o.h.engine.jdbc.spi.SqlExceptionHelper   : SQL Error: 1062, SQLState: 23000
2024-07-05T19:14:36.674+09:00  WARN 10616 --- [boardPrac] [ol-2-thread-440] o.h.engine.jdbc.spi.SqlExceptionHelper   : SQL Error: 1062, SQLState: 23000
2024-07-05T19:14:36.674+09:00 ERROR 10616 --- [boardPrac] [ol-2-thread-437] o.h.engine.jdbc.spi.SqlExceptionHelper   : (conn=86) Duplicate entry 'dup5' for key 'name'
2024-07-05T19:14:36.674+09:00 ERROR 10616 --- [boardPrac] [ol-2-thread-438] o.h.engine.jdbc.spi.SqlExceptionHelper   : (conn=84) Duplicate entry 'dup5' for key 'name'
2024-07-05T19:14:36.674+09:00 ERROR 10616 --- [boardPrac] [ol-2-thread-440] o.h.engine.jdbc.spi.SqlExceptionHelper   : (conn=89) Duplicate entry 'dup5' for key 'name'
could not execute statement [(conn=85) Duplicate entry 'dup5' for key 'name'] [insert into users (name) values (?) returning user_id]; SQL [insert into users (name) values (?) returning user_id]; constraint [name]
could not execute statement [(conn=87) Duplicate entry 'dup5' for key 'name'] [insert into users (name) values (?) returning user_id]; SQL [insert into users (name) values (?) returning user_id]; constraint [name]
could not execute statement [(conn=86) Duplicate entry 'dup5' for key 'name'] [insert into users (name) values (?) returning user_id]; SQL [insert into users (name) values (?) returning user_id]; constraint [name]
could not execute statement [(conn=90) Duplicate entry 'dup5' for key 'name'] [insert into users (name) values (?) returning user_id]; SQL [insert into users (name) values (?) returning user_id]; constraint [name]
could not execute statement [(conn=84) Duplicate entry 'dup5' for key 'name'] [insert into users (name) values (?) returning user_id]; SQL [insert into users (name) values (?) returning user_id]; constraint [name]
could not execute statement [(conn=89) Duplicate entry 'dup5' for key 'name'] [insert into users (name) values (?) returning user_id]; SQL [insert into users (name) values (?) returning user_id]; constraint [name]
could not execute statement [(conn=88) Duplicate entry 'dup5' for key 'name'] [insert into users (name) values (?) returning user_id]; SQL [insert into users (name) values (?) returning user_id]; constraint [name]
could not execute statement [(conn=91) Duplicate entry 'dup5' for key 'name'] [insert into users (name) values (?) returning user_id]; SQL [insert into users (name) values (?) returning user_id]; constraint [name]
could not execute statement [(conn=92) Duplicate entry 'dup5' for key 'name'] [insert into users (name) values (?) returning user_id]; SQL [insert into users (name) values (?) returning user_id]; constraint [name]
could not execute statement [(conn=93) Duplicate entry 'dup5' for key 'name'] [insert into users (name) values (?) returning user_id]; SQL [insert into users (name) values (?) returning user_id]; constraint [name]
Hibernate: insert into users (name) values (?) returning user_id
2024-07-05T19:14:36.680+09:00  WARN 10616 --- [boardPrac] [ol-2-thread-446] o.m.jdbc.message.server.ErrorPacket      : Error: 1062-23000: Duplicate entry 'dup5' for key 'name'
Hibernate: insert into users (name) values (?) returning user_id
Hibernate: insert into users (name) values (?) returning user_id
Hibernate: insert into users (name) values (?) returning user_id
Hibernate: insert into users (name) values (?) returning user_id
Hibernate: insert into users (name) values (?) returning user_id
2024-07-05T19:14:36.680+09:00  WARN 10616 --- [boardPrac] [ol-2-thread-446] o.h.engine.jdbc.spi.SqlExceptionHelper   : SQL Error: 1062, SQLState: 23000
2024-07-05T19:14:36.680+09:00 ERROR 10616 --- [boardPrac] [ol-2-thread-446] o.h.engine.jdbc.spi.SqlExceptionHelper   : (conn=85) Duplicate entry 'dup5' for key 'name'
Hibernate: insert into users (name) values (?) returning user_id
Hibernate: insert into users (name) values (?) returning user_id
Hibernate: insert into users (name) values (?) returning user_id
Hibernate: insert into users (name) values (?) returning user_id
2024-07-05T19:14:36.682+09:00  WARN 10616 --- [boardPrac] [ol-2-thread-454] o.m.jdbc.message.server.ErrorPacket      : Error: 1062-23000: Duplicate entry 'dup5' for key 'name'
2024-07-05T19:14:36.682+09:00  WARN 10616 --- [boardPrac] [ol-2-thread-451] o.m.jdbc.message.server.ErrorPacket      : Error: 1062-23000: Duplicate entry 'dup5' for key 'name'
2024-07-05T19:14:36.682+09:00  WARN 10616 --- [boardPrac] [ol-2-thread-450] o.m.jdbc.message.server.ErrorPacket      : Error: 1062-23000: Duplicate entry 'dup5' for key 'name'
2024-07-05T19:14:36.682+09:00  WARN 10616 --- [boardPrac] [ol-2-thread-453] o.m.jdbc.message.server.ErrorPacket      : Error: 1062-23000: Duplicate entry 'dup5' for key 'name'
2024-07-05T19:14:36.682+09:00  WARN 10616 --- [boardPrac] [ol-2-thread-454] o.h.engine.jdbc.spi.SqlExceptionHelper   : SQL Error: 1062, SQLState: 23000
2024-07-05T19:14:36.682+09:00  WARN 10616 --- [boardPrac] [ol-2-thread-455] o.m.jdbc.message.server.ErrorPacket      : Error: 1062-23000: Duplicate entry 'dup5' for key 'name'
2024-07-05T19:14:36.682+09:00 ERROR 10616 --- [boardPrac] [ol-2-thread-454] o.h.engine.jdbc.spi.SqlExceptionHelper   : (conn=86) Duplicate entry 'dup5' for key 'name'
2024-07-05T19:14:36.682+09:00  WARN 10616 --- [boardPrac] [ol-2-thread-448] o.m.jdbc.message.server.ErrorPacket      : Error: 1062-23000: Duplicate entry 'dup5' for key 'name'
2024-07-05T19:14:36.682+09:00  WARN 10616 --- [boardPrac] [ol-2-thread-447] o.m.jdbc.message.server.ErrorPacket      : Error: 1062-23000: Duplicate entry 'dup5' for key 'name'
2024-07-05T19:14:36.683+09:00  WARN 10616 --- [boardPrac] [ol-2-thread-455] o.h.engine.jdbc.spi.SqlExceptionHelper   : SQL Error: 1062, SQLState: 23000
2024-07-05T19:14:36.683+09:00 ERROR 10616 --- [boardPrac] [ol-2-thread-455] o.h.engine.jdbc.spi.SqlExceptionHelper   : (conn=93) Duplicate entry 'dup5' for key 'name'
2024-07-05T19:14:36.683+09:00  WARN 10616 --- [boardPrac] [ol-2-thread-453] o.h.engine.jdbc.spi.SqlExceptionHelper   : SQL Error: 1062, SQLState: 23000
2024-07-05T19:14:36.683+09:00  WARN 10616 --- [boardPrac] [ol-2-thread-448] o.h.engine.jdbc.spi.SqlExceptionHelper   : SQL Error: 1062, SQLState: 23000
2024-07-05T19:14:36.683+09:00  WARN 10616 --- [boardPrac] [ol-2-thread-447] o.h.engine.jdbc.spi.SqlExceptionHelper   : SQL Error: 1062, SQLState: 23000
2024-07-05T19:14:36.682+09:00  WARN 10616 --- [boardPrac] [ol-2-thread-452] o.m.jdbc.message.server.ErrorPacket      : Error: 1062-23000: Duplicate entry 'dup5' for key 'name'
2024-07-05T19:14:36.683+09:00 ERROR 10616 --- [boardPrac] [ol-2-thread-448] o.h.engine.jdbc.spi.SqlExceptionHelper   : (conn=88) Duplicate entry 'dup5' for key 'name'
2024-07-05T19:14:36.683+09:00 ERROR 10616 --- [boardPrac] [ol-2-thread-453] o.h.engine.jdbc.spi.SqlExceptionHelper   : (conn=92) Duplicate entry 'dup5' for key 'name'
2024-07-05T19:14:36.682+09:00  WARN 10616 --- [boardPrac] [ol-2-thread-449] o.m.jdbc.message.server.ErrorPacket      : Error: 1062-23000: Duplicate entry 'dup5' for key 'name'
2024-07-05T19:14:36.682+09:00  WARN 10616 --- [boardPrac] [ol-2-thread-451] o.h.engine.jdbc.spi.SqlExceptionHelper   : SQL Error: 1062, SQLState: 23000
2024-07-05T19:14:36.682+09:00  WARN 10616 --- [boardPrac] [ol-2-thread-450] o.h.engine.jdbc.spi.SqlExceptionHelper   : SQL Error: 1062, SQLState: 23000
2024-07-05T19:14:36.683+09:00 ERROR 10616 --- [boardPrac] [ol-2-thread-447] o.h.engine.jdbc.spi.SqlExceptionHelper   : (conn=91) Duplicate entry 'dup5' for key 'name'
2024-07-05T19:14:36.683+09:00 ERROR 10616 --- [boardPrac] [ol-2-thread-450] o.h.engine.jdbc.spi.SqlExceptionHelper   : (conn=90) Duplicate entry 'dup5' for key 'name'
2024-07-05T19:14:36.683+09:00  WARN 10616 --- [boardPrac] [ol-2-thread-452] o.h.engine.jdbc.spi.SqlExceptionHelper   : SQL Error: 1062, SQLState: 23000
2024-07-05T19:14:36.683+09:00 ERROR 10616 --- [boardPrac] [ol-2-thread-451] o.h.engine.jdbc.spi.SqlExceptionHelper   : (conn=87) Duplicate entry 'dup5' for key 'name'
2024-07-05T19:14:36.683+09:00  WARN 10616 --- [boardPrac] [ol-2-thread-449] o.h.engine.jdbc.spi.SqlExceptionHelper   : SQL Error: 1062, SQLState: 23000
2024-07-05T19:14:36.683+09:00 ERROR 10616 --- [boardPrac] [ol-2-thread-452] o.h.engine.jdbc.spi.SqlExceptionHelper   : (conn=84) Duplicate entry 'dup5' for key 'name'
2024-07-05T19:14:36.683+09:00 ERROR 10616 --- [boardPrac] [ol-2-thread-449] o.h.engine.jdbc.spi.SqlExceptionHelper   : (conn=89) Duplicate entry 'dup5' for key 'name'
could not execute statement [(conn=85) Duplicate entry 'dup5' for key 'name'] [insert into users (name) values (?) returning user_id]; SQL [insert into users (name) values (?) returning user_id]; constraint [name]
could not execute statement [(conn=87) Duplicate entry 'dup5' for key 'name'] [insert into users (name) values (?) returning user_id]; SQL [insert into users (name) values (?) returning user_id]; constraint [name]
could not execute statement [(conn=86) Duplicate entry 'dup5' for key 'name'] [insert into users (name) values (?) returning user_id]; SQL [insert into users (name) values (?) returning user_id]; constraint [name]
could not execute statement [(conn=84) Duplicate entry 'dup5' for key 'name'] [insert into users (name) values (?) returning user_id]; SQL [insert into users (name) values (?) returning user_id]; constraint [name]
Hibernate: insert into users (name) values (?) returning user_id
could not execute statement [(conn=93) Duplicate entry 'dup5' for key 'name'] [insert into users (name) values (?) returning user_id]; SQL [insert into users (name) values (?) returning user_id]; constraint [name]
could not execute statement [(conn=88) Duplicate entry 'dup5' for key 'name'] [insert into users (name) values (?) returning user_id]; SQL [insert into users (name) values (?) returning user_id]; constraint [name]
could not execute statement [(conn=90) Duplicate entry 'dup5' for key 'name'] [insert into users (name) values (?) returning user_id]; SQL [insert into users (name) values (?) returning user_id]; constraint [name]
could not execute statement [(conn=91) Duplicate entry 'dup5' for key 'name'] [insert into users (name) values (?) returning user_id]; SQL [insert into users (name) values (?) returning user_id]; constraint [name]
could not execute statement [(conn=89) Duplicate entry 'dup5' for key 'name'] [insert into users (name) values (?) returning user_id]; SQL [insert into users (name) values (?) returning user_id]; constraint [name]
could not execute statement [(conn=92) Duplicate entry 'dup5' for key 'name'] [insert into users (name) values (?) returning user_id]; SQL [insert into users (name) values (?) returning user_id]; constraint [name]
2024-07-05T19:14:36.687+09:00  WARN 10616 --- [boardPrac] [ol-2-thread-456] o.m.jdbc.message.server.ErrorPacket      : Error: 1062-23000: Duplicate entry 'dup5' for key 'name'
Hibernate: insert into users (name) values (?) returning user_id
Hibernate: insert into users (name) values (?) returning user_id
2024-07-05T19:14:36.688+09:00  WARN 10616 --- [boardPrac] [ol-2-thread-456] o.h.engine.jdbc.spi.SqlExceptionHelper   : SQL Error: 1062, SQLState: 23000
Hibernate: insert into users (name) values (?) returning user_id
2024-07-05T19:14:36.688+09:00 ERROR 10616 --- [boardPrac] [ol-2-thread-456] o.h.engine.jdbc.spi.SqlExceptionHelper   : (conn=85) Duplicate entry 'dup5' for key 'name'
Hibernate: insert into users (name) values (?) returning user_id
Hibernate: insert into users (name) values (?) returning user_id
Hibernate: insert into users (name) values (?) returning user_id
Hibernate: insert into users (name) values (?) returning user_id
Hibernate: insert into users (name) values (?) returning user_id
Hibernate: insert into users (name) values (?) returning user_id
2024-07-05T19:14:36.690+09:00  WARN 10616 --- [boardPrac] [ol-2-thread-464] o.m.jdbc.message.server.ErrorPacket      : Error: 1062-23000: Duplicate entry 'dup5' for key 'name'
2024-07-05T19:14:36.690+09:00  WARN 10616 --- [boardPrac] [ol-2-thread-461] o.m.jdbc.message.server.ErrorPacket      : Error: 1062-23000: Duplicate entry 'dup5' for key 'name'
2024-07-05T19:14:36.690+09:00  WARN 10616 --- [boardPrac] [ol-2-thread-459] o.m.jdbc.message.server.ErrorPacket      : Error: 1062-23000: Duplicate entry 'dup5' for key 'name'
2024-07-05T19:14:36.690+09:00  WARN 10616 --- [boardPrac] [ol-2-thread-458] o.m.jdbc.message.server.ErrorPacket      : Error: 1062-23000: Duplicate entry 'dup5' for key 'name'
2024-07-05T19:14:36.690+09:00  WARN 10616 --- [boardPrac] [ol-2-thread-462] o.m.jdbc.message.server.ErrorPacket      : Error: 1062-23000: Duplicate entry 'dup5' for key 'name'
2024-07-05T19:14:36.690+09:00  WARN 10616 --- [boardPrac] [ol-2-thread-457] o.m.jdbc.message.server.ErrorPacket      : Error: 1062-23000: Duplicate entry 'dup5' for key 'name'
2024-07-05T19:14:36.690+09:00  WARN 10616 --- [boardPrac] [ol-2-thread-463] o.m.jdbc.message.server.ErrorPacket      : Error: 1062-23000: Duplicate entry 'dup5' for key 'name'
2024-07-05T19:14:36.690+09:00  WARN 10616 --- [boardPrac] [ol-2-thread-464] o.h.engine.jdbc.spi.SqlExceptionHelper   : SQL Error: 1062, SQLState: 23000
2024-07-05T19:14:36.690+09:00  WARN 10616 --- [boardPrac] [ol-2-thread-465] o.m.jdbc.message.server.ErrorPacket      : Error: 1062-23000: Duplicate entry 'dup5' for key 'name'
2024-07-05T19:14:36.690+09:00  WARN 10616 --- [boardPrac] [ol-2-thread-459] o.h.engine.jdbc.spi.SqlExceptionHelper   : SQL Error: 1062, SQLState: 23000
2024-07-05T19:14:36.690+09:00  WARN 10616 --- [boardPrac] [ol-2-thread-458] o.h.engine.jdbc.spi.SqlExceptionHelper   : SQL Error: 1062, SQLState: 23000
2024-07-05T19:14:36.690+09:00 ERROR 10616 --- [boardPrac] [ol-2-thread-459] o.h.engine.jdbc.spi.SqlExceptionHelper   : (conn=84) Duplicate entry 'dup5' for key 'name'
2024-07-05T19:14:36.690+09:00  WARN 10616 --- [boardPrac] [ol-2-thread-461] o.h.engine.jdbc.spi.SqlExceptionHelper   : SQL Error: 1062, SQLState: 23000
2024-07-05T19:14:36.690+09:00 ERROR 10616 --- [boardPrac] [ol-2-thread-458] o.h.engine.jdbc.spi.SqlExceptionHelper   : (conn=87) Duplicate entry 'dup5' for key 'name'
2024-07-05T19:14:36.690+09:00  WARN 10616 --- [boardPrac] [ol-2-thread-462] o.h.engine.jdbc.spi.SqlExceptionHelper   : SQL Error: 1062, SQLState: 23000
2024-07-05T19:14:36.690+09:00 ERROR 10616 --- [boardPrac] [ol-2-thread-464] o.h.engine.jdbc.spi.SqlExceptionHelper   : (conn=89) Duplicate entry 'dup5' for key 'name'
2024-07-05T19:14:36.690+09:00  WARN 10616 --- [boardPrac] [ol-2-thread-460] o.m.jdbc.message.server.ErrorPacket      : Error: 1062-23000: Duplicate entry 'dup5' for key 'name'
2024-07-05T19:14:36.690+09:00 ERROR 10616 --- [boardPrac] [ol-2-thread-462] o.h.engine.jdbc.spi.SqlExceptionHelper   : (conn=90) Duplicate entry 'dup5' for key 'name'
2024-07-05T19:14:36.690+09:00  WARN 10616 --- [boardPrac] [ol-2-thread-457] o.h.engine.jdbc.spi.SqlExceptionHelper   : SQL Error: 1062, SQLState: 23000
2024-07-05T19:14:36.690+09:00  WARN 10616 --- [boardPrac] [ol-2-thread-463] o.h.engine.jdbc.spi.SqlExceptionHelper   : SQL Error: 1062, SQLState: 23000
2024-07-05T19:14:36.690+09:00  WARN 10616 --- [boardPrac] [ol-2-thread-460] o.h.engine.jdbc.spi.SqlExceptionHelper   : SQL Error: 1062, SQLState: 23000
2024-07-05T19:14:36.690+09:00 ERROR 10616 --- [boardPrac] [ol-2-thread-460] o.h.engine.jdbc.spi.SqlExceptionHelper   : (conn=86) Duplicate entry 'dup5' for key 'name'
2024-07-05T19:14:36.690+09:00 ERROR 10616 --- [boardPrac] [ol-2-thread-463] o.h.engine.jdbc.spi.SqlExceptionHelper   : (conn=91) Duplicate entry 'dup5' for key 'name'
2024-07-05T19:14:36.690+09:00  WARN 10616 --- [boardPrac] [ol-2-thread-465] o.h.engine.jdbc.spi.SqlExceptionHelper   : SQL Error: 1062, SQLState: 23000
2024-07-05T19:14:36.690+09:00 ERROR 10616 --- [boardPrac] [ol-2-thread-461] o.h.engine.jdbc.spi.SqlExceptionHelper   : (conn=93) Duplicate entry 'dup5' for key 'name'
2024-07-05T19:14:36.690+09:00 ERROR 10616 --- [boardPrac] [ol-2-thread-457] o.h.engine.jdbc.spi.SqlExceptionHelper   : (conn=88) Duplicate entry 'dup5' for key 'name'
2024-07-05T19:14:36.691+09:00 ERROR 10616 --- [boardPrac] [ol-2-thread-465] o.h.engine.jdbc.spi.SqlExceptionHelper   : (conn=92) Duplicate entry 'dup5' for key 'name'
could not execute statement [(conn=85) Duplicate entry 'dup5' for key 'name'] [insert into users (name) values (?) returning user_id]; SQL [insert into users (name) values (?) returning user_id]; constraint [name]
Hibernate: insert into users (name) values (?) returning user_id
could not execute statement [(conn=88) Duplicate entry 'dup5' for key 'name'] [insert into users (name) values (?) returning user_id]; SQL [insert into users (name) values (?) returning user_id]; constraint [name]
could not execute statement [(conn=91) Duplicate entry 'dup5' for key 'name'] [insert into users (name) values (?) returning user_id]; SQL [insert into users (name) values (?) returning user_id]; constraint [name]
could not execute statement [(conn=93) Duplicate entry 'dup5' for key 'name'] [insert into users (name) values (?) returning user_id]; SQL [insert into users (name) values (?) returning user_id]; constraint [name]
could not execute statement [(conn=84) Duplicate entry 'dup5' for key 'name'] [insert into users (name) values (?) returning user_id]; SQL [insert into users (name) values (?) returning user_id]; constraint [name]
could not execute statement [(conn=90) Duplicate entry 'dup5' for key 'name'] [insert into users (name) values (?) returning user_id]; SQL [insert into users (name) values (?) returning user_id]; constraint [name]
could not execute statement [(conn=89) Duplicate entry 'dup5' for key 'name'] [insert into users (name) values (?) returning user_id]; SQL [insert into users (name) values (?) returning user_id]; constraint [name]
could not execute statement [(conn=87) Duplicate entry 'dup5' for key 'name'] [insert into users (name) values (?) returning user_id]; SQL [insert into users (name) values (?) returning user_id]; constraint [name]
could not execute statement [(conn=92) Duplicate entry 'dup5' for key 'name'] [insert into users (name) values (?) returning user_id]; SQL [insert into users (name) values (?) returning user_id]; constraint [name]
could not execute statement [(conn=86) Duplicate entry 'dup5' for key 'name'] [insert into users (name) values (?) returning user_id]; SQL [insert into users (name) values (?) returning user_id]; constraint [name]
2024-07-05T19:14:36.694+09:00  WARN 10616 --- [boardPrac] [ol-2-thread-466] o.m.jdbc.message.server.ErrorPacket      : Error: 1062-23000: Duplicate entry 'dup5' for key 'name'
2024-07-05T19:14:36.694+09:00  WARN 10616 --- [boardPrac] [ol-2-thread-466] o.h.engine.jdbc.spi.SqlExceptionHelper   : SQL Error: 1062, SQLState: 23000
2024-07-05T19:14:36.695+09:00 ERROR 10616 --- [boardPrac] [ol-2-thread-466] o.h.engine.jdbc.spi.SqlExceptionHelper   : (conn=85) Duplicate entry 'dup5' for key 'name'
Hibernate: insert into users (name) values (?) returning user_id
Hibernate: insert into users (name) values (?) returning user_id
Hibernate: insert into users (name) values (?) returning user_id
Hibernate: insert into users (name) values (?) returning user_id
Hibernate: insert into users (name) values (?) returning user_id
Hibernate: insert into users (name) values (?) returning user_id
Hibernate: insert into users (name) values (?) returning user_id
Hibernate: insert into users (name) values (?) returning user_id
Hibernate: insert into users (name) values (?) returning user_id
2024-07-05T19:14:36.697+09:00  WARN 10616 --- [boardPrac] [ol-2-thread-473] o.m.jdbc.message.server.ErrorPacket      : Error: 1062-23000: Duplicate entry 'dup5' for key 'name'
2024-07-05T19:14:36.697+09:00  WARN 10616 --- [boardPrac] [ol-2-thread-467] o.m.jdbc.message.server.ErrorPacket      : Error: 1062-23000: Duplicate entry 'dup5' for key 'name'
2024-07-05T19:14:36.697+09:00  WARN 10616 --- [boardPrac] [ol-2-thread-470] o.m.jdbc.message.server.ErrorPacket      : Error: 1062-23000: Duplicate entry 'dup5' for key 'name'
2024-07-05T19:14:36.697+09:00  WARN 10616 --- [boardPrac] [ol-2-thread-469] o.m.jdbc.message.server.ErrorPacket      : Error: 1062-23000: Duplicate entry 'dup5' for key 'name'
2024-07-05T19:14:36.697+09:00  WARN 10616 --- [boardPrac] [ol-2-thread-472] o.m.jdbc.message.server.ErrorPacket      : Error: 1062-23000: Duplicate entry 'dup5' for key 'name'
2024-07-05T19:14:36.697+09:00  WARN 10616 --- [boardPrac] [ol-2-thread-467] o.h.engine.jdbc.spi.SqlExceptionHelper   : SQL Error: 1062, SQLState: 23000
2024-07-05T19:14:36.697+09:00  WARN 10616 --- [boardPrac] [ol-2-thread-473] o.h.engine.jdbc.spi.SqlExceptionHelper   : SQL Error: 1062, SQLState: 23000
2024-07-05T19:14:36.697+09:00 ERROR 10616 --- [boardPrac] [ol-2-thread-467] o.h.engine.jdbc.spi.SqlExceptionHelper   : (conn=84) Duplicate entry 'dup5' for key 'name'
2024-07-05T19:14:36.697+09:00  WARN 10616 --- [boardPrac] [ol-2-thread-470] o.h.engine.jdbc.spi.SqlExceptionHelper   : SQL Error: 1062, SQLState: 23000
2024-07-05T19:14:36.697+09:00  WARN 10616 --- [boardPrac] [ol-2-thread-475] o.m.jdbc.message.server.ErrorPacket      : Error: 1062-23000: Duplicate entry 'dup5' for key 'name'
2024-07-05T19:14:36.697+09:00 ERROR 10616 --- [boardPrac] [ol-2-thread-470] o.h.engine.jdbc.spi.SqlExceptionHelper   : (conn=91) Duplicate entry 'dup5' for key 'name'
2024-07-05T19:14:36.697+09:00  WARN 10616 --- [boardPrac] [ol-2-thread-469] o.h.engine.jdbc.spi.SqlExceptionHelper   : SQL Error: 1062, SQLState: 23000
2024-07-05T19:14:36.697+09:00  WARN 10616 --- [boardPrac] [ol-2-thread-472] o.h.engine.jdbc.spi.SqlExceptionHelper   : SQL Error: 1062, SQLState: 23000
2024-07-05T19:14:36.697+09:00  WARN 10616 --- [boardPrac] [ol-2-thread-474] o.m.jdbc.message.server.ErrorPacket      : Error: 1062-23000: Duplicate entry 'dup5' for key 'name'
2024-07-05T19:14:36.697+09:00  WARN 10616 --- [boardPrac] [ol-2-thread-471] o.m.jdbc.message.server.ErrorPacket      : Error: 1062-23000: Duplicate entry 'dup5' for key 'name'
2024-07-05T19:14:36.697+09:00  WARN 10616 --- [boardPrac] [ol-2-thread-475] o.h.engine.jdbc.spi.SqlExceptionHelper   : SQL Error: 1062, SQLState: 23000
2024-07-05T19:14:36.697+09:00  WARN 10616 --- [boardPrac] [ol-2-thread-468] o.m.jdbc.message.server.ErrorPacket      : Error: 1062-23000: Duplicate entry 'dup5' for key 'name'
2024-07-05T19:14:36.697+09:00 ERROR 10616 --- [boardPrac] [ol-2-thread-473] o.h.engine.jdbc.spi.SqlExceptionHelper   : (conn=89) Duplicate entry 'dup5' for key 'name'
2024-07-05T19:14:36.697+09:00 ERROR 10616 --- [boardPrac] [ol-2-thread-472] o.h.engine.jdbc.spi.SqlExceptionHelper   : (conn=90) Duplicate entry 'dup5' for key 'name'
2024-07-05T19:14:36.698+09:00 ERROR 10616 --- [boardPrac] [ol-2-thread-475] o.h.engine.jdbc.spi.SqlExceptionHelper   : (conn=86) Duplicate entry 'dup5' for key 'name'
2024-07-05T19:14:36.698+09:00  WARN 10616 --- [boardPrac] [ol-2-thread-468] o.h.engine.jdbc.spi.SqlExceptionHelper   : SQL Error: 1062, SQLState: 23000
2024-07-05T19:14:36.698+09:00  WARN 10616 --- [boardPrac] [ol-2-thread-474] o.h.engine.jdbc.spi.SqlExceptionHelper   : SQL Error: 1062, SQLState: 23000
2024-07-05T19:14:36.697+09:00 ERROR 10616 --- [boardPrac] [ol-2-thread-469] o.h.engine.jdbc.spi.SqlExceptionHelper   : (conn=88) Duplicate entry 'dup5' for key 'name'
2024-07-05T19:14:36.698+09:00 ERROR 10616 --- [boardPrac] [ol-2-thread-474] o.h.engine.jdbc.spi.SqlExceptionHelper   : (conn=87) Duplicate entry 'dup5' for key 'name'
2024-07-05T19:14:36.698+09:00  WARN 10616 --- [boardPrac] [ol-2-thread-471] o.h.engine.jdbc.spi.SqlExceptionHelper   : SQL Error: 1062, SQLState: 23000
2024-07-05T19:14:36.698+09:00 ERROR 10616 --- [boardPrac] [ol-2-thread-471] o.h.engine.jdbc.spi.SqlExceptionHelper   : (conn=93) Duplicate entry 'dup5' for key 'name'
2024-07-05T19:14:36.698+09:00 ERROR 10616 --- [boardPrac] [ol-2-thread-468] o.h.engine.jdbc.spi.SqlExceptionHelper   : (conn=92) Duplicate entry 'dup5' for key 'name'
could not execute statement [(conn=85) Duplicate entry 'dup5' for key 'name'] [insert into users (name) values (?) returning user_id]; SQL [insert into users (name) values (?) returning user_id]; constraint [name]
could not execute statement [(conn=86) Duplicate entry 'dup5' for key 'name'] [insert into users (name) values (?) returning user_id]; SQL [insert into users (name) values (?) returning user_id]; constraint [name]
could not execute statement [(conn=92) Duplicate entry 'dup5' for key 'name'] [insert into users (name) values (?) returning user_id]; SQL [insert into users (name) values (?) returning user_id]; constraint [name]
could not execute statement [(conn=89) Duplicate entry 'dup5' for key 'name'] [insert into users (name) values (?) returning user_id]; SQL [insert into users (name) values (?) returning user_id]; constraint [name]
could not execute statement [(conn=88) Duplicate entry 'dup5' for key 'name'] [insert into users (name) values (?) returning user_id]; SQL [insert into users (name) values (?) returning user_id]; constraint [name]
could not execute statement [(conn=93) Duplicate entry 'dup5' for key 'name'] [insert into users (name) values (?) returning user_id]; SQL [insert into users (name) values (?) returning user_id]; constraint [name]
could not execute statement [(conn=91) Duplicate entry 'dup5' for key 'name'] [insert into users (name) values (?) returning user_id]; SQL [insert into users (name) values (?) returning user_id]; constraint [name]
could not execute statement [(conn=90) Duplicate entry 'dup5' for key 'name'] [insert into users (name) values (?) returning user_id]; SQL [insert into users (name) values (?) returning user_id]; constraint [name]
could not execute statement [(conn=84) Duplicate entry 'dup5' for key 'name'] [insert into users (name) values (?) returning user_id]; SQL [insert into users (name) values (?) returning user_id]; constraint [name]
could not execute statement [(conn=87) Duplicate entry 'dup5' for key 'name'] [insert into users (name) values (?) returning user_id]; SQL [insert into users (name) values (?) returning user_id]; constraint [name]
Hibernate: insert into users (name) values (?) returning user_id
Hibernate: insert into users (name) values (?) returning user_id
Hibernate: insert into users (name) values (?) returning user_id
Hibernate: insert into users (name) values (?) returning user_id
2024-07-05T19:14:36.703+09:00  WARN 10616 --- [boardPrac] [ol-2-thread-476] o.m.jdbc.message.server.ErrorPacket      : Error: 1062-23000: Duplicate entry 'dup5' for key 'name'
Hibernate: insert into users (name) values (?) returning user_id
Hibernate: insert into users (name) values (?) returning user_id
Hibernate: insert into users (name) values (?) returning user_id
2024-07-05T19:14:36.703+09:00  WARN 10616 --- [boardPrac] [ol-2-thread-476] o.h.engine.jdbc.spi.SqlExceptionHelper   : SQL Error: 1062, SQLState: 23000
Hibernate: insert into users (name) values (?) returning user_id
2024-07-05T19:14:36.703+09:00 ERROR 10616 --- [boardPrac] [ol-2-thread-476] o.h.engine.jdbc.spi.SqlExceptionHelper   : (conn=85) Duplicate entry 'dup5' for key 'name'
Hibernate: insert into users (name) values (?) returning user_id
Hibernate: insert into users (name) values (?) returning user_id
2024-07-05T19:14:36.704+09:00  WARN 10616 --- [boardPrac] [ol-2-thread-479] o.m.jdbc.message.server.ErrorPacket      : Error: 1062-23000: Duplicate entry 'dup5' for key 'name'
2024-07-05T19:14:36.705+09:00  WARN 10616 --- [boardPrac] [ol-2-thread-477] o.m.jdbc.message.server.ErrorPacket      : Error: 1062-23000: Duplicate entry 'dup5' for key 'name'
2024-07-05T19:14:36.705+09:00  WARN 10616 --- [boardPrac] [ol-2-thread-479] o.h.engine.jdbc.spi.SqlExceptionHelper   : SQL Error: 1062, SQLState: 23000
2024-07-05T19:14:36.705+09:00  WARN 10616 --- [boardPrac] [ol-2-thread-480] o.m.jdbc.message.server.ErrorPacket      : Error: 1062-23000: Duplicate entry 'dup5' for key 'name'
2024-07-05T19:14:36.705+09:00 ERROR 10616 --- [boardPrac] [ol-2-thread-479] o.h.engine.jdbc.spi.SqlExceptionHelper   : (conn=90) Duplicate entry 'dup5' for key 'name'
2024-07-05T19:14:36.705+09:00  WARN 10616 --- [boardPrac] [ol-2-thread-477] o.h.engine.jdbc.spi.SqlExceptionHelper   : SQL Error: 1062, SQLState: 23000
2024-07-05T19:14:36.705+09:00  WARN 10616 --- [boardPrac] [ol-2-thread-480] o.h.engine.jdbc.spi.SqlExceptionHelper   : SQL Error: 1062, SQLState: 23000
2024-07-05T19:14:36.705+09:00 ERROR 10616 --- [boardPrac] [ol-2-thread-477] o.h.engine.jdbc.spi.SqlExceptionHelper   : (conn=93) Duplicate entry 'dup5' for key 'name'
2024-07-05T19:14:36.705+09:00 ERROR 10616 --- [boardPrac] [ol-2-thread-480] o.h.engine.jdbc.spi.SqlExceptionHelper   : (conn=88) Duplicate entry 'dup5' for key 'name'
2024-07-05T19:14:36.705+09:00  WARN 10616 --- [boardPrac] [ol-2-thread-484] o.m.jdbc.message.server.ErrorPacket      : Error: 1062-23000: Duplicate entry 'dup5' for key 'name'
2024-07-05T19:14:36.705+09:00  WARN 10616 --- [boardPrac] [ol-2-thread-482] o.m.jdbc.message.server.ErrorPacket      : Error: 1062-23000: Duplicate entry 'dup5' for key 'name'
2024-07-05T19:14:36.705+09:00  WARN 10616 --- [boardPrac] [ol-2-thread-484] o.h.engine.jdbc.spi.SqlExceptionHelper   : SQL Error: 1062, SQLState: 23000
2024-07-05T19:14:36.705+09:00 ERROR 10616 --- [boardPrac] [ol-2-thread-484] o.h.engine.jdbc.spi.SqlExceptionHelper   : (conn=92) Duplicate entry 'dup5' for key 'name'
2024-07-05T19:14:36.705+09:00  WARN 10616 --- [boardPrac] [ol-2-thread-483] o.m.jdbc.message.server.ErrorPacket      : Error: 1062-23000: Duplicate entry 'dup5' for key 'name'
2024-07-05T19:14:36.705+09:00  WARN 10616 --- [boardPrac] [ol-2-thread-482] o.h.engine.jdbc.spi.SqlExceptionHelper   : SQL Error: 1062, SQLState: 23000
2024-07-05T19:14:36.706+09:00  WARN 10616 --- [boardPrac] [ol-2-thread-481] o.m.jdbc.message.server.ErrorPacket      : Error: 1062-23000: Duplicate entry 'dup5' for key 'name'
2024-07-05T19:14:36.709+09:00  WARN 10616 --- [boardPrac] [ol-2-thread-478] o.m.jdbc.message.server.ErrorPacket      : Error: 1062-23000: Duplicate entry 'dup5' for key 'name'
2024-07-05T19:14:36.709+09:00  WARN 10616 --- [boardPrac] [ol-2-thread-485] o.m.jdbc.message.server.ErrorPacket      : Error: 1062-23000: Duplicate entry 'dup5' for key 'name'
2024-07-05T19:14:36.709+09:00 ERROR 10616 --- [boardPrac] [ol-2-thread-482] o.h.engine.jdbc.spi.SqlExceptionHelper   : (conn=89) Duplicate entry 'dup5' for key 'name'
2024-07-05T19:14:36.709+09:00  WARN 10616 --- [boardPrac] [ol-2-thread-483] o.h.engine.jdbc.spi.SqlExceptionHelper   : SQL Error: 1062, SQLState: 23000
2024-07-05T19:14:36.709+09:00 ERROR 10616 --- [boardPrac] [ol-2-thread-483] o.h.engine.jdbc.spi.SqlExceptionHelper   : (conn=84) Duplicate entry 'dup5' for key 'name'
2024-07-05T19:14:36.709+09:00  WARN 10616 --- [boardPrac] [ol-2-thread-478] o.h.engine.jdbc.spi.SqlExceptionHelper   : SQL Error: 1062, SQLState: 23000
could not execute statement [(conn=85) Duplicate entry 'dup5' for key 'name'] [insert into users (name) values (?) returning user_id]; SQL [insert into users (name) values (?) returning user_id]; constraint [name]
2024-07-05T19:14:36.709+09:00  WARN 10616 --- [boardPrac] [ol-2-thread-485] o.h.engine.jdbc.spi.SqlExceptionHelper   : SQL Error: 1062, SQLState: 23000
2024-07-05T19:14:36.709+09:00  WARN 10616 --- [boardPrac] [ol-2-thread-481] o.h.engine.jdbc.spi.SqlExceptionHelper   : SQL Error: 1062, SQLState: 23000
2024-07-05T19:14:36.709+09:00 ERROR 10616 --- [boardPrac] [ol-2-thread-485] o.h.engine.jdbc.spi.SqlExceptionHelper   : (conn=87) Duplicate entry 'dup5' for key 'name'
2024-07-05T19:14:36.709+09:00 ERROR 10616 --- [boardPrac] [ol-2-thread-478] o.h.engine.jdbc.spi.SqlExceptionHelper   : (conn=91) Duplicate entry 'dup5' for key 'name'
2024-07-05T19:14:36.709+09:00 ERROR 10616 --- [boardPrac] [ol-2-thread-481] o.h.engine.jdbc.spi.SqlExceptionHelper   : (conn=86) Duplicate entry 'dup5' for key 'name'
could not execute statement [(conn=93) Duplicate entry 'dup5' for key 'name'] [insert into users (name) values (?) returning user_id]; SQL [insert into users (name) values (?) returning user_id]; constraint [name]
Hibernate: insert into users (name) values (?) returning user_id
could not execute statement [(conn=88) Duplicate entry 'dup5' for key 'name'] [insert into users (name) values (?) returning user_id]; SQL [insert into users (name) values (?) returning user_id]; constraint [name]
could not execute statement [(conn=90) Duplicate entry 'dup5' for key 'name'] [insert into users (name) values (?) returning user_id]; SQL [insert into users (name) values (?) returning user_id]; constraint [name]
could not execute statement [(conn=86) Duplicate entry 'dup5' for key 'name'] [insert into users (name) values (?) returning user_id]; SQL [insert into users (name) values (?) returning user_id]; constraint [name]
could not execute statement [(conn=92) Duplicate entry 'dup5' for key 'name'] [insert into users (name) values (?) returning user_id]; SQL [insert into users (name) values (?) returning user_id]; constraint [name]
could not execute statement [(conn=87) Duplicate entry 'dup5' for key 'name'] [insert into users (name) values (?) returning user_id]; SQL [insert into users (name) values (?) returning user_id]; constraint [name]
could not execute statement [(conn=91) Duplicate entry 'dup5' for key 'name'] [insert into users (name) values (?) returning user_id]; SQL [insert into users (name) values (?) returning user_id]; constraint [name]
could not execute statement [(conn=84) Duplicate entry 'dup5' for key 'name'] [insert into users (name) values (?) returning user_id]; SQL [insert into users (name) values (?) returning user_id]; constraint [name]
could not execute statement [(conn=89) Duplicate entry 'dup5' for key 'name'] [insert into users (name) values (?) returning user_id]; SQL [insert into users (name) values (?) returning user_id]; constraint [name]
2024-07-05T19:14:36.712+09:00  WARN 10616 --- [boardPrac] [ol-2-thread-486] o.m.jdbc.message.server.ErrorPacket      : Error: 1062-23000: Duplicate entry 'dup5' for key 'name'
Hibernate: insert into users (name) values (?) returning user_id
Hibernate: insert into users (name) values (?) returning user_id
Hibernate: insert into users (name) values (?) returning user_id
2024-07-05T19:14:36.712+09:00  WARN 10616 --- [boardPrac] [ol-2-thread-486] o.h.engine.jdbc.spi.SqlExceptionHelper   : SQL Error: 1062, SQLState: 23000
2024-07-05T19:14:36.712+09:00 ERROR 10616 --- [boardPrac] [ol-2-thread-486] o.h.engine.jdbc.spi.SqlExceptionHelper   : (conn=85) Duplicate entry 'dup5' for key 'name'
Hibernate: insert into users (name) values (?) returning user_id
Hibernate: insert into users (name) values (?) returning user_id
Hibernate: insert into users (name) values (?) returning user_id
Hibernate: insert into users (name) values (?) returning user_id
2024-07-05T19:14:36.714+09:00  WARN 10616 --- [boardPrac] [ol-2-thread-490] o.m.jdbc.message.server.ErrorPacket      : Error: 1062-23000: Duplicate entry 'dup5' for key 'name'
2024-07-05T19:14:36.714+09:00  WARN 10616 --- [boardPrac] [ol-2-thread-487] o.m.jdbc.message.server.ErrorPacket      : Error: 1062-23000: Duplicate entry 'dup5' for key 'name'
Hibernate: insert into users (name) values (?) returning user_id
2024-07-05T19:14:36.714+09:00  WARN 10616 --- [boardPrac] [ol-2-thread-488] o.m.jdbc.message.server.ErrorPacket      : Error: 1062-23000: Duplicate entry 'dup5' for key 'name'
Hibernate: insert into users (name) values (?) returning user_id
2024-07-05T19:14:36.714+09:00  WARN 10616 --- [boardPrac] [ol-2-thread-487] o.h.engine.jdbc.spi.SqlExceptionHelper   : SQL Error: 1062, SQLState: 23000
2024-07-05T19:14:36.714+09:00  WARN 10616 --- [boardPrac] [ol-2-thread-488] o.h.engine.jdbc.spi.SqlExceptionHelper   : SQL Error: 1062, SQLState: 23000
2024-07-05T19:14:36.714+09:00  WARN 10616 --- [boardPrac] [ol-2-thread-490] o.h.engine.jdbc.spi.SqlExceptionHelper   : SQL Error: 1062, SQLState: 23000
2024-07-05T19:14:36.714+09:00 ERROR 10616 --- [boardPrac] [ol-2-thread-487] o.h.engine.jdbc.spi.SqlExceptionHelper   : (conn=93) Duplicate entry 'dup5' for key 'name'
2024-07-05T19:14:36.714+09:00 ERROR 10616 --- [boardPrac] [ol-2-thread-488] o.h.engine.jdbc.spi.SqlExceptionHelper   : (conn=88) Duplicate entry 'dup5' for key 'name'
2024-07-05T19:14:36.714+09:00 ERROR 10616 --- [boardPrac] [ol-2-thread-490] o.h.engine.jdbc.spi.SqlExceptionHelper   : (conn=90) Duplicate entry 'dup5' for key 'name'
could not execute statement [(conn=85) Duplicate entry 'dup5' for key 'name'] [insert into users (name) values (?) returning user_id]; SQL [insert into users (name) values (?) returning user_id]; constraint [name]
2024-07-05T19:14:36.716+09:00  WARN 10616 --- [boardPrac] [ol-2-thread-495] o.m.jdbc.message.server.ErrorPacket      : Error: 1062-23000: Duplicate entry 'dup5' for key 'name'
2024-07-05T19:14:36.716+09:00  WARN 10616 --- [boardPrac] [ol-2-thread-494] o.m.jdbc.message.server.ErrorPacket      : Error: 1062-23000: Duplicate entry 'dup5' for key 'name'
2024-07-05T19:14:36.716+09:00  WARN 10616 --- [boardPrac] [ol-2-thread-493] o.m.jdbc.message.server.ErrorPacket      : Error: 1062-23000: Duplicate entry 'dup5' for key 'name'
2024-07-05T19:14:36.716+09:00  WARN 10616 --- [boardPrac] [ol-2-thread-489] o.m.jdbc.message.server.ErrorPacket      : Error: 1062-23000: Duplicate entry 'dup5' for key 'name'
2024-07-05T19:14:36.716+09:00  WARN 10616 --- [boardPrac] [ol-2-thread-495] o.h.engine.jdbc.spi.SqlExceptionHelper   : SQL Error: 1062, SQLState: 23000
2024-07-05T19:14:36.716+09:00  WARN 10616 --- [boardPrac] [ol-2-thread-494] o.h.engine.jdbc.spi.SqlExceptionHelper   : SQL Error: 1062, SQLState: 23000
2024-07-05T19:14:36.716+09:00  WARN 10616 --- [boardPrac] [ol-2-thread-493] o.h.engine.jdbc.spi.SqlExceptionHelper   : SQL Error: 1062, SQLState: 23000
2024-07-05T19:14:36.716+09:00 ERROR 10616 --- [boardPrac] [ol-2-thread-494] o.h.engine.jdbc.spi.SqlExceptionHelper   : (conn=84) Duplicate entry 'dup5' for key 'name'
2024-07-05T19:14:36.716+09:00  WARN 10616 --- [boardPrac] [ol-2-thread-492] o.m.jdbc.message.server.ErrorPacket      : Error: 1062-23000: Duplicate entry 'dup5' for key 'name'
2024-07-05T19:14:36.716+09:00 ERROR 10616 --- [boardPrac] [ol-2-thread-495] o.h.engine.jdbc.spi.SqlExceptionHelper   : (conn=89) Duplicate entry 'dup5' for key 'name'
2024-07-05T19:14:36.716+09:00  WARN 10616 --- [boardPrac] [ol-2-thread-492] o.h.engine.jdbc.spi.SqlExceptionHelper   : SQL Error: 1062, SQLState: 23000
2024-07-05T19:14:36.716+09:00 ERROR 10616 --- [boardPrac] [ol-2-thread-492] o.h.engine.jdbc.spi.SqlExceptionHelper   : (conn=92) Duplicate entry 'dup5' for key 'name'
2024-07-05T19:14:36.716+09:00  WARN 10616 --- [boardPrac] [ol-2-thread-491] o.m.jdbc.message.server.ErrorPacket      : Error: 1062-23000: Duplicate entry 'dup5' for key 'name'
2024-07-05T19:14:36.716+09:00 ERROR 10616 --- [boardPrac] [ol-2-thread-493] o.h.engine.jdbc.spi.SqlExceptionHelper   : (conn=91) Duplicate entry 'dup5' for key 'name'
2024-07-05T19:14:36.716+09:00  WARN 10616 --- [boardPrac] [ol-2-thread-489] o.h.engine.jdbc.spi.SqlExceptionHelper   : SQL Error: 1062, SQLState: 23000
2024-07-05T19:14:36.716+09:00 ERROR 10616 --- [boardPrac] [ol-2-thread-489] o.h.engine.jdbc.spi.SqlExceptionHelper   : (conn=86) Duplicate entry 'dup5' for key 'name'
2024-07-05T19:14:36.716+09:00  WARN 10616 --- [boardPrac] [ol-2-thread-491] o.h.engine.jdbc.spi.SqlExceptionHelper   : SQL Error: 1062, SQLState: 23000
2024-07-05T19:14:36.716+09:00 ERROR 10616 --- [boardPrac] [ol-2-thread-491] o.h.engine.jdbc.spi.SqlExceptionHelper   : (conn=87) Duplicate entry 'dup5' for key 'name'
Hibernate: insert into users (name) values (?) returning user_id
could not execute statement [(conn=90) Duplicate entry 'dup5' for key 'name'] [insert into users (name) values (?) returning user_id]; SQL [insert into users (name) values (?) returning user_id]; constraint [name]
could not execute statement [(conn=88) Duplicate entry 'dup5' for key 'name'] [insert into users (name) values (?) returning user_id]; SQL [insert into users (name) values (?) returning user_id]; constraint [name]
could not execute statement [(conn=93) Duplicate entry 'dup5' for key 'name'] [insert into users (name) values (?) returning user_id]; SQL [insert into users (name) values (?) returning user_id]; constraint [name]
2024-07-05T19:14:36.718+09:00  WARN 10616 --- [boardPrac] [ol-2-thread-496] o.m.jdbc.message.server.ErrorPacket      : Error: 1062-23000: Duplicate entry 'dup5' for key 'name'
2024-07-05T19:14:36.718+09:00  WARN 10616 --- [boardPrac] [ol-2-thread-496] o.h.engine.jdbc.spi.SqlExceptionHelper   : SQL Error: 1062, SQLState: 23000
2024-07-05T19:14:36.718+09:00 ERROR 10616 --- [boardPrac] [ol-2-thread-496] o.h.engine.jdbc.spi.SqlExceptionHelper   : (conn=85) Duplicate entry 'dup5' for key 'name'
could not execute statement [(conn=92) Duplicate entry 'dup5' for key 'name'] [insert into users (name) values (?) returning user_id]; SQL [insert into users (name) values (?) returning user_id]; constraint [name]
could not execute statement [(conn=91) Duplicate entry 'dup5' for key 'name'] [insert into users (name) values (?) returning user_id]; SQL [insert into users (name) values (?) returning user_id]; constraint [name]
could not execute statement [(conn=89) Duplicate entry 'dup5' for key 'name'] [insert into users (name) values (?) returning user_id]; SQL [insert into users (name) values (?) returning user_id]; constraint [name]
could not execute statement [(conn=86) Duplicate entry 'dup5' for key 'name'] [insert into users (name) values (?) returning user_id]; SQL [insert into users (name) values (?) returning user_id]; constraint [name]
could not execute statement [(conn=87) Duplicate entry 'dup5' for key 'name'] [insert into users (name) values (?) returning user_id]; SQL [insert into users (name) values (?) returning user_id]; constraint [name]
could not execute statement [(conn=84) Duplicate entry 'dup5' for key 'name'] [insert into users (name) values (?) returning user_id]; SQL [insert into users (name) values (?) returning user_id]; constraint [name]
Hibernate: insert into users (name) values (?) returning user_id
Hibernate: insert into users (name) values (?) returning user_id
Hibernate: insert into users (name) values (?) returning user_id
could not execute statement [(conn=85) Duplicate entry 'dup5' for key 'name'] [insert into users (name) values (?) returning user_id]; SQL [insert into users (name) values (?) returning user_id]; constraint [name]
Hibernate: insert into users (name) values (?) returning user_id
Hibernate: insert into users (name) values (?) returning user_id
Hibernate: insert into users (name) values (?) returning user_id
Hibernate: insert into users (name) values (?) returning user_id
Hibernate: insert into users (name) values (?) returning user_id
Hibernate: insert into users (name) values (?) returning user_id
2024-07-05T19:14:36.721+09:00  WARN 10616 --- [boardPrac] [ol-2-thread-497] o.m.jdbc.message.server.ErrorPacket      : Error: 1062-23000: Duplicate entry 'dup5' for key 'name'
2024-07-05T19:14:36.721+09:00  WARN 10616 --- [boardPrac] [ol-2-thread-498] o.m.jdbc.message.server.ErrorPacket      : Error: 1062-23000: Duplicate entry 'dup5' for key 'name'
2024-07-05T19:14:36.721+09:00  WARN 10616 --- [boardPrac] [ol-2-thread-499] o.m.jdbc.message.server.ErrorPacket      : Error: 1062-23000: Duplicate entry 'dup5' for key 'name'
2024-07-05T19:14:36.721+09:00  WARN 10616 --- [boardPrac] [ol-2-thread-497] o.h.engine.jdbc.spi.SqlExceptionHelper   : SQL Error: 1062, SQLState: 23000
2024-07-05T19:14:36.721+09:00  WARN 10616 --- [boardPrac] [ol-2-thread-498] o.h.engine.jdbc.spi.SqlExceptionHelper   : SQL Error: 1062, SQLState: 23000
2024-07-05T19:14:36.721+09:00  WARN 10616 --- [boardPrac] [ol-2-thread-499] o.h.engine.jdbc.spi.SqlExceptionHelper   : SQL Error: 1062, SQLState: 23000
2024-07-05T19:14:36.721+09:00 ERROR 10616 --- [boardPrac] [ol-2-thread-498] o.h.engine.jdbc.spi.SqlExceptionHelper   : (conn=88) Duplicate entry 'dup5' for key 'name'
2024-07-05T19:14:36.721+09:00 ERROR 10616 --- [boardPrac] [ol-2-thread-497] o.h.engine.jdbc.spi.SqlExceptionHelper   : (conn=90) Duplicate entry 'dup5' for key 'name'
2024-07-05T19:14:36.721+09:00 ERROR 10616 --- [boardPrac] [ol-2-thread-499] o.h.engine.jdbc.spi.SqlExceptionHelper   : (conn=93) Duplicate entry 'dup5' for key 'name'
Hibernate: insert into users (name) values (?) returning user_id
2024-07-05T19:14:36.723+09:00  WARN 10616 --- [boardPrac] [ol-2-thread-500] o.m.jdbc.message.server.ErrorPacket      : Error: 1062-23000: Duplicate entry 'dup5' for key 'name'
2024-07-05T19:14:36.723+09:00  WARN 10616 --- [boardPrac] [ol-2-thread-504] o.m.jdbc.message.server.ErrorPacket      : Error: 1062-23000: Duplicate entry 'dup5' for key 'name'
2024-07-05T19:14:36.723+09:00  WARN 10616 --- [boardPrac] [ol-2-thread-502] o.m.jdbc.message.server.ErrorPacket      : Error: 1062-23000: Duplicate entry 'dup5' for key 'name'
2024-07-05T19:14:36.723+09:00  WARN 10616 --- [boardPrac] [ol-2-thread-503] o.m.jdbc.message.server.ErrorPacket      : Error: 1062-23000: Duplicate entry 'dup5' for key 'name'
2024-07-05T19:14:36.723+09:00  WARN 10616 --- [boardPrac] [ol-2-thread-505] o.m.jdbc.message.server.ErrorPacket      : Error: 1062-23000: Duplicate entry 'dup5' for key 'name'
2024-07-05T19:14:36.723+09:00  WARN 10616 --- [boardPrac] [ol-2-thread-504] o.h.engine.jdbc.spi.SqlExceptionHelper   : SQL Error: 1062, SQLState: 23000
2024-07-05T19:14:36.723+09:00 ERROR 10616 --- [boardPrac] [ol-2-thread-504] o.h.engine.jdbc.spi.SqlExceptionHelper   : (conn=86) Duplicate entry 'dup5' for key 'name'
2024-07-05T19:14:36.723+09:00  WARN 10616 --- [boardPrac] [ol-2-thread-501] o.m.jdbc.message.server.ErrorPacket      : Error: 1062-23000: Duplicate entry 'dup5' for key 'name'
2024-07-05T19:14:36.723+09:00  WARN 10616 --- [boardPrac] [ol-2-thread-500] o.h.engine.jdbc.spi.SqlExceptionHelper   : SQL Error: 1062, SQLState: 23000
2024-07-05T19:14:36.723+09:00  WARN 10616 --- [boardPrac] [ol-2-thread-505] o.h.engine.jdbc.spi.SqlExceptionHelper   : SQL Error: 1062, SQLState: 23000
2024-07-05T19:14:36.723+09:00 ERROR 10616 --- [boardPrac] [ol-2-thread-505] o.h.engine.jdbc.spi.SqlExceptionHelper   : (conn=84) Duplicate entry 'dup5' for key 'name'
2024-07-05T19:14:36.723+09:00  WARN 10616 --- [boardPrac] [ol-2-thread-502] o.h.engine.jdbc.spi.SqlExceptionHelper   : SQL Error: 1062, SQLState: 23000
2024-07-05T19:14:36.723+09:00  WARN 10616 --- [boardPrac] [ol-2-thread-503] o.h.engine.jdbc.spi.SqlExceptionHelper   : SQL Error: 1062, SQLState: 23000
2024-07-05T19:14:36.723+09:00 ERROR 10616 --- [boardPrac] [ol-2-thread-502] o.h.engine.jdbc.spi.SqlExceptionHelper   : (conn=91) Duplicate entry 'dup5' for key 'name'
2024-07-05T19:14:36.723+09:00 ERROR 10616 --- [boardPrac] [ol-2-thread-503] o.h.engine.jdbc.spi.SqlExceptionHelper   : (conn=87) Duplicate entry 'dup5' for key 'name'
2024-07-05T19:14:36.723+09:00 ERROR 10616 --- [boardPrac] [ol-2-thread-500] o.h.engine.jdbc.spi.SqlExceptionHelper   : (conn=89) Duplicate entry 'dup5' for key 'name'
2024-07-05T19:14:36.723+09:00  WARN 10616 --- [boardPrac] [ol-2-thread-501] o.h.engine.jdbc.spi.SqlExceptionHelper   : SQL Error: 1062, SQLState: 23000
2024-07-05T19:14:36.723+09:00 ERROR 10616 --- [boardPrac] [ol-2-thread-501] o.h.engine.jdbc.spi.SqlExceptionHelper   : (conn=92) Duplicate entry 'dup5' for key 'name'
could not execute statement [(conn=93) Duplicate entry 'dup5' for key 'name'] [insert into users (name) values (?) returning user_id]; SQL [insert into users (name) values (?) returning user_id]; constraint [name]
could not execute statement [(conn=90) Duplicate entry 'dup5' for key 'name'] [insert into users (name) values (?) returning user_id]; SQL [insert into users (name) values (?) returning user_id]; constraint [name]
Hibernate: insert into users (name) values (?) returning user_id
2024-07-05T19:14:36.733+09:00  WARN 10616 --- [boardPrac] [ol-2-thread-506] o.m.jdbc.message.server.ErrorPacket      : Error: 1062-23000: Duplicate entry 'dup5' for key 'name'
2024-07-05T19:14:36.733+09:00  WARN 10616 --- [boardPrac] [ol-2-thread-506] o.h.engine.jdbc.spi.SqlExceptionHelper   : SQL Error: 1062, SQLState: 23000
could not execute statement [(conn=88) Duplicate entry 'dup5' for key 'name'] [insert into users (name) values (?) returning user_id]; SQL [insert into users (name) values (?) returning user_id]; constraint [name]
2024-07-05T19:14:36.734+09:00 ERROR 10616 --- [boardPrac] [ol-2-thread-506] o.h.engine.jdbc.spi.SqlExceptionHelper   : (conn=85) Duplicate entry 'dup5' for key 'name'
could not execute statement [(conn=86) Duplicate entry 'dup5' for key 'name'] [insert into users (name) values (?) returning user_id]; SQL [insert into users (name) values (?) returning user_id]; constraint [name]
could not execute statement [(conn=91) Duplicate entry 'dup5' for key 'name'] [insert into users (name) values (?) returning user_id]; SQL [insert into users (name) values (?) returning user_id]; constraint [name]
could not execute statement [(conn=89) Duplicate entry 'dup5' for key 'name'] [insert into users (name) values (?) returning user_id]; SQL [insert into users (name) values (?) returning user_id]; constraint [name]
Hibernate: insert into users (name) values (?) returning user_id
could not execute statement [(conn=84) Duplicate entry 'dup5' for key 'name'] [insert into users (name) values (?) returning user_id]; SQL [insert into users (name) values (?) returning user_id]; constraint [name]
2024-07-05T19:14:36.734+09:00  WARN 10616 --- [boardPrac] [ol-2-thread-507] o.m.jdbc.message.server.ErrorPacket      : Error: 1062-23000: Duplicate entry 'dup5' for key 'name'
could not execute statement [(conn=87) Duplicate entry 'dup5' for key 'name'] [insert into users (name) values (?) returning user_id]; SQL [insert into users (name) values (?) returning user_id]; constraint [name]
2024-07-05T19:14:36.734+09:00  WARN 10616 --- [boardPrac] [ol-2-thread-507] o.h.engine.jdbc.spi.SqlExceptionHelper   : SQL Error: 1062, SQLState: 23000
2024-07-05T19:14:36.734+09:00 ERROR 10616 --- [boardPrac] [ol-2-thread-507] o.h.engine.jdbc.spi.SqlExceptionHelper   : (conn=93) Duplicate entry 'dup5' for key 'name'
could not execute statement [(conn=92) Duplicate entry 'dup5' for key 'name'] [insert into users (name) values (?) returning user_id]; SQL [insert into users (name) values (?) returning user_id]; constraint [name]
Hibernate: insert into users (name) values (?) returning user_id
2024-07-05T19:14:36.736+09:00  WARN 10616 --- [boardPrac] [ol-2-thread-508] o.m.jdbc.message.server.ErrorPacket      : Error: 1062-23000: Duplicate entry 'dup5' for key 'name'
Hibernate: insert into users (name) values (?) returning user_id
Hibernate: insert into users (name) values (?) returning user_id
Hibernate: insert into users (name) values (?) returning user_id
Hibernate: insert into users (name) values (?) returning user_id
2024-07-05T19:14:36.736+09:00  WARN 10616 --- [boardPrac] [ol-2-thread-508] o.h.engine.jdbc.spi.SqlExceptionHelper   : SQL Error: 1062, SQLState: 23000
Hibernate: insert into users (name) values (?) returning user_id
2024-07-05T19:14:36.736+09:00 ERROR 10616 --- [boardPrac] [ol-2-thread-508] o.h.engine.jdbc.spi.SqlExceptionHelper   : (conn=90) Duplicate entry 'dup5' for key 'name'
Hibernate: insert into users (name) values (?) returning user_id
could not execute statement [(conn=85) Duplicate entry 'dup5' for key 'name'] [insert into users (name) values (?) returning user_id]; SQL [insert into users (name) values (?) returning user_id]; constraint [name]
could not execute statement [(conn=93) Duplicate entry 'dup5' for key 'name'] [insert into users (name) values (?) returning user_id]; SQL [insert into users (name) values (?) returning user_id]; constraint [name]
2024-07-05T19:14:36.738+09:00  WARN 10616 --- [boardPrac] [ol-2-thread-513] o.m.jdbc.message.server.ErrorPacket      : Error: 1062-23000: Duplicate entry 'dup5' for key 'name'
2024-07-05T19:14:36.738+09:00  WARN 10616 --- [boardPrac] [ol-2-thread-512] o.m.jdbc.message.server.ErrorPacket      : Error: 1062-23000: Duplicate entry 'dup5' for key 'name'
2024-07-05T19:14:36.738+09:00  WARN 10616 --- [boardPrac] [ol-2-thread-515] o.m.jdbc.message.server.ErrorPacket      : Error: 1062-23000: Duplicate entry 'dup5' for key 'name'
2024-07-05T19:14:36.738+09:00  WARN 10616 --- [boardPrac] [ol-2-thread-513] o.h.engine.jdbc.spi.SqlExceptionHelper   : SQL Error: 1062, SQLState: 23000
2024-07-05T19:14:36.738+09:00  WARN 10616 --- [boardPrac] [ol-2-thread-514] o.m.jdbc.message.server.ErrorPacket      : Error: 1062-23000: Duplicate entry 'dup5' for key 'name'
2024-07-05T19:14:36.738+09:00  WARN 10616 --- [boardPrac] [ol-2-thread-515] o.h.engine.jdbc.spi.SqlExceptionHelper   : SQL Error: 1062, SQLState: 23000
2024-07-05T19:14:36.738+09:00  WARN 10616 --- [boardPrac] [ol-2-thread-514] o.h.engine.jdbc.spi.SqlExceptionHelper   : SQL Error: 1062, SQLState: 23000
2024-07-05T19:14:36.738+09:00 ERROR 10616 --- [boardPrac] [ol-2-thread-515] o.h.engine.jdbc.spi.SqlExceptionHelper   : (conn=92) Duplicate entry 'dup5' for key 'name'
2024-07-05T19:14:36.738+09:00 ERROR 10616 --- [boardPrac] [ol-2-thread-514] o.h.engine.jdbc.spi.SqlExceptionHelper   : (conn=87) Duplicate entry 'dup5' for key 'name'
2024-07-05T19:14:36.738+09:00 ERROR 10616 --- [boardPrac] [ol-2-thread-513] o.h.engine.jdbc.spi.SqlExceptionHelper   : (conn=84) Duplicate entry 'dup5' for key 'name'
2024-07-05T19:14:36.738+09:00  WARN 10616 --- [boardPrac] [ol-2-thread-512] o.h.engine.jdbc.spi.SqlExceptionHelper   : SQL Error: 1062, SQLState: 23000
2024-07-05T19:14:36.738+09:00  WARN 10616 --- [boardPrac] [ol-2-thread-510] o.m.jdbc.message.server.ErrorPacket      : Error: 1062-23000: Duplicate entry 'dup5' for key 'name'
2024-07-05T19:14:36.738+09:00  WARN 10616 --- [boardPrac] [ol-2-thread-511] o.m.jdbc.message.server.ErrorPacket      : Error: 1062-23000: Duplicate entry 'dup5' for key 'name'
2024-07-05T19:14:36.738+09:00 ERROR 10616 --- [boardPrac] [ol-2-thread-512] o.h.engine.jdbc.spi.SqlExceptionHelper   : (conn=89) Duplicate entry 'dup5' for key 'name'
2024-07-05T19:14:36.738+09:00  WARN 10616 --- [boardPrac] [ol-2-thread-510] o.h.engine.jdbc.spi.SqlExceptionHelper   : SQL Error: 1062, SQLState: 23000
2024-07-05T19:14:36.738+09:00  WARN 10616 --- [boardPrac] [ol-2-thread-511] o.h.engine.jdbc.spi.SqlExceptionHelper   : SQL Error: 1062, SQLState: 23000
2024-07-05T19:14:36.738+09:00 ERROR 10616 --- [boardPrac] [ol-2-thread-511] o.h.engine.jdbc.spi.SqlExceptionHelper   : (conn=91) Duplicate entry 'dup5' for key 'name'
2024-07-05T19:14:36.738+09:00 ERROR 10616 --- [boardPrac] [ol-2-thread-510] o.h.engine.jdbc.spi.SqlExceptionHelper   : (conn=86) Duplicate entry 'dup5' for key 'name'
2024-07-05T19:14:36.739+09:00  WARN 10616 --- [boardPrac] [ol-2-thread-509] o.m.jdbc.message.server.ErrorPacket      : Error: 1062-23000: Duplicate entry 'dup5' for key 'name'
2024-07-05T19:14:36.739+09:00  WARN 10616 --- [boardPrac] [ol-2-thread-509] o.h.engine.jdbc.spi.SqlExceptionHelper   : SQL Error: 1062, SQLState: 23000
2024-07-05T19:14:36.739+09:00 ERROR 10616 --- [boardPrac] [ol-2-thread-509] o.h.engine.jdbc.spi.SqlExceptionHelper   : (conn=88) Duplicate entry 'dup5' for key 'name'
could not execute statement [(conn=90) Duplicate entry 'dup5' for key 'name'] [insert into users (name) values (?) returning user_id]; SQL [insert into users (name) values (?) returning user_id]; constraint [name]
Hibernate: insert into users (name) values (?) returning user_id
Hibernate: insert into users (name) values (?) returning user_id
could not execute statement [(conn=89) Duplicate entry 'dup5' for key 'name'] [insert into users (name) values (?) returning user_id]; SQL [insert into users (name) values (?) returning user_id]; constraint [name]
could not execute statement [(conn=86) Duplicate entry 'dup5' for key 'name'] [insert into users (name) values (?) returning user_id]; SQL [insert into users (name) values (?) returning user_id]; constraint [name]
could not execute statement [(conn=92) Duplicate entry 'dup5' for key 'name'] [insert into users (name) values (?) returning user_id]; SQL [insert into users (name) values (?) returning user_id]; constraint [name]
could not execute statement [(conn=87) Duplicate entry 'dup5' for key 'name'] [insert into users (name) values (?) returning user_id]; SQL [insert into users (name) values (?) returning user_id]; constraint [name]
could not execute statement [(conn=84) Duplicate entry 'dup5' for key 'name'] [insert into users (name) values (?) returning user_id]; SQL [insert into users (name) values (?) returning user_id]; constraint [name]
could not execute statement [(conn=88) Duplicate entry 'dup5' for key 'name'] [insert into users (name) values (?) returning user_id]; SQL [insert into users (name) values (?) returning user_id]; constraint [name]
could not execute statement [(conn=91) Duplicate entry 'dup5' for key 'name'] [insert into users (name) values (?) returning user_id]; SQL [insert into users (name) values (?) returning user_id]; constraint [name]
Hibernate: insert into users (name) values (?) returning user_id
2024-07-05T19:14:36.742+09:00  WARN 10616 --- [boardPrac] [ol-2-thread-517] o.m.jdbc.message.server.ErrorPacket      : Error: 1062-23000: Duplicate entry 'dup5' for key 'name'
2024-07-05T19:14:36.742+09:00  WARN 10616 --- [boardPrac] [ol-2-thread-516] o.m.jdbc.message.server.ErrorPacket      : Error: 1062-23000: Duplicate entry 'dup5' for key 'name'
2024-07-05T19:14:36.742+09:00  WARN 10616 --- [boardPrac] [ol-2-thread-516] o.h.engine.jdbc.spi.SqlExceptionHelper   : SQL Error: 1062, SQLState: 23000
2024-07-05T19:14:36.742+09:00 ERROR 10616 --- [boardPrac] [ol-2-thread-516] o.h.engine.jdbc.spi.SqlExceptionHelper   : (conn=93) Duplicate entry 'dup5' for key 'name'
2024-07-05T19:14:36.742+09:00  WARN 10616 --- [boardPrac] [ol-2-thread-517] o.h.engine.jdbc.spi.SqlExceptionHelper   : SQL Error: 1062, SQLState: 23000
2024-07-05T19:14:36.742+09:00 ERROR 10616 --- [boardPrac] [ol-2-thread-517] o.h.engine.jdbc.spi.SqlExceptionHelper   : (conn=85) Duplicate entry 'dup5' for key 'name'
2024-07-05T19:14:36.743+09:00  WARN 10616 --- [boardPrac] [ol-2-thread-518] o.m.jdbc.message.server.ErrorPacket      : Error: 1062-23000: Duplicate entry 'dup5' for key 'name'
Hibernate: insert into users (name) values (?) returning user_id
Hibernate: insert into users (name) values (?) returning user_id
2024-07-05T19:14:36.744+09:00  WARN 10616 --- [boardPrac] [ol-2-thread-518] o.h.engine.jdbc.spi.SqlExceptionHelper   : SQL Error: 1062, SQLState: 23000
Hibernate: insert into users (name) values (?) returning user_id
2024-07-05T19:14:36.744+09:00 ERROR 10616 --- [boardPrac] [ol-2-thread-518] o.h.engine.jdbc.spi.SqlExceptionHelper   : (conn=90) Duplicate entry 'dup5' for key 'name'
Hibernate: insert into users (name) values (?) returning user_id
Hibernate: insert into users (name) values (?) returning user_id
Hibernate: insert into users (name) values (?) returning user_id
Hibernate: insert into users (name) values (?) returning user_id
could not execute statement [(conn=93) Duplicate entry 'dup5' for key 'name'] [insert into users (name) values (?) returning user_id]; SQL [insert into users (name) values (?) returning user_id]; constraint [name]
could not execute statement [(conn=85) Duplicate entry 'dup5' for key 'name'] [insert into users (name) values (?) returning user_id]; SQL [insert into users (name) values (?) returning user_id]; constraint [name]
2024-07-05T19:14:36.746+09:00  WARN 10616 --- [boardPrac] [ol-2-thread-523] o.m.jdbc.message.server.ErrorPacket      : Error: 1062-23000: Duplicate entry 'dup5' for key 'name'
2024-07-05T19:14:36.746+09:00  WARN 10616 --- [boardPrac] [ol-2-thread-524] o.m.jdbc.message.server.ErrorPacket      : Error: 1062-23000: Duplicate entry 'dup5' for key 'name'
2024-07-05T19:14:36.746+09:00  WARN 10616 --- [boardPrac] [ol-2-thread-521] o.m.jdbc.message.server.ErrorPacket      : Error: 1062-23000: Duplicate entry 'dup5' for key 'name'
2024-07-05T19:14:36.746+09:00  WARN 10616 --- [boardPrac] [ol-2-thread-521] o.h.engine.jdbc.spi.SqlExceptionHelper   : SQL Error: 1062, SQLState: 23000
2024-07-05T19:14:36.746+09:00  WARN 10616 --- [boardPrac] [ol-2-thread-524] o.h.engine.jdbc.spi.SqlExceptionHelper   : SQL Error: 1062, SQLState: 23000
2024-07-05T19:14:36.746+09:00 ERROR 10616 --- [boardPrac] [ol-2-thread-521] o.h.engine.jdbc.spi.SqlExceptionHelper   : (conn=84) Duplicate entry 'dup5' for key 'name'
2024-07-05T19:14:36.746+09:00  WARN 10616 --- [boardPrac] [ol-2-thread-523] o.h.engine.jdbc.spi.SqlExceptionHelper   : SQL Error: 1062, SQLState: 23000
2024-07-05T19:14:36.746+09:00  WARN 10616 --- [boardPrac] [ol-2-thread-525] o.m.jdbc.message.server.ErrorPacket      : Error: 1062-23000: Duplicate entry 'dup5' for key 'name'
2024-07-05T19:14:36.746+09:00 ERROR 10616 --- [boardPrac] [ol-2-thread-523] o.h.engine.jdbc.spi.SqlExceptionHelper   : (conn=92) Duplicate entry 'dup5' for key 'name'
2024-07-05T19:14:36.746+09:00  WARN 10616 --- [boardPrac] [ol-2-thread-522] o.m.jdbc.message.server.ErrorPacket      : Error: 1062-23000: Duplicate entry 'dup5' for key 'name'
2024-07-05T19:14:36.746+09:00 ERROR 10616 --- [boardPrac] [ol-2-thread-524] o.h.engine.jdbc.spi.SqlExceptionHelper   : (conn=89) Duplicate entry 'dup5' for key 'name'
2024-07-05T19:14:36.746+09:00  WARN 10616 --- [boardPrac] [ol-2-thread-522] o.h.engine.jdbc.spi.SqlExceptionHelper   : SQL Error: 1062, SQLState: 23000
2024-07-05T19:14:36.746+09:00  WARN 10616 --- [boardPrac] [ol-2-thread-519] o.m.jdbc.message.server.ErrorPacket      : Error: 1062-23000: Duplicate entry 'dup5' for key 'name'
2024-07-05T19:14:36.746+09:00  WARN 10616 --- [boardPrac] [ol-2-thread-525] o.h.engine.jdbc.spi.SqlExceptionHelper   : SQL Error: 1062, SQLState: 23000
2024-07-05T19:14:36.746+09:00 ERROR 10616 --- [boardPrac] [ol-2-thread-525] o.h.engine.jdbc.spi.SqlExceptionHelper   : (conn=86) Duplicate entry 'dup5' for key 'name'
2024-07-05T19:14:36.746+09:00  WARN 10616 --- [boardPrac] [ol-2-thread-520] o.m.jdbc.message.server.ErrorPacket      : Error: 1062-23000: Duplicate entry 'dup5' for key 'name'
2024-07-05T19:14:36.746+09:00 ERROR 10616 --- [boardPrac] [ol-2-thread-522] o.h.engine.jdbc.spi.SqlExceptionHelper   : (conn=87) Duplicate entry 'dup5' for key 'name'
2024-07-05T19:14:36.746+09:00  WARN 10616 --- [boardPrac] [ol-2-thread-519] o.h.engine.jdbc.spi.SqlExceptionHelper   : SQL Error: 1062, SQLState: 23000
2024-07-05T19:14:36.746+09:00  WARN 10616 --- [boardPrac] [ol-2-thread-520] o.h.engine.jdbc.spi.SqlExceptionHelper   : SQL Error: 1062, SQLState: 23000
2024-07-05T19:14:36.746+09:00 ERROR 10616 --- [boardPrac] [ol-2-thread-519] o.h.engine.jdbc.spi.SqlExceptionHelper   : (conn=88) Duplicate entry 'dup5' for key 'name'
2024-07-05T19:14:36.746+09:00 ERROR 10616 --- [boardPrac] [ol-2-thread-520] o.h.engine.jdbc.spi.SqlExceptionHelper   : (conn=91) Duplicate entry 'dup5' for key 'name'
could not execute statement [(conn=90) Duplicate entry 'dup5' for key 'name'] [insert into users (name) values (?) returning user_id]; SQL [insert into users (name) values (?) returning user_id]; constraint [name]
Hibernate: insert into users (name) values (?) returning user_id
Hibernate: insert into users (name) values (?) returning user_id
could not execute statement [(conn=92) Duplicate entry 'dup5' for key 'name'] [insert into users (name) values (?) returning user_id]; SQL [insert into users (name) values (?) returning user_id]; constraint [name]
could not execute statement [(conn=87) Duplicate entry 'dup5' for key 'name'] [insert into users (name) values (?) returning user_id]; SQL [insert into users (name) values (?) returning user_id]; constraint [name]
2024-07-05T19:14:36.749+09:00  WARN 10616 --- [boardPrac] [ol-2-thread-526] o.m.jdbc.message.server.ErrorPacket      : Error: 1062-23000: Duplicate entry 'dup5' for key 'name'
could not execute statement [(conn=84) Duplicate entry 'dup5' for key 'name'] [insert into users (name) values (?) returning user_id]; SQL [insert into users (name) values (?) returning user_id]; constraint [name]
could not execute statement [(conn=89) Duplicate entry 'dup5' for key 'name'] [insert into users (name) values (?) returning user_id]; SQL [insert into users (name) values (?) returning user_id]; constraint [name]
2024-07-05T19:14:36.749+09:00  WARN 10616 --- [boardPrac] [ol-2-thread-527] o.m.jdbc.message.server.ErrorPacket      : Error: 1062-23000: Duplicate entry 'dup5' for key 'name'
could not execute statement [(conn=91) Duplicate entry 'dup5' for key 'name'] [insert into users (name) values (?) returning user_id]; SQL [insert into users (name) values (?) returning user_id]; constraint [name]
could not execute statement [(conn=88) Duplicate entry 'dup5' for key 'name'] [insert into users (name) values (?) returning user_id]; SQL [insert into users (name) values (?) returning user_id]; constraint [name]
could not execute statement [(conn=86) Duplicate entry 'dup5' for key 'name'] [insert into users (name) values (?) returning user_id]; SQL [insert into users (name) values (?) returning user_id]; constraint [name]
2024-07-05T19:14:36.749+09:00  WARN 10616 --- [boardPrac] [ol-2-thread-526] o.h.engine.jdbc.spi.SqlExceptionHelper   : SQL Error: 1062, SQLState: 23000
2024-07-05T19:14:36.749+09:00  WARN 10616 --- [boardPrac] [ol-2-thread-527] o.h.engine.jdbc.spi.SqlExceptionHelper   : SQL Error: 1062, SQLState: 23000
Hibernate: insert into users (name) values (?) returning user_id
2024-07-05T19:14:36.749+09:00 ERROR 10616 --- [boardPrac] [ol-2-thread-526] o.h.engine.jdbc.spi.SqlExceptionHelper   : (conn=85) Duplicate entry 'dup5' for key 'name'
2024-07-05T19:14:36.749+09:00 ERROR 10616 --- [boardPrac] [ol-2-thread-527] o.h.engine.jdbc.spi.SqlExceptionHelper   : (conn=93) Duplicate entry 'dup5' for key 'name'
Hibernate: insert into users (name) values (?) returning user_id
2024-07-05T19:14:36.751+09:00  WARN 10616 --- [boardPrac] [ol-2-thread-528] o.m.jdbc.message.server.ErrorPacket      : Error: 1062-23000: Duplicate entry 'dup5' for key 'name'
Hibernate: insert into users (name) values (?) returning user_id
Hibernate: insert into users (name) values (?) returning user_id
Hibernate: insert into users (name) values (?) returning user_id
Hibernate: insert into users (name) values (?) returning user_id
Hibernate: insert into users (name) values (?) returning user_id
Hibernate: insert into users (name) values (?) returning user_id
2024-07-05T19:14:36.751+09:00  WARN 10616 --- [boardPrac] [ol-2-thread-528] o.h.engine.jdbc.spi.SqlExceptionHelper   : SQL Error: 1062, SQLState: 23000
2024-07-05T19:14:36.751+09:00 ERROR 10616 --- [boardPrac] [ol-2-thread-528] o.h.engine.jdbc.spi.SqlExceptionHelper   : (conn=90) Duplicate entry 'dup5' for key 'name'
could not execute statement [(conn=85) Duplicate entry 'dup5' for key 'name'] [insert into users (name) values (?) returning user_id]; SQL [insert into users (name) values (?) returning user_id]; constraint [name]
could not execute statement [(conn=93) Duplicate entry 'dup5' for key 'name'] [insert into users (name) values (?) returning user_id]; SQL [insert into users (name) values (?) returning user_id]; constraint [name]
2024-07-05T19:14:36.753+09:00  WARN 10616 --- [boardPrac] [ol-2-thread-529] o.m.jdbc.message.server.ErrorPacket      : Error: 1062-23000: Duplicate entry 'dup5' for key 'name'
2024-07-05T19:14:36.753+09:00  WARN 10616 --- [boardPrac] [ol-2-thread-530] o.m.jdbc.message.server.ErrorPacket      : Error: 1062-23000: Duplicate entry 'dup5' for key 'name'
2024-07-05T19:14:36.753+09:00  WARN 10616 --- [boardPrac] [ol-2-thread-531] o.m.jdbc.message.server.ErrorPacket      : Error: 1062-23000: Duplicate entry 'dup5' for key 'name'
2024-07-05T19:14:36.753+09:00  WARN 10616 --- [boardPrac] [ol-2-thread-530] o.h.engine.jdbc.spi.SqlExceptionHelper   : SQL Error: 1062, SQLState: 23000
2024-07-05T19:14:36.753+09:00 ERROR 10616 --- [boardPrac] [ol-2-thread-530] o.h.engine.jdbc.spi.SqlExceptionHelper   : (conn=87) Duplicate entry 'dup5' for key 'name'
2024-07-05T19:14:36.753+09:00  WARN 10616 --- [boardPrac] [ol-2-thread-529] o.h.engine.jdbc.spi.SqlExceptionHelper   : SQL Error: 1062, SQLState: 23000
2024-07-05T19:14:36.753+09:00  WARN 10616 --- [boardPrac] [ol-2-thread-531] o.h.engine.jdbc.spi.SqlExceptionHelper   : SQL Error: 1062, SQLState: 23000
2024-07-05T19:14:36.753+09:00  WARN 10616 --- [boardPrac] [ol-2-thread-534] o.m.jdbc.message.server.ErrorPacket      : Error: 1062-23000: Duplicate entry 'dup5' for key 'name'
2024-07-05T19:14:36.753+09:00  WARN 10616 --- [boardPrac] [ol-2-thread-533] o.m.jdbc.message.server.ErrorPacket      : Error: 1062-23000: Duplicate entry 'dup5' for key 'name'
2024-07-05T19:14:36.753+09:00 ERROR 10616 --- [boardPrac] [ol-2-thread-529] o.h.engine.jdbc.spi.SqlExceptionHelper   : (conn=84) Duplicate entry 'dup5' for key 'name'
2024-07-05T19:14:36.753+09:00  WARN 10616 --- [boardPrac] [ol-2-thread-534] o.h.engine.jdbc.spi.SqlExceptionHelper   : SQL Error: 1062, SQLState: 23000
2024-07-05T19:14:36.753+09:00 ERROR 10616 --- [boardPrac] [ol-2-thread-534] o.h.engine.jdbc.spi.SqlExceptionHelper   : (conn=89) Duplicate entry 'dup5' for key 'name'
2024-07-05T19:14:36.753+09:00  WARN 10616 --- [boardPrac] [ol-2-thread-532] o.m.jdbc.message.server.ErrorPacket      : Error: 1062-23000: Duplicate entry 'dup5' for key 'name'
2024-07-05T19:14:36.753+09:00  WARN 10616 --- [boardPrac] [ol-2-thread-535] o.m.jdbc.message.server.ErrorPacket      : Error: 1062-23000: Duplicate entry 'dup5' for key 'name'
2024-07-05T19:14:36.753+09:00  WARN 10616 --- [boardPrac] [ol-2-thread-532] o.h.engine.jdbc.spi.SqlExceptionHelper   : SQL Error: 1062, SQLState: 23000
2024-07-05T19:14:36.753+09:00 ERROR 10616 --- [boardPrac] [ol-2-thread-532] o.h.engine.jdbc.spi.SqlExceptionHelper   : (conn=92) Duplicate entry 'dup5' for key 'name'
2024-07-05T19:14:36.753+09:00 ERROR 10616 --- [boardPrac] [ol-2-thread-531] o.h.engine.jdbc.spi.SqlExceptionHelper   : (conn=86) Duplicate entry 'dup5' for key 'name'
2024-07-05T19:14:36.753+09:00  WARN 10616 --- [boardPrac] [ol-2-thread-533] o.h.engine.jdbc.spi.SqlExceptionHelper   : SQL Error: 1062, SQLState: 23000
2024-07-05T19:14:36.753+09:00 ERROR 10616 --- [boardPrac] [ol-2-thread-533] o.h.engine.jdbc.spi.SqlExceptionHelper   : (conn=91) Duplicate entry 'dup5' for key 'name'
2024-07-05T19:14:36.753+09:00  WARN 10616 --- [boardPrac] [ol-2-thread-535] o.h.engine.jdbc.spi.SqlExceptionHelper   : SQL Error: 1062, SQLState: 23000
2024-07-05T19:14:36.753+09:00 ERROR 10616 --- [boardPrac] [ol-2-thread-535] o.h.engine.jdbc.spi.SqlExceptionHelper   : (conn=88) Duplicate entry 'dup5' for key 'name'
could not execute statement [(conn=90) Duplicate entry 'dup5' for key 'name'] [insert into users (name) values (?) returning user_id]; SQL [insert into users (name) values (?) returning user_id]; constraint [name]
Hibernate: insert into users (name) values (?) returning user_id
Hibernate: insert into users (name) values (?) returning user_id
could not execute statement [(conn=92) Duplicate entry 'dup5' for key 'name'] [insert into users (name) values (?) returning user_id]; SQL [insert into users (name) values (?) returning user_id]; constraint [name]
could not execute statement [(conn=89) Duplicate entry 'dup5' for key 'name'] [insert into users (name) values (?) returning user_id]; SQL [insert into users (name) values (?) returning user_id]; constraint [name]
could not execute statement [(conn=84) Duplicate entry 'dup5' for key 'name'] [insert into users (name) values (?) returning user_id]; SQL [insert into users (name) values (?) returning user_id]; constraint [name]
Hibernate: insert into users (name) values (?) returning user_id
could not execute statement [(conn=87) Duplicate entry 'dup5' for key 'name'] [insert into users (name) values (?) returning user_id]; SQL [insert into users (name) values (?) returning user_id]; constraint [name]
2024-07-05T19:14:36.755+09:00  WARN 10616 --- [boardPrac] [ol-2-thread-537] o.m.jdbc.message.server.ErrorPacket      : Error: 1062-23000: Duplicate entry 'dup5' for key 'name'
2024-07-05T19:14:36.755+09:00  WARN 10616 --- [boardPrac] [ol-2-thread-536] o.m.jdbc.message.server.ErrorPacket      : Error: 1062-23000: Duplicate entry 'dup5' for key 'name'
2024-07-05T19:14:36.755+09:00  WARN 10616 --- [boardPrac] [ol-2-thread-536] o.h.engine.jdbc.spi.SqlExceptionHelper   : SQL Error: 1062, SQLState: 23000
2024-07-05T19:14:36.755+09:00 ERROR 10616 --- [boardPrac] [ol-2-thread-536] o.h.engine.jdbc.spi.SqlExceptionHelper   : (conn=93) Duplicate entry 'dup5' for key 'name'
2024-07-05T19:14:36.755+09:00  WARN 10616 --- [boardPrac] [ol-2-thread-537] o.h.engine.jdbc.spi.SqlExceptionHelper   : SQL Error: 1062, SQLState: 23000
2024-07-05T19:14:36.755+09:00 ERROR 10616 --- [boardPrac] [ol-2-thread-537] o.h.engine.jdbc.spi.SqlExceptionHelper   : (conn=85) Duplicate entry 'dup5' for key 'name'
could not execute statement [(conn=86) Duplicate entry 'dup5' for key 'name'] [insert into users (name) values (?) returning user_id]; SQL [insert into users (name) values (?) returning user_id]; constraint [name]
could not execute statement [(conn=88) Duplicate entry 'dup5' for key 'name'] [insert into users (name) values (?) returning user_id]; SQL [insert into users (name) values (?) returning user_id]; constraint [name]
could not execute statement [(conn=91) Duplicate entry 'dup5' for key 'name'] [insert into users (name) values (?) returning user_id]; SQL [insert into users (name) values (?) returning user_id]; constraint [name]
Hibernate: insert into users (name) values (?) returning user_id
Hibernate: insert into users (name) values (?) returning user_id
Hibernate: insert into users (name) values (?) returning user_id
2024-07-05T19:14:36.757+09:00  WARN 10616 --- [boardPrac] [ol-2-thread-538] o.m.jdbc.message.server.ErrorPacket      : Error: 1062-23000: Duplicate entry 'dup5' for key 'name'
Hibernate: insert into users (name) values (?) returning user_id
2024-07-05T19:14:36.757+09:00  WARN 10616 --- [boardPrac] [ol-2-thread-538] o.h.engine.jdbc.spi.SqlExceptionHelper   : SQL Error: 1062, SQLState: 23000
2024-07-05T19:14:36.757+09:00 ERROR 10616 --- [boardPrac] [ol-2-thread-538] o.h.engine.jdbc.spi.SqlExceptionHelper   : (conn=90) Duplicate entry 'dup5' for key 'name'
Hibernate: insert into users (name) values (?) returning user_id
Hibernate: insert into users (name) values (?) returning user_id
Hibernate: insert into users (name) values (?) returning user_id
could not execute statement [(conn=85) Duplicate entry 'dup5' for key 'name'] [insert into users (name) values (?) returning user_id]; SQL [insert into users (name) values (?) returning user_id]; constraint [name]
could not execute statement [(conn=93) Duplicate entry 'dup5' for key 'name'] [insert into users (name) values (?) returning user_id]; SQL [insert into users (name) values (?) returning user_id]; constraint [name]
2024-07-05T19:14:36.758+09:00  WARN 10616 --- [boardPrac] [ol-2-thread-542] o.m.jdbc.message.server.ErrorPacket      : Error: 1062-23000: Duplicate entry 'dup5' for key 'name'
2024-07-05T19:14:36.758+09:00  WARN 10616 --- [boardPrac] [ol-2-thread-540] o.m.jdbc.message.server.ErrorPacket      : Error: 1062-23000: Duplicate entry 'dup5' for key 'name'
2024-07-05T19:14:36.758+09:00  WARN 10616 --- [boardPrac] [ol-2-thread-539] o.m.jdbc.message.server.ErrorPacket      : Error: 1062-23000: Duplicate entry 'dup5' for key 'name'
2024-07-05T19:14:36.758+09:00  WARN 10616 --- [boardPrac] [ol-2-thread-542] o.h.engine.jdbc.spi.SqlExceptionHelper   : SQL Error: 1062, SQLState: 23000
2024-07-05T19:14:36.758+09:00  WARN 10616 --- [boardPrac] [ol-2-thread-540] o.h.engine.jdbc.spi.SqlExceptionHelper   : SQL Error: 1062, SQLState: 23000
2024-07-05T19:14:36.758+09:00 ERROR 10616 --- [boardPrac] [ol-2-thread-542] o.h.engine.jdbc.spi.SqlExceptionHelper   : (conn=89) Duplicate entry 'dup5' for key 'name'
2024-07-05T19:14:36.758+09:00  WARN 10616 --- [boardPrac] [ol-2-thread-541] o.m.jdbc.message.server.ErrorPacket      : Error: 1062-23000: Duplicate entry 'dup5' for key 'name'
2024-07-05T19:14:36.758+09:00 ERROR 10616 --- [boardPrac] [ol-2-thread-540] o.h.engine.jdbc.spi.SqlExceptionHelper   : (conn=84) Duplicate entry 'dup5' for key 'name'
2024-07-05T19:14:36.758+09:00  WARN 10616 --- [boardPrac] [ol-2-thread-543] o.m.jdbc.message.server.ErrorPacket      : Error: 1062-23000: Duplicate entry 'dup5' for key 'name'
2024-07-05T19:14:36.758+09:00  WARN 10616 --- [boardPrac] [ol-2-thread-539] o.h.engine.jdbc.spi.SqlExceptionHelper   : SQL Error: 1062, SQLState: 23000
2024-07-05T19:14:36.758+09:00  WARN 10616 --- [boardPrac] [ol-2-thread-545] o.m.jdbc.message.server.ErrorPacket      : Error: 1062-23000: Duplicate entry 'dup5' for key 'name'
2024-07-05T19:14:36.758+09:00  WARN 10616 --- [boardPrac] [ol-2-thread-541] o.h.engine.jdbc.spi.SqlExceptionHelper   : SQL Error: 1062, SQLState: 23000
2024-07-05T19:14:36.758+09:00 ERROR 10616 --- [boardPrac] [ol-2-thread-541] o.h.engine.jdbc.spi.SqlExceptionHelper   : (conn=87) Duplicate entry 'dup5' for key 'name'
2024-07-05T19:14:36.758+09:00 ERROR 10616 --- [boardPrac] [ol-2-thread-539] o.h.engine.jdbc.spi.SqlExceptionHelper   : (conn=92) Duplicate entry 'dup5' for key 'name'
2024-07-05T19:14:36.758+09:00  WARN 10616 --- [boardPrac] [ol-2-thread-544] o.m.jdbc.message.server.ErrorPacket      : Error: 1062-23000: Duplicate entry 'dup5' for key 'name'
2024-07-05T19:14:36.758+09:00  WARN 10616 --- [boardPrac] [ol-2-thread-545] o.h.engine.jdbc.spi.SqlExceptionHelper   : SQL Error: 1062, SQLState: 23000
2024-07-05T19:14:36.758+09:00  WARN 10616 --- [boardPrac] [ol-2-thread-543] o.h.engine.jdbc.spi.SqlExceptionHelper   : SQL Error: 1062, SQLState: 23000
2024-07-05T19:14:36.759+09:00 ERROR 10616 --- [boardPrac] [ol-2-thread-545] o.h.engine.jdbc.spi.SqlExceptionHelper   : (conn=88) Duplicate entry 'dup5' for key 'name'
2024-07-05T19:14:36.759+09:00 ERROR 10616 --- [boardPrac] [ol-2-thread-543] o.h.engine.jdbc.spi.SqlExceptionHelper   : (conn=91) Duplicate entry 'dup5' for key 'name'
2024-07-05T19:14:36.759+09:00  WARN 10616 --- [boardPrac] [ol-2-thread-544] o.h.engine.jdbc.spi.SqlExceptionHelper   : SQL Error: 1062, SQLState: 23000
2024-07-05T19:14:36.759+09:00 ERROR 10616 --- [boardPrac] [ol-2-thread-544] o.h.engine.jdbc.spi.SqlExceptionHelper   : (conn=86) Duplicate entry 'dup5' for key 'name'
could not execute statement [(conn=90) Duplicate entry 'dup5' for key 'name'] [insert into users (name) values (?) returning user_id]; SQL [insert into users (name) values (?) returning user_id]; constraint [name]
Hibernate: insert into users (name) values (?) returning user_id
Hibernate: insert into users (name) values (?) returning user_id
Hibernate: insert into users (name) values (?) returning user_id
could not execute statement [(conn=91) Duplicate entry 'dup5' for key 'name'] [insert into users (name) values (?) returning user_id]; SQL [insert into users (name) values (?) returning user_id]; constraint [name]
could not execute statement [(conn=89) Duplicate entry 'dup5' for key 'name'] [insert into users (name) values (?) returning user_id]; SQL [insert into users (name) values (?) returning user_id]; constraint [name]
could not execute statement [(conn=87) Duplicate entry 'dup5' for key 'name'] [insert into users (name) values (?) returning user_id]; SQL [insert into users (name) values (?) returning user_id]; constraint [name]
could not execute statement [(conn=92) Duplicate entry 'dup5' for key 'name'] [insert into users (name) values (?) returning user_id]; SQL [insert into users (name) values (?) returning user_id]; constraint [name]
could not execute statement [(conn=84) Duplicate entry 'dup5' for key 'name'] [insert into users (name) values (?) returning user_id]; SQL [insert into users (name) values (?) returning user_id]; constraint [name]
could not execute statement [(conn=86) Duplicate entry 'dup5' for key 'name'] [insert into users (name) values (?) returning user_id]; SQL [insert into users (name) values (?) returning user_id]; constraint [name]
could not execute statement [(conn=88) Duplicate entry 'dup5' for key 'name'] [insert into users (name) values (?) returning user_id]; SQL [insert into users (name) values (?) returning user_id]; constraint [name]
2024-07-05T19:14:36.761+09:00  WARN 10616 --- [boardPrac] [ol-2-thread-547] o.m.jdbc.message.server.ErrorPacket      : Error: 1062-23000: Duplicate entry 'dup5' for key 'name'
2024-07-05T19:14:36.761+09:00  WARN 10616 --- [boardPrac] [ol-2-thread-546] o.m.jdbc.message.server.ErrorPacket      : Error: 1062-23000: Duplicate entry 'dup5' for key 'name'
2024-07-05T19:14:36.762+09:00  WARN 10616 --- [boardPrac] [ol-2-thread-547] o.h.engine.jdbc.spi.SqlExceptionHelper   : SQL Error: 1062, SQLState: 23000
2024-07-05T19:14:36.762+09:00  WARN 10616 --- [boardPrac] [ol-2-thread-546] o.h.engine.jdbc.spi.SqlExceptionHelper   : SQL Error: 1062, SQLState: 23000
2024-07-05T19:14:36.762+09:00 ERROR 10616 --- [boardPrac] [ol-2-thread-547] o.h.engine.jdbc.spi.SqlExceptionHelper   : (conn=93) Duplicate entry 'dup5' for key 'name'
2024-07-05T19:14:36.762+09:00 ERROR 10616 --- [boardPrac] [ol-2-thread-546] o.h.engine.jdbc.spi.SqlExceptionHelper   : (conn=85) Duplicate entry 'dup5' for key 'name'
2024-07-05T19:14:36.762+09:00  WARN 10616 --- [boardPrac] [ol-2-thread-548] o.m.jdbc.message.server.ErrorPacket      : Error: 1062-23000: Duplicate entry 'dup5' for key 'name'
2024-07-05T19:14:36.762+09:00  WARN 10616 --- [boardPrac] [ol-2-thread-548] o.h.engine.jdbc.spi.SqlExceptionHelper   : SQL Error: 1062, SQLState: 23000
2024-07-05T19:14:36.762+09:00 ERROR 10616 --- [boardPrac] [ol-2-thread-548] o.h.engine.jdbc.spi.SqlExceptionHelper   : (conn=90) Duplicate entry 'dup5' for key 'name'
Hibernate: insert into users (name) values (?) returning user_id
Hibernate: insert into users (name) values (?) returning user_id
Hibernate: insert into users (name) values (?) returning user_id
Hibernate: insert into users (name) values (?) returning user_id
Hibernate: insert into users (name) values (?) returning user_id
Hibernate: insert into users (name) values (?) returning user_id
Hibernate: insert into users (name) values (?) returning user_id
could not execute statement [(conn=85) Duplicate entry 'dup5' for key 'name'] [insert into users (name) values (?) returning user_id]; SQL [insert into users (name) values (?) returning user_id]; constraint [name]
2024-07-05T19:14:36.765+09:00  WARN 10616 --- [boardPrac] [ol-2-thread-554] o.m.jdbc.message.server.ErrorPacket      : Error: 1062-23000: Duplicate entry 'dup5' for key 'name'
2024-07-05T19:14:36.765+09:00  WARN 10616 --- [boardPrac] [ol-2-thread-551] o.m.jdbc.message.server.ErrorPacket      : Error: 1062-23000: Duplicate entry 'dup5' for key 'name'
could not execute statement [(conn=93) Duplicate entry 'dup5' for key 'name'] [insert into users (name) values (?) returning user_id]; SQL [insert into users (name) values (?) returning user_id]; constraint [name]
2024-07-05T19:14:36.765+09:00  WARN 10616 --- [boardPrac] [ol-2-thread-549] o.m.jdbc.message.server.ErrorPacket      : Error: 1062-23000: Duplicate entry 'dup5' for key 'name'
2024-07-05T19:14:36.765+09:00  WARN 10616 --- [boardPrac] [ol-2-thread-553] o.m.jdbc.message.server.ErrorPacket      : Error: 1062-23000: Duplicate entry 'dup5' for key 'name'
2024-07-05T19:14:36.765+09:00  WARN 10616 --- [boardPrac] [ol-2-thread-550] o.m.jdbc.message.server.ErrorPacket      : Error: 1062-23000: Duplicate entry 'dup5' for key 'name'
2024-07-05T19:14:36.765+09:00  WARN 10616 --- [boardPrac] [ol-2-thread-552] o.m.jdbc.message.server.ErrorPacket      : Error: 1062-23000: Duplicate entry 'dup5' for key 'name'
2024-07-05T19:14:36.765+09:00  WARN 10616 --- [boardPrac] [ol-2-thread-555] o.m.jdbc.message.server.ErrorPacket      : Error: 1062-23000: Duplicate entry 'dup5' for key 'name'
2024-07-05T19:14:36.765+09:00  WARN 10616 --- [boardPrac] [ol-2-thread-549] o.h.engine.jdbc.spi.SqlExceptionHelper   : SQL Error: 1062, SQLState: 23000
2024-07-05T19:14:36.765+09:00  WARN 10616 --- [boardPrac] [ol-2-thread-551] o.h.engine.jdbc.spi.SqlExceptionHelper   : SQL Error: 1062, SQLState: 23000
2024-07-05T19:14:36.765+09:00  WARN 10616 --- [boardPrac] [ol-2-thread-554] o.h.engine.jdbc.spi.SqlExceptionHelper   : SQL Error: 1062, SQLState: 23000
2024-07-05T19:14:36.765+09:00 ERROR 10616 --- [boardPrac] [ol-2-thread-549] o.h.engine.jdbc.spi.SqlExceptionHelper   : (conn=91) Duplicate entry 'dup5' for key 'name'
2024-07-05T19:14:36.765+09:00  WARN 10616 --- [boardPrac] [ol-2-thread-550] o.h.engine.jdbc.spi.SqlExceptionHelper   : SQL Error: 1062, SQLState: 23000
2024-07-05T19:14:36.765+09:00 ERROR 10616 --- [boardPrac] [ol-2-thread-554] o.h.engine.jdbc.spi.SqlExceptionHelper   : (conn=89) Duplicate entry 'dup5' for key 'name'
2024-07-05T19:14:36.765+09:00  WARN 10616 --- [boardPrac] [ol-2-thread-553] o.h.engine.jdbc.spi.SqlExceptionHelper   : SQL Error: 1062, SQLState: 23000
2024-07-05T19:14:36.765+09:00  WARN 10616 --- [boardPrac] [ol-2-thread-555] o.h.engine.jdbc.spi.SqlExceptionHelper   : SQL Error: 1062, SQLState: 23000
could not execute statement [(conn=90) Duplicate entry 'dup5' for key 'name'] [insert into users (name) values (?) returning user_id]; SQL [insert into users (name) values (?) returning user_id]; constraint [name]
2024-07-05T19:14:36.765+09:00 ERROR 10616 --- [boardPrac] [ol-2-thread-550] o.h.engine.jdbc.spi.SqlExceptionHelper   : (conn=87) Duplicate entry 'dup5' for key 'name'
2024-07-05T19:14:36.765+09:00  WARN 10616 --- [boardPrac] [ol-2-thread-552] o.h.engine.jdbc.spi.SqlExceptionHelper   : SQL Error: 1062, SQLState: 23000
2024-07-05T19:14:36.765+09:00 ERROR 10616 --- [boardPrac] [ol-2-thread-551] o.h.engine.jdbc.spi.SqlExceptionHelper   : (conn=86) Duplicate entry 'dup5' for key 'name'
2024-07-05T19:14:36.765+09:00 ERROR 10616 --- [boardPrac] [ol-2-thread-552] o.h.engine.jdbc.spi.SqlExceptionHelper   : (conn=92) Duplicate entry 'dup5' for key 'name'
2024-07-05T19:14:36.765+09:00 ERROR 10616 --- [boardPrac] [ol-2-thread-553] o.h.engine.jdbc.spi.SqlExceptionHelper   : (conn=84) Duplicate entry 'dup5' for key 'name'
2024-07-05T19:14:36.765+09:00 ERROR 10616 --- [boardPrac] [ol-2-thread-555] o.h.engine.jdbc.spi.SqlExceptionHelper   : (conn=88) Duplicate entry 'dup5' for key 'name'
Hibernate: insert into users (name) values (?) returning user_id
Hibernate: insert into users (name) values (?) returning user_id
Hibernate: insert into users (name) values (?) returning user_id
could not execute statement [(conn=91) Duplicate entry 'dup5' for key 'name'] [insert into users (name) values (?) returning user_id]; SQL [insert into users (name) values (?) returning user_id]; constraint [name]
could not execute statement [(conn=88) Duplicate entry 'dup5' for key 'name'] [insert into users (name) values (?) returning user_id]; SQL [insert into users (name) values (?) returning user_id]; constraint [name]
2024-07-05T19:14:36.769+09:00  WARN 10616 --- [boardPrac] [ol-2-thread-557] o.m.jdbc.message.server.ErrorPacket      : Error: 1062-23000: Duplicate entry 'dup5' for key 'name'
could not execute statement [(conn=84) Duplicate entry 'dup5' for key 'name'] [insert into users (name) values (?) returning user_id]; SQL [insert into users (name) values (?) returning user_id]; constraint [name]
2024-07-05T19:14:36.769+09:00  WARN 10616 --- [boardPrac] [ol-2-thread-556] o.m.jdbc.message.server.ErrorPacket      : Error: 1062-23000: Duplicate entry 'dup5' for key 'name'
could not execute statement [(conn=89) Duplicate entry 'dup5' for key 'name'] [insert into users (name) values (?) returning user_id]; SQL [insert into users (name) values (?) returning user_id]; constraint [name]
could not execute statement [(conn=87) Duplicate entry 'dup5' for key 'name'] [insert into users (name) values (?) returning user_id]; SQL [insert into users (name) values (?) returning user_id]; constraint [name]
2024-07-05T19:14:36.769+09:00  WARN 10616 --- [boardPrac] [ol-2-thread-558] o.m.jdbc.message.server.ErrorPacket      : Error: 1062-23000: Duplicate entry 'dup5' for key 'name'
2024-07-05T19:14:36.769+09:00  WARN 10616 --- [boardPrac] [ol-2-thread-557] o.h.engine.jdbc.spi.SqlExceptionHelper   : SQL Error: 1062, SQLState: 23000
could not execute statement [(conn=92) Duplicate entry 'dup5' for key 'name'] [insert into users (name) values (?) returning user_id]; SQL [insert into users (name) values (?) returning user_id]; constraint [name]
2024-07-05T19:14:36.769+09:00  WARN 10616 --- [boardPrac] [ol-2-thread-556] o.h.engine.jdbc.spi.SqlExceptionHelper   : SQL Error: 1062, SQLState: 23000
2024-07-05T19:14:36.769+09:00 ERROR 10616 --- [boardPrac] [ol-2-thread-557] o.h.engine.jdbc.spi.SqlExceptionHelper   : (conn=85) Duplicate entry 'dup5' for key 'name'
could not execute statement [(conn=86) Duplicate entry 'dup5' for key 'name'] [insert into users (name) values (?) returning user_id]; SQL [insert into users (name) values (?) returning user_id]; constraint [name]
2024-07-05T19:14:36.769+09:00 ERROR 10616 --- [boardPrac] [ol-2-thread-556] o.h.engine.jdbc.spi.SqlExceptionHelper   : (conn=93) Duplicate entry 'dup5' for key 'name'
2024-07-05T19:14:36.769+09:00  WARN 10616 --- [boardPrac] [ol-2-thread-558] o.h.engine.jdbc.spi.SqlExceptionHelper   : SQL Error: 1062, SQLState: 23000
2024-07-05T19:14:36.769+09:00 ERROR 10616 --- [boardPrac] [ol-2-thread-558] o.h.engine.jdbc.spi.SqlExceptionHelper   : (conn=90) Duplicate entry 'dup5' for key 'name'
Hibernate: insert into users (name) values (?) returning user_id
Hibernate: insert into users (name) values (?) returning user_id
Hibernate: insert into users (name) values (?) returning user_id
Hibernate: insert into users (name) values (?) returning user_id
Hibernate: insert into users (name) values (?) returning user_id
Hibernate: insert into users (name) values (?) returning user_id
Hibernate: insert into users (name) values (?) returning user_id
could not execute statement [(conn=85) Duplicate entry 'dup5' for key 'name'] [insert into users (name) values (?) returning user_id]; SQL [insert into users (name) values (?) returning user_id]; constraint [name]
could not execute statement [(conn=90) Duplicate entry 'dup5' for key 'name'] [insert into users (name) values (?) returning user_id]; SQL [insert into users (name) values (?) returning user_id]; constraint [name]
could not execute statement [(conn=93) Duplicate entry 'dup5' for key 'name'] [insert into users (name) values (?) returning user_id]; SQL [insert into users (name) values (?) returning user_id]; constraint [name]
2024-07-05T19:14:36.773+09:00  WARN 10616 --- [boardPrac] [ol-2-thread-564] o.m.jdbc.message.server.ErrorPacket      : Error: 1062-23000: Duplicate entry 'dup5' for key 'name'
2024-07-05T19:14:36.773+09:00  WARN 10616 --- [boardPrac] [ol-2-thread-561] o.m.jdbc.message.server.ErrorPacket      : Error: 1062-23000: Duplicate entry 'dup5' for key 'name'
2024-07-05T19:14:36.773+09:00  WARN 10616 --- [boardPrac] [ol-2-thread-560] o.m.jdbc.message.server.ErrorPacket      : Error: 1062-23000: Duplicate entry 'dup5' for key 'name'
2024-07-05T19:14:36.773+09:00  WARN 10616 --- [boardPrac] [ol-2-thread-565] o.m.jdbc.message.server.ErrorPacket      : Error: 1062-23000: Duplicate entry 'dup5' for key 'name'
2024-07-05T19:14:36.773+09:00  WARN 10616 --- [boardPrac] [ol-2-thread-559] o.m.jdbc.message.server.ErrorPacket      : Error: 1062-23000: Duplicate entry 'dup5' for key 'name'
2024-07-05T19:14:36.773+09:00  WARN 10616 --- [boardPrac] [ol-2-thread-561] o.h.engine.jdbc.spi.SqlExceptionHelper   : SQL Error: 1062, SQLState: 23000
2024-07-05T19:14:36.773+09:00 ERROR 10616 --- [boardPrac] [ol-2-thread-561] o.h.engine.jdbc.spi.SqlExceptionHelper   : (conn=89) Duplicate entry 'dup5' for key 'name'
2024-07-05T19:14:36.773+09:00  WARN 10616 --- [boardPrac] [ol-2-thread-564] o.h.engine.jdbc.spi.SqlExceptionHelper   : SQL Error: 1062, SQLState: 23000
2024-07-05T19:14:36.773+09:00  WARN 10616 --- [boardPrac] [ol-2-thread-560] o.h.engine.jdbc.spi.SqlExceptionHelper   : SQL Error: 1062, SQLState: 23000
2024-07-05T19:14:36.773+09:00  WARN 10616 --- [boardPrac] [ol-2-thread-563] o.m.jdbc.message.server.ErrorPacket      : Error: 1062-23000: Duplicate entry 'dup5' for key 'name'
2024-07-05T19:14:36.774+09:00 ERROR 10616 --- [boardPrac] [ol-2-thread-564] o.h.engine.jdbc.spi.SqlExceptionHelper   : (conn=91) Duplicate entry 'dup5' for key 'name'
2024-07-05T19:14:36.774+09:00 ERROR 10616 --- [boardPrac] [ol-2-thread-560] o.h.engine.jdbc.spi.SqlExceptionHelper   : (conn=86) Duplicate entry 'dup5' for key 'name'
2024-07-05T19:14:36.773+09:00  WARN 10616 --- [boardPrac] [ol-2-thread-565] o.h.engine.jdbc.spi.SqlExceptionHelper   : SQL Error: 1062, SQLState: 23000
2024-07-05T19:14:36.773+09:00  WARN 10616 --- [boardPrac] [ol-2-thread-559] o.h.engine.jdbc.spi.SqlExceptionHelper   : SQL Error: 1062, SQLState: 23000
2024-07-05T19:14:36.774+09:00  WARN 10616 --- [boardPrac] [ol-2-thread-563] o.h.engine.jdbc.spi.SqlExceptionHelper   : SQL Error: 1062, SQLState: 23000
2024-07-05T19:14:36.774+09:00 ERROR 10616 --- [boardPrac] [ol-2-thread-563] o.h.engine.jdbc.spi.SqlExceptionHelper   : (conn=88) Duplicate entry 'dup5' for key 'name'
2024-07-05T19:14:36.774+09:00 ERROR 10616 --- [boardPrac] [ol-2-thread-565] o.h.engine.jdbc.spi.SqlExceptionHelper   : (conn=87) Duplicate entry 'dup5' for key 'name'
2024-07-05T19:14:36.774+09:00  WARN 10616 --- [boardPrac] [ol-2-thread-562] o.m.jdbc.message.server.ErrorPacket      : Error: 1062-23000: Duplicate entry 'dup5' for key 'name'
2024-07-05T19:14:36.774+09:00 ERROR 10616 --- [boardPrac] [ol-2-thread-559] o.h.engine.jdbc.spi.SqlExceptionHelper   : (conn=92) Duplicate entry 'dup5' for key 'name'
2024-07-05T19:14:36.774+09:00  WARN 10616 --- [boardPrac] [ol-2-thread-562] o.h.engine.jdbc.spi.SqlExceptionHelper   : SQL Error: 1062, SQLState: 23000
2024-07-05T19:14:36.774+09:00 ERROR 10616 --- [boardPrac] [ol-2-thread-562] o.h.engine.jdbc.spi.SqlExceptionHelper   : (conn=84) Duplicate entry 'dup5' for key 'name'
Hibernate: insert into users (name) values (?) returning user_id
Hibernate: insert into users (name) values (?) returning user_id
Hibernate: insert into users (name) values (?) returning user_id
could not execute statement [(conn=86) Duplicate entry 'dup5' for key 'name'] [insert into users (name) values (?) returning user_id]; SQL [insert into users (name) values (?) returning user_id]; constraint [name]
2024-07-05T19:14:36.775+09:00  WARN 10616 --- [boardPrac] [ol-2-thread-567] o.m.jdbc.message.server.ErrorPacket      : Error: 1062-23000: Duplicate entry 'dup5' for key 'name'
could not execute statement [(conn=84) Duplicate entry 'dup5' for key 'name'] [insert into users (name) values (?) returning user_id]; SQL [insert into users (name) values (?) returning user_id]; constraint [name]
2024-07-05T19:14:36.775+09:00  WARN 10616 --- [boardPrac] [ol-2-thread-568] o.m.jdbc.message.server.ErrorPacket      : Error: 1062-23000: Duplicate entry 'dup5' for key 'name'
2024-07-05T19:14:36.775+09:00  WARN 10616 --- [boardPrac] [ol-2-thread-566] o.m.jdbc.message.server.ErrorPacket      : Error: 1062-23000: Duplicate entry 'dup5' for key 'name'
could not execute statement [(conn=88) Duplicate entry 'dup5' for key 'name'] [insert into users (name) values (?) returning user_id]; SQL [insert into users (name) values (?) returning user_id]; constraint [name]
2024-07-05T19:14:36.775+09:00  WARN 10616 --- [boardPrac] [ol-2-thread-567] o.h.engine.jdbc.spi.SqlExceptionHelper   : SQL Error: 1062, SQLState: 23000
2024-07-05T19:14:36.775+09:00  WARN 10616 --- [boardPrac] [ol-2-thread-568] o.h.engine.jdbc.spi.SqlExceptionHelper   : SQL Error: 1062, SQLState: 23000
2024-07-05T19:14:36.775+09:00  WARN 10616 --- [boardPrac] [ol-2-thread-566] o.h.engine.jdbc.spi.SqlExceptionHelper   : SQL Error: 1062, SQLState: 23000
2024-07-05T19:14:36.775+09:00 ERROR 10616 --- [boardPrac] [ol-2-thread-567] o.h.engine.jdbc.spi.SqlExceptionHelper   : (conn=93) Duplicate entry 'dup5' for key 'name'
could not execute statement [(conn=89) Duplicate entry 'dup5' for key 'name'] [insert into users (name) values (?) returning user_id]; SQL [insert into users (name) values (?) returning user_id]; constraint [name]
2024-07-05T19:14:36.775+09:00 ERROR 10616 --- [boardPrac] [ol-2-thread-568] o.h.engine.jdbc.spi.SqlExceptionHelper   : (conn=90) Duplicate entry 'dup5' for key 'name'
2024-07-05T19:14:36.775+09:00 ERROR 10616 --- [boardPrac] [ol-2-thread-566] o.h.engine.jdbc.spi.SqlExceptionHelper   : (conn=85) Duplicate entry 'dup5' for key 'name'
could not execute statement [(conn=91) Duplicate entry 'dup5' for key 'name'] [insert into users (name) values (?) returning user_id]; SQL [insert into users (name) values (?) returning user_id]; constraint [name]
could not execute statement [(conn=92) Duplicate entry 'dup5' for key 'name'] [insert into users (name) values (?) returning user_id]; SQL [insert into users (name) values (?) returning user_id]; constraint [name]
could not execute statement [(conn=87) Duplicate entry 'dup5' for key 'name'] [insert into users (name) values (?) returning user_id]; SQL [insert into users (name) values (?) returning user_id]; constraint [name]
Hibernate: insert into users (name) values (?) returning user_id
Hibernate: insert into users (name) values (?) returning user_id
Hibernate: insert into users (name) values (?) returning user_id
Hibernate: insert into users (name) values (?) returning user_id
Hibernate: insert into users (name) values (?) returning user_id
Hibernate: insert into users (name) values (?) returning user_id
Hibernate: insert into users (name) values (?) returning user_id
could not execute statement [(conn=85) Duplicate entry 'dup5' for key 'name'] [insert into users (name) values (?) returning user_id]; SQL [insert into users (name) values (?) returning user_id]; constraint [name]
could not execute statement [(conn=93) Duplicate entry 'dup5' for key 'name'] [insert into users (name) values (?) returning user_id]; SQL [insert into users (name) values (?) returning user_id]; constraint [name]
could not execute statement [(conn=90) Duplicate entry 'dup5' for key 'name'] [insert into users (name) values (?) returning user_id]; SQL [insert into users (name) values (?) returning user_id]; constraint [name]
2024-07-05T19:14:36.780+09:00  WARN 10616 --- [boardPrac] [ol-2-thread-573] o.m.jdbc.message.server.ErrorPacket      : Error: 1062-23000: Duplicate entry 'dup5' for key 'name'
2024-07-05T19:14:36.780+09:00  WARN 10616 --- [boardPrac] [ol-2-thread-574] o.m.jdbc.message.server.ErrorPacket      : Error: 1062-23000: Duplicate entry 'dup5' for key 'name'
2024-07-05T19:14:36.780+09:00  WARN 10616 --- [boardPrac] [ol-2-thread-575] o.m.jdbc.message.server.ErrorPacket      : Error: 1062-23000: Duplicate entry 'dup5' for key 'name'
2024-07-05T19:14:36.780+09:00  WARN 10616 --- [boardPrac] [ol-2-thread-570] o.m.jdbc.message.server.ErrorPacket      : Error: 1062-23000: Duplicate entry 'dup5' for key 'name'
2024-07-05T19:14:36.780+09:00  WARN 10616 --- [boardPrac] [ol-2-thread-574] o.h.engine.jdbc.spi.SqlExceptionHelper   : SQL Error: 1062, SQLState: 23000
2024-07-05T19:14:36.780+09:00  WARN 10616 --- [boardPrac] [ol-2-thread-573] o.h.engine.jdbc.spi.SqlExceptionHelper   : SQL Error: 1062, SQLState: 23000
2024-07-05T19:14:36.780+09:00 ERROR 10616 --- [boardPrac] [ol-2-thread-574] o.h.engine.jdbc.spi.SqlExceptionHelper   : (conn=92) Duplicate entry 'dup5' for key 'name'
2024-07-05T19:14:36.780+09:00 ERROR 10616 --- [boardPrac] [ol-2-thread-573] o.h.engine.jdbc.spi.SqlExceptionHelper   : (conn=91) Duplicate entry 'dup5' for key 'name'
2024-07-05T19:14:36.780+09:00  WARN 10616 --- [boardPrac] [ol-2-thread-571] o.m.jdbc.message.server.ErrorPacket      : Error: 1062-23000: Duplicate entry 'dup5' for key 'name'
2024-07-05T19:14:36.780+09:00  WARN 10616 --- [boardPrac] [ol-2-thread-572] o.m.jdbc.message.server.ErrorPacket      : Error: 1062-23000: Duplicate entry 'dup5' for key 'name'
2024-07-05T19:14:36.780+09:00  WARN 10616 --- [boardPrac] [ol-2-thread-575] o.h.engine.jdbc.spi.SqlExceptionHelper   : SQL Error: 1062, SQLState: 23000
2024-07-05T19:14:36.780+09:00  WARN 10616 --- [boardPrac] [ol-2-thread-569] o.m.jdbc.message.server.ErrorPacket      : Error: 1062-23000: Duplicate entry 'dup5' for key 'name'
2024-07-05T19:14:36.780+09:00 ERROR 10616 --- [boardPrac] [ol-2-thread-575] o.h.engine.jdbc.spi.SqlExceptionHelper   : (conn=87) Duplicate entry 'dup5' for key 'name'
2024-07-05T19:14:36.780+09:00  WARN 10616 --- [boardPrac] [ol-2-thread-572] o.h.engine.jdbc.spi.SqlExceptionHelper   : SQL Error: 1062, SQLState: 23000
2024-07-05T19:14:36.780+09:00 ERROR 10616 --- [boardPrac] [ol-2-thread-572] o.h.engine.jdbc.spi.SqlExceptionHelper   : (conn=89) Duplicate entry 'dup5' for key 'name'
2024-07-05T19:14:36.780+09:00  WARN 10616 --- [boardPrac] [ol-2-thread-571] o.h.engine.jdbc.spi.SqlExceptionHelper   : SQL Error: 1062, SQLState: 23000
2024-07-05T19:14:36.780+09:00  WARN 10616 --- [boardPrac] [ol-2-thread-569] o.h.engine.jdbc.spi.SqlExceptionHelper   : SQL Error: 1062, SQLState: 23000
2024-07-05T19:14:36.780+09:00 ERROR 10616 --- [boardPrac] [ol-2-thread-571] o.h.engine.jdbc.spi.SqlExceptionHelper   : (conn=88) Duplicate entry 'dup5' for key 'name'
2024-07-05T19:14:36.780+09:00  WARN 10616 --- [boardPrac] [ol-2-thread-570] o.h.engine.jdbc.spi.SqlExceptionHelper   : SQL Error: 1062, SQLState: 23000
2024-07-05T19:14:36.780+09:00 ERROR 10616 --- [boardPrac] [ol-2-thread-569] o.h.engine.jdbc.spi.SqlExceptionHelper   : (conn=86) Duplicate entry 'dup5' for key 'name'
2024-07-05T19:14:36.780+09:00 ERROR 10616 --- [boardPrac] [ol-2-thread-570] o.h.engine.jdbc.spi.SqlExceptionHelper   : (conn=84) Duplicate entry 'dup5' for key 'name'
Hibernate: insert into users (name) values (?) returning user_id
Hibernate: insert into users (name) values (?) returning user_id
Hibernate: insert into users (name) values (?) returning user_id
could not execute statement [(conn=91) Duplicate entry 'dup5' for key 'name'] [insert into users (name) values (?) returning user_id]; SQL [insert into users (name) values (?) returning user_id]; constraint [name]
could not execute statement [(conn=92) Duplicate entry 'dup5' for key 'name'] [insert into users (name) values (?) returning user_id]; SQL [insert into users (name) values (?) returning user_id]; constraint [name]
could not execute statement [(conn=87) Duplicate entry 'dup5' for key 'name'] [insert into users (name) values (?) returning user_id]; SQL [insert into users (name) values (?) returning user_id]; constraint [name]
could not execute statement [(conn=88) Duplicate entry 'dup5' for key 'name'] [insert into users (name) values (?) returning user_id]; SQL [insert into users (name) values (?) returning user_id]; constraint [name]
could not execute statement [(conn=86) Duplicate entry 'dup5' for key 'name'] [insert into users (name) values (?) returning user_id]; SQL [insert into users (name) values (?) returning user_id]; constraint [name]
2024-07-05T19:14:36.783+09:00  WARN 10616 --- [boardPrac] [ol-2-thread-578] o.m.jdbc.message.server.ErrorPacket      : Error: 1062-23000: Duplicate entry 'dup5' for key 'name'
2024-07-05T19:14:36.783+09:00  WARN 10616 --- [boardPrac] [ol-2-thread-577] o.m.jdbc.message.server.ErrorPacket      : Error: 1062-23000: Duplicate entry 'dup5' for key 'name'
2024-07-05T19:14:36.783+09:00  WARN 10616 --- [boardPrac] [ol-2-thread-576] o.m.jdbc.message.server.ErrorPacket      : Error: 1062-23000: Duplicate entry 'dup5' for key 'name'
could not execute statement [(conn=89) Duplicate entry 'dup5' for key 'name'] [insert into users (name) values (?) returning user_id]; SQL [insert into users (name) values (?) returning user_id]; constraint [name]
could not execute statement [(conn=84) Duplicate entry 'dup5' for key 'name'] [insert into users (name) values (?) returning user_id]; SQL [insert into users (name) values (?) returning user_id]; constraint [name]
2024-07-05T19:14:36.783+09:00  WARN 10616 --- [boardPrac] [ol-2-thread-576] o.h.engine.jdbc.spi.SqlExceptionHelper   : SQL Error: 1062, SQLState: 23000
2024-07-05T19:14:36.783+09:00  WARN 10616 --- [boardPrac] [ol-2-thread-578] o.h.engine.jdbc.spi.SqlExceptionHelper   : SQL Error: 1062, SQLState: 23000
2024-07-05T19:14:36.783+09:00  WARN 10616 --- [boardPrac] [ol-2-thread-577] o.h.engine.jdbc.spi.SqlExceptionHelper   : SQL Error: 1062, SQLState: 23000
2024-07-05T19:14:36.783+09:00 ERROR 10616 --- [boardPrac] [ol-2-thread-576] o.h.engine.jdbc.spi.SqlExceptionHelper   : (conn=93) Duplicate entry 'dup5' for key 'name'
2024-07-05T19:14:36.784+09:00 ERROR 10616 --- [boardPrac] [ol-2-thread-578] o.h.engine.jdbc.spi.SqlExceptionHelper   : (conn=90) Duplicate entry 'dup5' for key 'name'
2024-07-05T19:14:36.784+09:00 ERROR 10616 --- [boardPrac] [ol-2-thread-577] o.h.engine.jdbc.spi.SqlExceptionHelper   : (conn=85) Duplicate entry 'dup5' for key 'name'
Hibernate: insert into users (name) values (?) returning user_id
Hibernate: insert into users (name) values (?) returning user_id
Hibernate: insert into users (name) values (?) returning user_id
Hibernate: insert into users (name) values (?) returning user_id
Hibernate: insert into users (name) values (?) returning user_id
Hibernate: insert into users (name) values (?) returning user_id
Hibernate: insert into users (name) values (?) returning user_id
could not execute statement [(conn=93) Duplicate entry 'dup5' for key 'name'] [insert into users (name) values (?) returning user_id]; SQL [insert into users (name) values (?) returning user_id]; constraint [name]
could not execute statement [(conn=85) Duplicate entry 'dup5' for key 'name'] [insert into users (name) values (?) returning user_id]; SQL [insert into users (name) values (?) returning user_id]; constraint [name]
2024-07-05T19:14:36.787+09:00  WARN 10616 --- [boardPrac] [ol-2-thread-581] o.m.jdbc.message.server.ErrorPacket      : Error: 1062-23000: Duplicate entry 'dup5' for key 'name'
could not execute statement [(conn=90) Duplicate entry 'dup5' for key 'name'] [insert into users (name) values (?) returning user_id]; SQL [insert into users (name) values (?) returning user_id]; constraint [name]
2024-07-05T19:14:36.787+09:00  WARN 10616 --- [boardPrac] [ol-2-thread-581] o.h.engine.jdbc.spi.SqlExceptionHelper   : SQL Error: 1062, SQLState: 23000
2024-07-05T19:14:36.787+09:00 ERROR 10616 --- [boardPrac] [ol-2-thread-581] o.h.engine.jdbc.spi.SqlExceptionHelper   : (conn=91) Duplicate entry 'dup5' for key 'name'
2024-07-05T19:14:36.788+09:00  WARN 10616 --- [boardPrac] [ol-2-thread-585] o.m.jdbc.message.server.ErrorPacket      : Error: 1062-23000: Duplicate entry 'dup5' for key 'name'
2024-07-05T19:14:36.788+09:00  WARN 10616 --- [boardPrac] [ol-2-thread-584] o.m.jdbc.message.server.ErrorPacket      : Error: 1062-23000: Duplicate entry 'dup5' for key 'name'
2024-07-05T19:14:36.788+09:00  WARN 10616 --- [boardPrac] [ol-2-thread-583] o.m.jdbc.message.server.ErrorPacket      : Error: 1062-23000: Duplicate entry 'dup5' for key 'name'
2024-07-05T19:14:36.788+09:00  WARN 10616 --- [boardPrac] [ol-2-thread-585] o.h.engine.jdbc.spi.SqlExceptionHelper   : SQL Error: 1062, SQLState: 23000
2024-07-05T19:14:36.788+09:00 ERROR 10616 --- [boardPrac] [ol-2-thread-585] o.h.engine.jdbc.spi.SqlExceptionHelper   : (conn=87) Duplicate entry 'dup5' for key 'name'
2024-07-05T19:14:36.788+09:00  WARN 10616 --- [boardPrac] [ol-2-thread-584] o.h.engine.jdbc.spi.SqlExceptionHelper   : SQL Error: 1062, SQLState: 23000
2024-07-05T19:14:36.788+09:00  WARN 10616 --- [boardPrac] [ol-2-thread-583] o.h.engine.jdbc.spi.SqlExceptionHelper   : SQL Error: 1062, SQLState: 23000
2024-07-05T19:14:36.788+09:00  WARN 10616 --- [boardPrac] [ol-2-thread-579] o.m.jdbc.message.server.ErrorPacket      : Error: 1062-23000: Duplicate entry 'dup5' for key 'name'
2024-07-05T19:14:36.788+09:00 ERROR 10616 --- [boardPrac] [ol-2-thread-584] o.h.engine.jdbc.spi.SqlExceptionHelper   : (conn=84) Duplicate entry 'dup5' for key 'name'
2024-07-05T19:14:36.788+09:00  WARN 10616 --- [boardPrac] [ol-2-thread-580] o.m.jdbc.message.server.ErrorPacket      : Error: 1062-23000: Duplicate entry 'dup5' for key 'name'
2024-07-05T19:14:36.788+09:00  WARN 10616 --- [boardPrac] [ol-2-thread-582] o.m.jdbc.message.server.ErrorPacket      : Error: 1062-23000: Duplicate entry 'dup5' for key 'name'
2024-07-05T19:14:36.788+09:00  WARN 10616 --- [boardPrac] [ol-2-thread-579] o.h.engine.jdbc.spi.SqlExceptionHelper   : SQL Error: 1062, SQLState: 23000
2024-07-05T19:14:36.788+09:00  WARN 10616 --- [boardPrac] [ol-2-thread-580] o.h.engine.jdbc.spi.SqlExceptionHelper   : SQL Error: 1062, SQLState: 23000
2024-07-05T19:14:36.788+09:00 ERROR 10616 --- [boardPrac] [ol-2-thread-583] o.h.engine.jdbc.spi.SqlExceptionHelper   : (conn=89) Duplicate entry 'dup5' for key 'name'
2024-07-05T19:14:36.788+09:00 ERROR 10616 --- [boardPrac] [ol-2-thread-580] o.h.engine.jdbc.spi.SqlExceptionHelper   : (conn=92) Duplicate entry 'dup5' for key 'name'
2024-07-05T19:14:36.788+09:00  WARN 10616 --- [boardPrac] [ol-2-thread-582] o.h.engine.jdbc.spi.SqlExceptionHelper   : SQL Error: 1062, SQLState: 23000
2024-07-05T19:14:36.788+09:00 ERROR 10616 --- [boardPrac] [ol-2-thread-579] o.h.engine.jdbc.spi.SqlExceptionHelper   : (conn=86) Duplicate entry 'dup5' for key 'name'
2024-07-05T19:14:36.788+09:00 ERROR 10616 --- [boardPrac] [ol-2-thread-582] o.h.engine.jdbc.spi.SqlExceptionHelper   : (conn=88) Duplicate entry 'dup5' for key 'name'
Hibernate: insert into users (name) values (?) returning user_id
Hibernate: insert into users (name) values (?) returning user_id
Hibernate: insert into users (name) values (?) returning user_id
could not execute statement [(conn=91) Duplicate entry 'dup5' for key 'name'] [insert into users (name) values (?) returning user_id]; SQL [insert into users (name) values (?) returning user_id]; constraint [name]
2024-07-05T19:14:36.790+09:00  WARN 10616 --- [boardPrac] [ol-2-thread-586] o.m.jdbc.message.server.ErrorPacket      : Error: 1062-23000: Duplicate entry 'dup5' for key 'name'
2024-07-05T19:14:36.790+09:00  WARN 10616 --- [boardPrac] [ol-2-thread-588] o.m.jdbc.message.server.ErrorPacket      : Error: 1062-23000: Duplicate entry 'dup5' for key 'name'
2024-07-05T19:14:36.790+09:00  WARN 10616 --- [boardPrac] [ol-2-thread-587] o.m.jdbc.message.server.ErrorPacket      : Error: 1062-23000: Duplicate entry 'dup5' for key 'name'
2024-07-05T19:14:36.790+09:00  WARN 10616 --- [boardPrac] [ol-2-thread-588] o.h.engine.jdbc.spi.SqlExceptionHelper   : SQL Error: 1062, SQLState: 23000
2024-07-05T19:14:36.790+09:00  WARN 10616 --- [boardPrac] [ol-2-thread-586] o.h.engine.jdbc.spi.SqlExceptionHelper   : SQL Error: 1062, SQLState: 23000
2024-07-05T19:14:36.790+09:00 ERROR 10616 --- [boardPrac] [ol-2-thread-588] o.h.engine.jdbc.spi.SqlExceptionHelper   : (conn=90) Duplicate entry 'dup5' for key 'name'
could not execute statement [(conn=89) Duplicate entry 'dup5' for key 'name'] [insert into users (name) values (?) returning user_id]; SQL [insert into users (name) values (?) returning user_id]; constraint [name]
2024-07-05T19:14:36.790+09:00 ERROR 10616 --- [boardPrac] [ol-2-thread-586] o.h.engine.jdbc.spi.SqlExceptionHelper   : (conn=93) Duplicate entry 'dup5' for key 'name'
2024-07-05T19:14:36.790+09:00  WARN 10616 --- [boardPrac] [ol-2-thread-587] o.h.engine.jdbc.spi.SqlExceptionHelper   : SQL Error: 1062, SQLState: 23000
could not execute statement [(conn=84) Duplicate entry 'dup5' for key 'name'] [insert into users (name) values (?) returning user_id]; SQL [insert into users (name) values (?) returning user_id]; constraint [name]
2024-07-05T19:14:36.790+09:00 ERROR 10616 --- [boardPrac] [ol-2-thread-587] o.h.engine.jdbc.spi.SqlExceptionHelper   : (conn=85) Duplicate entry 'dup5' for key 'name'
could not execute statement [(conn=92) Duplicate entry 'dup5' for key 'name'] [insert into users (name) values (?) returning user_id]; SQL [insert into users (name) values (?) returning user_id]; constraint [name]
could not execute statement [(conn=86) Duplicate entry 'dup5' for key 'name'] [insert into users (name) values (?) returning user_id]; SQL [insert into users (name) values (?) returning user_id]; constraint [name]
could not execute statement [(conn=88) Duplicate entry 'dup5' for key 'name'] [insert into users (name) values (?) returning user_id]; SQL [insert into users (name) values (?) returning user_id]; constraint [name]
could not execute statement [(conn=87) Duplicate entry 'dup5' for key 'name'] [insert into users (name) values (?) returning user_id]; SQL [insert into users (name) values (?) returning user_id]; constraint [name]
Hibernate: insert into users (name) values (?) returning user_id
Hibernate: insert into users (name) values (?) returning user_id
Hibernate: insert into users (name) values (?) returning user_id
Hibernate: insert into users (name) values (?) returning user_id
Hibernate: insert into users (name) values (?) returning user_id
Hibernate: insert into users (name) values (?) returning user_id
Hibernate: insert into users (name) values (?) returning user_id
2024-07-05T19:14:36.793+09:00  WARN 10616 --- [boardPrac] [ol-2-thread-589] o.m.jdbc.message.server.ErrorPacket      : Error: 1062-23000: Duplicate entry 'dup5' for key 'name'
2024-07-05T19:14:36.793+09:00  WARN 10616 --- [boardPrac] [ol-2-thread-589] o.h.engine.jdbc.spi.SqlExceptionHelper   : SQL Error: 1062, SQLState: 23000
2024-07-05T19:14:36.793+09:00 ERROR 10616 --- [boardPrac] [ol-2-thread-589] o.h.engine.jdbc.spi.SqlExceptionHelper   : (conn=91) Duplicate entry 'dup5' for key 'name'
2024-07-05T19:14:36.794+09:00  WARN 10616 --- [boardPrac] [ol-2-thread-590] o.m.jdbc.message.server.ErrorPacket      : Error: 1062-23000: Duplicate entry 'dup5' for key 'name'
could not execute statement [(conn=90) Duplicate entry 'dup5' for key 'name'] [insert into users (name) values (?) returning user_id]; SQL [insert into users (name) values (?) returning user_id]; constraint [name]
could not execute statement [(conn=85) Duplicate entry 'dup5' for key 'name'] [insert into users (name) values (?) returning user_id]; SQL [insert into users (name) values (?) returning user_id]; constraint [name]
2024-07-05T19:14:36.794+09:00  WARN 10616 --- [boardPrac] [ol-2-thread-593] o.m.jdbc.message.server.ErrorPacket      : Error: 1062-23000: Duplicate entry 'dup5' for key 'name'
2024-07-05T19:14:36.794+09:00  WARN 10616 --- [boardPrac] [ol-2-thread-590] o.h.engine.jdbc.spi.SqlExceptionHelper   : SQL Error: 1062, SQLState: 23000
2024-07-05T19:14:36.794+09:00 ERROR 10616 --- [boardPrac] [ol-2-thread-590] o.h.engine.jdbc.spi.SqlExceptionHelper   : (conn=88) Duplicate entry 'dup5' for key 'name'
could not execute statement [(conn=93) Duplicate entry 'dup5' for key 'name'] [insert into users (name) values (?) returning user_id]; SQL [insert into users (name) values (?) returning user_id]; constraint [name]
2024-07-05T19:14:36.794+09:00  WARN 10616 --- [boardPrac] [ol-2-thread-592] o.m.jdbc.message.server.ErrorPacket      : Error: 1062-23000: Duplicate entry 'dup5' for key 'name'
2024-07-05T19:14:36.794+09:00  WARN 10616 --- [boardPrac] [ol-2-thread-593] o.h.engine.jdbc.spi.SqlExceptionHelper   : SQL Error: 1062, SQLState: 23000
2024-07-05T19:14:36.794+09:00  WARN 10616 --- [boardPrac] [ol-2-thread-595] o.m.jdbc.message.server.ErrorPacket      : Error: 1062-23000: Duplicate entry 'dup5' for key 'name'
2024-07-05T19:14:36.794+09:00  WARN 10616 --- [boardPrac] [ol-2-thread-591] o.m.jdbc.message.server.ErrorPacket      : Error: 1062-23000: Duplicate entry 'dup5' for key 'name'
2024-07-05T19:14:36.794+09:00  WARN 10616 --- [boardPrac] [ol-2-thread-592] o.h.engine.jdbc.spi.SqlExceptionHelper   : SQL Error: 1062, SQLState: 23000
2024-07-05T19:14:36.794+09:00 ERROR 10616 --- [boardPrac] [ol-2-thread-593] o.h.engine.jdbc.spi.SqlExceptionHelper   : (conn=89) Duplicate entry 'dup5' for key 'name'
2024-07-05T19:14:36.794+09:00  WARN 10616 --- [boardPrac] [ol-2-thread-594] o.m.jdbc.message.server.ErrorPacket      : Error: 1062-23000: Duplicate entry 'dup5' for key 'name'
2024-07-05T19:14:36.794+09:00 ERROR 10616 --- [boardPrac] [ol-2-thread-592] o.h.engine.jdbc.spi.SqlExceptionHelper   : (conn=84) Duplicate entry 'dup5' for key 'name'
2024-07-05T19:14:36.794+09:00  WARN 10616 --- [boardPrac] [ol-2-thread-595] o.h.engine.jdbc.spi.SqlExceptionHelper   : SQL Error: 1062, SQLState: 23000
2024-07-05T19:14:36.794+09:00  WARN 10616 --- [boardPrac] [ol-2-thread-591] o.h.engine.jdbc.spi.SqlExceptionHelper   : SQL Error: 1062, SQLState: 23000
2024-07-05T19:14:36.794+09:00 ERROR 10616 --- [boardPrac] [ol-2-thread-595] o.h.engine.jdbc.spi.SqlExceptionHelper   : (conn=92) Duplicate entry 'dup5' for key 'name'
2024-07-05T19:14:36.794+09:00 ERROR 10616 --- [boardPrac] [ol-2-thread-591] o.h.engine.jdbc.spi.SqlExceptionHelper   : (conn=86) Duplicate entry 'dup5' for key 'name'
2024-07-05T19:14:36.794+09:00  WARN 10616 --- [boardPrac] [ol-2-thread-594] o.h.engine.jdbc.spi.SqlExceptionHelper   : SQL Error: 1062, SQLState: 23000
2024-07-05T19:14:36.794+09:00 ERROR 10616 --- [boardPrac] [ol-2-thread-594] o.h.engine.jdbc.spi.SqlExceptionHelper   : (conn=87) Duplicate entry 'dup5' for key 'name'
Hibernate: insert into users (name) values (?) returning user_id
could not execute statement [(conn=91) Duplicate entry 'dup5' for key 'name'] [insert into users (name) values (?) returning user_id]; SQL [insert into users (name) values (?) returning user_id]; constraint [name]
Hibernate: insert into users (name) values (?) returning user_id
Hibernate: insert into users (name) values (?) returning user_id
2024-07-05T19:14:36.797+09:00  WARN 10616 --- [boardPrac] [ol-2-thread-598] o.m.jdbc.message.server.ErrorPacket      : Error: 1062-23000: Duplicate entry 'dup5' for key 'name'
could not execute statement [(conn=89) Duplicate entry 'dup5' for key 'name'] [insert into users (name) values (?) returning user_id]; SQL [insert into users (name) values (?) returning user_id]; constraint [name]
could not execute statement [(conn=88) Duplicate entry 'dup5' for key 'name'] [insert into users (name) values (?) returning user_id]; SQL [insert into users (name) values (?) returning user_id]; constraint [name]
2024-07-05T19:14:36.797+09:00  WARN 10616 --- [boardPrac] [ol-2-thread-597] o.m.jdbc.message.server.ErrorPacket      : Error: 1062-23000: Duplicate entry 'dup5' for key 'name'
could not execute statement [(conn=86) Duplicate entry 'dup5' for key 'name'] [insert into users (name) values (?) returning user_id]; SQL [insert into users (name) values (?) returning user_id]; constraint [name]
could not execute statement [(conn=87) Duplicate entry 'dup5' for key 'name'] [insert into users (name) values (?) returning user_id]; SQL [insert into users (name) values (?) returning user_id]; constraint [name]
2024-07-05T19:14:36.797+09:00  WARN 10616 --- [boardPrac] [ol-2-thread-598] o.h.engine.jdbc.spi.SqlExceptionHelper   : SQL Error: 1062, SQLState: 23000
2024-07-05T19:14:36.797+09:00 ERROR 10616 --- [boardPrac] [ol-2-thread-598] o.h.engine.jdbc.spi.SqlExceptionHelper   : (conn=93) Duplicate entry 'dup5' for key 'name'
could not execute statement [(conn=84) Duplicate entry 'dup5' for key 'name'] [insert into users (name) values (?) returning user_id]; SQL [insert into users (name) values (?) returning user_id]; constraint [name]
could not execute statement [(conn=92) Duplicate entry 'dup5' for key 'name'] [insert into users (name) values (?) returning user_id]; SQL [insert into users (name) values (?) returning user_id]; constraint [name]
2024-07-05T19:14:36.797+09:00  WARN 10616 --- [boardPrac] [ol-2-thread-597] o.h.engine.jdbc.spi.SqlExceptionHelper   : SQL Error: 1062, SQLState: 23000
Hibernate: insert into users (name) values (?) returning user_id
2024-07-05T19:14:36.797+09:00 ERROR 10616 --- [boardPrac] [ol-2-thread-597] o.h.engine.jdbc.spi.SqlExceptionHelper   : (conn=90) Duplicate entry 'dup5' for key 'name'
2024-07-05T19:14:36.797+09:00  WARN 10616 --- [boardPrac] [ol-2-thread-596] o.m.jdbc.message.server.ErrorPacket      : Error: 1062-23000: Duplicate entry 'dup5' for key 'name'
2024-07-05T19:14:36.798+09:00  WARN 10616 --- [boardPrac] [ol-2-thread-596] o.h.engine.jdbc.spi.SqlExceptionHelper   : SQL Error: 1062, SQLState: 23000
2024-07-05T19:14:36.798+09:00 ERROR 10616 --- [boardPrac] [ol-2-thread-596] o.h.engine.jdbc.spi.SqlExceptionHelper   : (conn=85) Duplicate entry 'dup5' for key 'name'
Hibernate: insert into users (name) values (?) returning user_id
Hibernate: insert into users (name) values (?) returning user_id
2024-07-05T19:14:36.799+09:00  WARN 10616 --- [boardPrac] [ol-2-thread-599] o.m.jdbc.message.server.ErrorPacket      : Error: 1062-23000: Duplicate entry 'dup5' for key 'name'
Hibernate: insert into users (name) values (?) returning user_id
Hibernate: insert into users (name) values (?) returning user_id
Hibernate: insert into users (name) values (?) returning user_id
Hibernate: insert into users (name) values (?) returning user_id
2024-07-05T19:14:36.799+09:00  WARN 10616 --- [boardPrac] [ol-2-thread-599] o.h.engine.jdbc.spi.SqlExceptionHelper   : SQL Error: 1062, SQLState: 23000
2024-07-05T19:14:36.799+09:00 ERROR 10616 --- [boardPrac] [ol-2-thread-599] o.h.engine.jdbc.spi.SqlExceptionHelper   : (conn=91) Duplicate entry 'dup5' for key 'name'
could not execute statement [(conn=90) Duplicate entry 'dup5' for key 'name'] [insert into users (name) values (?) returning user_id]; SQL [insert into users (name) values (?) returning user_id]; constraint [name]
could not execute statement [(conn=93) Duplicate entry 'dup5' for key 'name'] [insert into users (name) values (?) returning user_id]; SQL [insert into users (name) values (?) returning user_id]; constraint [name]
could not execute statement [(conn=85) Duplicate entry 'dup5' for key 'name'] [insert into users (name) values (?) returning user_id]; SQL [insert into users (name) values (?) returning user_id]; constraint [name]
2024-07-05T19:14:36.801+09:00  WARN 10616 --- [boardPrac] [ol-2-thread-600] o.m.jdbc.message.server.ErrorPacket      : Error: 1062-23000: Duplicate entry 'dup5' for key 'name'
2024-07-05T19:14:36.801+09:00  WARN 10616 --- [boardPrac] [ol-2-thread-605] o.m.jdbc.message.server.ErrorPacket      : Error: 1062-23000: Duplicate entry 'dup5' for key 'name'
2024-07-05T19:14:36.802+09:00  WARN 10616 --- [boardPrac] [ol-2-thread-605] o.h.engine.jdbc.spi.SqlExceptionHelper   : SQL Error: 1062, SQLState: 23000
2024-07-05T19:14:36.802+09:00  WARN 10616 --- [boardPrac] [ol-2-thread-603] o.m.jdbc.message.server.ErrorPacket      : Error: 1062-23000: Duplicate entry 'dup5' for key 'name'
2024-07-05T19:14:36.802+09:00 ERROR 10616 --- [boardPrac] [ol-2-thread-605] o.h.engine.jdbc.spi.SqlExceptionHelper   : (conn=84) Duplicate entry 'dup5' for key 'name'
2024-07-05T19:14:36.802+09:00  WARN 10616 --- [boardPrac] [ol-2-thread-600] o.h.engine.jdbc.spi.SqlExceptionHelper   : SQL Error: 1062, SQLState: 23000
2024-07-05T19:14:36.802+09:00  WARN 10616 --- [boardPrac] [ol-2-thread-602] o.m.jdbc.message.server.ErrorPacket      : Error: 1062-23000: Duplicate entry 'dup5' for key 'name'
2024-07-05T19:14:36.802+09:00 ERROR 10616 --- [boardPrac] [ol-2-thread-600] o.h.engine.jdbc.spi.SqlExceptionHelper   : (conn=89) Duplicate entry 'dup5' for key 'name'
2024-07-05T19:14:36.802+09:00  WARN 10616 --- [boardPrac] [ol-2-thread-604] o.m.jdbc.message.server.ErrorPacket      : Error: 1062-23000: Duplicate entry 'dup5' for key 'name'
2024-07-05T19:14:36.802+09:00  WARN 10616 --- [boardPrac] [ol-2-thread-603] o.h.engine.jdbc.spi.SqlExceptionHelper   : SQL Error: 1062, SQLState: 23000
2024-07-05T19:14:36.802+09:00  WARN 10616 --- [boardPrac] [ol-2-thread-604] o.h.engine.jdbc.spi.SqlExceptionHelper   : SQL Error: 1062, SQLState: 23000
2024-07-05T19:14:36.802+09:00 ERROR 10616 --- [boardPrac] [ol-2-thread-603] o.h.engine.jdbc.spi.SqlExceptionHelper   : (conn=87) Duplicate entry 'dup5' for key 'name'
2024-07-05T19:14:36.802+09:00 ERROR 10616 --- [boardPrac] [ol-2-thread-604] o.h.engine.jdbc.spi.SqlExceptionHelper   : (conn=92) Duplicate entry 'dup5' for key 'name'
2024-07-05T19:14:36.802+09:00  WARN 10616 --- [boardPrac] [ol-2-thread-602] o.h.engine.jdbc.spi.SqlExceptionHelper   : SQL Error: 1062, SQLState: 23000
2024-07-05T19:14:36.802+09:00  WARN 10616 --- [boardPrac] [ol-2-thread-601] o.m.jdbc.message.server.ErrorPacket      : Error: 1062-23000: Duplicate entry 'dup5' for key 'name'
2024-07-05T19:14:36.802+09:00 ERROR 10616 --- [boardPrac] [ol-2-thread-602] o.h.engine.jdbc.spi.SqlExceptionHelper   : (conn=88) Duplicate entry 'dup5' for key 'name'
2024-07-05T19:14:36.802+09:00  WARN 10616 --- [boardPrac] [ol-2-thread-601] o.h.engine.jdbc.spi.SqlExceptionHelper   : SQL Error: 1062, SQLState: 23000
2024-07-05T19:14:36.802+09:00 ERROR 10616 --- [boardPrac] [ol-2-thread-601] o.h.engine.jdbc.spi.SqlExceptionHelper   : (conn=86) Duplicate entry 'dup5' for key 'name'
could not execute statement [(conn=91) Duplicate entry 'dup5' for key 'name'] [insert into users (name) values (?) returning user_id]; SQL [insert into users (name) values (?) returning user_id]; constraint [name]
Hibernate: insert into users (name) values (?) returning user_id
Hibernate: insert into users (name) values (?) returning user_id
Hibernate: insert into users (name) values (?) returning user_id
could not execute statement [(conn=84) Duplicate entry 'dup5' for key 'name'] [insert into users (name) values (?) returning user_id]; SQL [insert into users (name) values (?) returning user_id]; constraint [name]
Hibernate: insert into users (name) values (?) returning user_id
could not execute statement [(conn=89) Duplicate entry 'dup5' for key 'name'] [insert into users (name) values (?) returning user_id]; SQL [insert into users (name) values (?) returning user_id]; constraint [name]
could not execute statement [(conn=88) Duplicate entry 'dup5' for key 'name'] [insert into users (name) values (?) returning user_id]; SQL [insert into users (name) values (?) returning user_id]; constraint [name]
could not execute statement [(conn=86) Duplicate entry 'dup5' for key 'name'] [insert into users (name) values (?) returning user_id]; SQL [insert into users (name) values (?) returning user_id]; constraint [name]
could not execute statement [(conn=92) Duplicate entry 'dup5' for key 'name'] [insert into users (name) values (?) returning user_id]; SQL [insert into users (name) values (?) returning user_id]; constraint [name]
2024-07-05T19:14:36.805+09:00  WARN 10616 --- [boardPrac] [ol-2-thread-608] o.m.jdbc.message.server.ErrorPacket      : Error: 1062-23000: Duplicate entry 'dup5' for key 'name'
2024-07-05T19:14:36.805+09:00  WARN 10616 --- [boardPrac] [ol-2-thread-606] o.m.jdbc.message.server.ErrorPacket      : Error: 1062-23000: Duplicate entry 'dup5' for key 'name'
could not execute statement [(conn=87) Duplicate entry 'dup5' for key 'name'] [insert into users (name) values (?) returning user_id]; SQL [insert into users (name) values (?) returning user_id]; constraint [name]
2024-07-05T19:14:36.805+09:00  WARN 10616 --- [boardPrac] [ol-2-thread-607] o.m.jdbc.message.server.ErrorPacket      : Error: 1062-23000: Duplicate entry 'dup5' for key 'name'
2024-07-05T19:14:36.806+09:00  WARN 10616 --- [boardPrac] [ol-2-thread-608] o.h.engine.jdbc.spi.SqlExceptionHelper   : SQL Error: 1062, SQLState: 23000
2024-07-05T19:14:36.806+09:00  WARN 10616 --- [boardPrac] [ol-2-thread-606] o.h.engine.jdbc.spi.SqlExceptionHelper   : SQL Error: 1062, SQLState: 23000
2024-07-05T19:14:36.806+09:00  WARN 10616 --- [boardPrac] [ol-2-thread-607] o.h.engine.jdbc.spi.SqlExceptionHelper   : SQL Error: 1062, SQLState: 23000
2024-07-05T19:14:36.806+09:00 ERROR 10616 --- [boardPrac] [ol-2-thread-608] o.h.engine.jdbc.spi.SqlExceptionHelper   : (conn=93) Duplicate entry 'dup5' for key 'name'
2024-07-05T19:14:36.806+09:00 ERROR 10616 --- [boardPrac] [ol-2-thread-606] o.h.engine.jdbc.spi.SqlExceptionHelper   : (conn=90) Duplicate entry 'dup5' for key 'name'
2024-07-05T19:14:36.806+09:00 ERROR 10616 --- [boardPrac] [ol-2-thread-607] o.h.engine.jdbc.spi.SqlExceptionHelper   : (conn=85) Duplicate entry 'dup5' for key 'name'
2024-07-05T19:14:36.806+09:00  WARN 10616 --- [boardPrac] [ol-2-thread-609] o.m.jdbc.message.server.ErrorPacket      : Error: 1062-23000: Duplicate entry 'dup5' for key 'name'
Hibernate: insert into users (name) values (?) returning user_id
2024-07-05T19:14:36.806+09:00  WARN 10616 --- [boardPrac] [ol-2-thread-609] o.h.engine.jdbc.spi.SqlExceptionHelper   : SQL Error: 1062, SQLState: 23000
2024-07-05T19:14:36.806+09:00 ERROR 10616 --- [boardPrac] [ol-2-thread-609] o.h.engine.jdbc.spi.SqlExceptionHelper   : (conn=91) Duplicate entry 'dup5' for key 'name'
Hibernate: insert into users (name) values (?) returning user_id
Hibernate: insert into users (name) values (?) returning user_id
Hibernate: insert into users (name) values (?) returning user_id
Hibernate: insert into users (name) values (?) returning user_id
Hibernate: insert into users (name) values (?) returning user_id
2024-07-05T19:14:36.807+09:00  WARN 10616 --- [boardPrac] [ol-2-thread-610] o.m.jdbc.message.server.ErrorPacket      : Error: 1062-23000: Duplicate entry 'dup5' for key 'name'
2024-07-05T19:14:36.807+09:00  WARN 10616 --- [boardPrac] [ol-2-thread-610] o.h.engine.jdbc.spi.SqlExceptionHelper   : SQL Error: 1062, SQLState: 23000
2024-07-05T19:14:36.807+09:00 ERROR 10616 --- [boardPrac] [ol-2-thread-610] o.h.engine.jdbc.spi.SqlExceptionHelper   : (conn=84) Duplicate entry 'dup5' for key 'name'
could not execute statement [(conn=91) Duplicate entry 'dup5' for key 'name'] [insert into users (name) values (?) returning user_id]; SQL [insert into users (name) values (?) returning user_id]; constraint [name]
could not execute statement [(conn=85) Duplicate entry 'dup5' for key 'name'] [insert into users (name) values (?) returning user_id]; SQL [insert into users (name) values (?) returning user_id]; constraint [name]
could not execute statement [(conn=90) Duplicate entry 'dup5' for key 'name'] [insert into users (name) values (?) returning user_id]; SQL [insert into users (name) values (?) returning user_id]; constraint [name]
could not execute statement [(conn=93) Duplicate entry 'dup5' for key 'name'] [insert into users (name) values (?) returning user_id]; SQL [insert into users (name) values (?) returning user_id]; constraint [name]
2024-07-05T19:14:36.809+09:00  WARN 10616 --- [boardPrac] [ol-2-thread-614] o.m.jdbc.message.server.ErrorPacket      : Error: 1062-23000: Duplicate entry 'dup5' for key 'name'
2024-07-05T19:14:36.809+09:00  WARN 10616 --- [boardPrac] [ol-2-thread-613] o.m.jdbc.message.server.ErrorPacket      : Error: 1062-23000: Duplicate entry 'dup5' for key 'name'
2024-07-05T19:14:36.809+09:00  WARN 10616 --- [boardPrac] [ol-2-thread-615] o.m.jdbc.message.server.ErrorPacket      : Error: 1062-23000: Duplicate entry 'dup5' for key 'name'
2024-07-05T19:14:36.809+09:00  WARN 10616 --- [boardPrac] [ol-2-thread-612] o.m.jdbc.message.server.ErrorPacket      : Error: 1062-23000: Duplicate entry 'dup5' for key 'name'
2024-07-05T19:14:36.809+09:00  WARN 10616 --- [boardPrac] [ol-2-thread-614] o.h.engine.jdbc.spi.SqlExceptionHelper   : SQL Error: 1062, SQLState: 23000
2024-07-05T19:14:36.809+09:00  WARN 10616 --- [boardPrac] [ol-2-thread-611] o.m.jdbc.message.server.ErrorPacket      : Error: 1062-23000: Duplicate entry 'dup5' for key 'name'
2024-07-05T19:14:36.809+09:00 ERROR 10616 --- [boardPrac] [ol-2-thread-614] o.h.engine.jdbc.spi.SqlExceptionHelper   : (conn=88) Duplicate entry 'dup5' for key 'name'
2024-07-05T19:14:36.809+09:00  WARN 10616 --- [boardPrac] [ol-2-thread-613] o.h.engine.jdbc.spi.SqlExceptionHelper   : SQL Error: 1062, SQLState: 23000
2024-07-05T19:14:36.809+09:00 ERROR 10616 --- [boardPrac] [ol-2-thread-613] o.h.engine.jdbc.spi.SqlExceptionHelper   : (conn=89) Duplicate entry 'dup5' for key 'name'
2024-07-05T19:14:36.809+09:00  WARN 10616 --- [boardPrac] [ol-2-thread-611] o.h.engine.jdbc.spi.SqlExceptionHelper   : SQL Error: 1062, SQLState: 23000
2024-07-05T19:14:36.809+09:00  WARN 10616 --- [boardPrac] [ol-2-thread-615] o.h.engine.jdbc.spi.SqlExceptionHelper   : SQL Error: 1062, SQLState: 23000
2024-07-05T19:14:36.809+09:00 ERROR 10616 --- [boardPrac] [ol-2-thread-611] o.h.engine.jdbc.spi.SqlExceptionHelper   : (conn=92) Duplicate entry 'dup5' for key 'name'
2024-07-05T19:14:36.809+09:00  WARN 10616 --- [boardPrac] [ol-2-thread-612] o.h.engine.jdbc.spi.SqlExceptionHelper   : SQL Error: 1062, SQLState: 23000
2024-07-05T19:14:36.809+09:00 ERROR 10616 --- [boardPrac] [ol-2-thread-615] o.h.engine.jdbc.spi.SqlExceptionHelper   : (conn=87) Duplicate entry 'dup5' for key 'name'
2024-07-05T19:14:36.809+09:00 ERROR 10616 --- [boardPrac] [ol-2-thread-612] o.h.engine.jdbc.spi.SqlExceptionHelper   : (conn=86) Duplicate entry 'dup5' for key 'name'
Hibernate: insert into users (name) values (?) returning user_id
Hibernate: insert into users (name) values (?) returning user_id
Hibernate: insert into users (name) values (?) returning user_id
could not execute statement [(conn=84) Duplicate entry 'dup5' for key 'name'] [insert into users (name) values (?) returning user_id]; SQL [insert into users (name) values (?) returning user_id]; constraint [name]
Hibernate: insert into users (name) values (?) returning user_id
2024-07-05T19:14:36.812+09:00  WARN 10616 --- [boardPrac] [ol-2-thread-616] o.m.jdbc.message.server.ErrorPacket      : Error: 1062-23000: Duplicate entry 'dup5' for key 'name'
2024-07-05T19:14:36.812+09:00  WARN 10616 --- [boardPrac] [ol-2-thread-618] o.m.jdbc.message.server.ErrorPacket      : Error: 1062-23000: Duplicate entry 'dup5' for key 'name'
2024-07-05T19:14:36.812+09:00  WARN 10616 --- [boardPrac] [ol-2-thread-619] o.m.jdbc.message.server.ErrorPacket      : Error: 1062-23000: Duplicate entry 'dup5' for key 'name'
could not execute statement [(conn=88) Duplicate entry 'dup5' for key 'name'] [insert into users (name) values (?) returning user_id]; SQL [insert into users (name) values (?) returning user_id]; constraint [name]
2024-07-05T19:14:36.812+09:00  WARN 10616 --- [boardPrac] [ol-2-thread-617] o.m.jdbc.message.server.ErrorPacket      : Error: 1062-23000: Duplicate entry 'dup5' for key 'name'
could not execute statement [(conn=89) Duplicate entry 'dup5' for key 'name'] [insert into users (name) values (?) returning user_id]; SQL [insert into users (name) values (?) returning user_id]; constraint [name]
2024-07-05T19:14:36.812+09:00  WARN 10616 --- [boardPrac] [ol-2-thread-619] o.h.engine.jdbc.spi.SqlExceptionHelper   : SQL Error: 1062, SQLState: 23000
2024-07-05T19:14:36.812+09:00  WARN 10616 --- [boardPrac] [ol-2-thread-616] o.h.engine.jdbc.spi.SqlExceptionHelper   : SQL Error: 1062, SQLState: 23000
2024-07-05T19:14:36.812+09:00 ERROR 10616 --- [boardPrac] [ol-2-thread-619] o.h.engine.jdbc.spi.SqlExceptionHelper   : (conn=90) Duplicate entry 'dup5' for key 'name'
2024-07-05T19:14:36.812+09:00  WARN 10616 --- [boardPrac] [ol-2-thread-618] o.h.engine.jdbc.spi.SqlExceptionHelper   : SQL Error: 1062, SQLState: 23000
2024-07-05T19:14:36.812+09:00  WARN 10616 --- [boardPrac] [ol-2-thread-617] o.h.engine.jdbc.spi.SqlExceptionHelper   : SQL Error: 1062, SQLState: 23000
2024-07-05T19:14:36.812+09:00 ERROR 10616 --- [boardPrac] [ol-2-thread-617] o.h.engine.jdbc.spi.SqlExceptionHelper   : (conn=93) Duplicate entry 'dup5' for key 'name'
2024-07-05T19:14:36.812+09:00 ERROR 10616 --- [boardPrac] [ol-2-thread-618] o.h.engine.jdbc.spi.SqlExceptionHelper   : (conn=91) Duplicate entry 'dup5' for key 'name'
Hibernate: insert into users (name) values (?) returning user_id
2024-07-05T19:14:36.812+09:00 ERROR 10616 --- [boardPrac] [ol-2-thread-616] o.h.engine.jdbc.spi.SqlExceptionHelper   : (conn=85) Duplicate entry 'dup5' for key 'name'
could not execute statement [(conn=86) Duplicate entry 'dup5' for key 'name'] [insert into users (name) values (?) returning user_id]; SQL [insert into users (name) values (?) returning user_id]; constraint [name]
could not execute statement [(conn=87) Duplicate entry 'dup5' for key 'name'] [insert into users (name) values (?) returning user_id]; SQL [insert into users (name) values (?) returning user_id]; constraint [name]
could not execute statement [(conn=92) Duplicate entry 'dup5' for key 'name'] [insert into users (name) values (?) returning user_id]; SQL [insert into users (name) values (?) returning user_id]; constraint [name]
Hibernate: insert into users (name) values (?) returning user_id
Hibernate: insert into users (name) values (?) returning user_id
Hibernate: insert into users (name) values (?) returning user_id
2024-07-05T19:14:36.814+09:00  WARN 10616 --- [boardPrac] [ol-2-thread-620] o.m.jdbc.message.server.ErrorPacket      : Error: 1062-23000: Duplicate entry 'dup5' for key 'name'
Hibernate: insert into users (name) values (?) returning user_id
Hibernate: insert into users (name) values (?) returning user_id
2024-07-05T19:14:36.814+09:00  WARN 10616 --- [boardPrac] [ol-2-thread-620] o.h.engine.jdbc.spi.SqlExceptionHelper   : SQL Error: 1062, SQLState: 23000
2024-07-05T19:14:36.814+09:00 ERROR 10616 --- [boardPrac] [ol-2-thread-620] o.h.engine.jdbc.spi.SqlExceptionHelper   : (conn=84) Duplicate entry 'dup5' for key 'name'
could not execute statement [(conn=91) Duplicate entry 'dup5' for key 'name'] [insert into users (name) values (?) returning user_id]; SQL [insert into users (name) values (?) returning user_id]; constraint [name]
could not execute statement [(conn=93) Duplicate entry 'dup5' for key 'name'] [insert into users (name) values (?) returning user_id]; SQL [insert into users (name) values (?) returning user_id]; constraint [name]
could not execute statement [(conn=85) Duplicate entry 'dup5' for key 'name'] [insert into users (name) values (?) returning user_id]; SQL [insert into users (name) values (?) returning user_id]; constraint [name]
could not execute statement [(conn=90) Duplicate entry 'dup5' for key 'name'] [insert into users (name) values (?) returning user_id]; SQL [insert into users (name) values (?) returning user_id]; constraint [name]
2024-07-05T19:14:36.815+09:00  WARN 10616 --- [boardPrac] [ol-2-thread-623] o.m.jdbc.message.server.ErrorPacket      : Error: 1062-23000: Duplicate entry 'dup5' for key 'name'
2024-07-05T19:14:36.815+09:00  WARN 10616 --- [boardPrac] [ol-2-thread-624] o.m.jdbc.message.server.ErrorPacket      : Error: 1062-23000: Duplicate entry 'dup5' for key 'name'
2024-07-05T19:14:36.815+09:00  WARN 10616 --- [boardPrac] [ol-2-thread-623] o.h.engine.jdbc.spi.SqlExceptionHelper   : SQL Error: 1062, SQLState: 23000
2024-07-05T19:14:36.816+09:00 ERROR 10616 --- [boardPrac] [ol-2-thread-623] o.h.engine.jdbc.spi.SqlExceptionHelper   : (conn=92) Duplicate entry 'dup5' for key 'name'
2024-07-05T19:14:36.816+09:00  WARN 10616 --- [boardPrac] [ol-2-thread-622] o.m.jdbc.message.server.ErrorPacket      : Error: 1062-23000: Duplicate entry 'dup5' for key 'name'
2024-07-05T19:14:36.816+09:00  WARN 10616 --- [boardPrac] [ol-2-thread-625] o.m.jdbc.message.server.ErrorPacket      : Error: 1062-23000: Duplicate entry 'dup5' for key 'name'
2024-07-05T19:14:36.816+09:00  WARN 10616 --- [boardPrac] [ol-2-thread-624] o.h.engine.jdbc.spi.SqlExceptionHelper   : SQL Error: 1062, SQLState: 23000
2024-07-05T19:14:36.816+09:00 ERROR 10616 --- [boardPrac] [ol-2-thread-624] o.h.engine.jdbc.spi.SqlExceptionHelper   : (conn=86) Duplicate entry 'dup5' for key 'name'
2024-07-05T19:14:36.816+09:00  WARN 10616 --- [boardPrac] [ol-2-thread-622] o.h.engine.jdbc.spi.SqlExceptionHelper   : SQL Error: 1062, SQLState: 23000
2024-07-05T19:14:36.816+09:00 ERROR 10616 --- [boardPrac] [ol-2-thread-622] o.h.engine.jdbc.spi.SqlExceptionHelper   : (conn=89) Duplicate entry 'dup5' for key 'name'
2024-07-05T19:14:36.816+09:00  WARN 10616 --- [boardPrac] [ol-2-thread-625] o.h.engine.jdbc.spi.SqlExceptionHelper   : SQL Error: 1062, SQLState: 23000
2024-07-05T19:14:36.816+09:00  WARN 10616 --- [boardPrac] [ol-2-thread-621] o.m.jdbc.message.server.ErrorPacket      : Error: 1062-23000: Duplicate entry 'dup5' for key 'name'
2024-07-05T19:14:36.816+09:00 ERROR 10616 --- [boardPrac] [ol-2-thread-625] o.h.engine.jdbc.spi.SqlExceptionHelper   : (conn=87) Duplicate entry 'dup5' for key 'name'
2024-07-05T19:14:36.816+09:00  WARN 10616 --- [boardPrac] [ol-2-thread-621] o.h.engine.jdbc.spi.SqlExceptionHelper   : SQL Error: 1062, SQLState: 23000
2024-07-05T19:14:36.816+09:00 ERROR 10616 --- [boardPrac] [ol-2-thread-621] o.h.engine.jdbc.spi.SqlExceptionHelper   : (conn=88) Duplicate entry 'dup5' for key 'name'
Hibernate: insert into users (name) values (?) returning user_id
Hibernate: insert into users (name) values (?) returning user_id
Hibernate: insert into users (name) values (?) returning user_id
Hibernate: insert into users (name) values (?) returning user_id
could not execute statement [(conn=84) Duplicate entry 'dup5' for key 'name'] [insert into users (name) values (?) returning user_id]; SQL [insert into users (name) values (?) returning user_id]; constraint [name]
2024-07-05T19:14:36.818+09:00  WARN 10616 --- [boardPrac] [ol-2-thread-629] o.m.jdbc.message.server.ErrorPacket      : Error: 1062-23000: Duplicate entry 'dup5' for key 'name'
could not execute statement [(conn=92) Duplicate entry 'dup5' for key 'name'] [insert into users (name) values (?) returning user_id]; SQL [insert into users (name) values (?) returning user_id]; constraint [name]
2024-07-05T19:14:36.818+09:00  WARN 10616 --- [boardPrac] [ol-2-thread-627] o.m.jdbc.message.server.ErrorPacket      : Error: 1062-23000: Duplicate entry 'dup5' for key 'name'
2024-07-05T19:14:36.818+09:00  WARN 10616 --- [boardPrac] [ol-2-thread-626] o.m.jdbc.message.server.ErrorPacket      : Error: 1062-23000: Duplicate entry 'dup5' for key 'name'
2024-07-05T19:14:36.818+09:00  WARN 10616 --- [boardPrac] [ol-2-thread-627] o.h.engine.jdbc.spi.SqlExceptionHelper   : SQL Error: 1062, SQLState: 23000
2024-07-05T19:14:36.818+09:00  WARN 10616 --- [boardPrac] [ol-2-thread-629] o.h.engine.jdbc.spi.SqlExceptionHelper   : SQL Error: 1062, SQLState: 23000
Hibernate: insert into users (name) values (?) returning user_id
2024-07-05T19:14:36.818+09:00  WARN 10616 --- [boardPrac] [ol-2-thread-628] o.m.jdbc.message.server.ErrorPacket      : Error: 1062-23000: Duplicate entry 'dup5' for key 'name'
2024-07-05T19:14:36.818+09:00 ERROR 10616 --- [boardPrac] [ol-2-thread-629] o.h.engine.jdbc.spi.SqlExceptionHelper   : (conn=93) Duplicate entry 'dup5' for key 'name'
2024-07-05T19:14:36.818+09:00  WARN 10616 --- [boardPrac] [ol-2-thread-626] o.h.engine.jdbc.spi.SqlExceptionHelper   : SQL Error: 1062, SQLState: 23000
2024-07-05T19:14:36.818+09:00 ERROR 10616 --- [boardPrac] [ol-2-thread-627] o.h.engine.jdbc.spi.SqlExceptionHelper   : (conn=90) Duplicate entry 'dup5' for key 'name'
2024-07-05T19:14:36.818+09:00 ERROR 10616 --- [boardPrac] [ol-2-thread-626] o.h.engine.jdbc.spi.SqlExceptionHelper   : (conn=91) Duplicate entry 'dup5' for key 'name'
2024-07-05T19:14:36.818+09:00  WARN 10616 --- [boardPrac] [ol-2-thread-628] o.h.engine.jdbc.spi.SqlExceptionHelper   : SQL Error: 1062, SQLState: 23000
2024-07-05T19:14:36.818+09:00 ERROR 10616 --- [boardPrac] [ol-2-thread-628] o.h.engine.jdbc.spi.SqlExceptionHelper   : (conn=85) Duplicate entry 'dup5' for key 'name'
could not execute statement [(conn=86) Duplicate entry 'dup5' for key 'name'] [insert into users (name) values (?) returning user_id]; SQL [insert into users (name) values (?) returning user_id]; constraint [name]
could not execute statement [(conn=88) Duplicate entry 'dup5' for key 'name'] [insert into users (name) values (?) returning user_id]; SQL [insert into users (name) values (?) returning user_id]; constraint [name]
could not execute statement [(conn=89) Duplicate entry 'dup5' for key 'name'] [insert into users (name) values (?) returning user_id]; SQL [insert into users (name) values (?) returning user_id]; constraint [name]
could not execute statement [(conn=87) Duplicate entry 'dup5' for key 'name'] [insert into users (name) values (?) returning user_id]; SQL [insert into users (name) values (?) returning user_id]; constraint [name]
Hibernate: insert into users (name) values (?) returning user_id
Hibernate: insert into users (name) values (?) returning user_id
Hibernate: insert into users (name) values (?) returning user_id
2024-07-05T19:14:36.820+09:00  WARN 10616 --- [boardPrac] [ol-2-thread-630] o.m.jdbc.message.server.ErrorPacket      : Error: 1062-23000: Duplicate entry 'dup5' for key 'name'
Hibernate: insert into users (name) values (?) returning user_id
Hibernate: insert into users (name) values (?) returning user_id
2024-07-05T19:14:36.820+09:00  WARN 10616 --- [boardPrac] [ol-2-thread-630] o.h.engine.jdbc.spi.SqlExceptionHelper   : SQL Error: 1062, SQLState: 23000
2024-07-05T19:14:36.820+09:00 ERROR 10616 --- [boardPrac] [ol-2-thread-630] o.h.engine.jdbc.spi.SqlExceptionHelper   : (conn=84) Duplicate entry 'dup5' for key 'name'
could not execute statement [(conn=85) Duplicate entry 'dup5' for key 'name'] [insert into users (name) values (?) returning user_id]; SQL [insert into users (name) values (?) returning user_id]; constraint [name]
could not execute statement [(conn=93) Duplicate entry 'dup5' for key 'name'] [insert into users (name) values (?) returning user_id]; SQL [insert into users (name) values (?) returning user_id]; constraint [name]
2024-07-05T19:14:36.821+09:00  WARN 10616 --- [boardPrac] [ol-2-thread-632] o.m.jdbc.message.server.ErrorPacket      : Error: 1062-23000: Duplicate entry 'dup5' for key 'name'
2024-07-05T19:14:36.821+09:00  WARN 10616 --- [boardPrac] [ol-2-thread-632] o.h.engine.jdbc.spi.SqlExceptionHelper   : SQL Error: 1062, SQLState: 23000
2024-07-05T19:14:36.821+09:00 ERROR 10616 --- [boardPrac] [ol-2-thread-632] o.h.engine.jdbc.spi.SqlExceptionHelper   : (conn=92) Duplicate entry 'dup5' for key 'name'
could not execute statement [(conn=91) Duplicate entry 'dup5' for key 'name'] [insert into users (name) values (?) returning user_id]; SQL [insert into users (name) values (?) returning user_id]; constraint [name]
could not execute statement [(conn=90) Duplicate entry 'dup5' for key 'name'] [insert into users (name) values (?) returning user_id]; SQL [insert into users (name) values (?) returning user_id]; constraint [name]
2024-07-05T19:14:36.821+09:00  WARN 10616 --- [boardPrac] [ol-2-thread-635] o.m.jdbc.message.server.ErrorPacket      : Error: 1062-23000: Duplicate entry 'dup5' for key 'name'
2024-07-05T19:14:36.821+09:00  WARN 10616 --- [boardPrac] [ol-2-thread-635] o.h.engine.jdbc.spi.SqlExceptionHelper   : SQL Error: 1062, SQLState: 23000
2024-07-05T19:14:36.821+09:00  WARN 10616 --- [boardPrac] [ol-2-thread-634] o.m.jdbc.message.server.ErrorPacket      : Error: 1062-23000: Duplicate entry 'dup5' for key 'name'
2024-07-05T19:14:36.821+09:00 ERROR 10616 --- [boardPrac] [ol-2-thread-635] o.h.engine.jdbc.spi.SqlExceptionHelper   : (conn=87) Duplicate entry 'dup5' for key 'name'
2024-07-05T19:14:36.821+09:00  WARN 10616 --- [boardPrac] [ol-2-thread-634] o.h.engine.jdbc.spi.SqlExceptionHelper   : SQL Error: 1062, SQLState: 23000
2024-07-05T19:14:36.821+09:00  WARN 10616 --- [boardPrac] [ol-2-thread-633] o.m.jdbc.message.server.ErrorPacket      : Error: 1062-23000: Duplicate entry 'dup5' for key 'name'
2024-07-05T19:14:36.821+09:00 ERROR 10616 --- [boardPrac] [ol-2-thread-634] o.h.engine.jdbc.spi.SqlExceptionHelper   : (conn=88) Duplicate entry 'dup5' for key 'name'
2024-07-05T19:14:36.821+09:00  WARN 10616 --- [boardPrac] [ol-2-thread-631] o.m.jdbc.message.server.ErrorPacket      : Error: 1062-23000: Duplicate entry 'dup5' for key 'name'
2024-07-05T19:14:36.822+09:00  WARN 10616 --- [boardPrac] [ol-2-thread-633] o.h.engine.jdbc.spi.SqlExceptionHelper   : SQL Error: 1062, SQLState: 23000
2024-07-05T19:14:36.822+09:00  WARN 10616 --- [boardPrac] [ol-2-thread-631] o.h.engine.jdbc.spi.SqlExceptionHelper   : SQL Error: 1062, SQLState: 23000
2024-07-05T19:14:36.822+09:00 ERROR 10616 --- [boardPrac] [ol-2-thread-633] o.h.engine.jdbc.spi.SqlExceptionHelper   : (conn=89) Duplicate entry 'dup5' for key 'name'
2024-07-05T19:14:36.822+09:00 ERROR 10616 --- [boardPrac] [ol-2-thread-631] o.h.engine.jdbc.spi.SqlExceptionHelper   : (conn=86) Duplicate entry 'dup5' for key 'name'
could not execute statement [(conn=84) Duplicate entry 'dup5' for key 'name'] [insert into users (name) values (?) returning user_id]; SQL [insert into users (name) values (?) returning user_id]; constraint [name]
Hibernate: insert into users (name) values (?) returning user_id
Hibernate: insert into users (name) values (?) returning user_id
Hibernate: insert into users (name) values (?) returning user_id
Hibernate: insert into users (name) values (?) returning user_id
could not execute statement [(conn=89) Duplicate entry 'dup5' for key 'name'] [insert into users (name) values (?) returning user_id]; SQL [insert into users (name) values (?) returning user_id]; constraint [name]
could not execute statement [(conn=87) Duplicate entry 'dup5' for key 'name'] [insert into users (name) values (?) returning user_id]; SQL [insert into users (name) values (?) returning user_id]; constraint [name]
could not execute statement [(conn=92) Duplicate entry 'dup5' for key 'name'] [insert into users (name) values (?) returning user_id]; SQL [insert into users (name) values (?) returning user_id]; constraint [name]
could not execute statement [(conn=88) Duplicate entry 'dup5' for key 'name'] [insert into users (name) values (?) returning user_id]; SQL [insert into users (name) values (?) returning user_id]; constraint [name]
Hibernate: insert into users (name) values (?) returning user_id
could not execute statement [(conn=86) Duplicate entry 'dup5' for key 'name'] [insert into users (name) values (?) returning user_id]; SQL [insert into users (name) values (?) returning user_id]; constraint [name]
2024-07-05T19:14:36.825+09:00  WARN 10616 --- [boardPrac] [ol-2-thread-637] o.m.jdbc.message.server.ErrorPacket      : Error: 1062-23000: Duplicate entry 'dup5' for key 'name'
2024-07-05T19:14:36.825+09:00  WARN 10616 --- [boardPrac] [ol-2-thread-638] o.m.jdbc.message.server.ErrorPacket      : Error: 1062-23000: Duplicate entry 'dup5' for key 'name'
2024-07-05T19:14:36.825+09:00  WARN 10616 --- [boardPrac] [ol-2-thread-639] o.m.jdbc.message.server.ErrorPacket      : Error: 1062-23000: Duplicate entry 'dup5' for key 'name'
2024-07-05T19:14:36.825+09:00  WARN 10616 --- [boardPrac] [ol-2-thread-636] o.m.jdbc.message.server.ErrorPacket      : Error: 1062-23000: Duplicate entry 'dup5' for key 'name'
2024-07-05T19:14:36.825+09:00  WARN 10616 --- [boardPrac] [ol-2-thread-637] o.h.engine.jdbc.spi.SqlExceptionHelper   : SQL Error: 1062, SQLState: 23000
2024-07-05T19:14:36.825+09:00  WARN 10616 --- [boardPrac] [ol-2-thread-639] o.h.engine.jdbc.spi.SqlExceptionHelper   : SQL Error: 1062, SQLState: 23000
2024-07-05T19:14:36.825+09:00  WARN 10616 --- [boardPrac] [ol-2-thread-636] o.h.engine.jdbc.spi.SqlExceptionHelper   : SQL Error: 1062, SQLState: 23000
Hibernate: insert into users (name) values (?) returning user_id
2024-07-05T19:14:36.829+09:00  WARN 10616 --- [boardPrac] [ol-2-thread-640] o.m.jdbc.message.server.ErrorPacket      : Error: 1062-23000: Duplicate entry 'dup5' for key 'name'
Hibernate: insert into users (name) values (?) returning user_id
2024-07-05T19:14:36.825+09:00 ERROR 10616 --- [boardPrac] [ol-2-thread-637] o.h.engine.jdbc.spi.SqlExceptionHelper   : (conn=93) Duplicate entry 'dup5' for key 'name'
Hibernate: insert into users (name) values (?) returning user_id
2024-07-05T19:14:36.830+09:00 ERROR 10616 --- [boardPrac] [ol-2-thread-636] o.h.engine.jdbc.spi.SqlExceptionHelper   : (conn=85) Duplicate entry 'dup5' for key 'name'
Hibernate: insert into users (name) values (?) returning user_id
Hibernate: insert into users (name) values (?) returning user_id
2024-07-05T19:14:36.830+09:00  WARN 10616 --- [boardPrac] [ol-2-thread-640] o.h.engine.jdbc.spi.SqlExceptionHelper   : SQL Error: 1062, SQLState: 23000
2024-07-05T19:14:36.830+09:00 ERROR 10616 --- [boardPrac] [ol-2-thread-640] o.h.engine.jdbc.spi.SqlExceptionHelper   : (conn=84) Duplicate entry 'dup5' for key 'name'
2024-07-05T19:14:36.825+09:00  WARN 10616 --- [boardPrac] [ol-2-thread-638] o.h.engine.jdbc.spi.SqlExceptionHelper   : SQL Error: 1062, SQLState: 23000
2024-07-05T19:14:36.825+09:00 ERROR 10616 --- [boardPrac] [ol-2-thread-639] o.h.engine.jdbc.spi.SqlExceptionHelper   : (conn=90) Duplicate entry 'dup5' for key 'name'
2024-07-05T19:14:36.830+09:00 ERROR 10616 --- [boardPrac] [ol-2-thread-638] o.h.engine.jdbc.spi.SqlExceptionHelper   : (conn=91) Duplicate entry 'dup5' for key 'name'
2024-07-05T19:14:36.831+09:00  WARN 10616 --- [boardPrac] [ol-2-thread-641] o.m.jdbc.message.server.ErrorPacket      : Error: 1062-23000: Duplicate entry 'dup5' for key 'name'
2024-07-05T19:14:36.832+09:00  WARN 10616 --- [boardPrac] [ol-2-thread-646] o.m.jdbc.message.server.ErrorPacket      : Error: 1062-23000: Duplicate entry 'dup5' for key 'name'
2024-07-05T19:14:36.832+09:00  WARN 10616 --- [boardPrac] [ol-2-thread-644] o.m.jdbc.message.server.ErrorPacket      : Error: 1062-23000: Duplicate entry 'dup5' for key 'name'
2024-07-05T19:14:36.832+09:00  WARN 10616 --- [boardPrac] [ol-2-thread-642] o.m.jdbc.message.server.ErrorPacket      : Error: 1062-23000: Duplicate entry 'dup5' for key 'name'
2024-07-05T19:14:36.832+09:00  WARN 10616 --- [boardPrac] [ol-2-thread-641] o.h.engine.jdbc.spi.SqlExceptionHelper   : SQL Error: 1062, SQLState: 23000
2024-07-05T19:14:36.832+09:00 ERROR 10616 --- [boardPrac] [ol-2-thread-641] o.h.engine.jdbc.spi.SqlExceptionHelper   : (conn=89) Duplicate entry 'dup5' for key 'name'
2024-07-05T19:14:36.832+09:00  WARN 10616 --- [boardPrac] [ol-2-thread-644] o.h.engine.jdbc.spi.SqlExceptionHelper   : SQL Error: 1062, SQLState: 23000
2024-07-05T19:14:36.832+09:00  WARN 10616 --- [boardPrac] [ol-2-thread-643] o.m.jdbc.message.server.ErrorPacket      : Error: 1062-23000: Duplicate entry 'dup5' for key 'name'
2024-07-05T19:14:36.832+09:00 ERROR 10616 --- [boardPrac] [ol-2-thread-644] o.h.engine.jdbc.spi.SqlExceptionHelper   : (conn=87) Duplicate entry 'dup5' for key 'name'
2024-07-05T19:14:36.832+09:00  WARN 10616 --- [boardPrac] [ol-2-thread-646] o.h.engine.jdbc.spi.SqlExceptionHelper   : SQL Error: 1062, SQLState: 23000
2024-07-05T19:14:36.832+09:00  WARN 10616 --- [boardPrac] [ol-2-thread-643] o.h.engine.jdbc.spi.SqlExceptionHelper   : SQL Error: 1062, SQLState: 23000
2024-07-05T19:14:36.832+09:00 ERROR 10616 --- [boardPrac] [ol-2-thread-646] o.h.engine.jdbc.spi.SqlExceptionHelper   : (conn=86) Duplicate entry 'dup5' for key 'name'
2024-07-05T19:14:36.832+09:00 ERROR 10616 --- [boardPrac] [ol-2-thread-643] o.h.engine.jdbc.spi.SqlExceptionHelper   : (conn=92) Duplicate entry 'dup5' for key 'name'
2024-07-05T19:14:36.832+09:00  WARN 10616 --- [boardPrac] [ol-2-thread-642] o.h.engine.jdbc.spi.SqlExceptionHelper   : SQL Error: 1062, SQLState: 23000
2024-07-05T19:14:36.832+09:00 ERROR 10616 --- [boardPrac] [ol-2-thread-642] o.h.engine.jdbc.spi.SqlExceptionHelper   : (conn=88) Duplicate entry 'dup5' for key 'name'
could not execute statement [(conn=90) Duplicate entry 'dup5' for key 'name'] [insert into users (name) values (?) returning user_id]; SQL [insert into users (name) values (?) returning user_id]; constraint [name]
could not execute statement [(conn=85) Duplicate entry 'dup5' for key 'name'] [insert into users (name) values (?) returning user_id]; SQL [insert into users (name) values (?) returning user_id]; constraint [name]
could not execute statement [(conn=84) Duplicate entry 'dup5' for key 'name'] [insert into users (name) values (?) returning user_id]; SQL [insert into users (name) values (?) returning user_id]; constraint [name]
could not execute statement [(conn=93) Duplicate entry 'dup5' for key 'name'] [insert into users (name) values (?) returning user_id]; SQL [insert into users (name) values (?) returning user_id]; constraint [name]
could not execute statement [(conn=91) Duplicate entry 'dup5' for key 'name'] [insert into users (name) values (?) returning user_id]; SQL [insert into users (name) values (?) returning user_id]; constraint [name]
could not execute statement [(conn=89) Duplicate entry 'dup5' for key 'name'] [insert into users (name) values (?) returning user_id]; SQL [insert into users (name) values (?) returning user_id]; constraint [name]
could not execute statement [(conn=86) Duplicate entry 'dup5' for key 'name'] [insert into users (name) values (?) returning user_id]; SQL [insert into users (name) values (?) returning user_id]; constraint [name]
Hibernate: insert into users (name) values (?) returning user_id
Hibernate: insert into users (name) values (?) returning user_id
could not execute statement [(conn=92) Duplicate entry 'dup5' for key 'name'] [insert into users (name) values (?) returning user_id]; SQL [insert into users (name) values (?) returning user_id]; constraint [name]
Hibernate: insert into users (name) values (?) returning user_id
Hibernate: insert into users (name) values (?) returning user_id
could not execute statement [(conn=88) Duplicate entry 'dup5' for key 'name'] [insert into users (name) values (?) returning user_id]; SQL [insert into users (name) values (?) returning user_id]; constraint [name]
Hibernate: insert into users (name) values (?) returning user_id
could not execute statement [(conn=87) Duplicate entry 'dup5' for key 'name'] [insert into users (name) values (?) returning user_id]; SQL [insert into users (name) values (?) returning user_id]; constraint [name]
2024-07-05T19:14:36.838+09:00  WARN 10616 --- [boardPrac] [ol-2-thread-648] o.m.jdbc.message.server.ErrorPacket      : Error: 1062-23000: Duplicate entry 'dup5' for key 'name'
Hibernate: insert into users (name) values (?) returning user_id
2024-07-05T19:14:36.838+09:00  WARN 10616 --- [boardPrac] [ol-2-thread-647] o.m.jdbc.message.server.ErrorPacket      : Error: 1062-23000: Duplicate entry 'dup5' for key 'name'
Hibernate: insert into users (name) values (?) returning user_id
2024-07-05T19:14:36.838+09:00  WARN 10616 --- [boardPrac] [ol-2-thread-649] o.m.jdbc.message.server.ErrorPacket      : Error: 1062-23000: Duplicate entry 'dup5' for key 'name'
Hibernate: insert into users (name) values (?) returning user_id
2024-07-05T19:14:36.838+09:00  WARN 10616 --- [boardPrac] [ol-2-thread-650] o.m.jdbc.message.server.ErrorPacket      : Error: 1062-23000: Duplicate entry 'dup5' for key 'name'
2024-07-05T19:14:36.838+09:00  WARN 10616 --- [boardPrac] [ol-2-thread-645] o.m.jdbc.message.server.ErrorPacket      : Error: 1062-23000: Duplicate entry 'dup5' for key 'name'
2024-07-05T19:14:36.838+09:00  WARN 10616 --- [boardPrac] [ol-2-thread-649] o.h.engine.jdbc.spi.SqlExceptionHelper   : SQL Error: 1062, SQLState: 23000
2024-07-05T19:14:36.838+09:00  WARN 10616 --- [boardPrac] [ol-2-thread-650] o.h.engine.jdbc.spi.SqlExceptionHelper   : SQL Error: 1062, SQLState: 23000
2024-07-05T19:14:36.838+09:00 ERROR 10616 --- [boardPrac] [ol-2-thread-649] o.h.engine.jdbc.spi.SqlExceptionHelper   : (conn=93) Duplicate entry 'dup5' for key 'name'
Hibernate: insert into users (name) values (?) returning user_id
2024-07-05T19:14:36.838+09:00 ERROR 10616 --- [boardPrac] [ol-2-thread-650] o.h.engine.jdbc.spi.SqlExceptionHelper   : (conn=91) Duplicate entry 'dup5' for key 'name'
2024-07-05T19:14:36.838+09:00  WARN 10616 --- [boardPrac] [ol-2-thread-647] o.h.engine.jdbc.spi.SqlExceptionHelper   : SQL Error: 1062, SQLState: 23000
2024-07-05T19:14:36.838+09:00  WARN 10616 --- [boardPrac] [ol-2-thread-648] o.h.engine.jdbc.spi.SqlExceptionHelper   : SQL Error: 1062, SQLState: 23000
2024-07-05T19:14:36.838+09:00 ERROR 10616 --- [boardPrac] [ol-2-thread-647] o.h.engine.jdbc.spi.SqlExceptionHelper   : (conn=90) Duplicate entry 'dup5' for key 'name'
2024-07-05T19:14:36.838+09:00 ERROR 10616 --- [boardPrac] [ol-2-thread-648] o.h.engine.jdbc.spi.SqlExceptionHelper   : (conn=85) Duplicate entry 'dup5' for key 'name'
2024-07-05T19:14:36.838+09:00  WARN 10616 --- [boardPrac] [ol-2-thread-645] o.h.engine.jdbc.spi.SqlExceptionHelper   : SQL Error: 1062, SQLState: 23000
2024-07-05T19:14:36.838+09:00 ERROR 10616 --- [boardPrac] [ol-2-thread-645] o.h.engine.jdbc.spi.SqlExceptionHelper   : (conn=84) Duplicate entry 'dup5' for key 'name'
Hibernate: insert into users (name) values (?) returning user_id
2024-07-05T19:14:36.839+09:00  WARN 10616 --- [boardPrac] [ol-2-thread-654] o.m.jdbc.message.server.ErrorPacket      : Error: 1062-23000: Duplicate entry 'dup5' for key 'name'
2024-07-05T19:14:36.840+09:00  WARN 10616 --- [boardPrac] [ol-2-thread-651] o.m.jdbc.message.server.ErrorPacket      : Error: 1062-23000: Duplicate entry 'dup5' for key 'name'
2024-07-05T19:14:36.840+09:00  WARN 10616 --- [boardPrac] [ol-2-thread-654] o.h.engine.jdbc.spi.SqlExceptionHelper   : SQL Error: 1062, SQLState: 23000
2024-07-05T19:14:36.840+09:00  WARN 10616 --- [boardPrac] [ol-2-thread-651] o.h.engine.jdbc.spi.SqlExceptionHelper   : SQL Error: 1062, SQLState: 23000
2024-07-05T19:14:36.840+09:00  WARN 10616 --- [boardPrac] [ol-2-thread-655] o.m.jdbc.message.server.ErrorPacket      : Error: 1062-23000: Duplicate entry 'dup5' for key 'name'
2024-07-05T19:14:36.840+09:00 ERROR 10616 --- [boardPrac] [ol-2-thread-651] o.h.engine.jdbc.spi.SqlExceptionHelper   : (conn=89) Duplicate entry 'dup5' for key 'name'
2024-07-05T19:14:36.840+09:00  WARN 10616 --- [boardPrac] [ol-2-thread-653] o.m.jdbc.message.server.ErrorPacket      : Error: 1062-23000: Duplicate entry 'dup5' for key 'name'
2024-07-05T19:14:36.840+09:00 ERROR 10616 --- [boardPrac] [ol-2-thread-654] o.h.engine.jdbc.spi.SqlExceptionHelper   : (conn=88) Duplicate entry 'dup5' for key 'name'
2024-07-05T19:14:36.840+09:00  WARN 10616 --- [boardPrac] [ol-2-thread-655] o.h.engine.jdbc.spi.SqlExceptionHelper   : SQL Error: 1062, SQLState: 23000
2024-07-05T19:14:36.840+09:00 ERROR 10616 --- [boardPrac] [ol-2-thread-655] o.h.engine.jdbc.spi.SqlExceptionHelper   : (conn=87) Duplicate entry 'dup5' for key 'name'
2024-07-05T19:14:36.840+09:00  WARN 10616 --- [boardPrac] [ol-2-thread-653] o.h.engine.jdbc.spi.SqlExceptionHelper   : SQL Error: 1062, SQLState: 23000
2024-07-05T19:14:36.840+09:00 ERROR 10616 --- [boardPrac] [ol-2-thread-653] o.h.engine.jdbc.spi.SqlExceptionHelper   : (conn=92) Duplicate entry 'dup5' for key 'name'
2024-07-05T19:14:36.840+09:00  WARN 10616 --- [boardPrac] [ol-2-thread-652] o.m.jdbc.message.server.ErrorPacket      : Error: 1062-23000: Duplicate entry 'dup5' for key 'name'
2024-07-05T19:14:36.840+09:00  WARN 10616 --- [boardPrac] [ol-2-thread-652] o.h.engine.jdbc.spi.SqlExceptionHelper   : SQL Error: 1062, SQLState: 23000
2024-07-05T19:14:36.840+09:00 ERROR 10616 --- [boardPrac] [ol-2-thread-652] o.h.engine.jdbc.spi.SqlExceptionHelper   : (conn=86) Duplicate entry 'dup5' for key 'name'
could not execute statement [(conn=90) Duplicate entry 'dup5' for key 'name'] [insert into users (name) values (?) returning user_id]; SQL [insert into users (name) values (?) returning user_id]; constraint [name]
could not execute statement [(conn=91) Duplicate entry 'dup5' for key 'name'] [insert into users (name) values (?) returning user_id]; SQL [insert into users (name) values (?) returning user_id]; constraint [name]
could not execute statement [(conn=84) Duplicate entry 'dup5' for key 'name'] [insert into users (name) values (?) returning user_id]; SQL [insert into users (name) values (?) returning user_id]; constraint [name]
could not execute statement [(conn=85) Duplicate entry 'dup5' for key 'name'] [insert into users (name) values (?) returning user_id]; SQL [insert into users (name) values (?) returning user_id]; constraint [name]
could not execute statement [(conn=93) Duplicate entry 'dup5' for key 'name'] [insert into users (name) values (?) returning user_id]; SQL [insert into users (name) values (?) returning user_id]; constraint [name]
could not execute statement [(conn=87) Duplicate entry 'dup5' for key 'name'] [insert into users (name) values (?) returning user_id]; SQL [insert into users (name) values (?) returning user_id]; constraint [name]
could not execute statement [(conn=86) Duplicate entry 'dup5' for key 'name'] [insert into users (name) values (?) returning user_id]; SQL [insert into users (name) values (?) returning user_id]; constraint [name]
could not execute statement [(conn=92) Duplicate entry 'dup5' for key 'name'] [insert into users (name) values (?) returning user_id]; SQL [insert into users (name) values (?) returning user_id]; constraint [name]
could not execute statement [(conn=88) Duplicate entry 'dup5' for key 'name'] [insert into users (name) values (?) returning user_id]; SQL [insert into users (name) values (?) returning user_id]; constraint [name]
Hibernate: insert into users (name) values (?) returning user_id
Hibernate: insert into users (name) values (?) returning user_id
Hibernate: insert into users (name) values (?) returning user_id
Hibernate: insert into users (name) values (?) returning user_id
could not execute statement [(conn=89) Duplicate entry 'dup5' for key 'name'] [insert into users (name) values (?) returning user_id]; SQL [insert into users (name) values (?) returning user_id]; constraint [name]
Hibernate: insert into users (name) values (?) returning user_id
Hibernate: insert into users (name) values (?) returning user_id
Hibernate: insert into users (name) values (?) returning user_id
Hibernate: insert into users (name) values (?) returning user_id
2024-07-05T19:14:36.847+09:00  WARN 10616 --- [boardPrac] [ol-2-thread-657] o.m.jdbc.message.server.ErrorPacket      : Error: 1062-23000: Duplicate entry 'dup5' for key 'name'
2024-07-05T19:14:36.847+09:00  WARN 10616 --- [boardPrac] [ol-2-thread-656] o.m.jdbc.message.server.ErrorPacket      : Error: 1062-23000: Duplicate entry 'dup5' for key 'name'
2024-07-05T19:14:36.849+09:00  WARN 10616 --- [boardPrac] [ol-2-thread-659] o.m.jdbc.message.server.ErrorPacket      : Error: 1062-23000: Duplicate entry 'dup5' for key 'name'
2024-07-05T19:14:36.849+09:00  WARN 10616 --- [boardPrac] [ol-2-thread-657] o.h.engine.jdbc.spi.SqlExceptionHelper   : SQL Error: 1062, SQLState: 23000
2024-07-05T19:14:36.849+09:00  WARN 10616 --- [boardPrac] [ol-2-thread-656] o.h.engine.jdbc.spi.SqlExceptionHelper   : SQL Error: 1062, SQLState: 23000
2024-07-05T19:14:36.849+09:00 ERROR 10616 --- [boardPrac] [ol-2-thread-657] o.h.engine.jdbc.spi.SqlExceptionHelper   : (conn=90) Duplicate entry 'dup5' for key 'name'
2024-07-05T19:14:36.849+09:00 ERROR 10616 --- [boardPrac] [ol-2-thread-656] o.h.engine.jdbc.spi.SqlExceptionHelper   : (conn=91) Duplicate entry 'dup5' for key 'name'
2024-07-05T19:14:36.849+09:00  WARN 10616 --- [boardPrac] [ol-2-thread-659] o.h.engine.jdbc.spi.SqlExceptionHelper   : SQL Error: 1062, SQLState: 23000
Hibernate: insert into users (name) values (?) returning user_id
2024-07-05T19:14:36.849+09:00 ERROR 10616 --- [boardPrac] [ol-2-thread-659] o.h.engine.jdbc.spi.SqlExceptionHelper   : (conn=85) Duplicate entry 'dup5' for key 'name'
2024-07-05T19:14:36.849+09:00  WARN 10616 --- [boardPrac] [ol-2-thread-658] o.m.jdbc.message.server.ErrorPacket      : Error: 1062-23000: Duplicate entry 'dup5' for key 'name'
2024-07-05T19:14:36.849+09:00  WARN 10616 --- [boardPrac] [ol-2-thread-658] o.h.engine.jdbc.spi.SqlExceptionHelper   : SQL Error: 1062, SQLState: 23000
2024-07-05T19:14:36.849+09:00 ERROR 10616 --- [boardPrac] [ol-2-thread-658] o.h.engine.jdbc.spi.SqlExceptionHelper   : (conn=84) Duplicate entry 'dup5' for key 'name'
2024-07-05T19:14:36.849+09:00  WARN 10616 --- [boardPrac] [ol-2-thread-660] o.m.jdbc.message.server.ErrorPacket      : Error: 1062-23000: Duplicate entry 'dup5' for key 'name'
Hibernate: insert into users (name) values (?) returning user_id
2024-07-05T19:14:36.849+09:00  WARN 10616 --- [boardPrac] [ol-2-thread-660] o.h.engine.jdbc.spi.SqlExceptionHelper   : SQL Error: 1062, SQLState: 23000
2024-07-05T19:14:36.849+09:00 ERROR 10616 --- [boardPrac] [ol-2-thread-660] o.h.engine.jdbc.spi.SqlExceptionHelper   : (conn=93) Duplicate entry 'dup5' for key 'name'
2024-07-05T19:14:36.854+09:00  WARN 10616 --- [boardPrac] [ol-2-thread-663] o.m.jdbc.message.server.ErrorPacket      : Error: 1062-23000: Duplicate entry 'dup5' for key 'name'
2024-07-05T19:14:36.854+09:00  WARN 10616 --- [boardPrac] [ol-2-thread-664] o.m.jdbc.message.server.ErrorPacket      : Error: 1062-23000: Duplicate entry 'dup5' for key 'name'
2024-07-05T19:14:36.854+09:00  WARN 10616 --- [boardPrac] [ol-2-thread-662] o.m.jdbc.message.server.ErrorPacket      : Error: 1062-23000: Duplicate entry 'dup5' for key 'name'
2024-07-05T19:14:36.854+09:00  WARN 10616 --- [boardPrac] [ol-2-thread-665] o.m.jdbc.message.server.ErrorPacket      : Error: 1062-23000: Duplicate entry 'dup5' for key 'name'
2024-07-05T19:14:36.854+09:00  WARN 10616 --- [boardPrac] [ol-2-thread-664] o.h.engine.jdbc.spi.SqlExceptionHelper   : SQL Error: 1062, SQLState: 23000
2024-07-05T19:14:36.854+09:00  WARN 10616 --- [boardPrac] [ol-2-thread-661] o.m.jdbc.message.server.ErrorPacket      : Error: 1062-23000: Duplicate entry 'dup5' for key 'name'
2024-07-05T19:14:36.854+09:00  WARN 10616 --- [boardPrac] [ol-2-thread-663] o.h.engine.jdbc.spi.SqlExceptionHelper   : SQL Error: 1062, SQLState: 23000
2024-07-05T19:14:36.854+09:00  WARN 10616 --- [boardPrac] [ol-2-thread-662] o.h.engine.jdbc.spi.SqlExceptionHelper   : SQL Error: 1062, SQLState: 23000
2024-07-05T19:14:36.854+09:00 ERROR 10616 --- [boardPrac] [ol-2-thread-664] o.h.engine.jdbc.spi.SqlExceptionHelper   : (conn=88) Duplicate entry 'dup5' for key 'name'
2024-07-05T19:14:36.855+09:00  WARN 10616 --- [boardPrac] [ol-2-thread-665] o.h.engine.jdbc.spi.SqlExceptionHelper   : SQL Error: 1062, SQLState: 23000
2024-07-05T19:14:36.855+09:00  WARN 10616 --- [boardPrac] [ol-2-thread-661] o.h.engine.jdbc.spi.SqlExceptionHelper   : SQL Error: 1062, SQLState: 23000
2024-07-05T19:14:36.854+09:00 ERROR 10616 --- [boardPrac] [ol-2-thread-663] o.h.engine.jdbc.spi.SqlExceptionHelper   : (conn=87) Duplicate entry 'dup5' for key 'name'
2024-07-05T19:14:36.855+09:00 ERROR 10616 --- [boardPrac] [ol-2-thread-665] o.h.engine.jdbc.spi.SqlExceptionHelper   : (conn=89) Duplicate entry 'dup5' for key 'name'
2024-07-05T19:14:36.855+09:00 ERROR 10616 --- [boardPrac] [ol-2-thread-661] o.h.engine.jdbc.spi.SqlExceptionHelper   : (conn=92) Duplicate entry 'dup5' for key 'name'
2024-07-05T19:14:36.855+09:00 ERROR 10616 --- [boardPrac] [ol-2-thread-662] o.h.engine.jdbc.spi.SqlExceptionHelper   : (conn=86) Duplicate entry 'dup5' for key 'name'
could not execute statement [(conn=84) Duplicate entry 'dup5' for key 'name'] [insert into users (name) values (?) returning user_id]; SQL [insert into users (name) values (?) returning user_id]; constraint [name]
could not execute statement [(conn=91) Duplicate entry 'dup5' for key 'name'] [insert into users (name) values (?) returning user_id]; SQL [insert into users (name) values (?) returning user_id]; constraint [name]
could not execute statement [(conn=93) Duplicate entry 'dup5' for key 'name'] [insert into users (name) values (?) returning user_id]; SQL [insert into users (name) values (?) returning user_id]; constraint [name]
could not execute statement [(conn=90) Duplicate entry 'dup5' for key 'name'] [insert into users (name) values (?) returning user_id]; SQL [insert into users (name) values (?) returning user_id]; constraint [name]
could not execute statement [(conn=85) Duplicate entry 'dup5' for key 'name'] [insert into users (name) values (?) returning user_id]; SQL [insert into users (name) values (?) returning user_id]; constraint [name]
could not execute statement [(conn=87) Duplicate entry 'dup5' for key 'name'] [insert into users (name) values (?) returning user_id]; SQL [insert into users (name) values (?) returning user_id]; constraint [name]
could not execute statement [(conn=88) Duplicate entry 'dup5' for key 'name'] [insert into users (name) values (?) returning user_id]; SQL [insert into users (name) values (?) returning user_id]; constraint [name]
could not execute statement [(conn=86) Duplicate entry 'dup5' for key 'name'] [insert into users (name) values (?) returning user_id]; SQL [insert into users (name) values (?) returning user_id]; constraint [name]
could not execute statement [(conn=89) Duplicate entry 'dup5' for key 'name'] [insert into users (name) values (?) returning user_id]; SQL [insert into users (name) values (?) returning user_id]; constraint [name]
Hibernate: insert into users (name) values (?) returning user_id
Hibernate: insert into users (name) values (?) returning user_id
Hibernate: insert into users (name) values (?) returning user_id
Hibernate: insert into users (name) values (?) returning user_id
could not execute statement [(conn=92) Duplicate entry 'dup5' for key 'name'] [insert into users (name) values (?) returning user_id]; SQL [insert into users (name) values (?) returning user_id]; constraint [name]
Hibernate: insert into users (name) values (?) returning user_id
Hibernate: insert into users (name) values (?) returning user_id
2024-07-05T19:14:36.861+09:00  WARN 10616 --- [boardPrac] [ol-2-thread-667] o.m.jdbc.message.server.ErrorPacket      : Error: 1062-23000: Duplicate entry 'dup5' for key 'name'
Hibernate: insert into users (name) values (?) returning user_id
Hibernate: insert into users (name) values (?) returning user_id
Hibernate: insert into users (name) values (?) returning user_id
Hibernate: insert into users (name) values (?) returning user_id
2024-07-05T19:14:36.861+09:00  WARN 10616 --- [boardPrac] [ol-2-thread-667] o.h.engine.jdbc.spi.SqlExceptionHelper   : SQL Error: 1062, SQLState: 23000
2024-07-05T19:14:36.861+09:00 ERROR 10616 --- [boardPrac] [ol-2-thread-667] o.h.engine.jdbc.spi.SqlExceptionHelper   : (conn=84) Duplicate entry 'dup5' for key 'name'
2024-07-05T19:14:36.861+09:00  WARN 10616 --- [boardPrac] [ol-2-thread-668] o.m.jdbc.message.server.ErrorPacket      : Error: 1062-23000: Duplicate entry 'dup5' for key 'name'
2024-07-05T19:14:36.861+09:00  WARN 10616 --- [boardPrac] [ol-2-thread-669] o.m.jdbc.message.server.ErrorPacket      : Error: 1062-23000: Duplicate entry 'dup5' for key 'name'
2024-07-05T19:14:36.861+09:00  WARN 10616 --- [boardPrac] [ol-2-thread-666] o.m.jdbc.message.server.ErrorPacket      : Error: 1062-23000: Duplicate entry 'dup5' for key 'name'
2024-07-05T19:14:36.861+09:00  WARN 10616 --- [boardPrac] [ol-2-thread-670] o.m.jdbc.message.server.ErrorPacket      : Error: 1062-23000: Duplicate entry 'dup5' for key 'name'
2024-07-05T19:14:36.861+09:00  WARN 10616 --- [boardPrac] [ol-2-thread-668] o.h.engine.jdbc.spi.SqlExceptionHelper   : SQL Error: 1062, SQLState: 23000
2024-07-05T19:14:36.861+09:00  WARN 10616 --- [boardPrac] [ol-2-thread-666] o.h.engine.jdbc.spi.SqlExceptionHelper   : SQL Error: 1062, SQLState: 23000
2024-07-05T19:14:36.861+09:00 ERROR 10616 --- [boardPrac] [ol-2-thread-666] o.h.engine.jdbc.spi.SqlExceptionHelper   : (conn=93) Duplicate entry 'dup5' for key 'name'
2024-07-05T19:14:36.861+09:00 ERROR 10616 --- [boardPrac] [ol-2-thread-668] o.h.engine.jdbc.spi.SqlExceptionHelper   : (conn=91) Duplicate entry 'dup5' for key 'name'
2024-07-05T19:14:36.861+09:00  WARN 10616 --- [boardPrac] [ol-2-thread-669] o.h.engine.jdbc.spi.SqlExceptionHelper   : SQL Error: 1062, SQLState: 23000
2024-07-05T19:14:36.861+09:00  WARN 10616 --- [boardPrac] [ol-2-thread-670] o.h.engine.jdbc.spi.SqlExceptionHelper   : SQL Error: 1062, SQLState: 23000
2024-07-05T19:14:36.861+09:00 ERROR 10616 --- [boardPrac] [ol-2-thread-669] o.h.engine.jdbc.spi.SqlExceptionHelper   : (conn=90) Duplicate entry 'dup5' for key 'name'
2024-07-05T19:14:36.861+09:00 ERROR 10616 --- [boardPrac] [ol-2-thread-670] o.h.engine.jdbc.spi.SqlExceptionHelper   : (conn=85) Duplicate entry 'dup5' for key 'name'
2024-07-05T19:14:36.863+09:00  WARN 10616 --- [boardPrac] [ol-2-thread-672] o.m.jdbc.message.server.ErrorPacket      : Error: 1062-23000: Duplicate entry 'dup5' for key 'name'
2024-07-05T19:14:36.863+09:00  WARN 10616 --- [boardPrac] [ol-2-thread-671] o.m.jdbc.message.server.ErrorPacket      : Error: 1062-23000: Duplicate entry 'dup5' for key 'name'
2024-07-05T19:14:36.863+09:00  WARN 10616 --- [boardPrac] [ol-2-thread-673] o.m.jdbc.message.server.ErrorPacket      : Error: 1062-23000: Duplicate entry 'dup5' for key 'name'
2024-07-05T19:14:36.863+09:00  WARN 10616 --- [boardPrac] [ol-2-thread-675] o.m.jdbc.message.server.ErrorPacket      : Error: 1062-23000: Duplicate entry 'dup5' for key 'name'
2024-07-05T19:14:36.863+09:00  WARN 10616 --- [boardPrac] [ol-2-thread-674] o.m.jdbc.message.server.ErrorPacket      : Error: 1062-23000: Duplicate entry 'dup5' for key 'name'
2024-07-05T19:14:36.863+09:00  WARN 10616 --- [boardPrac] [ol-2-thread-673] o.h.engine.jdbc.spi.SqlExceptionHelper   : SQL Error: 1062, SQLState: 23000
2024-07-05T19:14:36.863+09:00  WARN 10616 --- [boardPrac] [ol-2-thread-672] o.h.engine.jdbc.spi.SqlExceptionHelper   : SQL Error: 1062, SQLState: 23000
2024-07-05T19:14:36.863+09:00  WARN 10616 --- [boardPrac] [ol-2-thread-671] o.h.engine.jdbc.spi.SqlExceptionHelper   : SQL Error: 1062, SQLState: 23000
2024-07-05T19:14:36.863+09:00  WARN 10616 --- [boardPrac] [ol-2-thread-674] o.h.engine.jdbc.spi.SqlExceptionHelper   : SQL Error: 1062, SQLState: 23000
2024-07-05T19:14:36.863+09:00 ERROR 10616 --- [boardPrac] [ol-2-thread-672] o.h.engine.jdbc.spi.SqlExceptionHelper   : (conn=87) Duplicate entry 'dup5' for key 'name'
2024-07-05T19:14:36.863+09:00 ERROR 10616 --- [boardPrac] [ol-2-thread-671] o.h.engine.jdbc.spi.SqlExceptionHelper   : (conn=88) Duplicate entry 'dup5' for key 'name'
2024-07-05T19:14:36.863+09:00 ERROR 10616 --- [boardPrac] [ol-2-thread-673] o.h.engine.jdbc.spi.SqlExceptionHelper   : (conn=86) Duplicate entry 'dup5' for key 'name'
2024-07-05T19:14:36.863+09:00  WARN 10616 --- [boardPrac] [ol-2-thread-675] o.h.engine.jdbc.spi.SqlExceptionHelper   : SQL Error: 1062, SQLState: 23000
2024-07-05T19:14:36.863+09:00 ERROR 10616 --- [boardPrac] [ol-2-thread-674] o.h.engine.jdbc.spi.SqlExceptionHelper   : (conn=89) Duplicate entry 'dup5' for key 'name'
2024-07-05T19:14:36.863+09:00 ERROR 10616 --- [boardPrac] [ol-2-thread-675] o.h.engine.jdbc.spi.SqlExceptionHelper   : (conn=92) Duplicate entry 'dup5' for key 'name'
could not execute statement [(conn=91) Duplicate entry 'dup5' for key 'name'] [insert into users (name) values (?) returning user_id]; SQL [insert into users (name) values (?) returning user_id]; constraint [name]
could not execute statement [(conn=93) Duplicate entry 'dup5' for key 'name'] [insert into users (name) values (?) returning user_id]; SQL [insert into users (name) values (?) returning user_id]; constraint [name]
could not execute statement [(conn=90) Duplicate entry 'dup5' for key 'name'] [insert into users (name) values (?) returning user_id]; SQL [insert into users (name) values (?) returning user_id]; constraint [name]
could not execute statement [(conn=84) Duplicate entry 'dup5' for key 'name'] [insert into users (name) values (?) returning user_id]; SQL [insert into users (name) values (?) returning user_id]; constraint [name]
could not execute statement [(conn=85) Duplicate entry 'dup5' for key 'name'] [insert into users (name) values (?) returning user_id]; SQL [insert into users (name) values (?) returning user_id]; constraint [name]
could not execute statement [(conn=88) Duplicate entry 'dup5' for key 'name'] [insert into users (name) values (?) returning user_id]; SQL [insert into users (name) values (?) returning user_id]; constraint [name]
could not execute statement [(conn=89) Duplicate entry 'dup5' for key 'name'] [insert into users (name) values (?) returning user_id]; SQL [insert into users (name) values (?) returning user_id]; constraint [name]
could not execute statement [(conn=92) Duplicate entry 'dup5' for key 'name'] [insert into users (name) values (?) returning user_id]; SQL [insert into users (name) values (?) returning user_id]; constraint [name]
could not execute statement [(conn=87) Duplicate entry 'dup5' for key 'name'] [insert into users (name) values (?) returning user_id]; SQL [insert into users (name) values (?) returning user_id]; constraint [name]
could not execute statement [(conn=86) Duplicate entry 'dup5' for key 'name'] [insert into users (name) values (?) returning user_id]; SQL [insert into users (name) values (?) returning user_id]; constraint [name]
Hibernate: insert into users (name) values (?) returning user_id
Hibernate: insert into users (name) values (?) returning user_id
Hibernate: insert into users (name) values (?) returning user_id
2024-07-05T19:14:36.868+09:00  WARN 10616 --- [boardPrac] [ol-2-thread-679] o.m.jdbc.message.server.ErrorPacket      : Error: 1062-23000: Duplicate entry 'dup5' for key 'name'
2024-07-05T19:14:36.868+09:00  WARN 10616 --- [boardPrac] [ol-2-thread-676] o.m.jdbc.message.server.ErrorPacket      : Error: 1062-23000: Duplicate entry 'dup5' for key 'name'
Hibernate: insert into users (name) values (?) returning user_id
Hibernate: insert into users (name) values (?) returning user_id
Hibernate: insert into users (name) values (?) returning user_id
Hibernate: insert into users (name) values (?) returning user_id
2024-07-05T19:14:36.868+09:00  WARN 10616 --- [boardPrac] [ol-2-thread-679] o.h.engine.jdbc.spi.SqlExceptionHelper   : SQL Error: 1062, SQLState: 23000
2024-07-05T19:14:36.868+09:00 ERROR 10616 --- [boardPrac] [ol-2-thread-679] o.h.engine.jdbc.spi.SqlExceptionHelper   : (conn=90) Duplicate entry 'dup5' for key 'name'
2024-07-05T19:14:36.868+09:00  WARN 10616 --- [boardPrac] [ol-2-thread-680] o.m.jdbc.message.server.ErrorPacket      : Error: 1062-23000: Duplicate entry 'dup5' for key 'name'
Hibernate: insert into users (name) values (?) returning user_id
2024-07-05T19:14:36.868+09:00  WARN 10616 --- [boardPrac] [ol-2-thread-676] o.h.engine.jdbc.spi.SqlExceptionHelper   : SQL Error: 1062, SQLState: 23000
Hibernate: insert into users (name) values (?) returning user_id
2024-07-05T19:14:36.868+09:00 ERROR 10616 --- [boardPrac] [ol-2-thread-676] o.h.engine.jdbc.spi.SqlExceptionHelper   : (conn=85) Duplicate entry 'dup5' for key 'name'
Hibernate: insert into users (name) values (?) returning user_id
2024-07-05T19:14:36.868+09:00  WARN 10616 --- [boardPrac] [ol-2-thread-680] o.h.engine.jdbc.spi.SqlExceptionHelper   : SQL Error: 1062, SQLState: 23000
2024-07-05T19:14:36.868+09:00 ERROR 10616 --- [boardPrac] [ol-2-thread-680] o.h.engine.jdbc.spi.SqlExceptionHelper   : (conn=93) Duplicate entry 'dup5' for key 'name'
2024-07-05T19:14:36.870+09:00  WARN 10616 --- [boardPrac] [ol-2-thread-677] o.m.jdbc.message.server.ErrorPacket      : Error: 1062-23000: Duplicate entry 'dup5' for key 'name'
2024-07-05T19:14:36.870+09:00  WARN 10616 --- [boardPrac] [ol-2-thread-683] o.m.jdbc.message.server.ErrorPacket      : Error: 1062-23000: Duplicate entry 'dup5' for key 'name'
2024-07-05T19:14:36.870+09:00  WARN 10616 --- [boardPrac] [ol-2-thread-678] o.m.jdbc.message.server.ErrorPacket      : Error: 1062-23000: Duplicate entry 'dup5' for key 'name'
2024-07-05T19:14:36.870+09:00  WARN 10616 --- [boardPrac] [ol-2-thread-681] o.m.jdbc.message.server.ErrorPacket      : Error: 1062-23000: Duplicate entry 'dup5' for key 'name'
2024-07-05T19:14:36.870+09:00  WARN 10616 --- [boardPrac] [ol-2-thread-685] o.m.jdbc.message.server.ErrorPacket      : Error: 1062-23000: Duplicate entry 'dup5' for key 'name'
2024-07-05T19:14:36.870+09:00  WARN 10616 --- [boardPrac] [ol-2-thread-684] o.m.jdbc.message.server.ErrorPacket      : Error: 1062-23000: Duplicate entry 'dup5' for key 'name'
2024-07-05T19:14:36.870+09:00  WARN 10616 --- [boardPrac] [ol-2-thread-677] o.h.engine.jdbc.spi.SqlExceptionHelper   : SQL Error: 1062, SQLState: 23000
2024-07-05T19:14:36.870+09:00  WARN 10616 --- [boardPrac] [ol-2-thread-682] o.m.jdbc.message.server.ErrorPacket      : Error: 1062-23000: Duplicate entry 'dup5' for key 'name'
2024-07-05T19:14:36.870+09:00 ERROR 10616 --- [boardPrac] [ol-2-thread-677] o.h.engine.jdbc.spi.SqlExceptionHelper   : (conn=84) Duplicate entry 'dup5' for key 'name'
2024-07-05T19:14:36.870+09:00  WARN 10616 --- [boardPrac] [ol-2-thread-681] o.h.engine.jdbc.spi.SqlExceptionHelper   : SQL Error: 1062, SQLState: 23000
2024-07-05T19:14:36.870+09:00  WARN 10616 --- [boardPrac] [ol-2-thread-683] o.h.engine.jdbc.spi.SqlExceptionHelper   : SQL Error: 1062, SQLState: 23000
2024-07-05T19:14:36.870+09:00 ERROR 10616 --- [boardPrac] [ol-2-thread-681] o.h.engine.jdbc.spi.SqlExceptionHelper   : (conn=88) Duplicate entry 'dup5' for key 'name'
2024-07-05T19:14:36.870+09:00  WARN 10616 --- [boardPrac] [ol-2-thread-678] o.h.engine.jdbc.spi.SqlExceptionHelper   : SQL Error: 1062, SQLState: 23000
2024-07-05T19:14:36.870+09:00  WARN 10616 --- [boardPrac] [ol-2-thread-685] o.h.engine.jdbc.spi.SqlExceptionHelper   : SQL Error: 1062, SQLState: 23000
2024-07-05T19:14:36.870+09:00 ERROR 10616 --- [boardPrac] [ol-2-thread-678] o.h.engine.jdbc.spi.SqlExceptionHelper   : (conn=91) Duplicate entry 'dup5' for key 'name'
2024-07-05T19:14:36.870+09:00  WARN 10616 --- [boardPrac] [ol-2-thread-682] o.h.engine.jdbc.spi.SqlExceptionHelper   : SQL Error: 1062, SQLState: 23000
2024-07-05T19:14:36.870+09:00  WARN 10616 --- [boardPrac] [ol-2-thread-684] o.h.engine.jdbc.spi.SqlExceptionHelper   : SQL Error: 1062, SQLState: 23000
2024-07-05T19:14:36.870+09:00 ERROR 10616 --- [boardPrac] [ol-2-thread-683] o.h.engine.jdbc.spi.SqlExceptionHelper   : (conn=89) Duplicate entry 'dup5' for key 'name'
2024-07-05T19:14:36.870+09:00 ERROR 10616 --- [boardPrac] [ol-2-thread-682] o.h.engine.jdbc.spi.SqlExceptionHelper   : (conn=92) Duplicate entry 'dup5' for key 'name'
2024-07-05T19:14:36.870+09:00 ERROR 10616 --- [boardPrac] [ol-2-thread-685] o.h.engine.jdbc.spi.SqlExceptionHelper   : (conn=87) Duplicate entry 'dup5' for key 'name'
2024-07-05T19:14:36.870+09:00 ERROR 10616 --- [boardPrac] [ol-2-thread-684] o.h.engine.jdbc.spi.SqlExceptionHelper   : (conn=86) Duplicate entry 'dup5' for key 'name'
could not execute statement [(conn=90) Duplicate entry 'dup5' for key 'name'] [insert into users (name) values (?) returning user_id]; SQL [insert into users (name) values (?) returning user_id]; constraint [name]
could not execute statement [(conn=85) Duplicate entry 'dup5' for key 'name'] [insert into users (name) values (?) returning user_id]; SQL [insert into users (name) values (?) returning user_id]; constraint [name]
could not execute statement [(conn=93) Duplicate entry 'dup5' for key 'name'] [insert into users (name) values (?) returning user_id]; SQL [insert into users (name) values (?) returning user_id]; constraint [name]
could not execute statement [(conn=88) Duplicate entry 'dup5' for key 'name'] [insert into users (name) values (?) returning user_id]; SQL [insert into users (name) values (?) returning user_id]; constraint [name]
Hibernate: insert into users (name) values (?) returning user_id
could not execute statement [(conn=89) Duplicate entry 'dup5' for key 'name'] [insert into users (name) values (?) returning user_id]; SQL [insert into users (name) values (?) returning user_id]; constraint [name]
could not execute statement [(conn=92) Duplicate entry 'dup5' for key 'name'] [insert into users (name) values (?) returning user_id]; SQL [insert into users (name) values (?) returning user_id]; constraint [name]
could not execute statement [(conn=87) Duplicate entry 'dup5' for key 'name'] [insert into users (name) values (?) returning user_id]; SQL [insert into users (name) values (?) returning user_id]; constraint [name]
could not execute statement [(conn=86) Duplicate entry 'dup5' for key 'name'] [insert into users (name) values (?) returning user_id]; SQL [insert into users (name) values (?) returning user_id]; constraint [name]
could not execute statement [(conn=84) Duplicate entry 'dup5' for key 'name'] [insert into users (name) values (?) returning user_id]; SQL [insert into users (name) values (?) returning user_id]; constraint [name]
could not execute statement [(conn=91) Duplicate entry 'dup5' for key 'name'] [insert into users (name) values (?) returning user_id]; SQL [insert into users (name) values (?) returning user_id]; constraint [name]
Hibernate: insert into users (name) values (?) returning user_id
Hibernate: insert into users (name) values (?) returning user_id
Hibernate: insert into users (name) values (?) returning user_id
2024-07-05T19:14:36.875+09:00  WARN 10616 --- [boardPrac] [ol-2-thread-686] o.m.jdbc.message.server.ErrorPacket      : Error: 1062-23000: Duplicate entry 'dup5' for key 'name'
2024-07-05T19:14:36.875+09:00  WARN 10616 --- [boardPrac] [ol-2-thread-686] o.h.engine.jdbc.spi.SqlExceptionHelper   : SQL Error: 1062, SQLState: 23000
2024-07-05T19:14:36.875+09:00 ERROR 10616 --- [boardPrac] [ol-2-thread-686] o.h.engine.jdbc.spi.SqlExceptionHelper   : (conn=90) Duplicate entry 'dup5' for key 'name'
Hibernate: insert into users (name) values (?) returning user_id
Hibernate: insert into users (name) values (?) returning user_id
Hibernate: insert into users (name) values (?) returning user_id
Hibernate: insert into users (name) values (?) returning user_id
2024-07-05T19:14:36.875+09:00  WARN 10616 --- [boardPrac] [ol-2-thread-688] o.m.jdbc.message.server.ErrorPacket      : Error: 1062-23000: Duplicate entry 'dup5' for key 'name'
2024-07-05T19:14:36.875+09:00  WARN 10616 --- [boardPrac] [ol-2-thread-688] o.h.engine.jdbc.spi.SqlExceptionHelper   : SQL Error: 1062, SQLState: 23000
2024-07-05T19:14:36.875+09:00  WARN 10616 --- [boardPrac] [ol-2-thread-687] o.m.jdbc.message.server.ErrorPacket      : Error: 1062-23000: Duplicate entry 'dup5' for key 'name'
2024-07-05T19:14:36.876+09:00 ERROR 10616 --- [boardPrac] [ol-2-thread-688] o.h.engine.jdbc.spi.SqlExceptionHelper   : (conn=93) Duplicate entry 'dup5' for key 'name'
2024-07-05T19:14:36.876+09:00  WARN 10616 --- [boardPrac] [ol-2-thread-687] o.h.engine.jdbc.spi.SqlExceptionHelper   : SQL Error: 1062, SQLState: 23000
2024-07-05T19:14:36.876+09:00 ERROR 10616 --- [boardPrac] [ol-2-thread-687] o.h.engine.jdbc.spi.SqlExceptionHelper   : (conn=85) Duplicate entry 'dup5' for key 'name'
Hibernate: insert into users (name) values (?) returning user_id
Hibernate: insert into users (name) values (?) returning user_id
2024-07-05T19:14:36.876+09:00  WARN 10616 --- [boardPrac] [ol-2-thread-689] o.m.jdbc.message.server.ErrorPacket      : Error: 1062-23000: Duplicate entry 'dup5' for key 'name'
2024-07-05T19:14:36.876+09:00  WARN 10616 --- [boardPrac] [ol-2-thread-689] o.h.engine.jdbc.spi.SqlExceptionHelper   : SQL Error: 1062, SQLState: 23000
2024-07-05T19:14:36.876+09:00 ERROR 10616 --- [boardPrac] [ol-2-thread-689] o.h.engine.jdbc.spi.SqlExceptionHelper   : (conn=88) Duplicate entry 'dup5' for key 'name'
2024-07-05T19:14:36.877+09:00  WARN 10616 --- [boardPrac] [ol-2-thread-693] o.m.jdbc.message.server.ErrorPacket      : Error: 1062-23000: Duplicate entry 'dup5' for key 'name'
2024-07-05T19:14:36.877+09:00  WARN 10616 --- [boardPrac] [ol-2-thread-691] o.m.jdbc.message.server.ErrorPacket      : Error: 1062-23000: Duplicate entry 'dup5' for key 'name'
2024-07-05T19:14:36.877+09:00  WARN 10616 --- [boardPrac] [ol-2-thread-692] o.m.jdbc.message.server.ErrorPacket      : Error: 1062-23000: Duplicate entry 'dup5' for key 'name'
2024-07-05T19:14:36.877+09:00  WARN 10616 --- [boardPrac] [ol-2-thread-694] o.m.jdbc.message.server.ErrorPacket      : Error: 1062-23000: Duplicate entry 'dup5' for key 'name'
2024-07-05T19:14:36.877+09:00  WARN 10616 --- [boardPrac] [ol-2-thread-690] o.m.jdbc.message.server.ErrorPacket      : Error: 1062-23000: Duplicate entry 'dup5' for key 'name'
2024-07-05T19:14:36.877+09:00  WARN 10616 --- [boardPrac] [ol-2-thread-693] o.h.engine.jdbc.spi.SqlExceptionHelper   : SQL Error: 1062, SQLState: 23000
2024-07-05T19:14:36.877+09:00  WARN 10616 --- [boardPrac] [ol-2-thread-691] o.h.engine.jdbc.spi.SqlExceptionHelper   : SQL Error: 1062, SQLState: 23000
2024-07-05T19:14:36.877+09:00  WARN 10616 --- [boardPrac] [ol-2-thread-690] o.h.engine.jdbc.spi.SqlExceptionHelper   : SQL Error: 1062, SQLState: 23000
2024-07-05T19:14:36.877+09:00 ERROR 10616 --- [boardPrac] [ol-2-thread-693] o.h.engine.jdbc.spi.SqlExceptionHelper   : (conn=84) Duplicate entry 'dup5' for key 'name'
2024-07-05T19:14:36.877+09:00 ERROR 10616 --- [boardPrac] [ol-2-thread-690] o.h.engine.jdbc.spi.SqlExceptionHelper   : (conn=87) Duplicate entry 'dup5' for key 'name'
2024-07-05T19:14:36.877+09:00 ERROR 10616 --- [boardPrac] [ol-2-thread-691] o.h.engine.jdbc.spi.SqlExceptionHelper   : (conn=89) Duplicate entry 'dup5' for key 'name'
2024-07-05T19:14:36.877+09:00  WARN 10616 --- [boardPrac] [ol-2-thread-692] o.h.engine.jdbc.spi.SqlExceptionHelper   : SQL Error: 1062, SQLState: 23000
2024-07-05T19:14:36.877+09:00  WARN 10616 --- [boardPrac] [ol-2-thread-694] o.h.engine.jdbc.spi.SqlExceptionHelper   : SQL Error: 1062, SQLState: 23000
2024-07-05T19:14:36.877+09:00 ERROR 10616 --- [boardPrac] [ol-2-thread-694] o.h.engine.jdbc.spi.SqlExceptionHelper   : (conn=91) Duplicate entry 'dup5' for key 'name'
2024-07-05T19:14:36.877+09:00 ERROR 10616 --- [boardPrac] [ol-2-thread-692] o.h.engine.jdbc.spi.SqlExceptionHelper   : (conn=92) Duplicate entry 'dup5' for key 'name'
2024-07-05T19:14:36.877+09:00  WARN 10616 --- [boardPrac] [ol-2-thread-695] o.m.jdbc.message.server.ErrorPacket      : Error: 1062-23000: Duplicate entry 'dup5' for key 'name'
2024-07-05T19:14:36.877+09:00  WARN 10616 --- [boardPrac] [ol-2-thread-695] o.h.engine.jdbc.spi.SqlExceptionHelper   : SQL Error: 1062, SQLState: 23000
2024-07-05T19:14:36.877+09:00 ERROR 10616 --- [boardPrac] [ol-2-thread-695] o.h.engine.jdbc.spi.SqlExceptionHelper   : (conn=86) Duplicate entry 'dup5' for key 'name'
could not execute statement [(conn=90) Duplicate entry 'dup5' for key 'name'] [insert into users (name) values (?) returning user_id]; SQL [insert into users (name) values (?) returning user_id]; constraint [name]
could not execute statement [(conn=93) Duplicate entry 'dup5' for key 'name'] [insert into users (name) values (?) returning user_id]; SQL [insert into users (name) values (?) returning user_id]; constraint [name]
could not execute statement [(conn=85) Duplicate entry 'dup5' for key 'name'] [insert into users (name) values (?) returning user_id]; SQL [insert into users (name) values (?) returning user_id]; constraint [name]
could not execute statement [(conn=88) Duplicate entry 'dup5' for key 'name'] [insert into users (name) values (?) returning user_id]; SQL [insert into users (name) values (?) returning user_id]; constraint [name]
could not execute statement [(conn=89) Duplicate entry 'dup5' for key 'name'] [insert into users (name) values (?) returning user_id]; SQL [insert into users (name) values (?) returning user_id]; constraint [name]
could not execute statement [(conn=92) Duplicate entry 'dup5' for key 'name'] [insert into users (name) values (?) returning user_id]; SQL [insert into users (name) values (?) returning user_id]; constraint [name]
could not execute statement [(conn=87) Duplicate entry 'dup5' for key 'name'] [insert into users (name) values (?) returning user_id]; SQL [insert into users (name) values (?) returning user_id]; constraint [name]
could not execute statement [(conn=84) Duplicate entry 'dup5' for key 'name'] [insert into users (name) values (?) returning user_id]; SQL [insert into users (name) values (?) returning user_id]; constraint [name]
Hibernate: insert into users (name) values (?) returning user_id
could not execute statement [(conn=91) Duplicate entry 'dup5' for key 'name'] [insert into users (name) values (?) returning user_id]; SQL [insert into users (name) values (?) returning user_id]; constraint [name]
Hibernate: insert into users (name) values (?) returning user_id
could not execute statement [(conn=86) Duplicate entry 'dup5' for key 'name'] [insert into users (name) values (?) returning user_id]; SQL [insert into users (name) values (?) returning user_id]; constraint [name]
Hibernate: insert into users (name) values (?) returning user_id
Hibernate: insert into users (name) values (?) returning user_id
2024-07-05T19:14:36.883+09:00  WARN 10616 --- [boardPrac] [ol-2-thread-697] o.m.jdbc.message.server.ErrorPacket      : Error: 1062-23000: Duplicate entry 'dup5' for key 'name'
Hibernate: insert into users (name) values (?) returning user_id
Hibernate: insert into users (name) values (?) returning user_id
Hibernate: insert into users (name) values (?) returning user_id
2024-07-05T19:14:36.884+09:00  WARN 10616 --- [boardPrac] [ol-2-thread-697] o.h.engine.jdbc.spi.SqlExceptionHelper   : SQL Error: 1062, SQLState: 23000
2024-07-05T19:14:36.884+09:00 ERROR 10616 --- [boardPrac] [ol-2-thread-697] o.h.engine.jdbc.spi.SqlExceptionHelper   : (conn=93) Duplicate entry 'dup5' for key 'name'
Hibernate: insert into users (name) values (?) returning user_id
Hibernate: insert into users (name) values (?) returning user_id
Hibernate: insert into users (name) values (?) returning user_id
2024-07-05T19:14:36.884+09:00  WARN 10616 --- [boardPrac] [ol-2-thread-699] o.m.jdbc.message.server.ErrorPacket      : Error: 1062-23000: Duplicate entry 'dup5' for key 'name'
2024-07-05T19:14:36.884+09:00  WARN 10616 --- [boardPrac] [ol-2-thread-696] o.m.jdbc.message.server.ErrorPacket      : Error: 1062-23000: Duplicate entry 'dup5' for key 'name'
2024-07-05T19:14:36.884+09:00  WARN 10616 --- [boardPrac] [ol-2-thread-698] o.m.jdbc.message.server.ErrorPacket      : Error: 1062-23000: Duplicate entry 'dup5' for key 'name'
2024-07-05T19:14:36.884+09:00  WARN 10616 --- [boardPrac] [ol-2-thread-699] o.h.engine.jdbc.spi.SqlExceptionHelper   : SQL Error: 1062, SQLState: 23000
2024-07-05T19:14:36.884+09:00 ERROR 10616 --- [boardPrac] [ol-2-thread-699] o.h.engine.jdbc.spi.SqlExceptionHelper   : (conn=88) Duplicate entry 'dup5' for key 'name'
2024-07-05T19:14:36.884+09:00  WARN 10616 --- [boardPrac] [ol-2-thread-698] o.h.engine.jdbc.spi.SqlExceptionHelper   : SQL Error: 1062, SQLState: 23000
2024-07-05T19:14:36.884+09:00 ERROR 10616 --- [boardPrac] [ol-2-thread-698] o.h.engine.jdbc.spi.SqlExceptionHelper   : (conn=85) Duplicate entry 'dup5' for key 'name'
2024-07-05T19:14:36.884+09:00  WARN 10616 --- [boardPrac] [ol-2-thread-696] o.h.engine.jdbc.spi.SqlExceptionHelper   : SQL Error: 1062, SQLState: 23000
2024-07-05T19:14:36.884+09:00 ERROR 10616 --- [boardPrac] [ol-2-thread-696] o.h.engine.jdbc.spi.SqlExceptionHelper   : (conn=90) Duplicate entry 'dup5' for key 'name'
2024-07-05T19:14:36.885+09:00  WARN 10616 --- [boardPrac] [ol-2-thread-700] o.m.jdbc.message.server.ErrorPacket      : Error: 1062-23000: Duplicate entry 'dup5' for key 'name'
2024-07-05T19:14:36.885+09:00  WARN 10616 --- [boardPrac] [ol-2-thread-705] o.m.jdbc.message.server.ErrorPacket      : Error: 1062-23000: Duplicate entry 'dup5' for key 'name'
2024-07-05T19:14:36.885+09:00  WARN 10616 --- [boardPrac] [ol-2-thread-700] o.h.engine.jdbc.spi.SqlExceptionHelper   : SQL Error: 1062, SQLState: 23000
2024-07-05T19:14:36.885+09:00 ERROR 10616 --- [boardPrac] [ol-2-thread-700] o.h.engine.jdbc.spi.SqlExceptionHelper   : (conn=89) Duplicate entry 'dup5' for key 'name'
2024-07-05T19:14:36.885+09:00  WARN 10616 --- [boardPrac] [ol-2-thread-705] o.h.engine.jdbc.spi.SqlExceptionHelper   : SQL Error: 1062, SQLState: 23000
2024-07-05T19:14:36.885+09:00 ERROR 10616 --- [boardPrac] [ol-2-thread-705] o.h.engine.jdbc.spi.SqlExceptionHelper   : (conn=86) Duplicate entry 'dup5' for key 'name'
2024-07-05T19:14:36.885+09:00  WARN 10616 --- [boardPrac] [ol-2-thread-701] o.m.jdbc.message.server.ErrorPacket      : Error: 1062-23000: Duplicate entry 'dup5' for key 'name'
2024-07-05T19:14:36.885+09:00  WARN 10616 --- [boardPrac] [ol-2-thread-703] o.m.jdbc.message.server.ErrorPacket      : Error: 1062-23000: Duplicate entry 'dup5' for key 'name'
2024-07-05T19:14:36.885+09:00  WARN 10616 --- [boardPrac] [ol-2-thread-702] o.m.jdbc.message.server.ErrorPacket      : Error: 1062-23000: Duplicate entry 'dup5' for key 'name'
2024-07-05T19:14:36.885+09:00  WARN 10616 --- [boardPrac] [ol-2-thread-704] o.m.jdbc.message.server.ErrorPacket      : Error: 1062-23000: Duplicate entry 'dup5' for key 'name'
2024-07-05T19:14:36.885+09:00  WARN 10616 --- [boardPrac] [ol-2-thread-701] o.h.engine.jdbc.spi.SqlExceptionHelper   : SQL Error: 1062, SQLState: 23000
2024-07-05T19:14:36.885+09:00  WARN 10616 --- [boardPrac] [ol-2-thread-704] o.h.engine.jdbc.spi.SqlExceptionHelper   : SQL Error: 1062, SQLState: 23000
2024-07-05T19:14:36.885+09:00  WARN 10616 --- [boardPrac] [ol-2-thread-703] o.h.engine.jdbc.spi.SqlExceptionHelper   : SQL Error: 1062, SQLState: 23000
2024-07-05T19:14:36.885+09:00  WARN 10616 --- [boardPrac] [ol-2-thread-702] o.h.engine.jdbc.spi.SqlExceptionHelper   : SQL Error: 1062, SQLState: 23000
2024-07-05T19:14:36.886+09:00 ERROR 10616 --- [boardPrac] [ol-2-thread-703] o.h.engine.jdbc.spi.SqlExceptionHelper   : (conn=92) Duplicate entry 'dup5' for key 'name'
2024-07-05T19:14:36.886+09:00 ERROR 10616 --- [boardPrac] [ol-2-thread-702] o.h.engine.jdbc.spi.SqlExceptionHelper   : (conn=91) Duplicate entry 'dup5' for key 'name'
2024-07-05T19:14:36.886+09:00 ERROR 10616 --- [boardPrac] [ol-2-thread-701] o.h.engine.jdbc.spi.SqlExceptionHelper   : (conn=87) Duplicate entry 'dup5' for key 'name'
2024-07-05T19:14:36.886+09:00 ERROR 10616 --- [boardPrac] [ol-2-thread-704] o.h.engine.jdbc.spi.SqlExceptionHelper   : (conn=84) Duplicate entry 'dup5' for key 'name'
could not execute statement [(conn=93) Duplicate entry 'dup5' for key 'name'] [insert into users (name) values (?) returning user_id]; SQL [insert into users (name) values (?) returning user_id]; constraint [name]
could not execute statement [(conn=90) Duplicate entry 'dup5' for key 'name'] [insert into users (name) values (?) returning user_id]; SQL [insert into users (name) values (?) returning user_id]; constraint [name]
could not execute statement [(conn=85) Duplicate entry 'dup5' for key 'name'] [insert into users (name) values (?) returning user_id]; SQL [insert into users (name) values (?) returning user_id]; constraint [name]
could not execute statement [(conn=88) Duplicate entry 'dup5' for key 'name'] [insert into users (name) values (?) returning user_id]; SQL [insert into users (name) values (?) returning user_id]; constraint [name]
Hibernate: insert into users (name) values (?) returning user_id
Hibernate: insert into users (name) values (?) returning user_id
Hibernate: insert into users (name) values (?) returning user_id
Hibernate: insert into users (name) values (?) returning user_id
could not execute statement [(conn=92) Duplicate entry 'dup5' for key 'name'] [insert into users (name) values (?) returning user_id]; SQL [insert into users (name) values (?) returning user_id]; constraint [name]
could not execute statement [(conn=84) Duplicate entry 'dup5' for key 'name'] [insert into users (name) values (?) returning user_id]; SQL [insert into users (name) values (?) returning user_id]; constraint [name]
could not execute statement [(conn=86) Duplicate entry 'dup5' for key 'name'] [insert into users (name) values (?) returning user_id]; SQL [insert into users (name) values (?) returning user_id]; constraint [name]
could not execute statement [(conn=87) Duplicate entry 'dup5' for key 'name'] [insert into users (name) values (?) returning user_id]; SQL [insert into users (name) values (?) returning user_id]; constraint [name]
could not execute statement [(conn=89) Duplicate entry 'dup5' for key 'name'] [insert into users (name) values (?) returning user_id]; SQL [insert into users (name) values (?) returning user_id]; constraint [name]
could not execute statement [(conn=91) Duplicate entry 'dup5' for key 'name'] [insert into users (name) values (?) returning user_id]; SQL [insert into users (name) values (?) returning user_id]; constraint [name]
2024-07-05T19:14:36.890+09:00  WARN 10616 --- [boardPrac] [ol-2-thread-708] o.m.jdbc.message.server.ErrorPacket      : Error: 1062-23000: Duplicate entry 'dup5' for key 'name'
2024-07-05T19:14:36.891+09:00  WARN 10616 --- [boardPrac] [ol-2-thread-708] o.h.engine.jdbc.spi.SqlExceptionHelper   : SQL Error: 1062, SQLState: 23000
2024-07-05T19:14:36.891+09:00 ERROR 10616 --- [boardPrac] [ol-2-thread-708] o.h.engine.jdbc.spi.SqlExceptionHelper   : (conn=85) Duplicate entry 'dup5' for key 'name'
2024-07-05T19:14:36.891+09:00  WARN 10616 --- [boardPrac] [ol-2-thread-709] o.m.jdbc.message.server.ErrorPacket      : Error: 1062-23000: Duplicate entry 'dup5' for key 'name'
2024-07-05T19:14:36.891+09:00  WARN 10616 --- [boardPrac] [ol-2-thread-707] o.m.jdbc.message.server.ErrorPacket      : Error: 1062-23000: Duplicate entry 'dup5' for key 'name'
2024-07-05T19:14:36.891+09:00  WARN 10616 --- [boardPrac] [ol-2-thread-709] o.h.engine.jdbc.spi.SqlExceptionHelper   : SQL Error: 1062, SQLState: 23000
2024-07-05T19:14:36.891+09:00  WARN 10616 --- [boardPrac] [ol-2-thread-707] o.h.engine.jdbc.spi.SqlExceptionHelper   : SQL Error: 1062, SQLState: 23000
2024-07-05T19:14:36.891+09:00 ERROR 10616 --- [boardPrac] [ol-2-thread-709] o.h.engine.jdbc.spi.SqlExceptionHelper   : (conn=90) Duplicate entry 'dup5' for key 'name'
2024-07-05T19:14:36.891+09:00 ERROR 10616 --- [boardPrac] [ol-2-thread-707] o.h.engine.jdbc.spi.SqlExceptionHelper   : (conn=93) Duplicate entry 'dup5' for key 'name'
2024-07-05T19:14:36.891+09:00  WARN 10616 --- [boardPrac] [ol-2-thread-706] o.m.jdbc.message.server.ErrorPacket      : Error: 1062-23000: Duplicate entry 'dup5' for key 'name'
2024-07-05T19:14:36.891+09:00  WARN 10616 --- [boardPrac] [ol-2-thread-706] o.h.engine.jdbc.spi.SqlExceptionHelper   : SQL Error: 1062, SQLState: 23000
2024-07-05T19:14:36.891+09:00 ERROR 10616 --- [boardPrac] [ol-2-thread-706] o.h.engine.jdbc.spi.SqlExceptionHelper   : (conn=88) Duplicate entry 'dup5' for key 'name'
Hibernate: insert into users (name) values (?) returning user_id
Hibernate: insert into users (name) values (?) returning user_id
Hibernate: insert into users (name) values (?) returning user_id
Hibernate: insert into users (name) values (?) returning user_id
Hibernate: insert into users (name) values (?) returning user_id
Hibernate: insert into users (name) values (?) returning user_id
2024-07-05T19:14:36.893+09:00  WARN 10616 --- [boardPrac] [ol-2-thread-713] o.m.jdbc.message.server.ErrorPacket      : Error: 1062-23000: Duplicate entry 'dup5' for key 'name'
2024-07-05T19:14:36.893+09:00  WARN 10616 --- [boardPrac] [ol-2-thread-714] o.m.jdbc.message.server.ErrorPacket      : Error: 1062-23000: Duplicate entry 'dup5' for key 'name'
2024-07-05T19:14:36.893+09:00  WARN 10616 --- [boardPrac] [ol-2-thread-715] o.m.jdbc.message.server.ErrorPacket      : Error: 1062-23000: Duplicate entry 'dup5' for key 'name'
2024-07-05T19:14:36.893+09:00  WARN 10616 --- [boardPrac] [ol-2-thread-713] o.h.engine.jdbc.spi.SqlExceptionHelper   : SQL Error: 1062, SQLState: 23000
2024-07-05T19:14:36.893+09:00  WARN 10616 --- [boardPrac] [ol-2-thread-710] o.m.jdbc.message.server.ErrorPacket      : Error: 1062-23000: Duplicate entry 'dup5' for key 'name'
2024-07-05T19:14:36.893+09:00 ERROR 10616 --- [boardPrac] [ol-2-thread-713] o.h.engine.jdbc.spi.SqlExceptionHelper   : (conn=84) Duplicate entry 'dup5' for key 'name'
2024-07-05T19:14:36.893+09:00  WARN 10616 --- [boardPrac] [ol-2-thread-714] o.h.engine.jdbc.spi.SqlExceptionHelper   : SQL Error: 1062, SQLState: 23000
2024-07-05T19:14:36.893+09:00  WARN 10616 --- [boardPrac] [ol-2-thread-712] o.m.jdbc.message.server.ErrorPacket      : Error: 1062-23000: Duplicate entry 'dup5' for key 'name'
2024-07-05T19:14:36.893+09:00  WARN 10616 --- [boardPrac] [ol-2-thread-711] o.m.jdbc.message.server.ErrorPacket      : Error: 1062-23000: Duplicate entry 'dup5' for key 'name'
2024-07-05T19:14:36.893+09:00 ERROR 10616 --- [boardPrac] [ol-2-thread-714] o.h.engine.jdbc.spi.SqlExceptionHelper   : (conn=89) Duplicate entry 'dup5' for key 'name'
2024-07-05T19:14:36.893+09:00  WARN 10616 --- [boardPrac] [ol-2-thread-710] o.h.engine.jdbc.spi.SqlExceptionHelper   : SQL Error: 1062, SQLState: 23000
2024-07-05T19:14:36.893+09:00  WARN 10616 --- [boardPrac] [ol-2-thread-715] o.h.engine.jdbc.spi.SqlExceptionHelper   : SQL Error: 1062, SQLState: 23000
2024-07-05T19:14:36.893+09:00 ERROR 10616 --- [boardPrac] [ol-2-thread-710] o.h.engine.jdbc.spi.SqlExceptionHelper   : (conn=86) Duplicate entry 'dup5' for key 'name'
2024-07-05T19:14:36.893+09:00  WARN 10616 --- [boardPrac] [ol-2-thread-711] o.h.engine.jdbc.spi.SqlExceptionHelper   : SQL Error: 1062, SQLState: 23000
2024-07-05T19:14:36.893+09:00  WARN 10616 --- [boardPrac] [ol-2-thread-712] o.h.engine.jdbc.spi.SqlExceptionHelper   : SQL Error: 1062, SQLState: 23000
2024-07-05T19:14:36.893+09:00 ERROR 10616 --- [boardPrac] [ol-2-thread-711] o.h.engine.jdbc.spi.SqlExceptionHelper   : (conn=87) Duplicate entry 'dup5' for key 'name'
2024-07-05T19:14:36.893+09:00 ERROR 10616 --- [boardPrac] [ol-2-thread-712] o.h.engine.jdbc.spi.SqlExceptionHelper   : (conn=92) Duplicate entry 'dup5' for key 'name'
2024-07-05T19:14:36.893+09:00 ERROR 10616 --- [boardPrac] [ol-2-thread-715] o.h.engine.jdbc.spi.SqlExceptionHelper   : (conn=91) Duplicate entry 'dup5' for key 'name'
could not execute statement [(conn=88) Duplicate entry 'dup5' for key 'name'] [insert into users (name) values (?) returning user_id]; SQL [insert into users (name) values (?) returning user_id]; constraint [name]
could not execute statement [(conn=90) Duplicate entry 'dup5' for key 'name'] [insert into users (name) values (?) returning user_id]; SQL [insert into users (name) values (?) returning user_id]; constraint [name]
could not execute statement [(conn=85) Duplicate entry 'dup5' for key 'name'] [insert into users (name) values (?) returning user_id]; SQL [insert into users (name) values (?) returning user_id]; constraint [name]
could not execute statement [(conn=93) Duplicate entry 'dup5' for key 'name'] [insert into users (name) values (?) returning user_id]; SQL [insert into users (name) values (?) returning user_id]; constraint [name]
could not execute statement [(conn=84) Duplicate entry 'dup5' for key 'name'] [insert into users (name) values (?) returning user_id]; SQL [insert into users (name) values (?) returning user_id]; constraint [name]
could not execute statement [(conn=87) Duplicate entry 'dup5' for key 'name'] [insert into users (name) values (?) returning user_id]; SQL [insert into users (name) values (?) returning user_id]; constraint [name]
could not execute statement [(conn=89) Duplicate entry 'dup5' for key 'name'] [insert into users (name) values (?) returning user_id]; SQL [insert into users (name) values (?) returning user_id]; constraint [name]
Hibernate: insert into users (name) values (?) returning user_id
could not execute statement [(conn=91) Duplicate entry 'dup5' for key 'name'] [insert into users (name) values (?) returning user_id]; SQL [insert into users (name) values (?) returning user_id]; constraint [name]
Hibernate: insert into users (name) values (?) returning user_id
could not execute statement [(conn=92) Duplicate entry 'dup5' for key 'name'] [insert into users (name) values (?) returning user_id]; SQL [insert into users (name) values (?) returning user_id]; constraint [name]
Hibernate: insert into users (name) values (?) returning user_id
could not execute statement [(conn=86) Duplicate entry 'dup5' for key 'name'] [insert into users (name) values (?) returning user_id]; SQL [insert into users (name) values (?) returning user_id]; constraint [name]
Hibernate: insert into users (name) values (?) returning user_id
2024-07-05T19:14:36.899+09:00  WARN 10616 --- [boardPrac] [ol-2-thread-716] o.m.jdbc.message.server.ErrorPacket      : Error: 1062-23000: Duplicate entry 'dup5' for key 'name'
Hibernate: insert into users (name) values (?) returning user_id
2024-07-05T19:14:36.899+09:00  WARN 10616 --- [boardPrac] [ol-2-thread-716] o.h.engine.jdbc.spi.SqlExceptionHelper   : SQL Error: 1062, SQLState: 23000
2024-07-05T19:14:36.899+09:00 ERROR 10616 --- [boardPrac] [ol-2-thread-716] o.h.engine.jdbc.spi.SqlExceptionHelper   : (conn=88) Duplicate entry 'dup5' for key 'name'
Hibernate: insert into users (name) values (?) returning user_id
2024-07-05T19:14:36.899+09:00  WARN 10616 --- [boardPrac] [ol-2-thread-719] o.m.jdbc.message.server.ErrorPacket      : Error: 1062-23000: Duplicate entry 'dup5' for key 'name'
2024-07-05T19:14:36.899+09:00  WARN 10616 --- [boardPrac] [ol-2-thread-718] o.m.jdbc.message.server.ErrorPacket      : Error: 1062-23000: Duplicate entry 'dup5' for key 'name'
2024-07-05T19:14:36.899+09:00  WARN 10616 --- [boardPrac] [ol-2-thread-719] o.h.engine.jdbc.spi.SqlExceptionHelper   : SQL Error: 1062, SQLState: 23000
Hibernate: insert into users (name) values (?) returning user_id
Hibernate: insert into users (name) values (?) returning user_id
2024-07-05T19:14:36.899+09:00 ERROR 10616 --- [boardPrac] [ol-2-thread-719] o.h.engine.jdbc.spi.SqlExceptionHelper   : (conn=90) Duplicate entry 'dup5' for key 'name'
2024-07-05T19:14:36.899+09:00  WARN 10616 --- [boardPrac] [ol-2-thread-718] o.h.engine.jdbc.spi.SqlExceptionHelper   : SQL Error: 1062, SQLState: 23000
2024-07-05T19:14:36.899+09:00 ERROR 10616 --- [boardPrac] [ol-2-thread-718] o.h.engine.jdbc.spi.SqlExceptionHelper   : (conn=93) Duplicate entry 'dup5' for key 'name'
Hibernate: insert into users (name) values (?) returning user_id
Hibernate: insert into users (name) values (?) returning user_id
2024-07-05T19:14:36.900+09:00  WARN 10616 --- [boardPrac] [ol-2-thread-717] o.m.jdbc.message.server.ErrorPacket      : Error: 1062-23000: Duplicate entry 'dup5' for key 'name'
2024-07-05T19:14:36.900+09:00  WARN 10616 --- [boardPrac] [ol-2-thread-717] o.h.engine.jdbc.spi.SqlExceptionHelper   : SQL Error: 1062, SQLState: 23000
2024-07-05T19:14:36.900+09:00 ERROR 10616 --- [boardPrac] [ol-2-thread-717] o.h.engine.jdbc.spi.SqlExceptionHelper   : (conn=85) Duplicate entry 'dup5' for key 'name'
2024-07-05T19:14:36.900+09:00  WARN 10616 --- [boardPrac] [ol-2-thread-722] o.m.jdbc.message.server.ErrorPacket      : Error: 1062-23000: Duplicate entry 'dup5' for key 'name'
2024-07-05T19:14:36.900+09:00  WARN 10616 --- [boardPrac] [ol-2-thread-725] o.m.jdbc.message.server.ErrorPacket      : Error: 1062-23000: Duplicate entry 'dup5' for key 'name'
2024-07-05T19:14:36.901+09:00  WARN 10616 --- [boardPrac] [ol-2-thread-722] o.h.engine.jdbc.spi.SqlExceptionHelper   : SQL Error: 1062, SQLState: 23000
2024-07-05T19:14:36.901+09:00  WARN 10616 --- [boardPrac] [ol-2-thread-725] o.h.engine.jdbc.spi.SqlExceptionHelper   : SQL Error: 1062, SQLState: 23000
2024-07-05T19:14:36.901+09:00 ERROR 10616 --- [boardPrac] [ol-2-thread-722] o.h.engine.jdbc.spi.SqlExceptionHelper   : (conn=92) Duplicate entry 'dup5' for key 'name'
2024-07-05T19:14:36.901+09:00 ERROR 10616 --- [boardPrac] [ol-2-thread-725] o.h.engine.jdbc.spi.SqlExceptionHelper   : (conn=86) Duplicate entry 'dup5' for key 'name'
2024-07-05T19:14:36.901+09:00  WARN 10616 --- [boardPrac] [ol-2-thread-720] o.m.jdbc.message.server.ErrorPacket      : Error: 1062-23000: Duplicate entry 'dup5' for key 'name'
2024-07-05T19:14:36.901+09:00  WARN 10616 --- [boardPrac] [ol-2-thread-724] o.m.jdbc.message.server.ErrorPacket      : Error: 1062-23000: Duplicate entry 'dup5' for key 'name'
2024-07-05T19:14:36.901+09:00  WARN 10616 --- [boardPrac] [ol-2-thread-723] o.m.jdbc.message.server.ErrorPacket      : Error: 1062-23000: Duplicate entry 'dup5' for key 'name'
2024-07-05T19:14:36.901+09:00  WARN 10616 --- [boardPrac] [ol-2-thread-720] o.h.engine.jdbc.spi.SqlExceptionHelper   : SQL Error: 1062, SQLState: 23000
2024-07-05T19:14:36.901+09:00 ERROR 10616 --- [boardPrac] [ol-2-thread-720] o.h.engine.jdbc.spi.SqlExceptionHelper   : (conn=84) Duplicate entry 'dup5' for key 'name'
could not execute statement [(conn=88) Duplicate entry 'dup5' for key 'name'] [insert into users (name) values (?) returning user_id]; SQL [insert into users (name) values (?) returning user_id]; constraint [name]
2024-07-05T19:14:36.901+09:00  WARN 10616 --- [boardPrac] [ol-2-thread-723] o.h.engine.jdbc.spi.SqlExceptionHelper   : SQL Error: 1062, SQLState: 23000
2024-07-05T19:14:36.901+09:00  WARN 10616 --- [boardPrac] [ol-2-thread-721] o.m.jdbc.message.server.ErrorPacket      : Error: 1062-23000: Duplicate entry 'dup5' for key 'name'
2024-07-05T19:14:36.901+09:00  WARN 10616 --- [boardPrac] [ol-2-thread-724] o.h.engine.jdbc.spi.SqlExceptionHelper   : SQL Error: 1062, SQLState: 23000
2024-07-05T19:14:36.901+09:00 ERROR 10616 --- [boardPrac] [ol-2-thread-723] o.h.engine.jdbc.spi.SqlExceptionHelper   : (conn=89) Duplicate entry 'dup5' for key 'name'
2024-07-05T19:14:36.901+09:00 ERROR 10616 --- [boardPrac] [ol-2-thread-724] o.h.engine.jdbc.spi.SqlExceptionHelper   : (conn=87) Duplicate entry 'dup5' for key 'name'
2024-07-05T19:14:36.901+09:00  WARN 10616 --- [boardPrac] [ol-2-thread-721] o.h.engine.jdbc.spi.SqlExceptionHelper   : SQL Error: 1062, SQLState: 23000
2024-07-05T19:14:36.901+09:00 ERROR 10616 --- [boardPrac] [ol-2-thread-721] o.h.engine.jdbc.spi.SqlExceptionHelper   : (conn=91) Duplicate entry 'dup5' for key 'name'
could not execute statement [(conn=90) Duplicate entry 'dup5' for key 'name'] [insert into users (name) values (?) returning user_id]; SQL [insert into users (name) values (?) returning user_id]; constraint [name]
could not execute statement [(conn=93) Duplicate entry 'dup5' for key 'name'] [insert into users (name) values (?) returning user_id]; SQL [insert into users (name) values (?) returning user_id]; constraint [name]
Hibernate: insert into users (name) values (?) returning user_id
could not execute statement [(conn=85) Duplicate entry 'dup5' for key 'name'] [insert into users (name) values (?) returning user_id]; SQL [insert into users (name) values (?) returning user_id]; constraint [name]
could not execute statement [(conn=86) Duplicate entry 'dup5' for key 'name'] [insert into users (name) values (?) returning user_id]; SQL [insert into users (name) values (?) returning user_id]; constraint [name]
could not execute statement [(conn=92) Duplicate entry 'dup5' for key 'name'] [insert into users (name) values (?) returning user_id]; SQL [insert into users (name) values (?) returning user_id]; constraint [name]
Hibernate: insert into users (name) values (?) returning user_id
could not execute statement [(conn=87) Duplicate entry 'dup5' for key 'name'] [insert into users (name) values (?) returning user_id]; SQL [insert into users (name) values (?) returning user_id]; constraint [name]
Hibernate: insert into users (name) values (?) returning user_id
could not execute statement [(conn=91) Duplicate entry 'dup5' for key 'name'] [insert into users (name) values (?) returning user_id]; SQL [insert into users (name) values (?) returning user_id]; constraint [name]
could not execute statement [(conn=84) Duplicate entry 'dup5' for key 'name'] [insert into users (name) values (?) returning user_id]; SQL [insert into users (name) values (?) returning user_id]; constraint [name]
could not execute statement [(conn=89) Duplicate entry 'dup5' for key 'name'] [insert into users (name) values (?) returning user_id]; SQL [insert into users (name) values (?) returning user_id]; constraint [name]
2024-07-05T19:14:36.904+09:00  WARN 10616 --- [boardPrac] [ol-2-thread-726] o.m.jdbc.message.server.ErrorPacket      : Error: 1062-23000: Duplicate entry 'dup5' for key 'name'
2024-07-05T19:14:36.904+09:00  WARN 10616 --- [boardPrac] [ol-2-thread-726] o.h.engine.jdbc.spi.SqlExceptionHelper   : SQL Error: 1062, SQLState: 23000
2024-07-05T19:14:36.904+09:00 ERROR 10616 --- [boardPrac] [ol-2-thread-726] o.h.engine.jdbc.spi.SqlExceptionHelper   : (conn=88) Duplicate entry 'dup5' for key 'name'
Hibernate: insert into users (name) values (?) returning user_id
2024-07-05T19:14:36.905+09:00  WARN 10616 --- [boardPrac] [ol-2-thread-728] o.m.jdbc.message.server.ErrorPacket      : Error: 1062-23000: Duplicate entry 'dup5' for key 'name'
Hibernate: insert into users (name) values (?) returning user_id
2024-07-05T19:14:36.905+09:00  WARN 10616 --- [boardPrac] [ol-2-thread-728] o.h.engine.jdbc.spi.SqlExceptionHelper   : SQL Error: 1062, SQLState: 23000
2024-07-05T19:14:36.905+09:00 ERROR 10616 --- [boardPrac] [ol-2-thread-728] o.h.engine.jdbc.spi.SqlExceptionHelper   : (conn=93) Duplicate entry 'dup5' for key 'name'
Hibernate: insert into users (name) values (?) returning user_id
Hibernate: insert into users (name) values (?) returning user_id
2024-07-05T19:14:36.905+09:00  WARN 10616 --- [boardPrac] [ol-2-thread-727] o.m.jdbc.message.server.ErrorPacket      : Error: 1062-23000: Duplicate entry 'dup5' for key 'name'
Hibernate: insert into users (name) values (?) returning user_id
2024-07-05T19:14:36.906+09:00  WARN 10616 --- [boardPrac] [ol-2-thread-727] o.h.engine.jdbc.spi.SqlExceptionHelper   : SQL Error: 1062, SQLState: 23000
2024-07-05T19:14:36.906+09:00 ERROR 10616 --- [boardPrac] [ol-2-thread-727] o.h.engine.jdbc.spi.SqlExceptionHelper   : (conn=90) Duplicate entry 'dup5' for key 'name'
Hibernate: insert into users (name) values (?) returning user_id
Hibernate: insert into users (name) values (?) returning user_id
2024-07-05T19:14:36.907+09:00  WARN 10616 --- [boardPrac] [ol-2-thread-729] o.m.jdbc.message.server.ErrorPacket      : Error: 1062-23000: Duplicate entry 'dup5' for key 'name'
2024-07-05T19:14:36.907+09:00  WARN 10616 --- [boardPrac] [ol-2-thread-731] o.m.jdbc.message.server.ErrorPacket      : Error: 1062-23000: Duplicate entry 'dup5' for key 'name'
2024-07-05T19:14:36.907+09:00  WARN 10616 --- [boardPrac] [ol-2-thread-732] o.m.jdbc.message.server.ErrorPacket      : Error: 1062-23000: Duplicate entry 'dup5' for key 'name'
2024-07-05T19:14:36.907+09:00  WARN 10616 --- [boardPrac] [ol-2-thread-729] o.h.engine.jdbc.spi.SqlExceptionHelper   : SQL Error: 1062, SQLState: 23000
2024-07-05T19:14:36.907+09:00 ERROR 10616 --- [boardPrac] [ol-2-thread-729] o.h.engine.jdbc.spi.SqlExceptionHelper   : (conn=85) Duplicate entry 'dup5' for key 'name'
2024-07-05T19:14:36.907+09:00  WARN 10616 --- [boardPrac] [ol-2-thread-731] o.h.engine.jdbc.spi.SqlExceptionHelper   : SQL Error: 1062, SQLState: 23000
2024-07-05T19:14:36.907+09:00 ERROR 10616 --- [boardPrac] [ol-2-thread-731] o.h.engine.jdbc.spi.SqlExceptionHelper   : (conn=92) Duplicate entry 'dup5' for key 'name'
2024-07-05T19:14:36.907+09:00  WARN 10616 --- [boardPrac] [ol-2-thread-732] o.h.engine.jdbc.spi.SqlExceptionHelper   : SQL Error: 1062, SQLState: 23000
2024-07-05T19:14:36.907+09:00 ERROR 10616 --- [boardPrac] [ol-2-thread-732] o.h.engine.jdbc.spi.SqlExceptionHelper   : (conn=87) Duplicate entry 'dup5' for key 'name'
2024-07-05T19:14:36.907+09:00  WARN 10616 --- [boardPrac] [ol-2-thread-733] o.m.jdbc.message.server.ErrorPacket      : Error: 1062-23000: Duplicate entry 'dup5' for key 'name'
2024-07-05T19:14:36.907+09:00  WARN 10616 --- [boardPrac] [ol-2-thread-730] o.m.jdbc.message.server.ErrorPacket      : Error: 1062-23000: Duplicate entry 'dup5' for key 'name'
2024-07-05T19:14:36.907+09:00  WARN 10616 --- [boardPrac] [ol-2-thread-733] o.h.engine.jdbc.spi.SqlExceptionHelper   : SQL Error: 1062, SQLState: 23000
2024-07-05T19:14:36.907+09:00 ERROR 10616 --- [boardPrac] [ol-2-thread-733] o.h.engine.jdbc.spi.SqlExceptionHelper   : (conn=91) Duplicate entry 'dup5' for key 'name'
2024-07-05T19:14:36.907+09:00  WARN 10616 --- [boardPrac] [ol-2-thread-735] o.m.jdbc.message.server.ErrorPacket      : Error: 1062-23000: Duplicate entry 'dup5' for key 'name'
2024-07-05T19:14:36.907+09:00  WARN 10616 --- [boardPrac] [ol-2-thread-730] o.h.engine.jdbc.spi.SqlExceptionHelper   : SQL Error: 1062, SQLState: 23000
could not execute statement [(conn=88) Duplicate entry 'dup5' for key 'name'] [insert into users (name) values (?) returning user_id]; SQL [insert into users (name) values (?) returning user_id]; constraint [name]
2024-07-05T19:14:36.907+09:00  WARN 10616 --- [boardPrac] [ol-2-thread-735] o.h.engine.jdbc.spi.SqlExceptionHelper   : SQL Error: 1062, SQLState: 23000
could not execute statement [(conn=93) Duplicate entry 'dup5' for key 'name'] [insert into users (name) values (?) returning user_id]; SQL [insert into users (name) values (?) returning user_id]; constraint [name]
2024-07-05T19:14:36.907+09:00 ERROR 10616 --- [boardPrac] [ol-2-thread-730] o.h.engine.jdbc.spi.SqlExceptionHelper   : (conn=86) Duplicate entry 'dup5' for key 'name'
2024-07-05T19:14:36.908+09:00 ERROR 10616 --- [boardPrac] [ol-2-thread-735] o.h.engine.jdbc.spi.SqlExceptionHelper   : (conn=84) Duplicate entry 'dup5' for key 'name'
2024-07-05T19:14:36.908+09:00  WARN 10616 --- [boardPrac] [ol-2-thread-734] o.m.jdbc.message.server.ErrorPacket      : Error: 1062-23000: Duplicate entry 'dup5' for key 'name'
2024-07-05T19:14:36.908+09:00  WARN 10616 --- [boardPrac] [ol-2-thread-734] o.h.engine.jdbc.spi.SqlExceptionHelper   : SQL Error: 1062, SQLState: 23000
could not execute statement [(conn=90) Duplicate entry 'dup5' for key 'name'] [insert into users (name) values (?) returning user_id]; SQL [insert into users (name) values (?) returning user_id]; constraint [name]
2024-07-05T19:14:36.908+09:00 ERROR 10616 --- [boardPrac] [ol-2-thread-734] o.h.engine.jdbc.spi.SqlExceptionHelper   : (conn=89) Duplicate entry 'dup5' for key 'name'
could not execute statement [(conn=87) Duplicate entry 'dup5' for key 'name'] [insert into users (name) values (?) returning user_id]; SQL [insert into users (name) values (?) returning user_id]; constraint [name]
could not execute statement [(conn=85) Duplicate entry 'dup5' for key 'name'] [insert into users (name) values (?) returning user_id]; SQL [insert into users (name) values (?) returning user_id]; constraint [name]
Hibernate: insert into users (name) values (?) returning user_id
Hibernate: insert into users (name) values (?) returning user_id
Hibernate: insert into users (name) values (?) returning user_id
could not execute statement [(conn=89) Duplicate entry 'dup5' for key 'name'] [insert into users (name) values (?) returning user_id]; SQL [insert into users (name) values (?) returning user_id]; constraint [name]
could not execute statement [(conn=91) Duplicate entry 'dup5' for key 'name'] [insert into users (name) values (?) returning user_id]; SQL [insert into users (name) values (?) returning user_id]; constraint [name]
could not execute statement [(conn=92) Duplicate entry 'dup5' for key 'name'] [insert into users (name) values (?) returning user_id]; SQL [insert into users (name) values (?) returning user_id]; constraint [name]
could not execute statement [(conn=86) Duplicate entry 'dup5' for key 'name'] [insert into users (name) values (?) returning user_id]; SQL [insert into users (name) values (?) returning user_id]; constraint [name]
could not execute statement [(conn=84) Duplicate entry 'dup5' for key 'name'] [insert into users (name) values (?) returning user_id]; SQL [insert into users (name) values (?) returning user_id]; constraint [name]
Hibernate: insert into users (name) values (?) returning user_id
Hibernate: insert into users (name) values (?) returning user_id
2024-07-05T19:14:36.912+09:00  WARN 10616 --- [boardPrac] [ol-2-thread-738] o.m.jdbc.message.server.ErrorPacket      : Error: 1062-23000: Duplicate entry 'dup5' for key 'name'
2024-07-05T19:14:36.912+09:00  WARN 10616 --- [boardPrac] [ol-2-thread-737] o.m.jdbc.message.server.ErrorPacket      : Error: 1062-23000: Duplicate entry 'dup5' for key 'name'
2024-07-05T19:14:36.912+09:00  WARN 10616 --- [boardPrac] [ol-2-thread-737] o.h.engine.jdbc.spi.SqlExceptionHelper   : SQL Error: 1062, SQLState: 23000
2024-07-05T19:14:36.912+09:00  WARN 10616 --- [boardPrac] [ol-2-thread-738] o.h.engine.jdbc.spi.SqlExceptionHelper   : SQL Error: 1062, SQLState: 23000
2024-07-05T19:14:36.912+09:00 ERROR 10616 --- [boardPrac] [ol-2-thread-737] o.h.engine.jdbc.spi.SqlExceptionHelper   : (conn=93) Duplicate entry 'dup5' for key 'name'
2024-07-05T19:14:36.912+09:00 ERROR 10616 --- [boardPrac] [ol-2-thread-738] o.h.engine.jdbc.spi.SqlExceptionHelper   : (conn=90) Duplicate entry 'dup5' for key 'name'
2024-07-05T19:14:36.912+09:00  WARN 10616 --- [boardPrac] [ol-2-thread-736] o.m.jdbc.message.server.ErrorPacket      : Error: 1062-23000: Duplicate entry 'dup5' for key 'name'
2024-07-05T19:14:36.912+09:00  WARN 10616 --- [boardPrac] [ol-2-thread-736] o.h.engine.jdbc.spi.SqlExceptionHelper   : SQL Error: 1062, SQLState: 23000
2024-07-05T19:14:36.912+09:00 ERROR 10616 --- [boardPrac] [ol-2-thread-736] o.h.engine.jdbc.spi.SqlExceptionHelper   : (conn=88) Duplicate entry 'dup5' for key 'name'
Hibernate: insert into users (name) values (?) returning user_id
Hibernate: insert into users (name) values (?) returning user_id
Hibernate: insert into users (name) values (?) returning user_id
Hibernate: insert into users (name) values (?) returning user_id
Hibernate: insert into users (name) values (?) returning user_id
2024-07-05T19:14:36.913+09:00  WARN 10616 --- [boardPrac] [ol-2-thread-740] o.m.jdbc.message.server.ErrorPacket      : Error: 1062-23000: Duplicate entry 'dup5' for key 'name'
2024-07-05T19:14:36.913+09:00  WARN 10616 --- [boardPrac] [ol-2-thread-740] o.h.engine.jdbc.spi.SqlExceptionHelper   : SQL Error: 1062, SQLState: 23000
2024-07-05T19:14:36.913+09:00 ERROR 10616 --- [boardPrac] [ol-2-thread-740] o.h.engine.jdbc.spi.SqlExceptionHelper   : (conn=85) Duplicate entry 'dup5' for key 'name'
2024-07-05T19:14:36.913+09:00  WARN 10616 --- [boardPrac] [ol-2-thread-739] o.m.jdbc.message.server.ErrorPacket      : Error: 1062-23000: Duplicate entry 'dup5' for key 'name'
2024-07-05T19:14:36.913+09:00  WARN 10616 --- [boardPrac] [ol-2-thread-739] o.h.engine.jdbc.spi.SqlExceptionHelper   : SQL Error: 1062, SQLState: 23000
2024-07-05T19:14:36.913+09:00 ERROR 10616 --- [boardPrac] [ol-2-thread-739] o.h.engine.jdbc.spi.SqlExceptionHelper   : (conn=87) Duplicate entry 'dup5' for key 'name'
2024-07-05T19:14:36.914+09:00  WARN 10616 --- [boardPrac] [ol-2-thread-742] o.m.jdbc.message.server.ErrorPacket      : Error: 1062-23000: Duplicate entry 'dup5' for key 'name'
2024-07-05T19:14:36.914+09:00  WARN 10616 --- [boardPrac] [ol-2-thread-742] o.h.engine.jdbc.spi.SqlExceptionHelper   : SQL Error: 1062, SQLState: 23000
2024-07-05T19:14:36.914+09:00 ERROR 10616 --- [boardPrac] [ol-2-thread-742] o.h.engine.jdbc.spi.SqlExceptionHelper   : (conn=91) Duplicate entry 'dup5' for key 'name'
2024-07-05T19:14:36.914+09:00  WARN 10616 --- [boardPrac] [ol-2-thread-744] o.m.jdbc.message.server.ErrorPacket      : Error: 1062-23000: Duplicate entry 'dup5' for key 'name'
2024-07-05T19:14:36.914+09:00  WARN 10616 --- [boardPrac] [ol-2-thread-745] o.m.jdbc.message.server.ErrorPacket      : Error: 1062-23000: Duplicate entry 'dup5' for key 'name'
2024-07-05T19:14:36.914+09:00  WARN 10616 --- [boardPrac] [ol-2-thread-744] o.h.engine.jdbc.spi.SqlExceptionHelper   : SQL Error: 1062, SQLState: 23000
2024-07-05T19:14:36.914+09:00  WARN 10616 --- [boardPrac] [ol-2-thread-743] o.m.jdbc.message.server.ErrorPacket      : Error: 1062-23000: Duplicate entry 'dup5' for key 'name'
2024-07-05T19:14:36.914+09:00  WARN 10616 --- [boardPrac] [ol-2-thread-745] o.h.engine.jdbc.spi.SqlExceptionHelper   : SQL Error: 1062, SQLState: 23000
2024-07-05T19:14:36.914+09:00 ERROR 10616 --- [boardPrac] [ol-2-thread-745] o.h.engine.jdbc.spi.SqlExceptionHelper   : (conn=84) Duplicate entry 'dup5' for key 'name'
2024-07-05T19:14:36.914+09:00  WARN 10616 --- [boardPrac] [ol-2-thread-741] o.m.jdbc.message.server.ErrorPacket      : Error: 1062-23000: Duplicate entry 'dup5' for key 'name'
2024-07-05T19:14:36.914+09:00 ERROR 10616 --- [boardPrac] [ol-2-thread-744] o.h.engine.jdbc.spi.SqlExceptionHelper   : (conn=86) Duplicate entry 'dup5' for key 'name'
2024-07-05T19:14:36.914+09:00  WARN 10616 --- [boardPrac] [ol-2-thread-743] o.h.engine.jdbc.spi.SqlExceptionHelper   : SQL Error: 1062, SQLState: 23000
2024-07-05T19:14:36.914+09:00 ERROR 10616 --- [boardPrac] [ol-2-thread-743] o.h.engine.jdbc.spi.SqlExceptionHelper   : (conn=92) Duplicate entry 'dup5' for key 'name'
2024-07-05T19:14:36.914+09:00  WARN 10616 --- [boardPrac] [ol-2-thread-741] o.h.engine.jdbc.spi.SqlExceptionHelper   : SQL Error: 1062, SQLState: 23000
2024-07-05T19:14:36.914+09:00 ERROR 10616 --- [boardPrac] [ol-2-thread-741] o.h.engine.jdbc.spi.SqlExceptionHelper   : (conn=89) Duplicate entry 'dup5' for key 'name'
could not execute statement [(conn=93) Duplicate entry 'dup5' for key 'name'] [insert into users (name) values (?) returning user_id]; SQL [insert into users (name) values (?) returning user_id]; constraint [name]
could not execute statement [(conn=90) Duplicate entry 'dup5' for key 'name'] [insert into users (name) values (?) returning user_id]; SQL [insert into users (name) values (?) returning user_id]; constraint [name]
could not execute statement [(conn=88) Duplicate entry 'dup5' for key 'name'] [insert into users (name) values (?) returning user_id]; SQL [insert into users (name) values (?) returning user_id]; constraint [name]
could not execute statement [(conn=87) Duplicate entry 'dup5' for key 'name'] [insert into users (name) values (?) returning user_id]; SQL [insert into users (name) values (?) returning user_id]; constraint [name]
could not execute statement [(conn=85) Duplicate entry 'dup5' for key 'name'] [insert into users (name) values (?) returning user_id]; SQL [insert into users (name) values (?) returning user_id]; constraint [name]
Hibernate: insert into users (name) values (?) returning user_id
Hibernate: insert into users (name) values (?) returning user_id
could not execute statement [(conn=91) Duplicate entry 'dup5' for key 'name'] [insert into users (name) values (?) returning user_id]; SQL [insert into users (name) values (?) returning user_id]; constraint [name]
Hibernate: insert into users (name) values (?) returning user_id
could not execute statement [(conn=84) Duplicate entry 'dup5' for key 'name'] [insert into users (name) values (?) returning user_id]; SQL [insert into users (name) values (?) returning user_id]; constraint [name]
Hibernate: insert into users (name) values (?) returning user_id
could not execute statement [(conn=89) Duplicate entry 'dup5' for key 'name'] [insert into users (name) values (?) returning user_id]; SQL [insert into users (name) values (?) returning user_id]; constraint [name]
could not execute statement [(conn=86) Duplicate entry 'dup5' for key 'name'] [insert into users (name) values (?) returning user_id]; SQL [insert into users (name) values (?) returning user_id]; constraint [name]
Hibernate: insert into users (name) values (?) returning user_id
could not execute statement [(conn=92) Duplicate entry 'dup5' for key 'name'] [insert into users (name) values (?) returning user_id]; SQL [insert into users (name) values (?) returning user_id]; constraint [name]
2024-07-05T19:14:36.918+09:00  WARN 10616 --- [boardPrac] [ol-2-thread-747] o.m.jdbc.message.server.ErrorPacket      : Error: 1062-23000: Duplicate entry 'dup5' for key 'name'
2024-07-05T19:14:36.918+09:00  WARN 10616 --- [boardPrac] [ol-2-thread-746] o.m.jdbc.message.server.ErrorPacket      : Error: 1062-23000: Duplicate entry 'dup5' for key 'name'
2024-07-05T19:14:36.918+09:00  WARN 10616 --- [boardPrac] [ol-2-thread-749] o.m.jdbc.message.server.ErrorPacket      : Error: 1062-23000: Duplicate entry 'dup5' for key 'name'
2024-07-05T19:14:36.918+09:00  WARN 10616 --- [boardPrac] [ol-2-thread-747] o.h.engine.jdbc.spi.SqlExceptionHelper   : SQL Error: 1062, SQLState: 23000
2024-07-05T19:14:36.918+09:00  WARN 10616 --- [boardPrac] [ol-2-thread-746] o.h.engine.jdbc.spi.SqlExceptionHelper   : SQL Error: 1062, SQLState: 23000
Hibernate: insert into users (name) values (?) returning user_id
2024-07-05T19:14:36.918+09:00  WARN 10616 --- [boardPrac] [ol-2-thread-749] o.h.engine.jdbc.spi.SqlExceptionHelper   : SQL Error: 1062, SQLState: 23000
2024-07-05T19:14:36.918+09:00 ERROR 10616 --- [boardPrac] [ol-2-thread-747] o.h.engine.jdbc.spi.SqlExceptionHelper   : (conn=90) Duplicate entry 'dup5' for key 'name'
Hibernate: insert into users (name) values (?) returning user_id
2024-07-05T19:14:36.918+09:00  WARN 10616 --- [boardPrac] [ol-2-thread-748] o.m.jdbc.message.server.ErrorPacket      : Error: 1062-23000: Duplicate entry 'dup5' for key 'name'
2024-07-05T19:14:36.918+09:00 ERROR 10616 --- [boardPrac] [ol-2-thread-749] o.h.engine.jdbc.spi.SqlExceptionHelper   : (conn=87) Duplicate entry 'dup5' for key 'name'
Hibernate: insert into users (name) values (?) returning user_id
2024-07-05T19:14:36.918+09:00  WARN 10616 --- [boardPrac] [ol-2-thread-748] o.h.engine.jdbc.spi.SqlExceptionHelper   : SQL Error: 1062, SQLState: 23000
2024-07-05T19:14:36.918+09:00 ERROR 10616 --- [boardPrac] [ol-2-thread-746] o.h.engine.jdbc.spi.SqlExceptionHelper   : (conn=93) Duplicate entry 'dup5' for key 'name'
2024-07-05T19:14:36.918+09:00 ERROR 10616 --- [boardPrac] [ol-2-thread-748] o.h.engine.jdbc.spi.SqlExceptionHelper   : (conn=88) Duplicate entry 'dup5' for key 'name'
Hibernate: insert into users (name) values (?) returning user_id
Hibernate: insert into users (name) values (?) returning user_id
2024-07-05T19:14:36.919+09:00  WARN 10616 --- [boardPrac] [ol-2-thread-750] o.m.jdbc.message.server.ErrorPacket      : Error: 1062-23000: Duplicate entry 'dup5' for key 'name'
2024-07-05T19:14:36.919+09:00  WARN 10616 --- [boardPrac] [ol-2-thread-750] o.h.engine.jdbc.spi.SqlExceptionHelper   : SQL Error: 1062, SQLState: 23000
2024-07-05T19:14:36.919+09:00 ERROR 10616 --- [boardPrac] [ol-2-thread-750] o.h.engine.jdbc.spi.SqlExceptionHelper   : (conn=85) Duplicate entry 'dup5' for key 'name'
2024-07-05T19:14:36.920+09:00  WARN 10616 --- [boardPrac] [ol-2-thread-755] o.m.jdbc.message.server.ErrorPacket      : Error: 1062-23000: Duplicate entry 'dup5' for key 'name'
2024-07-05T19:14:36.920+09:00  WARN 10616 --- [boardPrac] [ol-2-thread-752] o.m.jdbc.message.server.ErrorPacket      : Error: 1062-23000: Duplicate entry 'dup5' for key 'name'
2024-07-05T19:14:36.921+09:00  WARN 10616 --- [boardPrac] [ol-2-thread-755] o.h.engine.jdbc.spi.SqlExceptionHelper   : SQL Error: 1062, SQLState: 23000
2024-07-05T19:14:36.921+09:00 ERROR 10616 --- [boardPrac] [ol-2-thread-755] o.h.engine.jdbc.spi.SqlExceptionHelper   : (conn=92) Duplicate entry 'dup5' for key 'name'
2024-07-05T19:14:36.921+09:00  WARN 10616 --- [boardPrac] [ol-2-thread-752] o.h.engine.jdbc.spi.SqlExceptionHelper   : SQL Error: 1062, SQLState: 23000
2024-07-05T19:14:36.921+09:00 ERROR 10616 --- [boardPrac] [ol-2-thread-752] o.h.engine.jdbc.spi.SqlExceptionHelper   : (conn=84) Duplicate entry 'dup5' for key 'name'
2024-07-05T19:14:36.921+09:00  WARN 10616 --- [boardPrac] [ol-2-thread-754] o.m.jdbc.message.server.ErrorPacket      : Error: 1062-23000: Duplicate entry 'dup5' for key 'name'
2024-07-05T19:14:36.921+09:00  WARN 10616 --- [boardPrac] [ol-2-thread-751] o.m.jdbc.message.server.ErrorPacket      : Error: 1062-23000: Duplicate entry 'dup5' for key 'name'
2024-07-05T19:14:36.921+09:00  WARN 10616 --- [boardPrac] [ol-2-thread-753] o.m.jdbc.message.server.ErrorPacket      : Error: 1062-23000: Duplicate entry 'dup5' for key 'name'
2024-07-05T19:14:36.921+09:00  WARN 10616 --- [boardPrac] [ol-2-thread-754] o.h.engine.jdbc.spi.SqlExceptionHelper   : SQL Error: 1062, SQLState: 23000
2024-07-05T19:14:36.921+09:00 ERROR 10616 --- [boardPrac] [ol-2-thread-754] o.h.engine.jdbc.spi.SqlExceptionHelper   : (conn=86) Duplicate entry 'dup5' for key 'name'
2024-07-05T19:14:36.921+09:00  WARN 10616 --- [boardPrac] [ol-2-thread-753] o.h.engine.jdbc.spi.SqlExceptionHelper   : SQL Error: 1062, SQLState: 23000
2024-07-05T19:14:36.921+09:00 ERROR 10616 --- [boardPrac] [ol-2-thread-753] o.h.engine.jdbc.spi.SqlExceptionHelper   : (conn=89) Duplicate entry 'dup5' for key 'name'
2024-07-05T19:14:36.921+09:00  WARN 10616 --- [boardPrac] [ol-2-thread-751] o.h.engine.jdbc.spi.SqlExceptionHelper   : SQL Error: 1062, SQLState: 23000
2024-07-05T19:14:36.921+09:00 ERROR 10616 --- [boardPrac] [ol-2-thread-751] o.h.engine.jdbc.spi.SqlExceptionHelper   : (conn=91) Duplicate entry 'dup5' for key 'name'
could not execute statement [(conn=87) Duplicate entry 'dup5' for key 'name'] [insert into users (name) values (?) returning user_id]; SQL [insert into users (name) values (?) returning user_id]; constraint [name]
could not execute statement [(conn=90) Duplicate entry 'dup5' for key 'name'] [insert into users (name) values (?) returning user_id]; SQL [insert into users (name) values (?) returning user_id]; constraint [name]
could not execute statement [(conn=88) Duplicate entry 'dup5' for key 'name'] [insert into users (name) values (?) returning user_id]; SQL [insert into users (name) values (?) returning user_id]; constraint [name]
could not execute statement [(conn=93) Duplicate entry 'dup5' for key 'name'] [insert into users (name) values (?) returning user_id]; SQL [insert into users (name) values (?) returning user_id]; constraint [name]
could not execute statement [(conn=85) Duplicate entry 'dup5' for key 'name'] [insert into users (name) values (?) returning user_id]; SQL [insert into users (name) values (?) returning user_id]; constraint [name]
could not execute statement [(conn=84) Duplicate entry 'dup5' for key 'name'] [insert into users (name) values (?) returning user_id]; SQL [insert into users (name) values (?) returning user_id]; constraint [name]
could not execute statement [(conn=92) Duplicate entry 'dup5' for key 'name'] [insert into users (name) values (?) returning user_id]; SQL [insert into users (name) values (?) returning user_id]; constraint [name]
Hibernate: insert into users (name) values (?) returning user_id
Hibernate: insert into users (name) values (?) returning user_id
Hibernate: insert into users (name) values (?) returning user_id
Hibernate: insert into users (name) values (?) returning user_id
Hibernate: insert into users (name) values (?) returning user_id
could not execute statement [(conn=86) Duplicate entry 'dup5' for key 'name'] [insert into users (name) values (?) returning user_id]; SQL [insert into users (name) values (?) returning user_id]; constraint [name]
could not execute statement [(conn=89) Duplicate entry 'dup5' for key 'name'] [insert into users (name) values (?) returning user_id]; SQL [insert into users (name) values (?) returning user_id]; constraint [name]
could not execute statement [(conn=91) Duplicate entry 'dup5' for key 'name'] [insert into users (name) values (?) returning user_id]; SQL [insert into users (name) values (?) returning user_id]; constraint [name]
Hibernate: insert into users (name) values (?) returning user_id
Hibernate: insert into users (name) values (?) returning user_id
2024-07-05T19:14:36.924+09:00  WARN 10616 --- [boardPrac] [ol-2-thread-760] o.m.jdbc.message.server.ErrorPacket      : Error: 1062-23000: Duplicate entry 'dup5' for key 'name'
2024-07-05T19:14:36.924+09:00  WARN 10616 --- [boardPrac] [ol-2-thread-758] o.m.jdbc.message.server.ErrorPacket      : Error: 1062-23000: Duplicate entry 'dup5' for key 'name'
2024-07-05T19:14:36.924+09:00  WARN 10616 --- [boardPrac] [ol-2-thread-759] o.m.jdbc.message.server.ErrorPacket      : Error: 1062-23000: Duplicate entry 'dup5' for key 'name'
2024-07-05T19:14:36.924+09:00  WARN 10616 --- [boardPrac] [ol-2-thread-756] o.m.jdbc.message.server.ErrorPacket      : Error: 1062-23000: Duplicate entry 'dup5' for key 'name'
2024-07-05T19:14:36.924+09:00  WARN 10616 --- [boardPrac] [ol-2-thread-757] o.m.jdbc.message.server.ErrorPacket      : Error: 1062-23000: Duplicate entry 'dup5' for key 'name'
2024-07-05T19:14:36.924+09:00  WARN 10616 --- [boardPrac] [ol-2-thread-760] o.h.engine.jdbc.spi.SqlExceptionHelper   : SQL Error: 1062, SQLState: 23000
2024-07-05T19:14:36.924+09:00  WARN 10616 --- [boardPrac] [ol-2-thread-759] o.h.engine.jdbc.spi.SqlExceptionHelper   : SQL Error: 1062, SQLState: 23000
2024-07-05T19:14:36.924+09:00 ERROR 10616 --- [boardPrac] [ol-2-thread-760] o.h.engine.jdbc.spi.SqlExceptionHelper   : (conn=93) Duplicate entry 'dup5' for key 'name'
2024-07-05T19:14:36.924+09:00  WARN 10616 --- [boardPrac] [ol-2-thread-758] o.h.engine.jdbc.spi.SqlExceptionHelper   : SQL Error: 1062, SQLState: 23000
2024-07-05T19:14:36.924+09:00 ERROR 10616 --- [boardPrac] [ol-2-thread-759] o.h.engine.jdbc.spi.SqlExceptionHelper   : (conn=85) Duplicate entry 'dup5' for key 'name'
2024-07-05T19:14:36.924+09:00  WARN 10616 --- [boardPrac] [ol-2-thread-756] o.h.engine.jdbc.spi.SqlExceptionHelper   : SQL Error: 1062, SQLState: 23000
2024-07-05T19:14:36.924+09:00 ERROR 10616 --- [boardPrac] [ol-2-thread-758] o.h.engine.jdbc.spi.SqlExceptionHelper   : (conn=90) Duplicate entry 'dup5' for key 'name'
2024-07-05T19:14:36.924+09:00  WARN 10616 --- [boardPrac] [ol-2-thread-757] o.h.engine.jdbc.spi.SqlExceptionHelper   : SQL Error: 1062, SQLState: 23000
2024-07-05T19:14:36.924+09:00 ERROR 10616 --- [boardPrac] [ol-2-thread-756] o.h.engine.jdbc.spi.SqlExceptionHelper   : (conn=88) Duplicate entry 'dup5' for key 'name'
2024-07-05T19:14:36.924+09:00 ERROR 10616 --- [boardPrac] [ol-2-thread-757] o.h.engine.jdbc.spi.SqlExceptionHelper   : (conn=87) Duplicate entry 'dup5' for key 'name'
Hibernate: insert into users (name) values (?) returning user_id
Hibernate: insert into users (name) values (?) returning user_id
Hibernate: insert into users (name) values (?) returning user_id
2024-07-05T19:14:36.925+09:00  WARN 10616 --- [boardPrac] [ol-2-thread-762] o.m.jdbc.message.server.ErrorPacket      : Error: 1062-23000: Duplicate entry 'dup5' for key 'name'
2024-07-05T19:14:36.925+09:00  WARN 10616 --- [boardPrac] [ol-2-thread-761] o.m.jdbc.message.server.ErrorPacket      : Error: 1062-23000: Duplicate entry 'dup5' for key 'name'
2024-07-05T19:14:36.925+09:00  WARN 10616 --- [boardPrac] [ol-2-thread-762] o.h.engine.jdbc.spi.SqlExceptionHelper   : SQL Error: 1062, SQLState: 23000
2024-07-05T19:14:36.925+09:00  WARN 10616 --- [boardPrac] [ol-2-thread-761] o.h.engine.jdbc.spi.SqlExceptionHelper   : SQL Error: 1062, SQLState: 23000
2024-07-05T19:14:36.925+09:00 ERROR 10616 --- [boardPrac] [ol-2-thread-762] o.h.engine.jdbc.spi.SqlExceptionHelper   : (conn=92) Duplicate entry 'dup5' for key 'name'
2024-07-05T19:14:36.925+09:00 ERROR 10616 --- [boardPrac] [ol-2-thread-761] o.h.engine.jdbc.spi.SqlExceptionHelper   : (conn=84) Duplicate entry 'dup5' for key 'name'
2024-07-05T19:14:36.927+09:00  WARN 10616 --- [boardPrac] [ol-2-thread-763] o.m.jdbc.message.server.ErrorPacket      : Error: 1062-23000: Duplicate entry 'dup5' for key 'name'
2024-07-05T19:14:36.927+09:00  WARN 10616 --- [boardPrac] [ol-2-thread-764] o.m.jdbc.message.server.ErrorPacket      : Error: 1062-23000: Duplicate entry 'dup5' for key 'name'
2024-07-05T19:14:36.927+09:00  WARN 10616 --- [boardPrac] [ol-2-thread-765] o.m.jdbc.message.server.ErrorPacket      : Error: 1062-23000: Duplicate entry 'dup5' for key 'name'
2024-07-05T19:14:36.927+09:00  WARN 10616 --- [boardPrac] [ol-2-thread-763] o.h.engine.jdbc.spi.SqlExceptionHelper   : SQL Error: 1062, SQLState: 23000
2024-07-05T19:14:36.927+09:00  WARN 10616 --- [boardPrac] [ol-2-thread-765] o.h.engine.jdbc.spi.SqlExceptionHelper   : SQL Error: 1062, SQLState: 23000
2024-07-05T19:14:36.927+09:00 ERROR 10616 --- [boardPrac] [ol-2-thread-763] o.h.engine.jdbc.spi.SqlExceptionHelper   : (conn=86) Duplicate entry 'dup5' for key 'name'
2024-07-05T19:14:36.927+09:00 ERROR 10616 --- [boardPrac] [ol-2-thread-765] o.h.engine.jdbc.spi.SqlExceptionHelper   : (conn=91) Duplicate entry 'dup5' for key 'name'
2024-07-05T19:14:36.927+09:00  WARN 10616 --- [boardPrac] [ol-2-thread-764] o.h.engine.jdbc.spi.SqlExceptionHelper   : SQL Error: 1062, SQLState: 23000
2024-07-05T19:14:36.927+09:00 ERROR 10616 --- [boardPrac] [ol-2-thread-764] o.h.engine.jdbc.spi.SqlExceptionHelper   : (conn=89) Duplicate entry 'dup5' for key 'name'
could not execute statement [(conn=85) Duplicate entry 'dup5' for key 'name'] [insert into users (name) values (?) returning user_id]; SQL [insert into users (name) values (?) returning user_id]; constraint [name]
could not execute statement [(conn=90) Duplicate entry 'dup5' for key 'name'] [insert into users (name) values (?) returning user_id]; SQL [insert into users (name) values (?) returning user_id]; constraint [name]
could not execute statement [(conn=93) Duplicate entry 'dup5' for key 'name'] [insert into users (name) values (?) returning user_id]; SQL [insert into users (name) values (?) returning user_id]; constraint [name]
could not execute statement [(conn=87) Duplicate entry 'dup5' for key 'name'] [insert into users (name) values (?) returning user_id]; SQL [insert into users (name) values (?) returning user_id]; constraint [name]
could not execute statement [(conn=88) Duplicate entry 'dup5' for key 'name'] [insert into users (name) values (?) returning user_id]; SQL [insert into users (name) values (?) returning user_id]; constraint [name]
Hibernate: insert into users (name) values (?) returning user_id
Hibernate: insert into users (name) values (?) returning user_id
could not execute statement [(conn=89) Duplicate entry 'dup5' for key 'name'] [insert into users (name) values (?) returning user_id]; SQL [insert into users (name) values (?) returning user_id]; constraint [name]
could not execute statement [(conn=92) Duplicate entry 'dup5' for key 'name'] [insert into users (name) values (?) returning user_id]; SQL [insert into users (name) values (?) returning user_id]; constraint [name]
Hibernate: insert into users (name) values (?) returning user_id
Hibernate: insert into users (name) values (?) returning user_id
could not execute statement [(conn=86) Duplicate entry 'dup5' for key 'name'] [insert into users (name) values (?) returning user_id]; SQL [insert into users (name) values (?) returning user_id]; constraint [name]
Hibernate: insert into users (name) values (?) returning user_id
could not execute statement [(conn=91) Duplicate entry 'dup5' for key 'name'] [insert into users (name) values (?) returning user_id]; SQL [insert into users (name) values (?) returning user_id]; constraint [name]
could not execute statement [(conn=84) Duplicate entry 'dup5' for key 'name'] [insert into users (name) values (?) returning user_id]; SQL [insert into users (name) values (?) returning user_id]; constraint [name]
2024-07-05T19:14:36.932+09:00  WARN 10616 --- [boardPrac] [ol-2-thread-767] o.m.jdbc.message.server.ErrorPacket      : Error: 1062-23000: Duplicate entry 'dup5' for key 'name'
2024-07-05T19:14:36.932+09:00  WARN 10616 --- [boardPrac] [ol-2-thread-766] o.m.jdbc.message.server.ErrorPacket      : Error: 1062-23000: Duplicate entry 'dup5' for key 'name'
2024-07-05T19:14:36.932+09:00  WARN 10616 --- [boardPrac] [ol-2-thread-767] o.h.engine.jdbc.spi.SqlExceptionHelper   : SQL Error: 1062, SQLState: 23000
2024-07-05T19:14:36.932+09:00  WARN 10616 --- [boardPrac] [ol-2-thread-766] o.h.engine.jdbc.spi.SqlExceptionHelper   : SQL Error: 1062, SQLState: 23000
2024-07-05T19:14:36.932+09:00 ERROR 10616 --- [boardPrac] [ol-2-thread-767] o.h.engine.jdbc.spi.SqlExceptionHelper   : (conn=90) Duplicate entry 'dup5' for key 'name'
2024-07-05T19:14:36.932+09:00 ERROR 10616 --- [boardPrac] [ol-2-thread-766] o.h.engine.jdbc.spi.SqlExceptionHelper   : (conn=85) Duplicate entry 'dup5' for key 'name'
Hibernate: insert into users (name) values (?) returning user_id
Hibernate: insert into users (name) values (?) returning user_id
2024-07-05T19:14:36.933+09:00  WARN 10616 --- [boardPrac] [ol-2-thread-768] o.m.jdbc.message.server.ErrorPacket      : Error: 1062-23000: Duplicate entry 'dup5' for key 'name'
2024-07-05T19:14:36.933+09:00  WARN 10616 --- [boardPrac] [ol-2-thread-769] o.m.jdbc.message.server.ErrorPacket      : Error: 1062-23000: Duplicate entry 'dup5' for key 'name'
Hibernate: insert into users (name) values (?) returning user_id
2024-07-05T19:14:36.933+09:00  WARN 10616 --- [boardPrac] [ol-2-thread-770] o.m.jdbc.message.server.ErrorPacket      : Error: 1062-23000: Duplicate entry 'dup5' for key 'name'
Hibernate: insert into users (name) values (?) returning user_id
Hibernate: insert into users (name) values (?) returning user_id
2024-07-05T19:14:36.933+09:00  WARN 10616 --- [boardPrac] [ol-2-thread-768] o.h.engine.jdbc.spi.SqlExceptionHelper   : SQL Error: 1062, SQLState: 23000
2024-07-05T19:14:36.933+09:00  WARN 10616 --- [boardPrac] [ol-2-thread-769] o.h.engine.jdbc.spi.SqlExceptionHelper   : SQL Error: 1062, SQLState: 23000
2024-07-05T19:14:36.933+09:00 ERROR 10616 --- [boardPrac] [ol-2-thread-768] o.h.engine.jdbc.spi.SqlExceptionHelper   : (conn=93) Duplicate entry 'dup5' for key 'name'
2024-07-05T19:14:36.933+09:00  WARN 10616 --- [boardPrac] [ol-2-thread-770] o.h.engine.jdbc.spi.SqlExceptionHelper   : SQL Error: 1062, SQLState: 23000
2024-07-05T19:14:36.933+09:00 ERROR 10616 --- [boardPrac] [ol-2-thread-769] o.h.engine.jdbc.spi.SqlExceptionHelper   : (conn=87) Duplicate entry 'dup5' for key 'name'
2024-07-05T19:14:36.933+09:00 ERROR 10616 --- [boardPrac] [ol-2-thread-770] o.h.engine.jdbc.spi.SqlExceptionHelper   : (conn=88) Duplicate entry 'dup5' for key 'name'
could not execute statement [(conn=85) Duplicate entry 'dup5' for key 'name'] [insert into users (name) values (?) returning user_id]; SQL [insert into users (name) values (?) returning user_id]; constraint [name]
could not execute statement [(conn=90) Duplicate entry 'dup5' for key 'name'] [insert into users (name) values (?) returning user_id]; SQL [insert into users (name) values (?) returning user_id]; constraint [name]
2024-07-05T19:14:36.934+09:00  WARN 10616 --- [boardPrac] [ol-2-thread-775] o.m.jdbc.message.server.ErrorPacket      : Error: 1062-23000: Duplicate entry 'dup5' for key 'name'
2024-07-05T19:14:36.934+09:00  WARN 10616 --- [boardPrac] [ol-2-thread-774] o.m.jdbc.message.server.ErrorPacket      : Error: 1062-23000: Duplicate entry 'dup5' for key 'name'
2024-07-05T19:14:36.934+09:00  WARN 10616 --- [boardPrac] [ol-2-thread-772] o.m.jdbc.message.server.ErrorPacket      : Error: 1062-23000: Duplicate entry 'dup5' for key 'name'
2024-07-05T19:14:36.934+09:00  WARN 10616 --- [boardPrac] [ol-2-thread-775] o.h.engine.jdbc.spi.SqlExceptionHelper   : SQL Error: 1062, SQLState: 23000
2024-07-05T19:14:36.934+09:00  WARN 10616 --- [boardPrac] [ol-2-thread-773] o.m.jdbc.message.server.ErrorPacket      : Error: 1062-23000: Duplicate entry 'dup5' for key 'name'
2024-07-05T19:14:36.934+09:00 ERROR 10616 --- [boardPrac] [ol-2-thread-775] o.h.engine.jdbc.spi.SqlExceptionHelper   : (conn=84) Duplicate entry 'dup5' for key 'name'
2024-07-05T19:14:36.934+09:00  WARN 10616 --- [boardPrac] [ol-2-thread-774] o.h.engine.jdbc.spi.SqlExceptionHelper   : SQL Error: 1062, SQLState: 23000
2024-07-05T19:14:36.934+09:00  WARN 10616 --- [boardPrac] [ol-2-thread-771] o.m.jdbc.message.server.ErrorPacket      : Error: 1062-23000: Duplicate entry 'dup5' for key 'name'
2024-07-05T19:14:36.935+09:00  WARN 10616 --- [boardPrac] [ol-2-thread-773] o.h.engine.jdbc.spi.SqlExceptionHelper   : SQL Error: 1062, SQLState: 23000
2024-07-05T19:14:36.935+09:00  WARN 10616 --- [boardPrac] [ol-2-thread-772] o.h.engine.jdbc.spi.SqlExceptionHelper   : SQL Error: 1062, SQLState: 23000
2024-07-05T19:14:36.935+09:00 ERROR 10616 --- [boardPrac] [ol-2-thread-774] o.h.engine.jdbc.spi.SqlExceptionHelper   : (conn=91) Duplicate entry 'dup5' for key 'name'
2024-07-05T19:14:36.935+09:00 ERROR 10616 --- [boardPrac] [ol-2-thread-773] o.h.engine.jdbc.spi.SqlExceptionHelper   : (conn=86) Duplicate entry 'dup5' for key 'name'
2024-07-05T19:14:36.935+09:00  WARN 10616 --- [boardPrac] [ol-2-thread-771] o.h.engine.jdbc.spi.SqlExceptionHelper   : SQL Error: 1062, SQLState: 23000
2024-07-05T19:14:36.935+09:00 ERROR 10616 --- [boardPrac] [ol-2-thread-772] o.h.engine.jdbc.spi.SqlExceptionHelper   : (conn=92) Duplicate entry 'dup5' for key 'name'
2024-07-05T19:14:36.935+09:00 ERROR 10616 --- [boardPrac] [ol-2-thread-771] o.h.engine.jdbc.spi.SqlExceptionHelper   : (conn=89) Duplicate entry 'dup5' for key 'name'
could not execute statement [(conn=93) Duplicate entry 'dup5' for key 'name'] [insert into users (name) values (?) returning user_id]; SQL [insert into users (name) values (?) returning user_id]; constraint [name]
could not execute statement [(conn=87) Duplicate entry 'dup5' for key 'name'] [insert into users (name) values (?) returning user_id]; SQL [insert into users (name) values (?) returning user_id]; constraint [name]
could not execute statement [(conn=88) Duplicate entry 'dup5' for key 'name'] [insert into users (name) values (?) returning user_id]; SQL [insert into users (name) values (?) returning user_id]; constraint [name]
Hibernate: insert into users (name) values (?) returning user_id
Hibernate: insert into users (name) values (?) returning user_id
could not execute statement [(conn=84) Duplicate entry 'dup5' for key 'name'] [insert into users (name) values (?) returning user_id]; SQL [insert into users (name) values (?) returning user_id]; constraint [name]
could not execute statement [(conn=91) Duplicate entry 'dup5' for key 'name'] [insert into users (name) values (?) returning user_id]; SQL [insert into users (name) values (?) returning user_id]; constraint [name]
could not execute statement [(conn=89) Duplicate entry 'dup5' for key 'name'] [insert into users (name) values (?) returning user_id]; SQL [insert into users (name) values (?) returning user_id]; constraint [name]
could not execute statement [(conn=86) Duplicate entry 'dup5' for key 'name'] [insert into users (name) values (?) returning user_id]; SQL [insert into users (name) values (?) returning user_id]; constraint [name]
could not execute statement [(conn=92) Duplicate entry 'dup5' for key 'name'] [insert into users (name) values (?) returning user_id]; SQL [insert into users (name) values (?) returning user_id]; constraint [name]
Hibernate: insert into users (name) values (?) returning user_id
Hibernate: insert into users (name) values (?) returning user_id
Hibernate: insert into users (name) values (?) returning user_id
2024-07-05T19:14:36.938+09:00  WARN 10616 --- [boardPrac] [ol-2-thread-777] o.m.jdbc.message.server.ErrorPacket      : Error: 1062-23000: Duplicate entry 'dup5' for key 'name'
2024-07-05T19:14:36.938+09:00  WARN 10616 --- [boardPrac] [ol-2-thread-776] o.m.jdbc.message.server.ErrorPacket      : Error: 1062-23000: Duplicate entry 'dup5' for key 'name'
2024-07-05T19:14:36.938+09:00  WARN 10616 --- [boardPrac] [ol-2-thread-777] o.h.engine.jdbc.spi.SqlExceptionHelper   : SQL Error: 1062, SQLState: 23000
2024-07-05T19:14:36.938+09:00  WARN 10616 --- [boardPrac] [ol-2-thread-776] o.h.engine.jdbc.spi.SqlExceptionHelper   : SQL Error: 1062, SQLState: 23000
2024-07-05T19:14:36.938+09:00 ERROR 10616 --- [boardPrac] [ol-2-thread-777] o.h.engine.jdbc.spi.SqlExceptionHelper   : (conn=90) Duplicate entry 'dup5' for key 'name'
2024-07-05T19:14:36.938+09:00 ERROR 10616 --- [boardPrac] [ol-2-thread-776] o.h.engine.jdbc.spi.SqlExceptionHelper   : (conn=85) Duplicate entry 'dup5' for key 'name'
Hibernate: insert into users (name) values (?) returning user_id
2024-07-05T19:14:36.939+09:00  WARN 10616 --- [boardPrac] [ol-2-thread-780] o.m.jdbc.message.server.ErrorPacket      : Error: 1062-23000: Duplicate entry 'dup5' for key 'name'
Hibernate: insert into users (name) values (?) returning user_id
Hibernate: insert into users (name) values (?) returning user_id
Hibernate: insert into users (name) values (?) returning user_id
Hibernate: insert into users (name) values (?) returning user_id
2024-07-05T19:14:36.939+09:00  WARN 10616 --- [boardPrac] [ol-2-thread-780] o.h.engine.jdbc.spi.SqlExceptionHelper   : SQL Error: 1062, SQLState: 23000
2024-07-05T19:14:36.939+09:00 ERROR 10616 --- [boardPrac] [ol-2-thread-780] o.h.engine.jdbc.spi.SqlExceptionHelper   : (conn=87) Duplicate entry 'dup5' for key 'name'
2024-07-05T19:14:36.939+09:00  WARN 10616 --- [boardPrac] [ol-2-thread-779] o.m.jdbc.message.server.ErrorPacket      : Error: 1062-23000: Duplicate entry 'dup5' for key 'name'
2024-07-05T19:14:36.940+09:00  WARN 10616 --- [boardPrac] [ol-2-thread-779] o.h.engine.jdbc.spi.SqlExceptionHelper   : SQL Error: 1062, SQLState: 23000
2024-07-05T19:14:36.940+09:00  WARN 10616 --- [boardPrac] [ol-2-thread-778] o.m.jdbc.message.server.ErrorPacket      : Error: 1062-23000: Duplicate entry 'dup5' for key 'name'
2024-07-05T19:14:36.940+09:00  WARN 10616 --- [boardPrac] [ol-2-thread-778] o.h.engine.jdbc.spi.SqlExceptionHelper   : SQL Error: 1062, SQLState: 23000
2024-07-05T19:14:36.940+09:00 ERROR 10616 --- [boardPrac] [ol-2-thread-779] o.h.engine.jdbc.spi.SqlExceptionHelper   : (conn=88) Duplicate entry 'dup5' for key 'name'
2024-07-05T19:14:36.940+09:00 ERROR 10616 --- [boardPrac] [ol-2-thread-778] o.h.engine.jdbc.spi.SqlExceptionHelper   : (conn=93) Duplicate entry 'dup5' for key 'name'
could not execute statement [(conn=85) Duplicate entry 'dup5' for key 'name'] [insert into users (name) values (?) returning user_id]; SQL [insert into users (name) values (?) returning user_id]; constraint [name]
2024-07-05T19:14:36.940+09:00  WARN 10616 --- [boardPrac] [ol-2-thread-784] o.m.jdbc.message.server.ErrorPacket      : Error: 1062-23000: Duplicate entry 'dup5' for key 'name'
2024-07-05T19:14:36.940+09:00  WARN 10616 --- [boardPrac] [ol-2-thread-783] o.m.jdbc.message.server.ErrorPacket      : Error: 1062-23000: Duplicate entry 'dup5' for key 'name'
2024-07-05T19:14:36.941+09:00  WARN 10616 --- [boardPrac] [ol-2-thread-781] o.m.jdbc.message.server.ErrorPacket      : Error: 1062-23000: Duplicate entry 'dup5' for key 'name'
2024-07-05T19:14:36.941+09:00  WARN 10616 --- [boardPrac] [ol-2-thread-784] o.h.engine.jdbc.spi.SqlExceptionHelper   : SQL Error: 1062, SQLState: 23000
2024-07-05T19:14:36.941+09:00 ERROR 10616 --- [boardPrac] [ol-2-thread-784] o.h.engine.jdbc.spi.SqlExceptionHelper   : (conn=86) Duplicate entry 'dup5' for key 'name'
could not execute statement [(conn=90) Duplicate entry 'dup5' for key 'name'] [insert into users (name) values (?) returning user_id]; SQL [insert into users (name) values (?) returning user_id]; constraint [name]
2024-07-05T19:14:36.941+09:00  WARN 10616 --- [boardPrac] [ol-2-thread-785] o.m.jdbc.message.server.ErrorPacket      : Error: 1062-23000: Duplicate entry 'dup5' for key 'name'
2024-07-05T19:14:36.941+09:00  WARN 10616 --- [boardPrac] [ol-2-thread-781] o.h.engine.jdbc.spi.SqlExceptionHelper   : SQL Error: 1062, SQLState: 23000
2024-07-05T19:14:36.941+09:00  WARN 10616 --- [boardPrac] [ol-2-thread-783] o.h.engine.jdbc.spi.SqlExceptionHelper   : SQL Error: 1062, SQLState: 23000
2024-07-05T19:14:36.941+09:00  WARN 10616 --- [boardPrac] [ol-2-thread-782] o.m.jdbc.message.server.ErrorPacket      : Error: 1062-23000: Duplicate entry 'dup5' for key 'name'
2024-07-05T19:14:36.941+09:00 ERROR 10616 --- [boardPrac] [ol-2-thread-781] o.h.engine.jdbc.spi.SqlExceptionHelper   : (conn=84) Duplicate entry 'dup5' for key 'name'
2024-07-05T19:14:36.941+09:00 ERROR 10616 --- [boardPrac] [ol-2-thread-783] o.h.engine.jdbc.spi.SqlExceptionHelper   : (conn=89) Duplicate entry 'dup5' for key 'name'
2024-07-05T19:14:36.941+09:00  WARN 10616 --- [boardPrac] [ol-2-thread-785] o.h.engine.jdbc.spi.SqlExceptionHelper   : SQL Error: 1062, SQLState: 23000
2024-07-05T19:14:36.941+09:00  WARN 10616 --- [boardPrac] [ol-2-thread-782] o.h.engine.jdbc.spi.SqlExceptionHelper   : SQL Error: 1062, SQLState: 23000
2024-07-05T19:14:36.941+09:00 ERROR 10616 --- [boardPrac] [ol-2-thread-785] o.h.engine.jdbc.spi.SqlExceptionHelper   : (conn=92) Duplicate entry 'dup5' for key 'name'
2024-07-05T19:14:36.941+09:00 ERROR 10616 --- [boardPrac] [ol-2-thread-782] o.h.engine.jdbc.spi.SqlExceptionHelper   : (conn=91) Duplicate entry 'dup5' for key 'name'
Hibernate: insert into users (name) values (?) returning user_id
Hibernate: insert into users (name) values (?) returning user_id
could not execute statement [(conn=87) Duplicate entry 'dup5' for key 'name'] [insert into users (name) values (?) returning user_id]; SQL [insert into users (name) values (?) returning user_id]; constraint [name]
could not execute statement [(conn=88) Duplicate entry 'dup5' for key 'name'] [insert into users (name) values (?) returning user_id]; SQL [insert into users (name) values (?) returning user_id]; constraint [name]
could not execute statement [(conn=93) Duplicate entry 'dup5' for key 'name'] [insert into users (name) values (?) returning user_id]; SQL [insert into users (name) values (?) returning user_id]; constraint [name]
could not execute statement [(conn=92) Duplicate entry 'dup5' for key 'name'] [insert into users (name) values (?) returning user_id]; SQL [insert into users (name) values (?) returning user_id]; constraint [name]
could not execute statement [(conn=86) Duplicate entry 'dup5' for key 'name'] [insert into users (name) values (?) returning user_id]; SQL [insert into users (name) values (?) returning user_id]; constraint [name]
could not execute statement [(conn=89) Duplicate entry 'dup5' for key 'name'] [insert into users (name) values (?) returning user_id]; SQL [insert into users (name) values (?) returning user_id]; constraint [name]
could not execute statement [(conn=84) Duplicate entry 'dup5' for key 'name'] [insert into users (name) values (?) returning user_id]; SQL [insert into users (name) values (?) returning user_id]; constraint [name]
could not execute statement [(conn=91) Duplicate entry 'dup5' for key 'name'] [insert into users (name) values (?) returning user_id]; SQL [insert into users (name) values (?) returning user_id]; constraint [name]
2024-07-05T19:14:36.944+09:00  WARN 10616 --- [boardPrac] [ol-2-thread-786] o.m.jdbc.message.server.ErrorPacket      : Error: 1062-23000: Duplicate entry 'dup5' for key 'name'
Hibernate: insert into users (name) values (?) returning user_id
2024-07-05T19:14:36.944+09:00  WARN 10616 --- [boardPrac] [ol-2-thread-786] o.h.engine.jdbc.spi.SqlExceptionHelper   : SQL Error: 1062, SQLState: 23000
2024-07-05T19:14:36.944+09:00 ERROR 10616 --- [boardPrac] [ol-2-thread-786] o.h.engine.jdbc.spi.SqlExceptionHelper   : (conn=85) Duplicate entry 'dup5' for key 'name'
Hibernate: insert into users (name) values (?) returning user_id
2024-07-05T19:14:36.944+09:00  WARN 10616 --- [boardPrac] [ol-2-thread-787] o.m.jdbc.message.server.ErrorPacket      : Error: 1062-23000: Duplicate entry 'dup5' for key 'name'
2024-07-05T19:14:36.945+09:00  WARN 10616 --- [boardPrac] [ol-2-thread-787] o.h.engine.jdbc.spi.SqlExceptionHelper   : SQL Error: 1062, SQLState: 23000
2024-07-05T19:14:36.945+09:00 ERROR 10616 --- [boardPrac] [ol-2-thread-787] o.h.engine.jdbc.spi.SqlExceptionHelper   : (conn=90) Duplicate entry 'dup5' for key 'name'
Hibernate: insert into users (name) values (?) returning user_id
Hibernate: insert into users (name) values (?) returning user_id
Hibernate: insert into users (name) values (?) returning user_id
Hibernate: insert into users (name) values (?) returning user_id
Hibernate: insert into users (name) values (?) returning user_id
Hibernate: insert into users (name) values (?) returning user_id
2024-07-05T19:14:36.945+09:00  WARN 10616 --- [boardPrac] [ol-2-thread-788] o.m.jdbc.message.server.ErrorPacket      : Error: 1062-23000: Duplicate entry 'dup5' for key 'name'
2024-07-05T19:14:36.945+09:00  WARN 10616 --- [boardPrac] [ol-2-thread-789] o.m.jdbc.message.server.ErrorPacket      : Error: 1062-23000: Duplicate entry 'dup5' for key 'name'
2024-07-05T19:14:36.945+09:00  WARN 10616 --- [boardPrac] [ol-2-thread-789] o.h.engine.jdbc.spi.SqlExceptionHelper   : SQL Error: 1062, SQLState: 23000
2024-07-05T19:14:36.945+09:00  WARN 10616 --- [boardPrac] [ol-2-thread-788] o.h.engine.jdbc.spi.SqlExceptionHelper   : SQL Error: 1062, SQLState: 23000
2024-07-05T19:14:36.945+09:00 ERROR 10616 --- [boardPrac] [ol-2-thread-789] o.h.engine.jdbc.spi.SqlExceptionHelper   : (conn=88) Duplicate entry 'dup5' for key 'name'
2024-07-05T19:14:36.945+09:00 ERROR 10616 --- [boardPrac] [ol-2-thread-788] o.h.engine.jdbc.spi.SqlExceptionHelper   : (conn=87) Duplicate entry 'dup5' for key 'name'
2024-07-05T19:14:36.946+09:00  WARN 10616 --- [boardPrac] [ol-2-thread-790] o.m.jdbc.message.server.ErrorPacket      : Error: 1062-23000: Duplicate entry 'dup5' for key 'name'
2024-07-05T19:14:36.946+09:00  WARN 10616 --- [boardPrac] [ol-2-thread-791] o.m.jdbc.message.server.ErrorPacket      : Error: 1062-23000: Duplicate entry 'dup5' for key 'name'
could not execute statement [(conn=85) Duplicate entry 'dup5' for key 'name'] [insert into users (name) values (?) returning user_id]; SQL [insert into users (name) values (?) returning user_id]; constraint [name]
2024-07-05T19:14:36.946+09:00  WARN 10616 --- [boardPrac] [ol-2-thread-790] o.h.engine.jdbc.spi.SqlExceptionHelper   : SQL Error: 1062, SQLState: 23000
2024-07-05T19:14:36.946+09:00  WARN 10616 --- [boardPrac] [ol-2-thread-792] o.m.jdbc.message.server.ErrorPacket      : Error: 1062-23000: Duplicate entry 'dup5' for key 'name'
2024-07-05T19:14:36.946+09:00 ERROR 10616 --- [boardPrac] [ol-2-thread-790] o.h.engine.jdbc.spi.SqlExceptionHelper   : (conn=93) Duplicate entry 'dup5' for key 'name'
2024-07-05T19:14:36.946+09:00  WARN 10616 --- [boardPrac] [ol-2-thread-793] o.m.jdbc.message.server.ErrorPacket      : Error: 1062-23000: Duplicate entry 'dup5' for key 'name'
2024-07-05T19:14:36.946+09:00  WARN 10616 --- [boardPrac] [ol-2-thread-791] o.h.engine.jdbc.spi.SqlExceptionHelper   : SQL Error: 1062, SQLState: 23000
2024-07-05T19:14:36.947+09:00  WARN 10616 --- [boardPrac] [ol-2-thread-794] o.m.jdbc.message.server.ErrorPacket      : Error: 1062-23000: Duplicate entry 'dup5' for key 'name'
2024-07-05T19:14:36.947+09:00 ERROR 10616 --- [boardPrac] [ol-2-thread-791] o.h.engine.jdbc.spi.SqlExceptionHelper   : (conn=92) Duplicate entry 'dup5' for key 'name'
2024-07-05T19:14:36.946+09:00  WARN 10616 --- [boardPrac] [ol-2-thread-795] o.m.jdbc.message.server.ErrorPacket      : Error: 1062-23000: Duplicate entry 'dup5' for key 'name'
2024-07-05T19:14:36.947+09:00  WARN 10616 --- [boardPrac] [ol-2-thread-794] o.h.engine.jdbc.spi.SqlExceptionHelper   : SQL Error: 1062, SQLState: 23000
2024-07-05T19:14:36.947+09:00  WARN 10616 --- [boardPrac] [ol-2-thread-792] o.h.engine.jdbc.spi.SqlExceptionHelper   : SQL Error: 1062, SQLState: 23000
2024-07-05T19:14:36.947+09:00 ERROR 10616 --- [boardPrac] [ol-2-thread-794] o.h.engine.jdbc.spi.SqlExceptionHelper   : (conn=89) Duplicate entry 'dup5' for key 'name'
2024-07-05T19:14:36.947+09:00 ERROR 10616 --- [boardPrac] [ol-2-thread-792] o.h.engine.jdbc.spi.SqlExceptionHelper   : (conn=84) Duplicate entry 'dup5' for key 'name'
2024-07-05T19:14:36.947+09:00  WARN 10616 --- [boardPrac] [ol-2-thread-795] o.h.engine.jdbc.spi.SqlExceptionHelper   : SQL Error: 1062, SQLState: 23000
2024-07-05T19:14:36.947+09:00 ERROR 10616 --- [boardPrac] [ol-2-thread-795] o.h.engine.jdbc.spi.SqlExceptionHelper   : (conn=91) Duplicate entry 'dup5' for key 'name'
2024-07-05T19:14:36.947+09:00  WARN 10616 --- [boardPrac] [ol-2-thread-793] o.h.engine.jdbc.spi.SqlExceptionHelper   : SQL Error: 1062, SQLState: 23000
2024-07-05T19:14:36.947+09:00 ERROR 10616 --- [boardPrac] [ol-2-thread-793] o.h.engine.jdbc.spi.SqlExceptionHelper   : (conn=86) Duplicate entry 'dup5' for key 'name'
could not execute statement [(conn=90) Duplicate entry 'dup5' for key 'name'] [insert into users (name) values (?) returning user_id]; SQL [insert into users (name) values (?) returning user_id]; constraint [name]
could not execute statement [(conn=92) Duplicate entry 'dup5' for key 'name'] [insert into users (name) values (?) returning user_id]; SQL [insert into users (name) values (?) returning user_id]; constraint [name]
could not execute statement [(conn=87) Duplicate entry 'dup5' for key 'name'] [insert into users (name) values (?) returning user_id]; SQL [insert into users (name) values (?) returning user_id]; constraint [name]
could not execute statement [(conn=88) Duplicate entry 'dup5' for key 'name'] [insert into users (name) values (?) returning user_id]; SQL [insert into users (name) values (?) returning user_id]; constraint [name]
Hibernate: insert into users (name) values (?) returning user_id
Hibernate: insert into users (name) values (?) returning user_id
could not execute statement [(conn=91) Duplicate entry 'dup5' for key 'name'] [insert into users (name) values (?) returning user_id]; SQL [insert into users (name) values (?) returning user_id]; constraint [name]
could not execute statement [(conn=89) Duplicate entry 'dup5' for key 'name'] [insert into users (name) values (?) returning user_id]; SQL [insert into users (name) values (?) returning user_id]; constraint [name]
could not execute statement [(conn=84) Duplicate entry 'dup5' for key 'name'] [insert into users (name) values (?) returning user_id]; SQL [insert into users (name) values (?) returning user_id]; constraint [name]
could not execute statement [(conn=93) Duplicate entry 'dup5' for key 'name'] [insert into users (name) values (?) returning user_id]; SQL [insert into users (name) values (?) returning user_id]; constraint [name]
could not execute statement [(conn=86) Duplicate entry 'dup5' for key 'name'] [insert into users (name) values (?) returning user_id]; SQL [insert into users (name) values (?) returning user_id]; constraint [name]
Hibernate: insert into users (name) values (?) returning user_id
2024-07-05T19:14:36.951+09:00  WARN 10616 --- [boardPrac] [ol-2-thread-797] o.m.jdbc.message.server.ErrorPacket      : Error: 1062-23000: Duplicate entry 'dup5' for key 'name'
Hibernate: insert into users (name) values (?) returning user_id
2024-07-05T19:14:36.951+09:00  WARN 10616 --- [boardPrac] [ol-2-thread-796] o.m.jdbc.message.server.ErrorPacket      : Error: 1062-23000: Duplicate entry 'dup5' for key 'name'
2024-07-05T19:14:36.951+09:00  WARN 10616 --- [boardPrac] [ol-2-thread-797] o.h.engine.jdbc.spi.SqlExceptionHelper   : SQL Error: 1062, SQLState: 23000
Hibernate: insert into users (name) values (?) returning user_id
2024-07-05T19:14:36.951+09:00  WARN 10616 --- [boardPrac] [ol-2-thread-796] o.h.engine.jdbc.spi.SqlExceptionHelper   : SQL Error: 1062, SQLState: 23000
Hibernate: insert into users (name) values (?) returning user_id
2024-07-05T19:14:36.951+09:00 ERROR 10616 --- [boardPrac] [ol-2-thread-797] o.h.engine.jdbc.spi.SqlExceptionHelper   : (conn=90) Duplicate entry 'dup5' for key 'name'
2024-07-05T19:14:36.951+09:00 ERROR 10616 --- [boardPrac] [ol-2-thread-796] o.h.engine.jdbc.spi.SqlExceptionHelper   : (conn=85) Duplicate entry 'dup5' for key 'name'
Hibernate: insert into users (name) values (?) returning user_id
Hibernate: insert into users (name) values (?) returning user_id
Hibernate: insert into users (name) values (?) returning user_id
Hibernate: insert into users (name) values (?) returning user_id
2024-07-05T19:14:36.952+09:00  WARN 10616 --- [boardPrac] [ol-2-thread-800] o.m.jdbc.message.server.ErrorPacket      : Error: 1062-23000: Duplicate entry 'dup5' for key 'name'
2024-07-05T19:14:36.952+09:00  WARN 10616 --- [boardPrac] [ol-2-thread-799] o.m.jdbc.message.server.ErrorPacket      : Error: 1062-23000: Duplicate entry 'dup5' for key 'name'
2024-07-05T19:14:36.952+09:00  WARN 10616 --- [boardPrac] [ol-2-thread-800] o.h.engine.jdbc.spi.SqlExceptionHelper   : SQL Error: 1062, SQLState: 23000
2024-07-05T19:14:36.952+09:00  WARN 10616 --- [boardPrac] [ol-2-thread-801] o.m.jdbc.message.server.ErrorPacket      : Error: 1062-23000: Duplicate entry 'dup5' for key 'name'
2024-07-05T19:14:36.952+09:00 ERROR 10616 --- [boardPrac] [ol-2-thread-800] o.h.engine.jdbc.spi.SqlExceptionHelper   : (conn=87) Duplicate entry 'dup5' for key 'name'
2024-07-05T19:14:36.952+09:00  WARN 10616 --- [boardPrac] [ol-2-thread-799] o.h.engine.jdbc.spi.SqlExceptionHelper   : SQL Error: 1062, SQLState: 23000
2024-07-05T19:14:36.953+09:00  WARN 10616 --- [boardPrac] [ol-2-thread-801] o.h.engine.jdbc.spi.SqlExceptionHelper   : SQL Error: 1062, SQLState: 23000
2024-07-05T19:14:36.953+09:00 ERROR 10616 --- [boardPrac] [ol-2-thread-799] o.h.engine.jdbc.spi.SqlExceptionHelper   : (conn=88) Duplicate entry 'dup5' for key 'name'
2024-07-05T19:14:36.953+09:00 ERROR 10616 --- [boardPrac] [ol-2-thread-801] o.h.engine.jdbc.spi.SqlExceptionHelper   : (conn=84) Duplicate entry 'dup5' for key 'name'
2024-07-05T19:14:36.953+09:00  WARN 10616 --- [boardPrac] [ol-2-thread-798] o.m.jdbc.message.server.ErrorPacket      : Error: 1062-23000: Duplicate entry 'dup5' for key 'name'
2024-07-05T19:14:36.953+09:00  WARN 10616 --- [boardPrac] [ol-2-thread-804] o.m.jdbc.message.server.ErrorPacket      : Error: 1062-23000: Duplicate entry 'dup5' for key 'name'
2024-07-05T19:14:36.953+09:00  WARN 10616 --- [boardPrac] [ol-2-thread-802] o.m.jdbc.message.server.ErrorPacket      : Error: 1062-23000: Duplicate entry 'dup5' for key 'name'
2024-07-05T19:14:36.953+09:00  WARN 10616 --- [boardPrac] [ol-2-thread-804] o.h.engine.jdbc.spi.SqlExceptionHelper   : SQL Error: 1062, SQLState: 23000
2024-07-05T19:14:36.953+09:00 ERROR 10616 --- [boardPrac] [ol-2-thread-804] o.h.engine.jdbc.spi.SqlExceptionHelper   : (conn=93) Duplicate entry 'dup5' for key 'name'
2024-07-05T19:14:36.953+09:00  WARN 10616 --- [boardPrac] [ol-2-thread-798] o.h.engine.jdbc.spi.SqlExceptionHelper   : SQL Error: 1062, SQLState: 23000
2024-07-05T19:14:36.953+09:00  WARN 10616 --- [boardPrac] [ol-2-thread-805] o.m.jdbc.message.server.ErrorPacket      : Error: 1062-23000: Duplicate entry 'dup5' for key 'name'
2024-07-05T19:14:36.953+09:00 ERROR 10616 --- [boardPrac] [ol-2-thread-798] o.h.engine.jdbc.spi.SqlExceptionHelper   : (conn=92) Duplicate entry 'dup5' for key 'name'
2024-07-05T19:14:36.953+09:00  WARN 10616 --- [boardPrac] [ol-2-thread-802] o.h.engine.jdbc.spi.SqlExceptionHelper   : SQL Error: 1062, SQLState: 23000
2024-07-05T19:14:36.953+09:00  WARN 10616 --- [boardPrac] [ol-2-thread-803] o.m.jdbc.message.server.ErrorPacket      : Error: 1062-23000: Duplicate entry 'dup5' for key 'name'
2024-07-05T19:14:36.953+09:00 ERROR 10616 --- [boardPrac] [ol-2-thread-802] o.h.engine.jdbc.spi.SqlExceptionHelper   : (conn=91) Duplicate entry 'dup5' for key 'name'
2024-07-05T19:14:36.953+09:00  WARN 10616 --- [boardPrac] [ol-2-thread-805] o.h.engine.jdbc.spi.SqlExceptionHelper   : SQL Error: 1062, SQLState: 23000
2024-07-05T19:14:36.953+09:00 ERROR 10616 --- [boardPrac] [ol-2-thread-805] o.h.engine.jdbc.spi.SqlExceptionHelper   : (conn=86) Duplicate entry 'dup5' for key 'name'
2024-07-05T19:14:36.953+09:00  WARN 10616 --- [boardPrac] [ol-2-thread-803] o.h.engine.jdbc.spi.SqlExceptionHelper   : SQL Error: 1062, SQLState: 23000
2024-07-05T19:14:36.953+09:00 ERROR 10616 --- [boardPrac] [ol-2-thread-803] o.h.engine.jdbc.spi.SqlExceptionHelper   : (conn=89) Duplicate entry 'dup5' for key 'name'
could not execute statement [(conn=85) Duplicate entry 'dup5' for key 'name'] [insert into users (name) values (?) returning user_id]; SQL [insert into users (name) values (?) returning user_id]; constraint [name]
could not execute statement [(conn=90) Duplicate entry 'dup5' for key 'name'] [insert into users (name) values (?) returning user_id]; SQL [insert into users (name) values (?) returning user_id]; constraint [name]
could not execute statement [(conn=87) Duplicate entry 'dup5' for key 'name'] [insert into users (name) values (?) returning user_id]; SQL [insert into users (name) values (?) returning user_id]; constraint [name]
Hibernate: insert into users (name) values (?) returning user_id
Hibernate: insert into users (name) values (?) returning user_id
could not execute statement [(conn=91) Duplicate entry 'dup5' for key 'name'] [insert into users (name) values (?) returning user_id]; SQL [insert into users (name) values (?) returning user_id]; constraint [name]
Hibernate: insert into users (name) values (?) returning user_id
could not execute statement [(conn=93) Duplicate entry 'dup5' for key 'name'] [insert into users (name) values (?) returning user_id]; SQL [insert into users (name) values (?) returning user_id]; constraint [name]
could not execute statement [(conn=92) Duplicate entry 'dup5' for key 'name'] [insert into users (name) values (?) returning user_id]; SQL [insert into users (name) values (?) returning user_id]; constraint [name]
could not execute statement [(conn=84) Duplicate entry 'dup5' for key 'name'] [insert into users (name) values (?) returning user_id]; SQL [insert into users (name) values (?) returning user_id]; constraint [name]
could not execute statement [(conn=88) Duplicate entry 'dup5' for key 'name'] [insert into users (name) values (?) returning user_id]; SQL [insert into users (name) values (?) returning user_id]; constraint [name]
could not execute statement [(conn=89) Duplicate entry 'dup5' for key 'name'] [insert into users (name) values (?) returning user_id]; SQL [insert into users (name) values (?) returning user_id]; constraint [name]
could not execute statement [(conn=86) Duplicate entry 'dup5' for key 'name'] [insert into users (name) values (?) returning user_id]; SQL [insert into users (name) values (?) returning user_id]; constraint [name]
Hibernate: insert into users (name) values (?) returning user_id
2024-07-05T19:14:36.957+09:00  WARN 10616 --- [boardPrac] [ol-2-thread-806] o.m.jdbc.message.server.ErrorPacket      : Error: 1062-23000: Duplicate entry 'dup5' for key 'name'
2024-07-05T19:14:36.957+09:00  WARN 10616 --- [boardPrac] [ol-2-thread-807] o.m.jdbc.message.server.ErrorPacket      : Error: 1062-23000: Duplicate entry 'dup5' for key 'name'
2024-07-05T19:14:36.957+09:00  WARN 10616 --- [boardPrac] [ol-2-thread-806] o.h.engine.jdbc.spi.SqlExceptionHelper   : SQL Error: 1062, SQLState: 23000
2024-07-05T19:14:36.957+09:00 ERROR 10616 --- [boardPrac] [ol-2-thread-806] o.h.engine.jdbc.spi.SqlExceptionHelper   : (conn=85) Duplicate entry 'dup5' for key 'name'
2024-07-05T19:14:36.957+09:00  WARN 10616 --- [boardPrac] [ol-2-thread-807] o.h.engine.jdbc.spi.SqlExceptionHelper   : SQL Error: 1062, SQLState: 23000
2024-07-05T19:14:36.958+09:00  WARN 10616 --- [boardPrac] [ol-2-thread-808] o.m.jdbc.message.server.ErrorPacket      : Error: 1062-23000: Duplicate entry 'dup5' for key 'name'
2024-07-05T19:14:36.958+09:00 ERROR 10616 --- [boardPrac] [ol-2-thread-807] o.h.engine.jdbc.spi.SqlExceptionHelper   : (conn=90) Duplicate entry 'dup5' for key 'name'
2024-07-05T19:14:36.958+09:00  WARN 10616 --- [boardPrac] [ol-2-thread-808] o.h.engine.jdbc.spi.SqlExceptionHelper   : SQL Error: 1062, SQLState: 23000
2024-07-05T19:14:36.958+09:00 ERROR 10616 --- [boardPrac] [ol-2-thread-808] o.h.engine.jdbc.spi.SqlExceptionHelper   : (conn=87) Duplicate entry 'dup5' for key 'name'
Hibernate: insert into users (name) values (?) returning user_id
Hibernate: insert into users (name) values (?) returning user_id
Hibernate: insert into users (name) values (?) returning user_id
Hibernate: insert into users (name) values (?) returning user_id
Hibernate: insert into users (name) values (?) returning user_id
Hibernate: insert into users (name) values (?) returning user_id
2024-07-05T19:14:36.959+09:00  WARN 10616 --- [boardPrac] [ol-2-thread-810] o.m.jdbc.message.server.ErrorPacket      : Error: 1062-23000: Duplicate entry 'dup5' for key 'name'
2024-07-05T19:14:36.959+09:00  WARN 10616 --- [boardPrac] [ol-2-thread-809] o.m.jdbc.message.server.ErrorPacket      : Error: 1062-23000: Duplicate entry 'dup5' for key 'name'
2024-07-05T19:14:36.959+09:00  WARN 10616 --- [boardPrac] [ol-2-thread-810] o.h.engine.jdbc.spi.SqlExceptionHelper   : SQL Error: 1062, SQLState: 23000
2024-07-05T19:14:36.959+09:00  WARN 10616 --- [boardPrac] [ol-2-thread-809] o.h.engine.jdbc.spi.SqlExceptionHelper   : SQL Error: 1062, SQLState: 23000
2024-07-05T19:14:36.959+09:00 ERROR 10616 --- [boardPrac] [ol-2-thread-809] o.h.engine.jdbc.spi.SqlExceptionHelper   : (conn=91) Duplicate entry 'dup5' for key 'name'
2024-07-05T19:14:36.959+09:00 ERROR 10616 --- [boardPrac] [ol-2-thread-810] o.h.engine.jdbc.spi.SqlExceptionHelper   : (conn=93) Duplicate entry 'dup5' for key 'name'
2024-07-05T19:14:36.959+09:00  WARN 10616 --- [boardPrac] [ol-2-thread-815] o.m.jdbc.message.server.ErrorPacket      : Error: 1062-23000: Duplicate entry 'dup5' for key 'name'
2024-07-05T19:14:36.960+09:00  WARN 10616 --- [boardPrac] [ol-2-thread-815] o.h.engine.jdbc.spi.SqlExceptionHelper   : SQL Error: 1062, SQLState: 23000
2024-07-05T19:14:36.960+09:00  WARN 10616 --- [boardPrac] [ol-2-thread-811] o.m.jdbc.message.server.ErrorPacket      : Error: 1062-23000: Duplicate entry 'dup5' for key 'name'
2024-07-05T19:14:36.960+09:00 ERROR 10616 --- [boardPrac] [ol-2-thread-815] o.h.engine.jdbc.spi.SqlExceptionHelper   : (conn=86) Duplicate entry 'dup5' for key 'name'
2024-07-05T19:14:36.960+09:00  WARN 10616 --- [boardPrac] [ol-2-thread-812] o.m.jdbc.message.server.ErrorPacket      : Error: 1062-23000: Duplicate entry 'dup5' for key 'name'
2024-07-05T19:14:36.960+09:00  WARN 10616 --- [boardPrac] [ol-2-thread-811] o.h.engine.jdbc.spi.SqlExceptionHelper   : SQL Error: 1062, SQLState: 23000
2024-07-05T19:14:36.960+09:00 ERROR 10616 --- [boardPrac] [ol-2-thread-811] o.h.engine.jdbc.spi.SqlExceptionHelper   : (conn=92) Duplicate entry 'dup5' for key 'name'
2024-07-05T19:14:36.960+09:00  WARN 10616 --- [boardPrac] [ol-2-thread-814] o.m.jdbc.message.server.ErrorPacket      : Error: 1062-23000: Duplicate entry 'dup5' for key 'name'
2024-07-05T19:14:36.960+09:00  WARN 10616 --- [boardPrac] [ol-2-thread-813] o.m.jdbc.message.server.ErrorPacket      : Error: 1062-23000: Duplicate entry 'dup5' for key 'name'
2024-07-05T19:14:36.960+09:00  WARN 10616 --- [boardPrac] [ol-2-thread-812] o.h.engine.jdbc.spi.SqlExceptionHelper   : SQL Error: 1062, SQLState: 23000
2024-07-05T19:14:36.960+09:00 ERROR 10616 --- [boardPrac] [ol-2-thread-812] o.h.engine.jdbc.spi.SqlExceptionHelper   : (conn=84) Duplicate entry 'dup5' for key 'name'
2024-07-05T19:14:36.960+09:00  WARN 10616 --- [boardPrac] [ol-2-thread-814] o.h.engine.jdbc.spi.SqlExceptionHelper   : SQL Error: 1062, SQLState: 23000
2024-07-05T19:14:36.960+09:00  WARN 10616 --- [boardPrac] [ol-2-thread-813] o.h.engine.jdbc.spi.SqlExceptionHelper   : SQL Error: 1062, SQLState: 23000
2024-07-05T19:14:36.960+09:00 ERROR 10616 --- [boardPrac] [ol-2-thread-814] o.h.engine.jdbc.spi.SqlExceptionHelper   : (conn=88) Duplicate entry 'dup5' for key 'name'
2024-07-05T19:14:36.960+09:00 ERROR 10616 --- [boardPrac] [ol-2-thread-813] o.h.engine.jdbc.spi.SqlExceptionHelper   : (conn=89) Duplicate entry 'dup5' for key 'name'
could not execute statement [(conn=85) Duplicate entry 'dup5' for key 'name'] [insert into users (name) values (?) returning user_id]; SQL [insert into users (name) values (?) returning user_id]; constraint [name]
could not execute statement [(conn=90) Duplicate entry 'dup5' for key 'name'] [insert into users (name) values (?) returning user_id]; SQL [insert into users (name) values (?) returning user_id]; constraint [name]
could not execute statement [(conn=87) Duplicate entry 'dup5' for key 'name'] [insert into users (name) values (?) returning user_id]; SQL [insert into users (name) values (?) returning user_id]; constraint [name]
could not execute statement [(conn=93) Duplicate entry 'dup5' for key 'name'] [insert into users (name) values (?) returning user_id]; SQL [insert into users (name) values (?) returning user_id]; constraint [name]
Hibernate: insert into users (name) values (?) returning user_id
could not execute statement [(conn=91) Duplicate entry 'dup5' for key 'name'] [insert into users (name) values (?) returning user_id]; SQL [insert into users (name) values (?) returning user_id]; constraint [name]
Hibernate: insert into users (name) values (?) returning user_id
Hibernate: insert into users (name) values (?) returning user_id
could not execute statement [(conn=84) Duplicate entry 'dup5' for key 'name'] [insert into users (name) values (?) returning user_id]; SQL [insert into users (name) values (?) returning user_id]; constraint [name]
could not execute statement [(conn=88) Duplicate entry 'dup5' for key 'name'] [insert into users (name) values (?) returning user_id]; SQL [insert into users (name) values (?) returning user_id]; constraint [name]
could not execute statement [(conn=86) Duplicate entry 'dup5' for key 'name'] [insert into users (name) values (?) returning user_id]; SQL [insert into users (name) values (?) returning user_id]; constraint [name]
could not execute statement [(conn=92) Duplicate entry 'dup5' for key 'name'] [insert into users (name) values (?) returning user_id]; SQL [insert into users (name) values (?) returning user_id]; constraint [name]
Hibernate: insert into users (name) values (?) returning user_id
Hibernate: insert into users (name) values (?) returning user_id
2024-07-05T19:14:36.963+09:00  WARN 10616 --- [boardPrac] [ol-2-thread-816] o.m.jdbc.message.server.ErrorPacket      : Error: 1062-23000: Duplicate entry 'dup5' for key 'name'
could not execute statement [(conn=89) Duplicate entry 'dup5' for key 'name'] [insert into users (name) values (?) returning user_id]; SQL [insert into users (name) values (?) returning user_id]; constraint [name]
2024-07-05T19:14:36.964+09:00  WARN 10616 --- [boardPrac] [ol-2-thread-817] o.m.jdbc.message.server.ErrorPacket      : Error: 1062-23000: Duplicate entry 'dup5' for key 'name'
2024-07-05T19:14:36.964+09:00  WARN 10616 --- [boardPrac] [ol-2-thread-818] o.m.jdbc.message.server.ErrorPacket      : Error: 1062-23000: Duplicate entry 'dup5' for key 'name'
2024-07-05T19:14:36.964+09:00  WARN 10616 --- [boardPrac] [ol-2-thread-816] o.h.engine.jdbc.spi.SqlExceptionHelper   : SQL Error: 1062, SQLState: 23000
2024-07-05T19:14:36.964+09:00  WARN 10616 --- [boardPrac] [ol-2-thread-817] o.h.engine.jdbc.spi.SqlExceptionHelper   : SQL Error: 1062, SQLState: 23000
2024-07-05T19:14:36.964+09:00 ERROR 10616 --- [boardPrac] [ol-2-thread-816] o.h.engine.jdbc.spi.SqlExceptionHelper   : (conn=85) Duplicate entry 'dup5' for key 'name'
2024-07-05T19:14:36.964+09:00  WARN 10616 --- [boardPrac] [ol-2-thread-818] o.h.engine.jdbc.spi.SqlExceptionHelper   : SQL Error: 1062, SQLState: 23000
2024-07-05T19:14:36.964+09:00 ERROR 10616 --- [boardPrac] [ol-2-thread-817] o.h.engine.jdbc.spi.SqlExceptionHelper   : (conn=90) Duplicate entry 'dup5' for key 'name'
2024-07-05T19:14:36.964+09:00 ERROR 10616 --- [boardPrac] [ol-2-thread-818] o.h.engine.jdbc.spi.SqlExceptionHelper   : (conn=87) Duplicate entry 'dup5' for key 'name'
Hibernate: insert into users (name) values (?) returning user_id
Hibernate: insert into users (name) values (?) returning user_id
Hibernate: insert into users (name) values (?) returning user_id
Hibernate: insert into users (name) values (?) returning user_id
2024-07-05T19:14:36.966+09:00  WARN 10616 --- [boardPrac] [ol-2-thread-819] o.m.jdbc.message.server.ErrorPacket      : Error: 1062-23000: Duplicate entry 'dup5' for key 'name'
2024-07-05T19:14:36.966+09:00  WARN 10616 --- [boardPrac] [ol-2-thread-819] o.h.engine.jdbc.spi.SqlExceptionHelper   : SQL Error: 1062, SQLState: 23000
2024-07-05T19:14:36.966+09:00 ERROR 10616 --- [boardPrac] [ol-2-thread-819] o.h.engine.jdbc.spi.SqlExceptionHelper   : (conn=93) Duplicate entry 'dup5' for key 'name'
2024-07-05T19:14:36.966+09:00  WARN 10616 --- [boardPrac] [ol-2-thread-820] o.m.jdbc.message.server.ErrorPacket      : Error: 1062-23000: Duplicate entry 'dup5' for key 'name'
Hibernate: insert into users (name) values (?) returning user_id
2024-07-05T19:14:36.966+09:00  WARN 10616 --- [boardPrac] [ol-2-thread-820] o.h.engine.jdbc.spi.SqlExceptionHelper   : SQL Error: 1062, SQLState: 23000
2024-07-05T19:14:36.966+09:00 ERROR 10616 --- [boardPrac] [ol-2-thread-820] o.h.engine.jdbc.spi.SqlExceptionHelper   : (conn=91) Duplicate entry 'dup5' for key 'name'
could not execute statement [(conn=87) Duplicate entry 'dup5' for key 'name'] [insert into users (name) values (?) returning user_id]; SQL [insert into users (name) values (?) returning user_id]; constraint [name]
could not execute statement [(conn=85) Duplicate entry 'dup5' for key 'name'] [insert into users (name) values (?) returning user_id]; SQL [insert into users (name) values (?) returning user_id]; constraint [name]
2024-07-05T19:14:36.968+09:00  WARN 10616 --- [boardPrac] [ol-2-thread-821] o.m.jdbc.message.server.ErrorPacket      : Error: 1062-23000: Duplicate entry 'dup5' for key 'name'
2024-07-05T19:14:36.968+09:00  WARN 10616 --- [boardPrac] [ol-2-thread-823] o.m.jdbc.message.server.ErrorPacket      : Error: 1062-23000: Duplicate entry 'dup5' for key 'name'
2024-07-05T19:14:36.968+09:00  WARN 10616 --- [boardPrac] [ol-2-thread-822] o.m.jdbc.message.server.ErrorPacket      : Error: 1062-23000: Duplicate entry 'dup5' for key 'name'
2024-07-05T19:14:36.968+09:00  WARN 10616 --- [boardPrac] [ol-2-thread-824] o.m.jdbc.message.server.ErrorPacket      : Error: 1062-23000: Duplicate entry 'dup5' for key 'name'
2024-07-05T19:14:36.968+09:00  WARN 10616 --- [boardPrac] [ol-2-thread-821] o.h.engine.jdbc.spi.SqlExceptionHelper   : SQL Error: 1062, SQLState: 23000
2024-07-05T19:14:36.968+09:00  WARN 10616 --- [boardPrac] [ol-2-thread-823] o.h.engine.jdbc.spi.SqlExceptionHelper   : SQL Error: 1062, SQLState: 23000
could not execute statement [(conn=90) Duplicate entry 'dup5' for key 'name'] [insert into users (name) values (?) returning user_id]; SQL [insert into users (name) values (?) returning user_id]; constraint [name]
2024-07-05T19:14:36.968+09:00  WARN 10616 --- [boardPrac] [ol-2-thread-822] o.h.engine.jdbc.spi.SqlExceptionHelper   : SQL Error: 1062, SQLState: 23000
2024-07-05T19:14:36.968+09:00  WARN 10616 --- [boardPrac] [ol-2-thread-824] o.h.engine.jdbc.spi.SqlExceptionHelper   : SQL Error: 1062, SQLState: 23000
2024-07-05T19:14:36.968+09:00 ERROR 10616 --- [boardPrac] [ol-2-thread-823] o.h.engine.jdbc.spi.SqlExceptionHelper   : (conn=86) Duplicate entry 'dup5' for key 'name'
2024-07-05T19:14:36.968+09:00 ERROR 10616 --- [boardPrac] [ol-2-thread-821] o.h.engine.jdbc.spi.SqlExceptionHelper   : (conn=84) Duplicate entry 'dup5' for key 'name'
2024-07-05T19:14:36.968+09:00 ERROR 10616 --- [boardPrac] [ol-2-thread-822] o.h.engine.jdbc.spi.SqlExceptionHelper   : (conn=88) Duplicate entry 'dup5' for key 'name'
2024-07-05T19:14:36.968+09:00 ERROR 10616 --- [boardPrac] [ol-2-thread-824] o.h.engine.jdbc.spi.SqlExceptionHelper   : (conn=92) Duplicate entry 'dup5' for key 'name'
2024-07-05T19:14:36.968+09:00  WARN 10616 --- [boardPrac] [ol-2-thread-825] o.m.jdbc.message.server.ErrorPacket      : Error: 1062-23000: Duplicate entry 'dup5' for key 'name'
2024-07-05T19:14:36.968+09:00  WARN 10616 --- [boardPrac] [ol-2-thread-825] o.h.engine.jdbc.spi.SqlExceptionHelper   : SQL Error: 1062, SQLState: 23000
2024-07-05T19:14:36.968+09:00 ERROR 10616 --- [boardPrac] [ol-2-thread-825] o.h.engine.jdbc.spi.SqlExceptionHelper   : (conn=89) Duplicate entry 'dup5' for key 'name'
Hibernate: insert into users (name) values (?) returning user_id
Hibernate: insert into users (name) values (?) returning user_id
could not execute statement [(conn=91) Duplicate entry 'dup5' for key 'name'] [insert into users (name) values (?) returning user_id]; SQL [insert into users (name) values (?) returning user_id]; constraint [name]
Hibernate: insert into users (name) values (?) returning user_id
could not execute statement [(conn=93) Duplicate entry 'dup5' for key 'name'] [insert into users (name) values (?) returning user_id]; SQL [insert into users (name) values (?) returning user_id]; constraint [name]
could not execute statement [(conn=88) Duplicate entry 'dup5' for key 'name'] [insert into users (name) values (?) returning user_id]; SQL [insert into users (name) values (?) returning user_id]; constraint [name]
could not execute statement [(conn=86) Duplicate entry 'dup5' for key 'name'] [insert into users (name) values (?) returning user_id]; SQL [insert into users (name) values (?) returning user_id]; constraint [name]
could not execute statement [(conn=92) Duplicate entry 'dup5' for key 'name'] [insert into users (name) values (?) returning user_id]; SQL [insert into users (name) values (?) returning user_id]; constraint [name]
Hibernate: insert into users (name) values (?) returning user_id
2024-07-05T19:14:36.971+09:00  WARN 10616 --- [boardPrac] [ol-2-thread-826] o.m.jdbc.message.server.ErrorPacket      : Error: 1062-23000: Duplicate entry 'dup5' for key 'name'
2024-07-05T19:14:36.971+09:00  WARN 10616 --- [boardPrac] [ol-2-thread-827] o.m.jdbc.message.server.ErrorPacket      : Error: 1062-23000: Duplicate entry 'dup5' for key 'name'
2024-07-05T19:14:36.971+09:00  WARN 10616 --- [boardPrac] [ol-2-thread-828] o.m.jdbc.message.server.ErrorPacket      : Error: 1062-23000: Duplicate entry 'dup5' for key 'name'
2024-07-05T19:14:36.971+09:00  WARN 10616 --- [boardPrac] [ol-2-thread-828] o.h.engine.jdbc.spi.SqlExceptionHelper   : SQL Error: 1062, SQLState: 23000
2024-07-05T19:14:36.971+09:00  WARN 10616 --- [boardPrac] [ol-2-thread-827] o.h.engine.jdbc.spi.SqlExceptionHelper   : SQL Error: 1062, SQLState: 23000
2024-07-05T19:14:36.971+09:00 ERROR 10616 --- [boardPrac] [ol-2-thread-828] o.h.engine.jdbc.spi.SqlExceptionHelper   : (conn=90) Duplicate entry 'dup5' for key 'name'
2024-07-05T19:14:36.971+09:00 ERROR 10616 --- [boardPrac] [ol-2-thread-827] o.h.engine.jdbc.spi.SqlExceptionHelper   : (conn=85) Duplicate entry 'dup5' for key 'name'
2024-07-05T19:14:36.971+09:00  WARN 10616 --- [boardPrac] [ol-2-thread-826] o.h.engine.jdbc.spi.SqlExceptionHelper   : SQL Error: 1062, SQLState: 23000
2024-07-05T19:14:36.971+09:00 ERROR 10616 --- [boardPrac] [ol-2-thread-826] o.h.engine.jdbc.spi.SqlExceptionHelper   : (conn=87) Duplicate entry 'dup5' for key 'name'
could not execute statement [(conn=84) Duplicate entry 'dup5' for key 'name'] [insert into users (name) values (?) returning user_id]; SQL [insert into users (name) values (?) returning user_id]; constraint [name]
Hibernate: insert into users (name) values (?) returning user_id
could not execute statement [(conn=89) Duplicate entry 'dup5' for key 'name'] [insert into users (name) values (?) returning user_id]; SQL [insert into users (name) values (?) returning user_id]; constraint [name]
Hibernate: insert into users (name) values (?) returning user_id
Hibernate: insert into users (name) values (?) returning user_id
2024-07-05T19:14:36.973+09:00  WARN 10616 --- [boardPrac] [ol-2-thread-829] o.m.jdbc.message.server.ErrorPacket      : Error: 1062-23000: Duplicate entry 'dup5' for key 'name'
Hibernate: insert into users (name) values (?) returning user_id
2024-07-05T19:14:36.973+09:00  WARN 10616 --- [boardPrac] [ol-2-thread-829] o.h.engine.jdbc.spi.SqlExceptionHelper   : SQL Error: 1062, SQLState: 23000
2024-07-05T19:14:36.973+09:00 ERROR 10616 --- [boardPrac] [ol-2-thread-829] o.h.engine.jdbc.spi.SqlExceptionHelper   : (conn=91) Duplicate entry 'dup5' for key 'name'
Hibernate: insert into users (name) values (?) returning user_id
2024-07-05T19:14:36.973+09:00  WARN 10616 --- [boardPrac] [ol-2-thread-830] o.m.jdbc.message.server.ErrorPacket      : Error: 1062-23000: Duplicate entry 'dup5' for key 'name'
2024-07-05T19:14:36.973+09:00  WARN 10616 --- [boardPrac] [ol-2-thread-831] o.m.jdbc.message.server.ErrorPacket      : Error: 1062-23000: Duplicate entry 'dup5' for key 'name'
2024-07-05T19:14:36.973+09:00  WARN 10616 --- [boardPrac] [ol-2-thread-830] o.h.engine.jdbc.spi.SqlExceptionHelper   : SQL Error: 1062, SQLState: 23000
2024-07-05T19:14:36.973+09:00 ERROR 10616 --- [boardPrac] [ol-2-thread-830] o.h.engine.jdbc.spi.SqlExceptionHelper   : (conn=93) Duplicate entry 'dup5' for key 'name'
2024-07-05T19:14:36.973+09:00  WARN 10616 --- [boardPrac] [ol-2-thread-831] o.h.engine.jdbc.spi.SqlExceptionHelper   : SQL Error: 1062, SQLState: 23000
2024-07-05T19:14:36.973+09:00 ERROR 10616 --- [boardPrac] [ol-2-thread-831] o.h.engine.jdbc.spi.SqlExceptionHelper   : (conn=88) Duplicate entry 'dup5' for key 'name'
Hibernate: insert into users (name) values (?) returning user_id
could not execute statement [(conn=90) Duplicate entry 'dup5' for key 'name'] [insert into users (name) values (?) returning user_id]; SQL [insert into users (name) values (?) returning user_id]; constraint [name]
could not execute statement [(conn=87) Duplicate entry 'dup5' for key 'name'] [insert into users (name) values (?) returning user_id]; SQL [insert into users (name) values (?) returning user_id]; constraint [name]
could not execute statement [(conn=85) Duplicate entry 'dup5' for key 'name'] [insert into users (name) values (?) returning user_id]; SQL [insert into users (name) values (?) returning user_id]; constraint [name]
2024-07-05T19:14:36.974+09:00  WARN 10616 --- [boardPrac] [ol-2-thread-834] o.m.jdbc.message.server.ErrorPacket      : Error: 1062-23000: Duplicate entry 'dup5' for key 'name'
2024-07-05T19:14:36.974+09:00  WARN 10616 --- [boardPrac] [ol-2-thread-832] o.m.jdbc.message.server.ErrorPacket      : Error: 1062-23000: Duplicate entry 'dup5' for key 'name'
2024-07-05T19:14:36.974+09:00  WARN 10616 --- [boardPrac] [ol-2-thread-834] o.h.engine.jdbc.spi.SqlExceptionHelper   : SQL Error: 1062, SQLState: 23000
2024-07-05T19:14:36.974+09:00  WARN 10616 --- [boardPrac] [ol-2-thread-832] o.h.engine.jdbc.spi.SqlExceptionHelper   : SQL Error: 1062, SQLState: 23000
2024-07-05T19:14:36.975+09:00 ERROR 10616 --- [boardPrac] [ol-2-thread-834] o.h.engine.jdbc.spi.SqlExceptionHelper   : (conn=84) Duplicate entry 'dup5' for key 'name'
2024-07-05T19:14:36.975+09:00 ERROR 10616 --- [boardPrac] [ol-2-thread-832] o.h.engine.jdbc.spi.SqlExceptionHelper   : (conn=92) Duplicate entry 'dup5' for key 'name'
2024-07-05T19:14:36.975+09:00  WARN 10616 --- [boardPrac] [ol-2-thread-835] o.m.jdbc.message.server.ErrorPacket      : Error: 1062-23000: Duplicate entry 'dup5' for key 'name'
2024-07-05T19:14:36.975+09:00  WARN 10616 --- [boardPrac] [ol-2-thread-833] o.m.jdbc.message.server.ErrorPacket      : Error: 1062-23000: Duplicate entry 'dup5' for key 'name'
2024-07-05T19:14:36.975+09:00  WARN 10616 --- [boardPrac] [ol-2-thread-835] o.h.engine.jdbc.spi.SqlExceptionHelper   : SQL Error: 1062, SQLState: 23000
2024-07-05T19:14:36.975+09:00 ERROR 10616 --- [boardPrac] [ol-2-thread-835] o.h.engine.jdbc.spi.SqlExceptionHelper   : (conn=89) Duplicate entry 'dup5' for key 'name'
2024-07-05T19:14:36.975+09:00  WARN 10616 --- [boardPrac] [ol-2-thread-833] o.h.engine.jdbc.spi.SqlExceptionHelper   : SQL Error: 1062, SQLState: 23000
2024-07-05T19:14:36.975+09:00 ERROR 10616 --- [boardPrac] [ol-2-thread-833] o.h.engine.jdbc.spi.SqlExceptionHelper   : (conn=86) Duplicate entry 'dup5' for key 'name'
could not execute statement [(conn=91) Duplicate entry 'dup5' for key 'name'] [insert into users (name) values (?) returning user_id]; SQL [insert into users (name) values (?) returning user_id]; constraint [name]
Hibernate: insert into users (name) values (?) returning user_id
Hibernate: insert into users (name) values (?) returning user_id
Hibernate: insert into users (name) values (?) returning user_id
could not execute statement [(conn=88) Duplicate entry 'dup5' for key 'name'] [insert into users (name) values (?) returning user_id]; SQL [insert into users (name) values (?) returning user_id]; constraint [name]
could not execute statement [(conn=93) Duplicate entry 'dup5' for key 'name'] [insert into users (name) values (?) returning user_id]; SQL [insert into users (name) values (?) returning user_id]; constraint [name]
could not execute statement [(conn=84) Duplicate entry 'dup5' for key 'name'] [insert into users (name) values (?) returning user_id]; SQL [insert into users (name) values (?) returning user_id]; constraint [name]
could not execute statement [(conn=92) Duplicate entry 'dup5' for key 'name'] [insert into users (name) values (?) returning user_id]; SQL [insert into users (name) values (?) returning user_id]; constraint [name]
2024-07-05T19:14:36.977+09:00  WARN 10616 --- [boardPrac] [ol-2-thread-838] o.m.jdbc.message.server.ErrorPacket      : Error: 1062-23000: Duplicate entry 'dup5' for key 'name'
2024-07-05T19:14:36.978+09:00  WARN 10616 --- [boardPrac] [ol-2-thread-836] o.m.jdbc.message.server.ErrorPacket      : Error: 1062-23000: Duplicate entry 'dup5' for key 'name'
Hibernate: insert into users (name) values (?) returning user_id
2024-07-05T19:14:36.978+09:00  WARN 10616 --- [boardPrac] [ol-2-thread-838] o.h.engine.jdbc.spi.SqlExceptionHelper   : SQL Error: 1062, SQLState: 23000
2024-07-05T19:14:36.978+09:00 ERROR 10616 --- [boardPrac] [ol-2-thread-838] o.h.engine.jdbc.spi.SqlExceptionHelper   : (conn=85) Duplicate entry 'dup5' for key 'name'
2024-07-05T19:14:36.978+09:00  WARN 10616 --- [boardPrac] [ol-2-thread-836] o.h.engine.jdbc.spi.SqlExceptionHelper   : SQL Error: 1062, SQLState: 23000
2024-07-05T19:14:36.978+09:00 ERROR 10616 --- [boardPrac] [ol-2-thread-836] o.h.engine.jdbc.spi.SqlExceptionHelper   : (conn=90) Duplicate entry 'dup5' for key 'name'
could not execute statement [(conn=89) Duplicate entry 'dup5' for key 'name'] [insert into users (name) values (?) returning user_id]; SQL [insert into users (name) values (?) returning user_id]; constraint [name]
Hibernate: insert into users (name) values (?) returning user_id
2024-07-05T19:14:36.978+09:00  WARN 10616 --- [boardPrac] [ol-2-thread-837] o.m.jdbc.message.server.ErrorPacket      : Error: 1062-23000: Duplicate entry 'dup5' for key 'name'
could not execute statement [(conn=86) Duplicate entry 'dup5' for key 'name'] [insert into users (name) values (?) returning user_id]; SQL [insert into users (name) values (?) returning user_id]; constraint [name]
2024-07-05T19:14:36.978+09:00  WARN 10616 --- [boardPrac] [ol-2-thread-837] o.h.engine.jdbc.spi.SqlExceptionHelper   : SQL Error: 1062, SQLState: 23000
2024-07-05T19:14:36.978+09:00 ERROR 10616 --- [boardPrac] [ol-2-thread-837] o.h.engine.jdbc.spi.SqlExceptionHelper   : (conn=87) Duplicate entry 'dup5' for key 'name'
Hibernate: insert into users (name) values (?) returning user_id
Hibernate: insert into users (name) values (?) returning user_id
Hibernate: insert into users (name) values (?) returning user_id
2024-07-05T19:14:36.979+09:00  WARN 10616 --- [boardPrac] [ol-2-thread-839] o.m.jdbc.message.server.ErrorPacket      : Error: 1062-23000: Duplicate entry 'dup5' for key 'name'
2024-07-05T19:14:36.979+09:00  WARN 10616 --- [boardPrac] [ol-2-thread-839] o.h.engine.jdbc.spi.SqlExceptionHelper   : SQL Error: 1062, SQLState: 23000
2024-07-05T19:14:36.979+09:00 ERROR 10616 --- [boardPrac] [ol-2-thread-839] o.h.engine.jdbc.spi.SqlExceptionHelper   : (conn=91) Duplicate entry 'dup5' for key 'name'
Hibernate: insert into users (name) values (?) returning user_id
Hibernate: insert into users (name) values (?) returning user_id
2024-07-05T19:14:36.980+09:00  WARN 10616 --- [boardPrac] [ol-2-thread-840] o.m.jdbc.message.server.ErrorPacket      : Error: 1062-23000: Duplicate entry 'dup5' for key 'name'
2024-07-05T19:14:36.980+09:00  WARN 10616 --- [boardPrac] [ol-2-thread-841] o.m.jdbc.message.server.ErrorPacket      : Error: 1062-23000: Duplicate entry 'dup5' for key 'name'
2024-07-05T19:14:36.980+09:00  WARN 10616 --- [boardPrac] [ol-2-thread-840] o.h.engine.jdbc.spi.SqlExceptionHelper   : SQL Error: 1062, SQLState: 23000
2024-07-05T19:14:36.980+09:00 ERROR 10616 --- [boardPrac] [ol-2-thread-840] o.h.engine.jdbc.spi.SqlExceptionHelper   : (conn=93) Duplicate entry 'dup5' for key 'name'
2024-07-05T19:14:36.980+09:00  WARN 10616 --- [boardPrac] [ol-2-thread-841] o.h.engine.jdbc.spi.SqlExceptionHelper   : SQL Error: 1062, SQLState: 23000
2024-07-05T19:14:36.980+09:00 ERROR 10616 --- [boardPrac] [ol-2-thread-841] o.h.engine.jdbc.spi.SqlExceptionHelper   : (conn=88) Duplicate entry 'dup5' for key 'name'
2024-07-05T19:14:36.981+09:00  WARN 10616 --- [boardPrac] [ol-2-thread-842] o.m.jdbc.message.server.ErrorPacket      : Error: 1062-23000: Duplicate entry 'dup5' for key 'name'
2024-07-05T19:14:36.981+09:00  WARN 10616 --- [boardPrac] [ol-2-thread-845] o.m.jdbc.message.server.ErrorPacket      : Error: 1062-23000: Duplicate entry 'dup5' for key 'name'
2024-07-05T19:14:36.981+09:00  WARN 10616 --- [boardPrac] [ol-2-thread-843] o.m.jdbc.message.server.ErrorPacket      : Error: 1062-23000: Duplicate entry 'dup5' for key 'name'
could not execute statement [(conn=85) Duplicate entry 'dup5' for key 'name'] [insert into users (name) values (?) returning user_id]; SQL [insert into users (name) values (?) returning user_id]; constraint [name]
2024-07-05T19:14:36.981+09:00  WARN 10616 --- [boardPrac] [ol-2-thread-844] o.m.jdbc.message.server.ErrorPacket      : Error: 1062-23000: Duplicate entry 'dup5' for key 'name'
could not execute statement [(conn=90) Duplicate entry 'dup5' for key 'name'] [insert into users (name) values (?) returning user_id]; SQL [insert into users (name) values (?) returning user_id]; constraint [name]
2024-07-05T19:14:36.981+09:00  WARN 10616 --- [boardPrac] [ol-2-thread-845] o.h.engine.jdbc.spi.SqlExceptionHelper   : SQL Error: 1062, SQLState: 23000
2024-07-05T19:14:36.981+09:00  WARN 10616 --- [boardPrac] [ol-2-thread-842] o.h.engine.jdbc.spi.SqlExceptionHelper   : SQL Error: 1062, SQLState: 23000
2024-07-05T19:14:36.982+09:00 ERROR 10616 --- [boardPrac] [ol-2-thread-845] o.h.engine.jdbc.spi.SqlExceptionHelper   : (conn=86) Duplicate entry 'dup5' for key 'name'
could not execute statement [(conn=87) Duplicate entry 'dup5' for key 'name'] [insert into users (name) values (?) returning user_id]; SQL [insert into users (name) values (?) returning user_id]; constraint [name]
2024-07-05T19:14:36.982+09:00  WARN 10616 --- [boardPrac] [ol-2-thread-844] o.h.engine.jdbc.spi.SqlExceptionHelper   : SQL Error: 1062, SQLState: 23000
2024-07-05T19:14:36.982+09:00 ERROR 10616 --- [boardPrac] [ol-2-thread-842] o.h.engine.jdbc.spi.SqlExceptionHelper   : (conn=84) Duplicate entry 'dup5' for key 'name'
2024-07-05T19:14:36.982+09:00  WARN 10616 --- [boardPrac] [ol-2-thread-843] o.h.engine.jdbc.spi.SqlExceptionHelper   : SQL Error: 1062, SQLState: 23000
2024-07-05T19:14:36.982+09:00 ERROR 10616 --- [boardPrac] [ol-2-thread-843] o.h.engine.jdbc.spi.SqlExceptionHelper   : (conn=92) Duplicate entry 'dup5' for key 'name'
2024-07-05T19:14:36.982+09:00 ERROR 10616 --- [boardPrac] [ol-2-thread-844] o.h.engine.jdbc.spi.SqlExceptionHelper   : (conn=89) Duplicate entry 'dup5' for key 'name'
could not execute statement [(conn=91) Duplicate entry 'dup5' for key 'name'] [insert into users (name) values (?) returning user_id]; SQL [insert into users (name) values (?) returning user_id]; constraint [name]
Hibernate: insert into users (name) values (?) returning user_id
could not execute statement [(conn=88) Duplicate entry 'dup5' for key 'name'] [insert into users (name) values (?) returning user_id]; SQL [insert into users (name) values (?) returning user_id]; constraint [name]
could not execute statement [(conn=93) Duplicate entry 'dup5' for key 'name'] [insert into users (name) values (?) returning user_id]; SQL [insert into users (name) values (?) returning user_id]; constraint [name]
Hibernate: insert into users (name) values (?) returning user_id
Hibernate: insert into users (name) values (?) returning user_id
could not execute statement [(conn=89) Duplicate entry 'dup5' for key 'name'] [insert into users (name) values (?) returning user_id]; SQL [insert into users (name) values (?) returning user_id]; constraint [name]
could not execute statement [(conn=86) Duplicate entry 'dup5' for key 'name'] [insert into users (name) values (?) returning user_id]; SQL [insert into users (name) values (?) returning user_id]; constraint [name]
could not execute statement [(conn=92) Duplicate entry 'dup5' for key 'name'] [insert into users (name) values (?) returning user_id]; SQL [insert into users (name) values (?) returning user_id]; constraint [name]
could not execute statement [(conn=84) Duplicate entry 'dup5' for key 'name'] [insert into users (name) values (?) returning user_id]; SQL [insert into users (name) values (?) returning user_id]; constraint [name]
Hibernate: insert into users (name) values (?) returning user_id
Hibernate: insert into users (name) values (?) returning user_id
Hibernate: insert into users (name) values (?) returning user_id
2024-07-05T19:14:36.985+09:00  WARN 10616 --- [boardPrac] [ol-2-thread-846] o.m.jdbc.message.server.ErrorPacket      : Error: 1062-23000: Duplicate entry 'dup5' for key 'name'
2024-07-05T19:14:36.985+09:00  WARN 10616 --- [boardPrac] [ol-2-thread-846] o.h.engine.jdbc.spi.SqlExceptionHelper   : SQL Error: 1062, SQLState: 23000
2024-07-05T19:14:36.985+09:00 ERROR 10616 --- [boardPrac] [ol-2-thread-846] o.h.engine.jdbc.spi.SqlExceptionHelper   : (conn=90) Duplicate entry 'dup5' for key 'name'
2024-07-05T19:14:36.985+09:00  WARN 10616 --- [boardPrac] [ol-2-thread-848] o.m.jdbc.message.server.ErrorPacket      : Error: 1062-23000: Duplicate entry 'dup5' for key 'name'
2024-07-05T19:14:36.986+09:00  WARN 10616 --- [boardPrac] [ol-2-thread-848] o.h.engine.jdbc.spi.SqlExceptionHelper   : SQL Error: 1062, SQLState: 23000
2024-07-05T19:14:36.986+09:00  WARN 10616 --- [boardPrac] [ol-2-thread-847] o.m.jdbc.message.server.ErrorPacket      : Error: 1062-23000: Duplicate entry 'dup5' for key 'name'
2024-07-05T19:14:36.986+09:00 ERROR 10616 --- [boardPrac] [ol-2-thread-848] o.h.engine.jdbc.spi.SqlExceptionHelper   : (conn=87) Duplicate entry 'dup5' for key 'name'
2024-07-05T19:14:36.986+09:00  WARN 10616 --- [boardPrac] [ol-2-thread-847] o.h.engine.jdbc.spi.SqlExceptionHelper   : SQL Error: 1062, SQLState: 23000
2024-07-05T19:14:36.986+09:00 ERROR 10616 --- [boardPrac] [ol-2-thread-847] o.h.engine.jdbc.spi.SqlExceptionHelper   : (conn=85) Duplicate entry 'dup5' for key 'name'
Hibernate: insert into users (name) values (?) returning user_id
Hibernate: insert into users (name) values (?) returning user_id
Hibernate: insert into users (name) values (?) returning user_id
Hibernate: insert into users (name) values (?) returning user_id
2024-07-05T19:14:36.986+09:00  WARN 10616 --- [boardPrac] [ol-2-thread-851] o.m.jdbc.message.server.ErrorPacket      : Error: 1062-23000: Duplicate entry 'dup5' for key 'name'
2024-07-05T19:14:36.986+09:00  WARN 10616 --- [boardPrac] [ol-2-thread-849] o.m.jdbc.message.server.ErrorPacket      : Error: 1062-23000: Duplicate entry 'dup5' for key 'name'
2024-07-05T19:14:36.986+09:00  WARN 10616 --- [boardPrac] [ol-2-thread-850] o.m.jdbc.message.server.ErrorPacket      : Error: 1062-23000: Duplicate entry 'dup5' for key 'name'
2024-07-05T19:14:36.986+09:00  WARN 10616 --- [boardPrac] [ol-2-thread-851] o.h.engine.jdbc.spi.SqlExceptionHelper   : SQL Error: 1062, SQLState: 23000
2024-07-05T19:14:36.986+09:00 ERROR 10616 --- [boardPrac] [ol-2-thread-851] o.h.engine.jdbc.spi.SqlExceptionHelper   : (conn=88) Duplicate entry 'dup5' for key 'name'
2024-07-05T19:14:36.986+09:00  WARN 10616 --- [boardPrac] [ol-2-thread-849] o.h.engine.jdbc.spi.SqlExceptionHelper   : SQL Error: 1062, SQLState: 23000
2024-07-05T19:14:36.986+09:00  WARN 10616 --- [boardPrac] [ol-2-thread-850] o.h.engine.jdbc.spi.SqlExceptionHelper   : SQL Error: 1062, SQLState: 23000
2024-07-05T19:14:36.986+09:00 ERROR 10616 --- [boardPrac] [ol-2-thread-850] o.h.engine.jdbc.spi.SqlExceptionHelper   : (conn=93) Duplicate entry 'dup5' for key 'name'
2024-07-05T19:14:36.986+09:00 ERROR 10616 --- [boardPrac] [ol-2-thread-849] o.h.engine.jdbc.spi.SqlExceptionHelper   : (conn=91) Duplicate entry 'dup5' for key 'name'
2024-07-05T19:14:36.987+09:00  WARN 10616 --- [boardPrac] [ol-2-thread-853] o.m.jdbc.message.server.ErrorPacket      : Error: 1062-23000: Duplicate entry 'dup5' for key 'name'
2024-07-05T19:14:36.987+09:00  WARN 10616 --- [boardPrac] [ol-2-thread-852] o.m.jdbc.message.server.ErrorPacket      : Error: 1062-23000: Duplicate entry 'dup5' for key 'name'
2024-07-05T19:14:36.988+09:00  WARN 10616 --- [boardPrac] [ol-2-thread-853] o.h.engine.jdbc.spi.SqlExceptionHelper   : SQL Error: 1062, SQLState: 23000
2024-07-05T19:14:36.988+09:00 ERROR 10616 --- [boardPrac] [ol-2-thread-853] o.h.engine.jdbc.spi.SqlExceptionHelper   : (conn=86) Duplicate entry 'dup5' for key 'name'
2024-07-05T19:14:36.988+09:00  WARN 10616 --- [boardPrac] [ol-2-thread-854] o.m.jdbc.message.server.ErrorPacket      : Error: 1062-23000: Duplicate entry 'dup5' for key 'name'
2024-07-05T19:14:36.988+09:00  WARN 10616 --- [boardPrac] [ol-2-thread-855] o.m.jdbc.message.server.ErrorPacket      : Error: 1062-23000: Duplicate entry 'dup5' for key 'name'
2024-07-05T19:14:36.988+09:00  WARN 10616 --- [boardPrac] [ol-2-thread-852] o.h.engine.jdbc.spi.SqlExceptionHelper   : SQL Error: 1062, SQLState: 23000
2024-07-05T19:14:36.988+09:00  WARN 10616 --- [boardPrac] [ol-2-thread-854] o.h.engine.jdbc.spi.SqlExceptionHelper   : SQL Error: 1062, SQLState: 23000
2024-07-05T19:14:36.988+09:00 ERROR 10616 --- [boardPrac] [ol-2-thread-852] o.h.engine.jdbc.spi.SqlExceptionHelper   : (conn=89) Duplicate entry 'dup5' for key 'name'
2024-07-05T19:14:36.988+09:00  WARN 10616 --- [boardPrac] [ol-2-thread-855] o.h.engine.jdbc.spi.SqlExceptionHelper   : SQL Error: 1062, SQLState: 23000
2024-07-05T19:14:36.988+09:00 ERROR 10616 --- [boardPrac] [ol-2-thread-854] o.h.engine.jdbc.spi.SqlExceptionHelper   : (conn=92) Duplicate entry 'dup5' for key 'name'
2024-07-05T19:14:36.988+09:00 ERROR 10616 --- [boardPrac] [ol-2-thread-855] o.h.engine.jdbc.spi.SqlExceptionHelper   : (conn=84) Duplicate entry 'dup5' for key 'name'
could not execute statement [(conn=90) Duplicate entry 'dup5' for key 'name'] [insert into users (name) values (?) returning user_id]; SQL [insert into users (name) values (?) returning user_id]; constraint [name]
could not execute statement [(conn=87) Duplicate entry 'dup5' for key 'name'] [insert into users (name) values (?) returning user_id]; SQL [insert into users (name) values (?) returning user_id]; constraint [name]
could not execute statement [(conn=85) Duplicate entry 'dup5' for key 'name'] [insert into users (name) values (?) returning user_id]; SQL [insert into users (name) values (?) returning user_id]; constraint [name]
Hibernate: insert into users (name) values (?) returning user_id
could not execute statement [(conn=91) Duplicate entry 'dup5' for key 'name'] [insert into users (name) values (?) returning user_id]; SQL [insert into users (name) values (?) returning user_id]; constraint [name]
could not execute statement [(conn=93) Duplicate entry 'dup5' for key 'name'] [insert into users (name) values (?) returning user_id]; SQL [insert into users (name) values (?) returning user_id]; constraint [name]
could not execute statement [(conn=88) Duplicate entry 'dup5' for key 'name'] [insert into users (name) values (?) returning user_id]; SQL [insert into users (name) values (?) returning user_id]; constraint [name]
could not execute statement [(conn=92) Duplicate entry 'dup5' for key 'name'] [insert into users (name) values (?) returning user_id]; SQL [insert into users (name) values (?) returning user_id]; constraint [name]
could not execute statement [(conn=84) Duplicate entry 'dup5' for key 'name'] [insert into users (name) values (?) returning user_id]; SQL [insert into users (name) values (?) returning user_id]; constraint [name]
Hibernate: insert into users (name) values (?) returning user_id
2024-07-05T19:14:36.991+09:00  WARN 10616 --- [boardPrac] [ol-2-thread-856] o.m.jdbc.message.server.ErrorPacket      : Error: 1062-23000: Duplicate entry 'dup5' for key 'name'
could not execute statement [(conn=86) Duplicate entry 'dup5' for key 'name'] [insert into users (name) values (?) returning user_id]; SQL [insert into users (name) values (?) returning user_id]; constraint [name]
could not execute statement [(conn=89) Duplicate entry 'dup5' for key 'name'] [insert into users (name) values (?) returning user_id]; SQL [insert into users (name) values (?) returning user_id]; constraint [name]
Hibernate: insert into users (name) values (?) returning user_id
2024-07-05T19:14:36.991+09:00  WARN 10616 --- [boardPrac] [ol-2-thread-856] o.h.engine.jdbc.spi.SqlExceptionHelper   : SQL Error: 1062, SQLState: 23000
2024-07-05T19:14:36.991+09:00 ERROR 10616 --- [boardPrac] [ol-2-thread-856] o.h.engine.jdbc.spi.SqlExceptionHelper   : (conn=90) Duplicate entry 'dup5' for key 'name'
Hibernate: insert into users (name) values (?) returning user_id
Hibernate: insert into users (name) values (?) returning user_id
Hibernate: insert into users (name) values (?) returning user_id
2024-07-05T19:14:36.993+09:00  WARN 10616 --- [boardPrac] [ol-2-thread-859] o.m.jdbc.message.server.ErrorPacket      : Error: 1062-23000: Duplicate entry 'dup5' for key 'name'
Hibernate: insert into users (name) values (?) returning user_id
Hibernate: insert into users (name) values (?) returning user_id
Hibernate: insert into users (name) values (?) returning user_id
Hibernate: insert into users (name) values (?) returning user_id
2024-07-05T19:14:36.993+09:00  WARN 10616 --- [boardPrac] [ol-2-thread-857] o.m.jdbc.message.server.ErrorPacket      : Error: 1062-23000: Duplicate entry 'dup5' for key 'name'
2024-07-05T19:14:36.993+09:00  WARN 10616 --- [boardPrac] [ol-2-thread-859] o.h.engine.jdbc.spi.SqlExceptionHelper   : SQL Error: 1062, SQLState: 23000
2024-07-05T19:14:36.993+09:00  WARN 10616 --- [boardPrac] [ol-2-thread-857] o.h.engine.jdbc.spi.SqlExceptionHelper   : SQL Error: 1062, SQLState: 23000
2024-07-05T19:14:36.993+09:00 ERROR 10616 --- [boardPrac] [ol-2-thread-859] o.h.engine.jdbc.spi.SqlExceptionHelper   : (conn=91) Duplicate entry 'dup5' for key 'name'
2024-07-05T19:14:36.993+09:00 ERROR 10616 --- [boardPrac] [ol-2-thread-857] o.h.engine.jdbc.spi.SqlExceptionHelper   : (conn=87) Duplicate entry 'dup5' for key 'name'
2024-07-05T19:14:36.993+09:00  WARN 10616 --- [boardPrac] [ol-2-thread-860] o.m.jdbc.message.server.ErrorPacket      : Error: 1062-23000: Duplicate entry 'dup5' for key 'name'
2024-07-05T19:14:36.993+09:00  WARN 10616 --- [boardPrac] [ol-2-thread-858] o.m.jdbc.message.server.ErrorPacket      : Error: 1062-23000: Duplicate entry 'dup5' for key 'name'
2024-07-05T19:14:36.993+09:00  WARN 10616 --- [boardPrac] [ol-2-thread-858] o.h.engine.jdbc.spi.SqlExceptionHelper   : SQL Error: 1062, SQLState: 23000
2024-07-05T19:14:36.993+09:00  WARN 10616 --- [boardPrac] [ol-2-thread-860] o.h.engine.jdbc.spi.SqlExceptionHelper   : SQL Error: 1062, SQLState: 23000
2024-07-05T19:14:36.993+09:00 ERROR 10616 --- [boardPrac] [ol-2-thread-858] o.h.engine.jdbc.spi.SqlExceptionHelper   : (conn=85) Duplicate entry 'dup5' for key 'name'
2024-07-05T19:14:36.993+09:00 ERROR 10616 --- [boardPrac] [ol-2-thread-860] o.h.engine.jdbc.spi.SqlExceptionHelper   : (conn=93) Duplicate entry 'dup5' for key 'name'
2024-07-05T19:14:36.993+09:00  WARN 10616 --- [boardPrac] [ol-2-thread-861] o.m.jdbc.message.server.ErrorPacket      : Error: 1062-23000: Duplicate entry 'dup5' for key 'name'
2024-07-05T19:14:36.993+09:00  WARN 10616 --- [boardPrac] [ol-2-thread-861] o.h.engine.jdbc.spi.SqlExceptionHelper   : SQL Error: 1062, SQLState: 23000
2024-07-05T19:14:36.993+09:00 ERROR 10616 --- [boardPrac] [ol-2-thread-861] o.h.engine.jdbc.spi.SqlExceptionHelper   : (conn=88) Duplicate entry 'dup5' for key 'name'
2024-07-05T19:14:36.994+09:00  WARN 10616 --- [boardPrac] [ol-2-thread-865] o.m.jdbc.message.server.ErrorPacket      : Error: 1062-23000: Duplicate entry 'dup5' for key 'name'
could not execute statement [(conn=90) Duplicate entry 'dup5' for key 'name'] [insert into users (name) values (?) returning user_id]; SQL [insert into users (name) values (?) returning user_id]; constraint [name]
2024-07-05T19:14:36.994+09:00  WARN 10616 --- [boardPrac] [ol-2-thread-864] o.m.jdbc.message.server.ErrorPacket      : Error: 1062-23000: Duplicate entry 'dup5' for key 'name'
2024-07-05T19:14:36.994+09:00  WARN 10616 --- [boardPrac] [ol-2-thread-862] o.m.jdbc.message.server.ErrorPacket      : Error: 1062-23000: Duplicate entry 'dup5' for key 'name'
2024-07-05T19:14:36.994+09:00  WARN 10616 --- [boardPrac] [ol-2-thread-863] o.m.jdbc.message.server.ErrorPacket      : Error: 1062-23000: Duplicate entry 'dup5' for key 'name'
2024-07-05T19:14:36.995+09:00  WARN 10616 --- [boardPrac] [ol-2-thread-865] o.h.engine.jdbc.spi.SqlExceptionHelper   : SQL Error: 1062, SQLState: 23000
2024-07-05T19:14:36.995+09:00  WARN 10616 --- [boardPrac] [ol-2-thread-864] o.h.engine.jdbc.spi.SqlExceptionHelper   : SQL Error: 1062, SQLState: 23000
2024-07-05T19:14:36.995+09:00  WARN 10616 --- [boardPrac] [ol-2-thread-863] o.h.engine.jdbc.spi.SqlExceptionHelper   : SQL Error: 1062, SQLState: 23000
2024-07-05T19:14:36.995+09:00  WARN 10616 --- [boardPrac] [ol-2-thread-862] o.h.engine.jdbc.spi.SqlExceptionHelper   : SQL Error: 1062, SQLState: 23000
2024-07-05T19:14:36.995+09:00 ERROR 10616 --- [boardPrac] [ol-2-thread-865] o.h.engine.jdbc.spi.SqlExceptionHelper   : (conn=86) Duplicate entry 'dup5' for key 'name'
2024-07-05T19:14:36.995+09:00 ERROR 10616 --- [boardPrac] [ol-2-thread-864] o.h.engine.jdbc.spi.SqlExceptionHelper   : (conn=89) Duplicate entry 'dup5' for key 'name'
2024-07-05T19:14:36.995+09:00 ERROR 10616 --- [boardPrac] [ol-2-thread-862] o.h.engine.jdbc.spi.SqlExceptionHelper   : (conn=92) Duplicate entry 'dup5' for key 'name'
2024-07-05T19:14:36.995+09:00 ERROR 10616 --- [boardPrac] [ol-2-thread-863] o.h.engine.jdbc.spi.SqlExceptionHelper   : (conn=84) Duplicate entry 'dup5' for key 'name'
could not execute statement [(conn=91) Duplicate entry 'dup5' for key 'name'] [insert into users (name) values (?) returning user_id]; SQL [insert into users (name) values (?) returning user_id]; constraint [name]
could not execute statement [(conn=88) Duplicate entry 'dup5' for key 'name'] [insert into users (name) values (?) returning user_id]; SQL [insert into users (name) values (?) returning user_id]; constraint [name]
could not execute statement [(conn=85) Duplicate entry 'dup5' for key 'name'] [insert into users (name) values (?) returning user_id]; SQL [insert into users (name) values (?) returning user_id]; constraint [name]
could not execute statement [(conn=93) Duplicate entry 'dup5' for key 'name'] [insert into users (name) values (?) returning user_id]; SQL [insert into users (name) values (?) returning user_id]; constraint [name]
Hibernate: insert into users (name) values (?) returning user_id
could not execute statement [(conn=87) Duplicate entry 'dup5' for key 'name'] [insert into users (name) values (?) returning user_id]; SQL [insert into users (name) values (?) returning user_id]; constraint [name]
Hibernate: insert into users (name) values (?) returning user_id
Hibernate: insert into users (name) values (?) returning user_id
Hibernate: insert into users (name) values (?) returning user_id
Hibernate: insert into users (name) values (?) returning user_id
2024-07-05T19:14:36.997+09:00  WARN 10616 --- [boardPrac] [ol-2-thread-866] o.m.jdbc.message.server.ErrorPacket      : Error: 1062-23000: Duplicate entry 'dup5' for key 'name'
could not execute statement [(conn=84) Duplicate entry 'dup5' for key 'name'] [insert into users (name) values (?) returning user_id]; SQL [insert into users (name) values (?) returning user_id]; constraint [name]
Hibernate: insert into users (name) values (?) returning user_id
could not execute statement [(conn=86) Duplicate entry 'dup5' for key 'name'] [insert into users (name) values (?) returning user_id]; SQL [insert into users (name) values (?) returning user_id]; constraint [name]
2024-07-05T19:14:36.998+09:00  WARN 10616 --- [boardPrac] [ol-2-thread-866] o.h.engine.jdbc.spi.SqlExceptionHelper   : SQL Error: 1062, SQLState: 23000
2024-07-05T19:14:36.998+09:00 ERROR 10616 --- [boardPrac] [ol-2-thread-866] o.h.engine.jdbc.spi.SqlExceptionHelper   : (conn=90) Duplicate entry 'dup5' for key 'name'
could not execute statement [(conn=92) Duplicate entry 'dup5' for key 'name'] [insert into users (name) values (?) returning user_id]; SQL [insert into users (name) values (?) returning user_id]; constraint [name]
could not execute statement [(conn=89) Duplicate entry 'dup5' for key 'name'] [insert into users (name) values (?) returning user_id]; SQL [insert into users (name) values (?) returning user_id]; constraint [name]
Hibernate: insert into users (name) values (?) returning user_id
2024-07-05T19:14:36.999+09:00  WARN 10616 --- [boardPrac] [ol-2-thread-870] o.m.jdbc.message.server.ErrorPacket      : Error: 1062-23000: Duplicate entry 'dup5' for key 'name'
Hibernate: insert into users (name) values (?) returning user_id
2024-07-05T19:14:36.999+09:00  WARN 10616 --- [boardPrac] [ol-2-thread-867] o.m.jdbc.message.server.ErrorPacket      : Error: 1062-23000: Duplicate entry 'dup5' for key 'name'
Hibernate: insert into users (name) values (?) returning user_id
2024-07-05T19:14:36.999+09:00  WARN 10616 --- [boardPrac] [ol-2-thread-871] o.m.jdbc.message.server.ErrorPacket      : Error: 1062-23000: Duplicate entry 'dup5' for key 'name'
Hibernate: insert into users (name) values (?) returning user_id
2024-07-05T19:14:36.999+09:00  WARN 10616 --- [boardPrac] [ol-2-thread-869] o.m.jdbc.message.server.ErrorPacket      : Error: 1062-23000: Duplicate entry 'dup5' for key 'name'
2024-07-05T19:14:37.000+09:00  WARN 10616 --- [boardPrac] [ol-2-thread-870] o.h.engine.jdbc.spi.SqlExceptionHelper   : SQL Error: 1062, SQLState: 23000
2024-07-05T19:14:37.000+09:00  WARN 10616 --- [boardPrac] [ol-2-thread-867] o.h.engine.jdbc.spi.SqlExceptionHelper   : SQL Error: 1062, SQLState: 23000
2024-07-05T19:14:37.000+09:00  WARN 10616 --- [boardPrac] [ol-2-thread-868] o.m.jdbc.message.server.ErrorPacket      : Error: 1062-23000: Duplicate entry 'dup5' for key 'name'
2024-07-05T19:14:37.000+09:00 ERROR 10616 --- [boardPrac] [ol-2-thread-867] o.h.engine.jdbc.spi.SqlExceptionHelper   : (conn=91) Duplicate entry 'dup5' for key 'name'
2024-07-05T19:14:37.000+09:00  WARN 10616 --- [boardPrac] [ol-2-thread-871] o.h.engine.jdbc.spi.SqlExceptionHelper   : SQL Error: 1062, SQLState: 23000
2024-07-05T19:14:37.000+09:00 ERROR 10616 --- [boardPrac] [ol-2-thread-870] o.h.engine.jdbc.spi.SqlExceptionHelper   : (conn=88) Duplicate entry 'dup5' for key 'name'
2024-07-05T19:14:37.000+09:00 ERROR 10616 --- [boardPrac] [ol-2-thread-871] o.h.engine.jdbc.spi.SqlExceptionHelper   : (conn=87) Duplicate entry 'dup5' for key 'name'
2024-07-05T19:14:37.000+09:00  WARN 10616 --- [boardPrac] [ol-2-thread-869] o.h.engine.jdbc.spi.SqlExceptionHelper   : SQL Error: 1062, SQLState: 23000
2024-07-05T19:14:37.000+09:00  WARN 10616 --- [boardPrac] [ol-2-thread-868] o.h.engine.jdbc.spi.SqlExceptionHelper   : SQL Error: 1062, SQLState: 23000
2024-07-05T19:14:37.000+09:00 ERROR 10616 --- [boardPrac] [ol-2-thread-868] o.h.engine.jdbc.spi.SqlExceptionHelper   : (conn=93) Duplicate entry 'dup5' for key 'name'
2024-07-05T19:14:37.000+09:00 ERROR 10616 --- [boardPrac] [ol-2-thread-869] o.h.engine.jdbc.spi.SqlExceptionHelper   : (conn=85) Duplicate entry 'dup5' for key 'name'
could not execute statement [(conn=90) Duplicate entry 'dup5' for key 'name'] [insert into users (name) values (?) returning user_id]; SQL [insert into users (name) values (?) returning user_id]; constraint [name]
2024-07-05T19:14:37.001+09:00  WARN 10616 --- [boardPrac] [ol-2-thread-873] o.m.jdbc.message.server.ErrorPacket      : Error: 1062-23000: Duplicate entry 'dup5' for key 'name'
2024-07-05T19:14:37.001+09:00  WARN 10616 --- [boardPrac] [ol-2-thread-872] o.m.jdbc.message.server.ErrorPacket      : Error: 1062-23000: Duplicate entry 'dup5' for key 'name'
2024-07-05T19:14:37.001+09:00  WARN 10616 --- [boardPrac] [ol-2-thread-875] o.m.jdbc.message.server.ErrorPacket      : Error: 1062-23000: Duplicate entry 'dup5' for key 'name'
2024-07-05T19:14:37.001+09:00  WARN 10616 --- [boardPrac] [ol-2-thread-875] o.h.engine.jdbc.spi.SqlExceptionHelper   : SQL Error: 1062, SQLState: 23000
2024-07-05T19:14:37.001+09:00  WARN 10616 --- [boardPrac] [ol-2-thread-873] o.h.engine.jdbc.spi.SqlExceptionHelper   : SQL Error: 1062, SQLState: 23000
2024-07-05T19:14:37.001+09:00 ERROR 10616 --- [boardPrac] [ol-2-thread-875] o.h.engine.jdbc.spi.SqlExceptionHelper   : (conn=89) Duplicate entry 'dup5' for key 'name'
2024-07-05T19:14:37.001+09:00 ERROR 10616 --- [boardPrac] [ol-2-thread-873] o.h.engine.jdbc.spi.SqlExceptionHelper   : (conn=86) Duplicate entry 'dup5' for key 'name'
2024-07-05T19:14:37.001+09:00  WARN 10616 --- [boardPrac] [ol-2-thread-872] o.h.engine.jdbc.spi.SqlExceptionHelper   : SQL Error: 1062, SQLState: 23000
2024-07-05T19:14:37.001+09:00 ERROR 10616 --- [boardPrac] [ol-2-thread-872] o.h.engine.jdbc.spi.SqlExceptionHelper   : (conn=84) Duplicate entry 'dup5' for key 'name'
2024-07-05T19:14:37.001+09:00  WARN 10616 --- [boardPrac] [ol-2-thread-874] o.m.jdbc.message.server.ErrorPacket      : Error: 1062-23000: Duplicate entry 'dup5' for key 'name'
2024-07-05T19:14:37.001+09:00  WARN 10616 --- [boardPrac] [ol-2-thread-874] o.h.engine.jdbc.spi.SqlExceptionHelper   : SQL Error: 1062, SQLState: 23000
2024-07-05T19:14:37.002+09:00 ERROR 10616 --- [boardPrac] [ol-2-thread-874] o.h.engine.jdbc.spi.SqlExceptionHelper   : (conn=92) Duplicate entry 'dup5' for key 'name'
Hibernate: insert into users (name) values (?) returning user_id
could not execute statement [(conn=88) Duplicate entry 'dup5' for key 'name'] [insert into users (name) values (?) returning user_id]; SQL [insert into users (name) values (?) returning user_id]; constraint [name]
could not execute statement [(conn=85) Duplicate entry 'dup5' for key 'name'] [insert into users (name) values (?) returning user_id]; SQL [insert into users (name) values (?) returning user_id]; constraint [name]
could not execute statement [(conn=87) Duplicate entry 'dup5' for key 'name'] [insert into users (name) values (?) returning user_id]; SQL [insert into users (name) values (?) returning user_id]; constraint [name]
could not execute statement [(conn=91) Duplicate entry 'dup5' for key 'name'] [insert into users (name) values (?) returning user_id]; SQL [insert into users (name) values (?) returning user_id]; constraint [name]
could not execute statement [(conn=89) Duplicate entry 'dup5' for key 'name'] [insert into users (name) values (?) returning user_id]; SQL [insert into users (name) values (?) returning user_id]; constraint [name]
2024-07-05T19:14:37.003+09:00  WARN 10616 --- [boardPrac] [ol-2-thread-876] o.m.jdbc.message.server.ErrorPacket      : Error: 1062-23000: Duplicate entry 'dup5' for key 'name'
could not execute statement [(conn=93) Duplicate entry 'dup5' for key 'name'] [insert into users (name) values (?) returning user_id]; SQL [insert into users (name) values (?) returning user_id]; constraint [name]
2024-07-05T19:14:37.003+09:00  WARN 10616 --- [boardPrac] [ol-2-thread-876] o.h.engine.jdbc.spi.SqlExceptionHelper   : SQL Error: 1062, SQLState: 23000
2024-07-05T19:14:37.003+09:00 ERROR 10616 --- [boardPrac] [ol-2-thread-876] o.h.engine.jdbc.spi.SqlExceptionHelper   : (conn=90) Duplicate entry 'dup5' for key 'name'
Hibernate: insert into users (name) values (?) returning user_id
Hibernate: insert into users (name) values (?) returning user_id
could not execute statement [(conn=84) Duplicate entry 'dup5' for key 'name'] [insert into users (name) values (?) returning user_id]; SQL [insert into users (name) values (?) returning user_id]; constraint [name]
could not execute statement [(conn=92) Duplicate entry 'dup5' for key 'name'] [insert into users (name) values (?) returning user_id]; SQL [insert into users (name) values (?) returning user_id]; constraint [name]
Hibernate: insert into users (name) values (?) returning user_id
Hibernate: insert into users (name) values (?) returning user_id
could not execute statement [(conn=86) Duplicate entry 'dup5' for key 'name'] [insert into users (name) values (?) returning user_id]; SQL [insert into users (name) values (?) returning user_id]; constraint [name]
Hibernate: insert into users (name) values (?) returning user_id
Hibernate: insert into users (name) values (?) returning user_id
Hibernate: insert into users (name) values (?) returning user_id
Hibernate: insert into users (name) values (?) returning user_id
Hibernate: insert into users (name) values (?) returning user_id
2024-07-05T19:14:37.006+09:00  WARN 10616 --- [boardPrac] [ol-2-thread-879] o.m.jdbc.message.server.ErrorPacket      : Error: 1062-23000: Duplicate entry 'dup5' for key 'name'
2024-07-05T19:14:37.006+09:00  WARN 10616 --- [boardPrac] [ol-2-thread-880] o.m.jdbc.message.server.ErrorPacket      : Error: 1062-23000: Duplicate entry 'dup5' for key 'name'
2024-07-05T19:14:37.006+09:00  WARN 10616 --- [boardPrac] [ol-2-thread-878] o.m.jdbc.message.server.ErrorPacket      : Error: 1062-23000: Duplicate entry 'dup5' for key 'name'
2024-07-05T19:14:37.006+09:00  WARN 10616 --- [boardPrac] [ol-2-thread-877] o.m.jdbc.message.server.ErrorPacket      : Error: 1062-23000: Duplicate entry 'dup5' for key 'name'
2024-07-05T19:14:37.006+09:00  WARN 10616 --- [boardPrac] [ol-2-thread-880] o.h.engine.jdbc.spi.SqlExceptionHelper   : SQL Error: 1062, SQLState: 23000
2024-07-05T19:14:37.006+09:00  WARN 10616 --- [boardPrac] [ol-2-thread-878] o.h.engine.jdbc.spi.SqlExceptionHelper   : SQL Error: 1062, SQLState: 23000
2024-07-05T19:14:37.006+09:00 ERROR 10616 --- [boardPrac] [ol-2-thread-880] o.h.engine.jdbc.spi.SqlExceptionHelper   : (conn=91) Duplicate entry 'dup5' for key 'name'
2024-07-05T19:14:37.006+09:00 ERROR 10616 --- [boardPrac] [ol-2-thread-878] o.h.engine.jdbc.spi.SqlExceptionHelper   : (conn=85) Duplicate entry 'dup5' for key 'name'
2024-07-05T19:14:37.006+09:00  WARN 10616 --- [boardPrac] [ol-2-thread-879] o.h.engine.jdbc.spi.SqlExceptionHelper   : SQL Error: 1062, SQLState: 23000
2024-07-05T19:14:37.006+09:00  WARN 10616 --- [boardPrac] [ol-2-thread-877] o.h.engine.jdbc.spi.SqlExceptionHelper   : SQL Error: 1062, SQLState: 23000
2024-07-05T19:14:37.006+09:00 ERROR 10616 --- [boardPrac] [ol-2-thread-879] o.h.engine.jdbc.spi.SqlExceptionHelper   : (conn=87) Duplicate entry 'dup5' for key 'name'
2024-07-05T19:14:37.006+09:00 ERROR 10616 --- [boardPrac] [ol-2-thread-877] o.h.engine.jdbc.spi.SqlExceptionHelper   : (conn=88) Duplicate entry 'dup5' for key 'name'
could not execute statement [(conn=90) Duplicate entry 'dup5' for key 'name'] [insert into users (name) values (?) returning user_id]; SQL [insert into users (name) values (?) returning user_id]; constraint [name]
2024-07-05T19:14:37.007+09:00  WARN 10616 --- [boardPrac] [ol-2-thread-884] o.m.jdbc.message.server.ErrorPacket      : Error: 1062-23000: Duplicate entry 'dup5' for key 'name'
2024-07-05T19:14:37.007+09:00  WARN 10616 --- [boardPrac] [ol-2-thread-882] o.m.jdbc.message.server.ErrorPacket      : Error: 1062-23000: Duplicate entry 'dup5' for key 'name'
2024-07-05T19:14:37.007+09:00  WARN 10616 --- [boardPrac] [ol-2-thread-885] o.m.jdbc.message.server.ErrorPacket      : Error: 1062-23000: Duplicate entry 'dup5' for key 'name'
2024-07-05T19:14:37.007+09:00  WARN 10616 --- [boardPrac] [ol-2-thread-883] o.m.jdbc.message.server.ErrorPacket      : Error: 1062-23000: Duplicate entry 'dup5' for key 'name'
2024-07-05T19:14:37.007+09:00  WARN 10616 --- [boardPrac] [ol-2-thread-882] o.h.engine.jdbc.spi.SqlExceptionHelper   : SQL Error: 1062, SQLState: 23000
2024-07-05T19:14:37.007+09:00  WARN 10616 --- [boardPrac] [ol-2-thread-881] o.m.jdbc.message.server.ErrorPacket      : Error: 1062-23000: Duplicate entry 'dup5' for key 'name'
2024-07-05T19:14:37.007+09:00  WARN 10616 --- [boardPrac] [ol-2-thread-885] o.h.engine.jdbc.spi.SqlExceptionHelper   : SQL Error: 1062, SQLState: 23000
2024-07-05T19:14:37.007+09:00  WARN 10616 --- [boardPrac] [ol-2-thread-883] o.h.engine.jdbc.spi.SqlExceptionHelper   : SQL Error: 1062, SQLState: 23000
2024-07-05T19:14:37.007+09:00 ERROR 10616 --- [boardPrac] [ol-2-thread-885] o.h.engine.jdbc.spi.SqlExceptionHelper   : (conn=86) Duplicate entry 'dup5' for key 'name'
2024-07-05T19:14:37.007+09:00 ERROR 10616 --- [boardPrac] [ol-2-thread-882] o.h.engine.jdbc.spi.SqlExceptionHelper   : (conn=93) Duplicate entry 'dup5' for key 'name'
2024-07-05T19:14:37.007+09:00  WARN 10616 --- [boardPrac] [ol-2-thread-884] o.h.engine.jdbc.spi.SqlExceptionHelper   : SQL Error: 1062, SQLState: 23000
2024-07-05T19:14:37.007+09:00  WARN 10616 --- [boardPrac] [ol-2-thread-881] o.h.engine.jdbc.spi.SqlExceptionHelper   : SQL Error: 1062, SQLState: 23000
2024-07-05T19:14:37.007+09:00 ERROR 10616 --- [boardPrac] [ol-2-thread-883] o.h.engine.jdbc.spi.SqlExceptionHelper   : (conn=84) Duplicate entry 'dup5' for key 'name'
2024-07-05T19:14:37.007+09:00 ERROR 10616 --- [boardPrac] [ol-2-thread-884] o.h.engine.jdbc.spi.SqlExceptionHelper   : (conn=92) Duplicate entry 'dup5' for key 'name'
2024-07-05T19:14:37.007+09:00 ERROR 10616 --- [boardPrac] [ol-2-thread-881] o.h.engine.jdbc.spi.SqlExceptionHelper   : (conn=89) Duplicate entry 'dup5' for key 'name'
could not execute statement [(conn=87) Duplicate entry 'dup5' for key 'name'] [insert into users (name) values (?) returning user_id]; SQL [insert into users (name) values (?) returning user_id]; constraint [name]
could not execute statement [(conn=88) Duplicate entry 'dup5' for key 'name'] [insert into users (name) values (?) returning user_id]; SQL [insert into users (name) values (?) returning user_id]; constraint [name]
could not execute statement [(conn=85) Duplicate entry 'dup5' for key 'name'] [insert into users (name) values (?) returning user_id]; SQL [insert into users (name) values (?) returning user_id]; constraint [name]
Hibernate: insert into users (name) values (?) returning user_id
could not execute statement [(conn=91) Duplicate entry 'dup5' for key 'name'] [insert into users (name) values (?) returning user_id]; SQL [insert into users (name) values (?) returning user_id]; constraint [name]
could not execute statement [(conn=89) Duplicate entry 'dup5' for key 'name'] [insert into users (name) values (?) returning user_id]; SQL [insert into users (name) values (?) returning user_id]; constraint [name]
Hibernate: insert into users (name) values (?) returning user_id
2024-07-05T19:14:37.009+09:00  WARN 10616 --- [boardPrac] [ol-2-thread-886] o.m.jdbc.message.server.ErrorPacket      : Error: 1062-23000: Duplicate entry 'dup5' for key 'name'
Hibernate: insert into users (name) values (?) returning user_id
Hibernate: insert into users (name) values (?) returning user_id
2024-07-05T19:14:37.009+09:00  WARN 10616 --- [boardPrac] [ol-2-thread-886] o.h.engine.jdbc.spi.SqlExceptionHelper   : SQL Error: 1062, SQLState: 23000
could not execute statement [(conn=93) Duplicate entry 'dup5' for key 'name'] [insert into users (name) values (?) returning user_id]; SQL [insert into users (name) values (?) returning user_id]; constraint [name]
2024-07-05T19:14:37.009+09:00 ERROR 10616 --- [boardPrac] [ol-2-thread-886] o.h.engine.jdbc.spi.SqlExceptionHelper   : (conn=90) Duplicate entry 'dup5' for key 'name'
could not execute statement [(conn=86) Duplicate entry 'dup5' for key 'name'] [insert into users (name) values (?) returning user_id]; SQL [insert into users (name) values (?) returning user_id]; constraint [name]
Hibernate: insert into users (name) values (?) returning user_id
2024-07-05T19:14:37.011+09:00  WARN 10616 --- [boardPrac] [ol-2-thread-887] o.m.jdbc.message.server.ErrorPacket      : Error: 1062-23000: Duplicate entry 'dup5' for key 'name'
Hibernate: insert into users (name) values (?) returning user_id
2024-07-05T19:14:37.011+09:00  WARN 10616 --- [boardPrac] [ol-2-thread-889] o.m.jdbc.message.server.ErrorPacket      : Error: 1062-23000: Duplicate entry 'dup5' for key 'name'
Hibernate: insert into users (name) values (?) returning user_id
2024-07-05T19:14:37.011+09:00  WARN 10616 --- [boardPrac] [ol-2-thread-890] o.m.jdbc.message.server.ErrorPacket      : Error: 1062-23000: Duplicate entry 'dup5' for key 'name'
Hibernate: insert into users (name) values (?) returning user_id
2024-07-05T19:14:37.011+09:00  WARN 10616 --- [boardPrac] [ol-2-thread-887] o.h.engine.jdbc.spi.SqlExceptionHelper   : SQL Error: 1062, SQLState: 23000
2024-07-05T19:14:37.011+09:00  WARN 10616 --- [boardPrac] [ol-2-thread-888] o.m.jdbc.message.server.ErrorPacket      : Error: 1062-23000: Duplicate entry 'dup5' for key 'name'
2024-07-05T19:14:37.011+09:00 ERROR 10616 --- [boardPrac] [ol-2-thread-887] o.h.engine.jdbc.spi.SqlExceptionHelper   : (conn=85) Duplicate entry 'dup5' for key 'name'
2024-07-05T19:14:37.011+09:00  WARN 10616 --- [boardPrac] [ol-2-thread-890] o.h.engine.jdbc.spi.SqlExceptionHelper   : SQL Error: 1062, SQLState: 23000
2024-07-05T19:14:37.011+09:00 ERROR 10616 --- [boardPrac] [ol-2-thread-890] o.h.engine.jdbc.spi.SqlExceptionHelper   : (conn=91) Duplicate entry 'dup5' for key 'name'
2024-07-05T19:14:37.011+09:00  WARN 10616 --- [boardPrac] [ol-2-thread-888] o.h.engine.jdbc.spi.SqlExceptionHelper   : SQL Error: 1062, SQLState: 23000
could not execute statement [(conn=84) Duplicate entry 'dup5' for key 'name'] [insert into users (name) values (?) returning user_id]; SQL [insert into users (name) values (?) returning user_id]; constraint [name]
2024-07-05T19:14:37.011+09:00 ERROR 10616 --- [boardPrac] [ol-2-thread-888] o.h.engine.jdbc.spi.SqlExceptionHelper   : (conn=87) Duplicate entry 'dup5' for key 'name'
could not execute statement [(conn=92) Duplicate entry 'dup5' for key 'name'] [insert into users (name) values (?) returning user_id]; SQL [insert into users (name) values (?) returning user_id]; constraint [name]
2024-07-05T19:14:37.011+09:00  WARN 10616 --- [boardPrac] [ol-2-thread-889] o.h.engine.jdbc.spi.SqlExceptionHelper   : SQL Error: 1062, SQLState: 23000
2024-07-05T19:14:37.011+09:00 ERROR 10616 --- [boardPrac] [ol-2-thread-889] o.h.engine.jdbc.spi.SqlExceptionHelper   : (conn=88) Duplicate entry 'dup5' for key 'name'
could not execute statement [(conn=90) Duplicate entry 'dup5' for key 'name'] [insert into users (name) values (?) returning user_id]; SQL [insert into users (name) values (?) returning user_id]; constraint [name]
Hibernate: insert into users (name) values (?) returning user_id
Hibernate: insert into users (name) values (?) returning user_id
2024-07-05T19:14:37.013+09:00  WARN 10616 --- [boardPrac] [ol-2-thread-891] o.m.jdbc.message.server.ErrorPacket      : Error: 1062-23000: Duplicate entry 'dup5' for key 'name'
2024-07-05T19:14:37.013+09:00  WARN 10616 --- [boardPrac] [ol-2-thread-892] o.m.jdbc.message.server.ErrorPacket      : Error: 1062-23000: Duplicate entry 'dup5' for key 'name'
2024-07-05T19:14:37.013+09:00  WARN 10616 --- [boardPrac] [ol-2-thread-893] o.m.jdbc.message.server.ErrorPacket      : Error: 1062-23000: Duplicate entry 'dup5' for key 'name'
2024-07-05T19:14:37.014+09:00  WARN 10616 --- [boardPrac] [ol-2-thread-891] o.h.engine.jdbc.spi.SqlExceptionHelper   : SQL Error: 1062, SQLState: 23000
2024-07-05T19:14:37.014+09:00 ERROR 10616 --- [boardPrac] [ol-2-thread-891] o.h.engine.jdbc.spi.SqlExceptionHelper   : (conn=89) Duplicate entry 'dup5' for key 'name'
2024-07-05T19:14:37.014+09:00  WARN 10616 --- [boardPrac] [ol-2-thread-893] o.h.engine.jdbc.spi.SqlExceptionHelper   : SQL Error: 1062, SQLState: 23000
2024-07-05T19:14:37.014+09:00  WARN 10616 --- [boardPrac] [ol-2-thread-892] o.h.engine.jdbc.spi.SqlExceptionHelper   : SQL Error: 1062, SQLState: 23000
2024-07-05T19:14:37.014+09:00 ERROR 10616 --- [boardPrac] [ol-2-thread-893] o.h.engine.jdbc.spi.SqlExceptionHelper   : (conn=86) Duplicate entry 'dup5' for key 'name'
2024-07-05T19:14:37.014+09:00 ERROR 10616 --- [boardPrac] [ol-2-thread-892] o.h.engine.jdbc.spi.SqlExceptionHelper   : (conn=93) Duplicate entry 'dup5' for key 'name'
Hibernate: insert into users (name) values (?) returning user_id
could not execute statement [(conn=87) Duplicate entry 'dup5' for key 'name'] [insert into users (name) values (?) returning user_id]; SQL [insert into users (name) values (?) returning user_id]; constraint [name]
could not execute statement [(conn=88) Duplicate entry 'dup5' for key 'name'] [insert into users (name) values (?) returning user_id]; SQL [insert into users (name) values (?) returning user_id]; constraint [name]
could not execute statement [(conn=85) Duplicate entry 'dup5' for key 'name'] [insert into users (name) values (?) returning user_id]; SQL [insert into users (name) values (?) returning user_id]; constraint [name]
could not execute statement [(conn=91) Duplicate entry 'dup5' for key 'name'] [insert into users (name) values (?) returning user_id]; SQL [insert into users (name) values (?) returning user_id]; constraint [name]
2024-07-05T19:14:37.015+09:00  WARN 10616 --- [boardPrac] [ol-2-thread-895] o.m.jdbc.message.server.ErrorPacket      : Error: 1062-23000: Duplicate entry 'dup5' for key 'name'
2024-07-05T19:14:37.015+09:00  WARN 10616 --- [boardPrac] [ol-2-thread-894] o.m.jdbc.message.server.ErrorPacket      : Error: 1062-23000: Duplicate entry 'dup5' for key 'name'
2024-07-05T19:14:37.015+09:00  WARN 10616 --- [boardPrac] [ol-2-thread-895] o.h.engine.jdbc.spi.SqlExceptionHelper   : SQL Error: 1062, SQLState: 23000
2024-07-05T19:14:37.015+09:00  WARN 10616 --- [boardPrac] [ol-2-thread-894] o.h.engine.jdbc.spi.SqlExceptionHelper   : SQL Error: 1062, SQLState: 23000
2024-07-05T19:14:37.015+09:00 ERROR 10616 --- [boardPrac] [ol-2-thread-895] o.h.engine.jdbc.spi.SqlExceptionHelper   : (conn=92) Duplicate entry 'dup5' for key 'name'
2024-07-05T19:14:37.015+09:00 ERROR 10616 --- [boardPrac] [ol-2-thread-894] o.h.engine.jdbc.spi.SqlExceptionHelper   : (conn=84) Duplicate entry 'dup5' for key 'name'
2024-07-05T19:14:37.016+09:00  WARN 10616 --- [boardPrac] [ol-2-thread-896] o.m.jdbc.message.server.ErrorPacket      : Error: 1062-23000: Duplicate entry 'dup5' for key 'name'
2024-07-05T19:14:37.016+09:00  WARN 10616 --- [boardPrac] [ol-2-thread-896] o.h.engine.jdbc.spi.SqlExceptionHelper   : SQL Error: 1062, SQLState: 23000
2024-07-05T19:14:37.016+09:00 ERROR 10616 --- [boardPrac] [ol-2-thread-896] o.h.engine.jdbc.spi.SqlExceptionHelper   : (conn=90) Duplicate entry 'dup5' for key 'name'
could not execute statement [(conn=86) Duplicate entry 'dup5' for key 'name'] [insert into users (name) values (?) returning user_id]; SQL [insert into users (name) values (?) returning user_id]; constraint [name]
could not execute statement [(conn=89) Duplicate entry 'dup5' for key 'name'] [insert into users (name) values (?) returning user_id]; SQL [insert into users (name) values (?) returning user_id]; constraint [name]
Hibernate: insert into users (name) values (?) returning user_id
could not execute statement [(conn=93) Duplicate entry 'dup5' for key 'name'] [insert into users (name) values (?) returning user_id]; SQL [insert into users (name) values (?) returning user_id]; constraint [name]
Hibernate: insert into users (name) values (?) returning user_id
Hibernate: insert into users (name) values (?) returning user_id
Hibernate: insert into users (name) values (?) returning user_id
2024-07-05T19:14:37.018+09:00  WARN 10616 --- [boardPrac] [ol-2-thread-900] o.m.jdbc.message.server.ErrorPacket      : Error: 1062-23000: Duplicate entry 'dup5' for key 'name'
2024-07-05T19:14:37.018+09:00  WARN 10616 --- [boardPrac] [ol-2-thread-897] o.m.jdbc.message.server.ErrorPacket      : Error: 1062-23000: Duplicate entry 'dup5' for key 'name'
2024-07-05T19:14:37.018+09:00  WARN 10616 --- [boardPrac] [ol-2-thread-900] o.h.engine.jdbc.spi.SqlExceptionHelper   : SQL Error: 1062, SQLState: 23000
could not execute statement [(conn=92) Duplicate entry 'dup5' for key 'name'] [insert into users (name) values (?) returning user_id]; SQL [insert into users (name) values (?) returning user_id]; constraint [name]
2024-07-05T19:14:37.018+09:00 ERROR 10616 --- [boardPrac] [ol-2-thread-900] o.h.engine.jdbc.spi.SqlExceptionHelper   : (conn=85) Duplicate entry 'dup5' for key 'name'
Hibernate: insert into users (name) values (?) returning user_id
2024-07-05T19:14:37.018+09:00  WARN 10616 --- [boardPrac] [ol-2-thread-897] o.h.engine.jdbc.spi.SqlExceptionHelper   : SQL Error: 1062, SQLState: 23000
Hibernate: insert into users (name) values (?) returning user_id
could not execute statement [(conn=84) Duplicate entry 'dup5' for key 'name'] [insert into users (name) values (?) returning user_id]; SQL [insert into users (name) values (?) returning user_id]; constraint [name]
2024-07-05T19:14:37.018+09:00 ERROR 10616 --- [boardPrac] [ol-2-thread-897] o.h.engine.jdbc.spi.SqlExceptionHelper   : (conn=87) Duplicate entry 'dup5' for key 'name'
Hibernate: insert into users (name) values (?) returning user_id
2024-07-05T19:14:37.018+09:00  WARN 10616 --- [boardPrac] [ol-2-thread-898] o.m.jdbc.message.server.ErrorPacket      : Error: 1062-23000: Duplicate entry 'dup5' for key 'name'
2024-07-05T19:14:37.018+09:00  WARN 10616 --- [boardPrac] [ol-2-thread-899] o.m.jdbc.message.server.ErrorPacket      : Error: 1062-23000: Duplicate entry 'dup5' for key 'name'
2024-07-05T19:14:37.018+09:00  WARN 10616 --- [boardPrac] [ol-2-thread-898] o.h.engine.jdbc.spi.SqlExceptionHelper   : SQL Error: 1062, SQLState: 23000
2024-07-05T19:14:37.018+09:00  WARN 10616 --- [boardPrac] [ol-2-thread-899] o.h.engine.jdbc.spi.SqlExceptionHelper   : SQL Error: 1062, SQLState: 23000
2024-07-05T19:14:37.018+09:00 ERROR 10616 --- [boardPrac] [ol-2-thread-898] o.h.engine.jdbc.spi.SqlExceptionHelper   : (conn=88) Duplicate entry 'dup5' for key 'name'
2024-07-05T19:14:37.018+09:00 ERROR 10616 --- [boardPrac] [ol-2-thread-899] o.h.engine.jdbc.spi.SqlExceptionHelper   : (conn=91) Duplicate entry 'dup5' for key 'name'
could not execute statement [(conn=90) Duplicate entry 'dup5' for key 'name'] [insert into users (name) values (?) returning user_id]; SQL [insert into users (name) values (?) returning user_id]; constraint [name]
2024-07-05T19:14:37.020+09:00  WARN 10616 --- [boardPrac] [ol-2-thread-902] o.m.jdbc.message.server.ErrorPacket      : Error: 1062-23000: Duplicate entry 'dup5' for key 'name'
2024-07-05T19:14:37.020+09:00  WARN 10616 --- [boardPrac] [ol-2-thread-901] o.m.jdbc.message.server.ErrorPacket      : Error: 1062-23000: Duplicate entry 'dup5' for key 'name'
2024-07-05T19:14:37.020+09:00  WARN 10616 --- [boardPrac] [ol-2-thread-902] o.h.engine.jdbc.spi.SqlExceptionHelper   : SQL Error: 1062, SQLState: 23000
2024-07-05T19:14:37.020+09:00  WARN 10616 --- [boardPrac] [ol-2-thread-901] o.h.engine.jdbc.spi.SqlExceptionHelper   : SQL Error: 1062, SQLState: 23000
2024-07-05T19:14:37.020+09:00 ERROR 10616 --- [boardPrac] [ol-2-thread-902] o.h.engine.jdbc.spi.SqlExceptionHelper   : (conn=86) Duplicate entry 'dup5' for key 'name'
2024-07-05T19:14:37.020+09:00 ERROR 10616 --- [boardPrac] [ol-2-thread-901] o.h.engine.jdbc.spi.SqlExceptionHelper   : (conn=89) Duplicate entry 'dup5' for key 'name'
Hibernate: insert into users (name) values (?) returning user_id
2024-07-05T19:14:37.020+09:00  WARN 10616 --- [boardPrac] [ol-2-thread-903] o.m.jdbc.message.server.ErrorPacket      : Error: 1062-23000: Duplicate entry 'dup5' for key 'name'
2024-07-05T19:14:37.020+09:00  WARN 10616 --- [boardPrac] [ol-2-thread-903] o.h.engine.jdbc.spi.SqlExceptionHelper   : SQL Error: 1062, SQLState: 23000
2024-07-05T19:14:37.020+09:00 ERROR 10616 --- [boardPrac] [ol-2-thread-903] o.h.engine.jdbc.spi.SqlExceptionHelper   : (conn=93) Duplicate entry 'dup5' for key 'name'
Hibernate: insert into users (name) values (?) returning user_id
Hibernate: insert into users (name) values (?) returning user_id
could not execute statement [(conn=91) Duplicate entry 'dup5' for key 'name'] [insert into users (name) values (?) returning user_id]; SQL [insert into users (name) values (?) returning user_id]; constraint [name]
2024-07-05T19:14:37.021+09:00  WARN 10616 --- [boardPrac] [ol-2-thread-905] o.m.jdbc.message.server.ErrorPacket      : Error: 1062-23000: Duplicate entry 'dup5' for key 'name'
could not execute statement [(conn=85) Duplicate entry 'dup5' for key 'name'] [insert into users (name) values (?) returning user_id]; SQL [insert into users (name) values (?) returning user_id]; constraint [name]
could not execute statement [(conn=87) Duplicate entry 'dup5' for key 'name'] [insert into users (name) values (?) returning user_id]; SQL [insert into users (name) values (?) returning user_id]; constraint [name]
2024-07-05T19:14:37.021+09:00  WARN 10616 --- [boardPrac] [ol-2-thread-905] o.h.engine.jdbc.spi.SqlExceptionHelper   : SQL Error: 1062, SQLState: 23000
2024-07-05T19:14:37.021+09:00 ERROR 10616 --- [boardPrac] [ol-2-thread-905] o.h.engine.jdbc.spi.SqlExceptionHelper   : (conn=84) Duplicate entry 'dup5' for key 'name'
could not execute statement [(conn=88) Duplicate entry 'dup5' for key 'name'] [insert into users (name) values (?) returning user_id]; SQL [insert into users (name) values (?) returning user_id]; constraint [name]
could not execute statement [(conn=93) Duplicate entry 'dup5' for key 'name'] [insert into users (name) values (?) returning user_id]; SQL [insert into users (name) values (?) returning user_id]; constraint [name]
could not execute statement [(conn=86) Duplicate entry 'dup5' for key 'name'] [insert into users (name) values (?) returning user_id]; SQL [insert into users (name) values (?) returning user_id]; constraint [name]
could not execute statement [(conn=89) Duplicate entry 'dup5' for key 'name'] [insert into users (name) values (?) returning user_id]; SQL [insert into users (name) values (?) returning user_id]; constraint [name]
Hibernate: insert into users (name) values (?) returning user_id
Hibernate: insert into users (name) values (?) returning user_id
Hibernate: insert into users (name) values (?) returning user_id
2024-07-05T19:14:37.022+09:00  WARN 10616 --- [boardPrac] [ol-2-thread-904] o.m.jdbc.message.server.ErrorPacket      : Error: 1062-23000: Duplicate entry 'dup5' for key 'name'
2024-07-05T19:14:37.022+09:00  WARN 10616 --- [boardPrac] [ol-2-thread-906] o.m.jdbc.message.server.ErrorPacket      : Error: 1062-23000: Duplicate entry 'dup5' for key 'name'
2024-07-05T19:14:37.022+09:00  WARN 10616 --- [boardPrac] [ol-2-thread-904] o.h.engine.jdbc.spi.SqlExceptionHelper   : SQL Error: 1062, SQLState: 23000
2024-07-05T19:14:37.022+09:00  WARN 10616 --- [boardPrac] [ol-2-thread-906] o.h.engine.jdbc.spi.SqlExceptionHelper   : SQL Error: 1062, SQLState: 23000
2024-07-05T19:14:37.022+09:00 ERROR 10616 --- [boardPrac] [ol-2-thread-904] o.h.engine.jdbc.spi.SqlExceptionHelper   : (conn=92) Duplicate entry 'dup5' for key 'name'
2024-07-05T19:14:37.023+09:00 ERROR 10616 --- [boardPrac] [ol-2-thread-906] o.h.engine.jdbc.spi.SqlExceptionHelper   : (conn=90) Duplicate entry 'dup5' for key 'name'
could not execute statement [(conn=84) Duplicate entry 'dup5' for key 'name'] [insert into users (name) values (?) returning user_id]; SQL [insert into users (name) values (?) returning user_id]; constraint [name]
2024-07-05T19:14:37.023+09:00  WARN 10616 --- [boardPrac] [ol-2-thread-908] o.m.jdbc.message.server.ErrorPacket      : Error: 1062-23000: Duplicate entry 'dup5' for key 'name'
Hibernate: insert into users (name) values (?) returning user_id
Hibernate: insert into users (name) values (?) returning user_id
Hibernate: insert into users (name) values (?) returning user_id
Hibernate: insert into users (name) values (?) returning user_id
2024-07-05T19:14:37.024+09:00  WARN 10616 --- [boardPrac] [ol-2-thread-908] o.h.engine.jdbc.spi.SqlExceptionHelper   : SQL Error: 1062, SQLState: 23000
2024-07-05T19:14:37.024+09:00 ERROR 10616 --- [boardPrac] [ol-2-thread-908] o.h.engine.jdbc.spi.SqlExceptionHelper   : (conn=85) Duplicate entry 'dup5' for key 'name'
2024-07-05T19:14:37.024+09:00  WARN 10616 --- [boardPrac] [ol-2-thread-907] o.m.jdbc.message.server.ErrorPacket      : Error: 1062-23000: Duplicate entry 'dup5' for key 'name'
2024-07-05T19:14:37.024+09:00  WARN 10616 --- [boardPrac] [ol-2-thread-909] o.m.jdbc.message.server.ErrorPacket      : Error: 1062-23000: Duplicate entry 'dup5' for key 'name'
2024-07-05T19:14:37.024+09:00  WARN 10616 --- [boardPrac] [ol-2-thread-907] o.h.engine.jdbc.spi.SqlExceptionHelper   : SQL Error: 1062, SQLState: 23000
2024-07-05T19:14:37.024+09:00 ERROR 10616 --- [boardPrac] [ol-2-thread-907] o.h.engine.jdbc.spi.SqlExceptionHelper   : (conn=91) Duplicate entry 'dup5' for key 'name'
2024-07-05T19:14:37.024+09:00  WARN 10616 --- [boardPrac] [ol-2-thread-909] o.h.engine.jdbc.spi.SqlExceptionHelper   : SQL Error: 1062, SQLState: 23000
2024-07-05T19:14:37.024+09:00 ERROR 10616 --- [boardPrac] [ol-2-thread-909] o.h.engine.jdbc.spi.SqlExceptionHelper   : (conn=87) Duplicate entry 'dup5' for key 'name'
could not execute statement [(conn=90) Duplicate entry 'dup5' for key 'name'] [insert into users (name) values (?) returning user_id]; SQL [insert into users (name) values (?) returning user_id]; constraint [name]
could not execute statement [(conn=92) Duplicate entry 'dup5' for key 'name'] [insert into users (name) values (?) returning user_id]; SQL [insert into users (name) values (?) returning user_id]; constraint [name]
2024-07-05T19:14:37.025+09:00  WARN 10616 --- [boardPrac] [ol-2-thread-912] o.m.jdbc.message.server.ErrorPacket      : Error: 1062-23000: Duplicate entry 'dup5' for key 'name'
Hibernate: insert into users (name) values (?) returning user_id
2024-07-05T19:14:37.025+09:00  WARN 10616 --- [boardPrac] [ol-2-thread-910] o.m.jdbc.message.server.ErrorPacket      : Error: 1062-23000: Duplicate entry 'dup5' for key 'name'
2024-07-05T19:14:37.025+09:00  WARN 10616 --- [boardPrac] [ol-2-thread-912] o.h.engine.jdbc.spi.SqlExceptionHelper   : SQL Error: 1062, SQLState: 23000
2024-07-05T19:14:37.025+09:00  WARN 10616 --- [boardPrac] [ol-2-thread-910] o.h.engine.jdbc.spi.SqlExceptionHelper   : SQL Error: 1062, SQLState: 23000
2024-07-05T19:14:37.025+09:00 ERROR 10616 --- [boardPrac] [ol-2-thread-912] o.h.engine.jdbc.spi.SqlExceptionHelper   : (conn=86) Duplicate entry 'dup5' for key 'name'
2024-07-05T19:14:37.025+09:00 ERROR 10616 --- [boardPrac] [ol-2-thread-910] o.h.engine.jdbc.spi.SqlExceptionHelper   : (conn=88) Duplicate entry 'dup5' for key 'name'
2024-07-05T19:14:37.025+09:00  WARN 10616 --- [boardPrac] [ol-2-thread-913] o.m.jdbc.message.server.ErrorPacket      : Error: 1062-23000: Duplicate entry 'dup5' for key 'name'
2024-07-05T19:14:37.025+09:00  WARN 10616 --- [boardPrac] [ol-2-thread-911] o.m.jdbc.message.server.ErrorPacket      : Error: 1062-23000: Duplicate entry 'dup5' for key 'name'
2024-07-05T19:14:37.025+09:00  WARN 10616 --- [boardPrac] [ol-2-thread-913] o.h.engine.jdbc.spi.SqlExceptionHelper   : SQL Error: 1062, SQLState: 23000
2024-07-05T19:14:37.025+09:00 ERROR 10616 --- [boardPrac] [ol-2-thread-913] o.h.engine.jdbc.spi.SqlExceptionHelper   : (conn=89) Duplicate entry 'dup5' for key 'name'
2024-07-05T19:14:37.025+09:00  WARN 10616 --- [boardPrac] [ol-2-thread-911] o.h.engine.jdbc.spi.SqlExceptionHelper   : SQL Error: 1062, SQLState: 23000
2024-07-05T19:14:37.025+09:00 ERROR 10616 --- [boardPrac] [ol-2-thread-911] o.h.engine.jdbc.spi.SqlExceptionHelper   : (conn=93) Duplicate entry 'dup5' for key 'name'
could not execute statement [(conn=91) Duplicate entry 'dup5' for key 'name'] [insert into users (name) values (?) returning user_id]; SQL [insert into users (name) values (?) returning user_id]; constraint [name]
could not execute statement [(conn=85) Duplicate entry 'dup5' for key 'name'] [insert into users (name) values (?) returning user_id]; SQL [insert into users (name) values (?) returning user_id]; constraint [name]
2024-07-05T19:14:37.027+09:00  WARN 10616 --- [boardPrac] [ol-2-thread-914] o.m.jdbc.message.server.ErrorPacket      : Error: 1062-23000: Duplicate entry 'dup5' for key 'name'
Hibernate: insert into users (name) values (?) returning user_id
Hibernate: insert into users (name) values (?) returning user_id
2024-07-05T19:14:37.027+09:00  WARN 10616 --- [boardPrac] [ol-2-thread-914] o.h.engine.jdbc.spi.SqlExceptionHelper   : SQL Error: 1062, SQLState: 23000
2024-07-05T19:14:37.027+09:00 ERROR 10616 --- [boardPrac] [ol-2-thread-914] o.h.engine.jdbc.spi.SqlExceptionHelper   : (conn=84) Duplicate entry 'dup5' for key 'name'
could not execute statement [(conn=87) Duplicate entry 'dup5' for key 'name'] [insert into users (name) values (?) returning user_id]; SQL [insert into users (name) values (?) returning user_id]; constraint [name]
could not execute statement [(conn=88) Duplicate entry 'dup5' for key 'name'] [insert into users (name) values (?) returning user_id]; SQL [insert into users (name) values (?) returning user_id]; constraint [name]
could not execute statement [(conn=86) Duplicate entry 'dup5' for key 'name'] [insert into users (name) values (?) returning user_id]; SQL [insert into users (name) values (?) returning user_id]; constraint [name]
Hibernate: insert into users (name) values (?) returning user_id
Hibernate: insert into users (name) values (?) returning user_id
2024-07-05T19:14:37.029+09:00  WARN 10616 --- [boardPrac] [ol-2-thread-915] o.m.jdbc.message.server.ErrorPacket      : Error: 1062-23000: Duplicate entry 'dup5' for key 'name'
2024-07-05T19:14:37.030+09:00  WARN 10616 --- [boardPrac] [ol-2-thread-916] o.m.jdbc.message.server.ErrorPacket      : Error: 1062-23000: Duplicate entry 'dup5' for key 'name'
2024-07-05T19:14:37.030+09:00  WARN 10616 --- [boardPrac] [ol-2-thread-915] o.h.engine.jdbc.spi.SqlExceptionHelper   : SQL Error: 1062, SQLState: 23000
2024-07-05T19:14:37.030+09:00 ERROR 10616 --- [boardPrac] [ol-2-thread-915] o.h.engine.jdbc.spi.SqlExceptionHelper   : (conn=90) Duplicate entry 'dup5' for key 'name'
2024-07-05T19:14:37.030+09:00  WARN 10616 --- [boardPrac] [ol-2-thread-916] o.h.engine.jdbc.spi.SqlExceptionHelper   : SQL Error: 1062, SQLState: 23000
2024-07-05T19:14:37.030+09:00 ERROR 10616 --- [boardPrac] [ol-2-thread-916] o.h.engine.jdbc.spi.SqlExceptionHelper   : (conn=92) Duplicate entry 'dup5' for key 'name'
could not execute statement [(conn=93) Duplicate entry 'dup5' for key 'name'] [insert into users (name) values (?) returning user_id]; SQL [insert into users (name) values (?) returning user_id]; constraint [name]
could not execute statement [(conn=89) Duplicate entry 'dup5' for key 'name'] [insert into users (name) values (?) returning user_id]; SQL [insert into users (name) values (?) returning user_id]; constraint [name]
Hibernate: insert into users (name) values (?) returning user_id
2024-07-05T19:14:37.030+09:00  WARN 10616 --- [boardPrac] [ol-2-thread-918] o.m.jdbc.message.server.ErrorPacket      : Error: 1062-23000: Duplicate entry 'dup5' for key 'name'
2024-07-05T19:14:37.030+09:00  WARN 10616 --- [boardPrac] [ol-2-thread-917] o.m.jdbc.message.server.ErrorPacket      : Error: 1062-23000: Duplicate entry 'dup5' for key 'name'
could not execute statement [(conn=84) Duplicate entry 'dup5' for key 'name'] [insert into users (name) values (?) returning user_id]; SQL [insert into users (name) values (?) returning user_id]; constraint [name]
2024-07-05T19:14:37.030+09:00  WARN 10616 --- [boardPrac] [ol-2-thread-918] o.h.engine.jdbc.spi.SqlExceptionHelper   : SQL Error: 1062, SQLState: 23000
2024-07-05T19:14:37.030+09:00 ERROR 10616 --- [boardPrac] [ol-2-thread-918] o.h.engine.jdbc.spi.SqlExceptionHelper   : (conn=85) Duplicate entry 'dup5' for key 'name'
Hibernate: insert into users (name) values (?) returning user_id
Hibernate: insert into users (name) values (?) returning user_id
2024-07-05T19:14:37.030+09:00  WARN 10616 --- [boardPrac] [ol-2-thread-917] o.h.engine.jdbc.spi.SqlExceptionHelper   : SQL Error: 1062, SQLState: 23000
2024-07-05T19:14:37.031+09:00 ERROR 10616 --- [boardPrac] [ol-2-thread-917] o.h.engine.jdbc.spi.SqlExceptionHelper   : (conn=91) Duplicate entry 'dup5' for key 'name'
2024-07-05T19:14:37.032+09:00  WARN 10616 --- [boardPrac] [ol-2-thread-919] o.m.jdbc.message.server.ErrorPacket      : Error: 1062-23000: Duplicate entry 'dup5' for key 'name'
Hibernate: insert into users (name) values (?) returning user_id
2024-07-05T19:14:37.032+09:00  WARN 10616 --- [boardPrac] [ol-2-thread-919] o.h.engine.jdbc.spi.SqlExceptionHelper   : SQL Error: 1062, SQLState: 23000
could not execute statement [(conn=92) Duplicate entry 'dup5' for key 'name'] [insert into users (name) values (?) returning user_id]; SQL [insert into users (name) values (?) returning user_id]; constraint [name]
2024-07-05T19:14:37.032+09:00 ERROR 10616 --- [boardPrac] [ol-2-thread-919] o.h.engine.jdbc.spi.SqlExceptionHelper   : (conn=87) Duplicate entry 'dup5' for key 'name'
Hibernate: insert into users (name) values (?) returning user_id
could not execute statement [(conn=90) Duplicate entry 'dup5' for key 'name'] [insert into users (name) values (?) returning user_id]; SQL [insert into users (name) values (?) returning user_id]; constraint [name]
2024-07-05T19:14:37.034+09:00  WARN 10616 --- [boardPrac] [ol-2-thread-920] o.m.jdbc.message.server.ErrorPacket      : Error: 1062-23000: Duplicate entry 'dup5' for key 'name'
2024-07-05T19:14:37.034+09:00  WARN 10616 --- [boardPrac] [ol-2-thread-922] o.m.jdbc.message.server.ErrorPacket      : Error: 1062-23000: Duplicate entry 'dup5' for key 'name'
Hibernate: insert into users (name) values (?) returning user_id
2024-07-05T19:14:37.034+09:00  WARN 10616 --- [boardPrac] [ol-2-thread-920] o.h.engine.jdbc.spi.SqlExceptionHelper   : SQL Error: 1062, SQLState: 23000
2024-07-05T19:14:37.034+09:00 ERROR 10616 --- [boardPrac] [ol-2-thread-920] o.h.engine.jdbc.spi.SqlExceptionHelper   : (conn=88) Duplicate entry 'dup5' for key 'name'
2024-07-05T19:14:37.034+09:00  WARN 10616 --- [boardPrac] [ol-2-thread-922] o.h.engine.jdbc.spi.SqlExceptionHelper   : SQL Error: 1062, SQLState: 23000
2024-07-05T19:14:37.034+09:00 ERROR 10616 --- [boardPrac] [ol-2-thread-922] o.h.engine.jdbc.spi.SqlExceptionHelper   : (conn=86) Duplicate entry 'dup5' for key 'name'
could not execute statement [(conn=85) Duplicate entry 'dup5' for key 'name'] [insert into users (name) values (?) returning user_id]; SQL [insert into users (name) values (?) returning user_id]; constraint [name]
could not execute statement [(conn=91) Duplicate entry 'dup5' for key 'name'] [insert into users (name) values (?) returning user_id]; SQL [insert into users (name) values (?) returning user_id]; constraint [name]
Hibernate: insert into users (name) values (?) returning user_id
Hibernate: insert into users (name) values (?) returning user_id
2024-07-05T19:14:37.035+09:00  WARN 10616 --- [boardPrac] [ol-2-thread-923] o.m.jdbc.message.server.ErrorPacket      : Error: 1062-23000: Duplicate entry 'dup5' for key 'name'
2024-07-05T19:14:37.036+09:00  WARN 10616 --- [boardPrac] [ol-2-thread-923] o.h.engine.jdbc.spi.SqlExceptionHelper   : SQL Error: 1062, SQLState: 23000
2024-07-05T19:14:37.036+09:00 ERROR 10616 --- [boardPrac] [ol-2-thread-923] o.h.engine.jdbc.spi.SqlExceptionHelper   : (conn=93) Duplicate entry 'dup5' for key 'name'
2024-07-05T19:14:37.036+09:00  WARN 10616 --- [boardPrac] [ol-2-thread-921] o.m.jdbc.message.server.ErrorPacket      : Error: 1062-23000: Duplicate entry 'dup5' for key 'name'
2024-07-05T19:14:37.036+09:00  WARN 10616 --- [boardPrac] [ol-2-thread-925] o.m.jdbc.message.server.ErrorPacket      : Error: 1062-23000: Duplicate entry 'dup5' for key 'name'
could not execute statement [(conn=87) Duplicate entry 'dup5' for key 'name'] [insert into users (name) values (?) returning user_id]; SQL [insert into users (name) values (?) returning user_id]; constraint [name]
2024-07-05T19:14:37.036+09:00  WARN 10616 --- [boardPrac] [ol-2-thread-925] o.h.engine.jdbc.spi.SqlExceptionHelper   : SQL Error: 1062, SQLState: 23000
2024-07-05T19:14:37.036+09:00  WARN 10616 --- [boardPrac] [ol-2-thread-921] o.h.engine.jdbc.spi.SqlExceptionHelper   : SQL Error: 1062, SQLState: 23000
2024-07-05T19:14:37.036+09:00 ERROR 10616 --- [boardPrac] [ol-2-thread-921] o.h.engine.jdbc.spi.SqlExceptionHelper   : (conn=89) Duplicate entry 'dup5' for key 'name'
2024-07-05T19:14:37.036+09:00 ERROR 10616 --- [boardPrac] [ol-2-thread-925] o.h.engine.jdbc.spi.SqlExceptionHelper   : (conn=84) Duplicate entry 'dup5' for key 'name'
Hibernate: insert into users (name) values (?) returning user_id
Hibernate: insert into users (name) values (?) returning user_id
2024-07-05T19:14:37.036+09:00  WARN 10616 --- [boardPrac] [ol-2-thread-924] o.m.jdbc.message.server.ErrorPacket      : Error: 1062-23000: Duplicate entry 'dup5' for key 'name'
2024-07-05T19:14:37.040+09:00  WARN 10616 --- [boardPrac] [ol-2-thread-927] o.m.jdbc.message.server.ErrorPacket      : Error: 1062-23000: Duplicate entry 'dup5' for key 'name'
could not execute statement [(conn=86) Duplicate entry 'dup5' for key 'name'] [insert into users (name) values (?) returning user_id]; SQL [insert into users (name) values (?) returning user_id]; constraint [name]
2024-07-05T19:14:37.040+09:00  WARN 10616 --- [boardPrac] [ol-2-thread-926] o.m.jdbc.message.server.ErrorPacket      : Error: 1062-23000: Duplicate entry 'dup5' for key 'name'
could not execute statement [(conn=88) Duplicate entry 'dup5' for key 'name'] [insert into users (name) values (?) returning user_id]; SQL [insert into users (name) values (?) returning user_id]; constraint [name]
2024-07-05T19:14:37.040+09:00  WARN 10616 --- [boardPrac] [ol-2-thread-928] o.m.jdbc.message.server.ErrorPacket      : Error: 1062-23000: Duplicate entry 'dup5' for key 'name'
2024-07-05T19:14:37.040+09:00  WARN 10616 --- [boardPrac] [ol-2-thread-924] o.h.engine.jdbc.spi.SqlExceptionHelper   : SQL Error: 1062, SQLState: 23000
Hibernate: insert into users (name) values (?) returning user_id
2024-07-05T19:14:37.040+09:00  WARN 10616 --- [boardPrac] [ol-2-thread-927] o.h.engine.jdbc.spi.SqlExceptionHelper   : SQL Error: 1062, SQLState: 23000
2024-07-05T19:14:37.040+09:00 ERROR 10616 --- [boardPrac] [ol-2-thread-924] o.h.engine.jdbc.spi.SqlExceptionHelper   : (conn=90) Duplicate entry 'dup5' for key 'name'
2024-07-05T19:14:37.040+09:00  WARN 10616 --- [boardPrac] [ol-2-thread-926] o.h.engine.jdbc.spi.SqlExceptionHelper   : SQL Error: 1062, SQLState: 23000
2024-07-05T19:14:37.040+09:00  WARN 10616 --- [boardPrac] [ol-2-thread-928] o.h.engine.jdbc.spi.SqlExceptionHelper   : SQL Error: 1062, SQLState: 23000
2024-07-05T19:14:37.040+09:00 ERROR 10616 --- [boardPrac] [ol-2-thread-927] o.h.engine.jdbc.spi.SqlExceptionHelper   : (conn=91) Duplicate entry 'dup5' for key 'name'
2024-07-05T19:14:37.040+09:00 ERROR 10616 --- [boardPrac] [ol-2-thread-928] o.h.engine.jdbc.spi.SqlExceptionHelper   : (conn=85) Duplicate entry 'dup5' for key 'name'
2024-07-05T19:14:37.040+09:00 ERROR 10616 --- [boardPrac] [ol-2-thread-926] o.h.engine.jdbc.spi.SqlExceptionHelper   : (conn=92) Duplicate entry 'dup5' for key 'name'
could not execute statement [(conn=93) Duplicate entry 'dup5' for key 'name'] [insert into users (name) values (?) returning user_id]; SQL [insert into users (name) values (?) returning user_id]; constraint [name]
could not execute statement [(conn=89) Duplicate entry 'dup5' for key 'name'] [insert into users (name) values (?) returning user_id]; SQL [insert into users (name) values (?) returning user_id]; constraint [name]
2024-07-05T19:14:37.043+09:00  WARN 10616 --- [boardPrac] [ol-2-thread-929] o.m.jdbc.message.server.ErrorPacket      : Error: 1062-23000: Duplicate entry 'dup5' for key 'name'
could not execute statement [(conn=84) Duplicate entry 'dup5' for key 'name'] [insert into users (name) values (?) returning user_id]; SQL [insert into users (name) values (?) returning user_id]; constraint [name]
Hibernate: insert into users (name) values (?) returning user_id
Hibernate: insert into users (name) values (?) returning user_id
2024-07-05T19:14:37.043+09:00  WARN 10616 --- [boardPrac] [ol-2-thread-929] o.h.engine.jdbc.spi.SqlExceptionHelper   : SQL Error: 1062, SQLState: 23000
2024-07-05T19:14:37.043+09:00 ERROR 10616 --- [boardPrac] [ol-2-thread-929] o.h.engine.jdbc.spi.SqlExceptionHelper   : (conn=87) Duplicate entry 'dup5' for key 'name'
could not execute statement [(conn=91) Duplicate entry 'dup5' for key 'name'] [insert into users (name) values (?) returning user_id]; SQL [insert into users (name) values (?) returning user_id]; constraint [name]
could not execute statement [(conn=90) Duplicate entry 'dup5' for key 'name'] [insert into users (name) values (?) returning user_id]; SQL [insert into users (name) values (?) returning user_id]; constraint [name]
could not execute statement [(conn=85) Duplicate entry 'dup5' for key 'name'] [insert into users (name) values (?) returning user_id]; SQL [insert into users (name) values (?) returning user_id]; constraint [name]
Hibernate: insert into users (name) values (?) returning user_id
Hibernate: insert into users (name) values (?) returning user_id
Hibernate: insert into users (name) values (?) returning user_id
2024-07-05T19:14:37.045+09:00  WARN 10616 --- [boardPrac] [ol-2-thread-931] o.m.jdbc.message.server.ErrorPacket      : Error: 1062-23000: Duplicate entry 'dup5' for key 'name'
2024-07-05T19:14:37.045+09:00  WARN 10616 --- [boardPrac] [ol-2-thread-930] o.m.jdbc.message.server.ErrorPacket      : Error: 1062-23000: Duplicate entry 'dup5' for key 'name'
2024-07-05T19:14:37.045+09:00  WARN 10616 --- [boardPrac] [ol-2-thread-931] o.h.engine.jdbc.spi.SqlExceptionHelper   : SQL Error: 1062, SQLState: 23000
2024-07-05T19:14:37.045+09:00  WARN 10616 --- [boardPrac] [ol-2-thread-930] o.h.engine.jdbc.spi.SqlExceptionHelper   : SQL Error: 1062, SQLState: 23000
2024-07-05T19:14:37.045+09:00 ERROR 10616 --- [boardPrac] [ol-2-thread-931] o.h.engine.jdbc.spi.SqlExceptionHelper   : (conn=86) Duplicate entry 'dup5' for key 'name'
2024-07-05T19:14:37.045+09:00 ERROR 10616 --- [boardPrac] [ol-2-thread-930] o.h.engine.jdbc.spi.SqlExceptionHelper   : (conn=88) Duplicate entry 'dup5' for key 'name'
could not execute statement [(conn=92) Duplicate entry 'dup5' for key 'name'] [insert into users (name) values (?) returning user_id]; SQL [insert into users (name) values (?) returning user_id]; constraint [name]
2024-07-05T19:14:37.048+09:00  WARN 10616 --- [boardPrac] [ol-2-thread-934] o.m.jdbc.message.server.ErrorPacket      : Error: 1062-23000: Duplicate entry 'dup5' for key 'name'
could not execute statement [(conn=87) Duplicate entry 'dup5' for key 'name'] [insert into users (name) values (?) returning user_id]; SQL [insert into users (name) values (?) returning user_id]; constraint [name]
2024-07-05T19:14:37.049+09:00  WARN 10616 --- [boardPrac] [ol-2-thread-933] o.m.jdbc.message.server.ErrorPacket      : Error: 1062-23000: Duplicate entry 'dup5' for key 'name'
2024-07-05T19:14:37.049+09:00  WARN 10616 --- [boardPrac] [ol-2-thread-932] o.m.jdbc.message.server.ErrorPacket      : Error: 1062-23000: Duplicate entry 'dup5' for key 'name'
Hibernate: insert into users (name) values (?) returning user_id
2024-07-05T19:14:37.049+09:00  WARN 10616 --- [boardPrac] [ol-2-thread-934] o.h.engine.jdbc.spi.SqlExceptionHelper   : SQL Error: 1062, SQLState: 23000
2024-07-05T19:14:37.049+09:00  WARN 10616 --- [boardPrac] [ol-2-thread-932] o.h.engine.jdbc.spi.SqlExceptionHelper   : SQL Error: 1062, SQLState: 23000
2024-07-05T19:14:37.049+09:00 ERROR 10616 --- [boardPrac] [ol-2-thread-934] o.h.engine.jdbc.spi.SqlExceptionHelper   : (conn=89) Duplicate entry 'dup5' for key 'name'
2024-07-05T19:14:37.049+09:00  WARN 10616 --- [boardPrac] [ol-2-thread-933] o.h.engine.jdbc.spi.SqlExceptionHelper   : SQL Error: 1062, SQLState: 23000
Hibernate: insert into users (name) values (?) returning user_id
2024-07-05T19:14:37.049+09:00 ERROR 10616 --- [boardPrac] [ol-2-thread-932] o.h.engine.jdbc.spi.SqlExceptionHelper   : (conn=93) Duplicate entry 'dup5' for key 'name'
Hibernate: insert into users (name) values (?) returning user_id
2024-07-05T19:14:37.049+09:00 ERROR 10616 --- [boardPrac] [ol-2-thread-933] o.h.engine.jdbc.spi.SqlExceptionHelper   : (conn=84) Duplicate entry 'dup5' for key 'name'
Hibernate: insert into users (name) values (?) returning user_id
could not execute statement [(conn=88) Duplicate entry 'dup5' for key 'name'] [insert into users (name) values (?) returning user_id]; SQL [insert into users (name) values (?) returning user_id]; constraint [name]
Hibernate: insert into users (name) values (?) returning user_id
2024-07-05T19:14:37.051+09:00  WARN 10616 --- [boardPrac] [ol-2-thread-936] o.m.jdbc.message.server.ErrorPacket      : Error: 1062-23000: Duplicate entry 'dup5' for key 'name'
could not execute statement [(conn=86) Duplicate entry 'dup5' for key 'name'] [insert into users (name) values (?) returning user_id]; SQL [insert into users (name) values (?) returning user_id]; constraint [name]
2024-07-05T19:14:37.051+09:00  WARN 10616 --- [boardPrac] [ol-2-thread-937] o.m.jdbc.message.server.ErrorPacket      : Error: 1062-23000: Duplicate entry 'dup5' for key 'name'
2024-07-05T19:14:37.051+09:00  WARN 10616 --- [boardPrac] [ol-2-thread-935] o.m.jdbc.message.server.ErrorPacket      : Error: 1062-23000: Duplicate entry 'dup5' for key 'name'
2024-07-05T19:14:37.051+09:00  WARN 10616 --- [boardPrac] [ol-2-thread-936] o.h.engine.jdbc.spi.SqlExceptionHelper   : SQL Error: 1062, SQLState: 23000
2024-07-05T19:14:37.051+09:00  WARN 10616 --- [boardPrac] [ol-2-thread-937] o.h.engine.jdbc.spi.SqlExceptionHelper   : SQL Error: 1062, SQLState: 23000
2024-07-05T19:14:37.051+09:00  WARN 10616 --- [boardPrac] [ol-2-thread-935] o.h.engine.jdbc.spi.SqlExceptionHelper   : SQL Error: 1062, SQLState: 23000
2024-07-05T19:14:37.051+09:00 ERROR 10616 --- [boardPrac] [ol-2-thread-936] o.h.engine.jdbc.spi.SqlExceptionHelper   : (conn=85) Duplicate entry 'dup5' for key 'name'
2024-07-05T19:14:37.051+09:00 ERROR 10616 --- [boardPrac] [ol-2-thread-935] o.h.engine.jdbc.spi.SqlExceptionHelper   : (conn=91) Duplicate entry 'dup5' for key 'name'
2024-07-05T19:14:37.051+09:00 ERROR 10616 --- [boardPrac] [ol-2-thread-937] o.h.engine.jdbc.spi.SqlExceptionHelper   : (conn=90) Duplicate entry 'dup5' for key 'name'
2024-07-05T19:14:37.051+09:00  WARN 10616 --- [boardPrac] [ol-2-thread-938] o.m.jdbc.message.server.ErrorPacket      : Error: 1062-23000: Duplicate entry 'dup5' for key 'name'
2024-07-05T19:14:37.051+09:00  WARN 10616 --- [boardPrac] [ol-2-thread-938] o.h.engine.jdbc.spi.SqlExceptionHelper   : SQL Error: 1062, SQLState: 23000
2024-07-05T19:14:37.051+09:00 ERROR 10616 --- [boardPrac] [ol-2-thread-938] o.h.engine.jdbc.spi.SqlExceptionHelper   : (conn=92) Duplicate entry 'dup5' for key 'name'
could not execute statement [(conn=89) Duplicate entry 'dup5' for key 'name'] [insert into users (name) values (?) returning user_id]; SQL [insert into users (name) values (?) returning user_id]; constraint [name]
Hibernate: insert into users (name) values (?) returning user_id
could not execute statement [(conn=84) Duplicate entry 'dup5' for key 'name'] [insert into users (name) values (?) returning user_id]; SQL [insert into users (name) values (?) returning user_id]; constraint [name]
Hibernate: insert into users (name) values (?) returning user_id
could not execute statement [(conn=93) Duplicate entry 'dup5' for key 'name'] [insert into users (name) values (?) returning user_id]; SQL [insert into users (name) values (?) returning user_id]; constraint [name]
2024-07-05T19:14:37.053+09:00  WARN 10616 --- [boardPrac] [ol-2-thread-939] o.m.jdbc.message.server.ErrorPacket      : Error: 1062-23000: Duplicate entry 'dup5' for key 'name'
2024-07-05T19:14:37.053+09:00  WARN 10616 --- [boardPrac] [ol-2-thread-939] o.h.engine.jdbc.spi.SqlExceptionHelper   : SQL Error: 1062, SQLState: 23000
2024-07-05T19:14:37.053+09:00 ERROR 10616 --- [boardPrac] [ol-2-thread-939] o.h.engine.jdbc.spi.SqlExceptionHelper   : (conn=87) Duplicate entry 'dup5' for key 'name'
could not execute statement [(conn=90) Duplicate entry 'dup5' for key 'name'] [insert into users (name) values (?) returning user_id]; SQL [insert into users (name) values (?) returning user_id]; constraint [name]
could not execute statement [(conn=85) Duplicate entry 'dup5' for key 'name'] [insert into users (name) values (?) returning user_id]; SQL [insert into users (name) values (?) returning user_id]; constraint [name]
2024-07-05T19:14:37.054+09:00  WARN 10616 --- [boardPrac] [ol-2-thread-940] o.m.jdbc.message.server.ErrorPacket      : Error: 1062-23000: Duplicate entry 'dup5' for key 'name'
Hibernate: insert into users (name) values (?) returning user_id
2024-07-05T19:14:37.054+09:00  WARN 10616 --- [boardPrac] [ol-2-thread-941] o.m.jdbc.message.server.ErrorPacket      : Error: 1062-23000: Duplicate entry 'dup5' for key 'name'
could not execute statement [(conn=92) Duplicate entry 'dup5' for key 'name'] [insert into users (name) values (?) returning user_id]; SQL [insert into users (name) values (?) returning user_id]; constraint [name]
could not execute statement [(conn=91) Duplicate entry 'dup5' for key 'name'] [insert into users (name) values (?) returning user_id]; SQL [insert into users (name) values (?) returning user_id]; constraint [name]
Hibernate: insert into users (name) values (?) returning user_id
Hibernate: insert into users (name) values (?) returning user_id
2024-07-05T19:14:37.054+09:00  WARN 10616 --- [boardPrac] [ol-2-thread-941] o.h.engine.jdbc.spi.SqlExceptionHelper   : SQL Error: 1062, SQLState: 23000
2024-07-05T19:14:37.054+09:00  WARN 10616 --- [boardPrac] [ol-2-thread-940] o.h.engine.jdbc.spi.SqlExceptionHelper   : SQL Error: 1062, SQLState: 23000
2024-07-05T19:14:37.054+09:00 ERROR 10616 --- [boardPrac] [ol-2-thread-941] o.h.engine.jdbc.spi.SqlExceptionHelper   : (conn=86) Duplicate entry 'dup5' for key 'name'
2024-07-05T19:14:37.054+09:00 ERROR 10616 --- [boardPrac] [ol-2-thread-940] o.h.engine.jdbc.spi.SqlExceptionHelper   : (conn=88) Duplicate entry 'dup5' for key 'name'
Hibernate: insert into users (name) values (?) returning user_id
Hibernate: insert into users (name) values (?) returning user_id
Hibernate: insert into users (name) values (?) returning user_id
Hibernate: insert into users (name) values (?) returning user_id
2024-07-05T19:14:37.056+09:00  WARN 10616 --- [boardPrac] [ol-2-thread-942] o.m.jdbc.message.server.ErrorPacket      : Error: 1062-23000: Duplicate entry 'dup5' for key 'name'
could not execute statement [(conn=87) Duplicate entry 'dup5' for key 'name'] [insert into users (name) values (?) returning user_id]; SQL [insert into users (name) values (?) returning user_id]; constraint [name]
2024-07-05T19:14:37.056+09:00  WARN 10616 --- [boardPrac] [ol-2-thread-944] o.m.jdbc.message.server.ErrorPacket      : Error: 1062-23000: Duplicate entry 'dup5' for key 'name'
2024-07-05T19:14:37.056+09:00  WARN 10616 --- [boardPrac] [ol-2-thread-943] o.m.jdbc.message.server.ErrorPacket      : Error: 1062-23000: Duplicate entry 'dup5' for key 'name'
2024-07-05T19:14:37.056+09:00  WARN 10616 --- [boardPrac] [ol-2-thread-942] o.h.engine.jdbc.spi.SqlExceptionHelper   : SQL Error: 1062, SQLState: 23000
2024-07-05T19:14:37.056+09:00  WARN 10616 --- [boardPrac] [ol-2-thread-943] o.h.engine.jdbc.spi.SqlExceptionHelper   : SQL Error: 1062, SQLState: 23000
2024-07-05T19:14:37.056+09:00 ERROR 10616 --- [boardPrac] [ol-2-thread-942] o.h.engine.jdbc.spi.SqlExceptionHelper   : (conn=84) Duplicate entry 'dup5' for key 'name'
2024-07-05T19:14:37.056+09:00  WARN 10616 --- [boardPrac] [ol-2-thread-944] o.h.engine.jdbc.spi.SqlExceptionHelper   : SQL Error: 1062, SQLState: 23000
2024-07-05T19:14:37.056+09:00 ERROR 10616 --- [boardPrac] [ol-2-thread-943] o.h.engine.jdbc.spi.SqlExceptionHelper   : (conn=89) Duplicate entry 'dup5' for key 'name'
2024-07-05T19:14:37.056+09:00 ERROR 10616 --- [boardPrac] [ol-2-thread-944] o.h.engine.jdbc.spi.SqlExceptionHelper   : (conn=93) Duplicate entry 'dup5' for key 'name'
could not execute statement [(conn=86) Duplicate entry 'dup5' for key 'name'] [insert into users (name) values (?) returning user_id]; SQL [insert into users (name) values (?) returning user_id]; constraint [name]
could not execute statement [(conn=88) Duplicate entry 'dup5' for key 'name'] [insert into users (name) values (?) returning user_id]; SQL [insert into users (name) values (?) returning user_id]; constraint [name]
Hibernate: insert into users (name) values (?) returning user_id
2024-07-05T19:14:37.059+09:00  WARN 10616 --- [boardPrac] [ol-2-thread-947] o.m.jdbc.message.server.ErrorPacket      : Error: 1062-23000: Duplicate entry 'dup5' for key 'name'
2024-07-05T19:14:37.059+09:00  WARN 10616 --- [boardPrac] [ol-2-thread-946] o.m.jdbc.message.server.ErrorPacket      : Error: 1062-23000: Duplicate entry 'dup5' for key 'name'
2024-07-05T19:14:37.059+09:00  WARN 10616 --- [boardPrac] [ol-2-thread-948] o.m.jdbc.message.server.ErrorPacket      : Error: 1062-23000: Duplicate entry 'dup5' for key 'name'
2024-07-05T19:14:37.059+09:00  WARN 10616 --- [boardPrac] [ol-2-thread-945] o.m.jdbc.message.server.ErrorPacket      : Error: 1062-23000: Duplicate entry 'dup5' for key 'name'
2024-07-05T19:14:37.059+09:00  WARN 10616 --- [boardPrac] [ol-2-thread-947] o.h.engine.jdbc.spi.SqlExceptionHelper   : SQL Error: 1062, SQLState: 23000
2024-07-05T19:14:37.059+09:00 ERROR 10616 --- [boardPrac] [ol-2-thread-947] o.h.engine.jdbc.spi.SqlExceptionHelper   : (conn=91) Duplicate entry 'dup5' for key 'name'
2024-07-05T19:14:37.059+09:00  WARN 10616 --- [boardPrac] [ol-2-thread-948] o.h.engine.jdbc.spi.SqlExceptionHelper   : SQL Error: 1062, SQLState: 23000
2024-07-05T19:14:37.059+09:00 ERROR 10616 --- [boardPrac] [ol-2-thread-948] o.h.engine.jdbc.spi.SqlExceptionHelper   : (conn=85) Duplicate entry 'dup5' for key 'name'
2024-07-05T19:14:37.059+09:00  WARN 10616 --- [boardPrac] [ol-2-thread-946] o.h.engine.jdbc.spi.SqlExceptionHelper   : SQL Error: 1062, SQLState: 23000
2024-07-05T19:14:37.059+09:00 ERROR 10616 --- [boardPrac] [ol-2-thread-946] o.h.engine.jdbc.spi.SqlExceptionHelper   : (conn=90) Duplicate entry 'dup5' for key 'name'
2024-07-05T19:14:37.059+09:00  WARN 10616 --- [boardPrac] [ol-2-thread-945] o.h.engine.jdbc.spi.SqlExceptionHelper   : SQL Error: 1062, SQLState: 23000
2024-07-05T19:14:37.059+09:00 ERROR 10616 --- [boardPrac] [ol-2-thread-945] o.h.engine.jdbc.spi.SqlExceptionHelper   : (conn=92) Duplicate entry 'dup5' for key 'name'
could not execute statement [(conn=93) Duplicate entry 'dup5' for key 'name'] [insert into users (name) values (?) returning user_id]; SQL [insert into users (name) values (?) returning user_id]; constraint [name]
Hibernate: insert into users (name) values (?) returning user_id
could not execute statement [(conn=84) Duplicate entry 'dup5' for key 'name'] [insert into users (name) values (?) returning user_id]; SQL [insert into users (name) values (?) returning user_id]; constraint [name]
could not execute statement [(conn=89) Duplicate entry 'dup5' for key 'name'] [insert into users (name) values (?) returning user_id]; SQL [insert into users (name) values (?) returning user_id]; constraint [name]
Hibernate: insert into users (name) values (?) returning user_id
2024-07-05T19:14:37.059+09:00  WARN 10616 --- [boardPrac] [ol-2-thread-949] o.m.jdbc.message.server.ErrorPacket      : Error: 1062-23000: Duplicate entry 'dup5' for key 'name'
2024-07-05T19:14:37.060+09:00  WARN 10616 --- [boardPrac] [ol-2-thread-949] o.h.engine.jdbc.spi.SqlExceptionHelper   : SQL Error: 1062, SQLState: 23000
2024-07-05T19:14:37.060+09:00 ERROR 10616 --- [boardPrac] [ol-2-thread-949] o.h.engine.jdbc.spi.SqlExceptionHelper   : (conn=87) Duplicate entry 'dup5' for key 'name'
2024-07-05T19:14:37.061+09:00  WARN 10616 --- [boardPrac] [ol-2-thread-951] o.m.jdbc.message.server.ErrorPacket      : Error: 1062-23000: Duplicate entry 'dup5' for key 'name'
2024-07-05T19:14:37.061+09:00  WARN 10616 --- [boardPrac] [ol-2-thread-951] o.h.engine.jdbc.spi.SqlExceptionHelper   : SQL Error: 1062, SQLState: 23000
2024-07-05T19:14:37.061+09:00 ERROR 10616 --- [boardPrac] [ol-2-thread-951] o.h.engine.jdbc.spi.SqlExceptionHelper   : (conn=88) Duplicate entry 'dup5' for key 'name'
Hibernate: insert into users (name) values (?) returning user_id
Hibernate: insert into users (name) values (?) returning user_id
2024-07-05T19:14:37.062+09:00  WARN 10616 --- [boardPrac] [ol-2-thread-950] o.m.jdbc.message.server.ErrorPacket      : Error: 1062-23000: Duplicate entry 'dup5' for key 'name'
Hibernate: insert into users (name) values (?) returning user_id
2024-07-05T19:14:37.062+09:00  WARN 10616 --- [boardPrac] [ol-2-thread-950] o.h.engine.jdbc.spi.SqlExceptionHelper   : SQL Error: 1062, SQLState: 23000
2024-07-05T19:14:37.062+09:00 ERROR 10616 --- [boardPrac] [ol-2-thread-950] o.h.engine.jdbc.spi.SqlExceptionHelper   : (conn=86) Duplicate entry 'dup5' for key 'name'
2024-07-05T19:14:37.063+09:00  WARN 10616 --- [boardPrac] [ol-2-thread-953] o.m.jdbc.message.server.ErrorPacket      : Error: 1062-23000: Duplicate entry 'dup5' for key 'name'
2024-07-05T19:14:37.063+09:00  WARN 10616 --- [boardPrac] [ol-2-thread-952] o.m.jdbc.message.server.ErrorPacket      : Error: 1062-23000: Duplicate entry 'dup5' for key 'name'
could not execute statement [(conn=85) Duplicate entry 'dup5' for key 'name'] [insert into users (name) values (?) returning user_id]; SQL [insert into users (name) values (?) returning user_id]; constraint [name]
2024-07-05T19:14:37.063+09:00  WARN 10616 --- [boardPrac] [ol-2-thread-953] o.h.engine.jdbc.spi.SqlExceptionHelper   : SQL Error: 1062, SQLState: 23000
2024-07-05T19:14:37.063+09:00  WARN 10616 --- [boardPrac] [ol-2-thread-952] o.h.engine.jdbc.spi.SqlExceptionHelper   : SQL Error: 1062, SQLState: 23000
could not execute statement [(conn=91) Duplicate entry 'dup5' for key 'name'] [insert into users (name) values (?) returning user_id]; SQL [insert into users (name) values (?) returning user_id]; constraint [name]
2024-07-05T19:14:37.063+09:00 ERROR 10616 --- [boardPrac] [ol-2-thread-953] o.h.engine.jdbc.spi.SqlExceptionHelper   : (conn=84) Duplicate entry 'dup5' for key 'name'
2024-07-05T19:14:37.063+09:00 ERROR 10616 --- [boardPrac] [ol-2-thread-952] o.h.engine.jdbc.spi.SqlExceptionHelper   : (conn=93) Duplicate entry 'dup5' for key 'name'
could not execute statement [(conn=92) Duplicate entry 'dup5' for key 'name'] [insert into users (name) values (?) returning user_id]; SQL [insert into users (name) values (?) returning user_id]; constraint [name]
could not execute statement [(conn=88) Duplicate entry 'dup5' for key 'name'] [insert into users (name) values (?) returning user_id]; SQL [insert into users (name) values (?) returning user_id]; constraint [name]
2024-07-05T19:14:37.066+09:00  WARN 10616 --- [boardPrac] [ol-2-thread-954] o.m.jdbc.message.server.ErrorPacket      : Error: 1062-23000: Duplicate entry 'dup5' for key 'name'
could not execute statement [(conn=90) Duplicate entry 'dup5' for key 'name'] [insert into users (name) values (?) returning user_id]; SQL [insert into users (name) values (?) returning user_id]; constraint [name]
2024-07-05T19:14:37.066+09:00  WARN 10616 --- [boardPrac] [ol-2-thread-954] o.h.engine.jdbc.spi.SqlExceptionHelper   : SQL Error: 1062, SQLState: 23000
could not execute statement [(conn=87) Duplicate entry 'dup5' for key 'name'] [insert into users (name) values (?) returning user_id]; SQL [insert into users (name) values (?) returning user_id]; constraint [name]
2024-07-05T19:14:37.066+09:00 ERROR 10616 --- [boardPrac] [ol-2-thread-954] o.h.engine.jdbc.spi.SqlExceptionHelper   : (conn=89) Duplicate entry 'dup5' for key 'name'
Hibernate: insert into users (name) values (?) returning user_id
Hibernate: insert into users (name) values (?) returning user_id
Hibernate: insert into users (name) values (?) returning user_id
could not execute statement [(conn=86) Duplicate entry 'dup5' for key 'name'] [insert into users (name) values (?) returning user_id]; SQL [insert into users (name) values (?) returning user_id]; constraint [name]
2024-07-05T19:14:37.068+09:00  WARN 10616 --- [boardPrac] [ol-2-thread-955] o.m.jdbc.message.server.ErrorPacket      : Error: 1062-23000: Duplicate entry 'dup5' for key 'name'
2024-07-05T19:14:37.068+09:00  WARN 10616 --- [boardPrac] [ol-2-thread-957] o.m.jdbc.message.server.ErrorPacket      : Error: 1062-23000: Duplicate entry 'dup5' for key 'name'
Hibernate: insert into users (name) values (?) returning user_id
2024-07-05T19:14:37.068+09:00  WARN 10616 --- [boardPrac] [ol-2-thread-956] o.m.jdbc.message.server.ErrorPacket      : Error: 1062-23000: Duplicate entry 'dup5' for key 'name'
Hibernate: insert into users (name) values (?) returning user_id
2024-07-05T19:14:37.068+09:00  WARN 10616 --- [boardPrac] [ol-2-thread-957] o.h.engine.jdbc.spi.SqlExceptionHelper   : SQL Error: 1062, SQLState: 23000
2024-07-05T19:14:37.068+09:00 ERROR 10616 --- [boardPrac] [ol-2-thread-957] o.h.engine.jdbc.spi.SqlExceptionHelper   : (conn=91) Duplicate entry 'dup5' for key 'name'
2024-07-05T19:14:37.068+09:00  WARN 10616 --- [boardPrac] [ol-2-thread-956] o.h.engine.jdbc.spi.SqlExceptionHelper   : SQL Error: 1062, SQLState: 23000
2024-07-05T19:14:37.068+09:00  WARN 10616 --- [boardPrac] [ol-2-thread-955] o.h.engine.jdbc.spi.SqlExceptionHelper   : SQL Error: 1062, SQLState: 23000
2024-07-05T19:14:37.068+09:00 ERROR 10616 --- [boardPrac] [ol-2-thread-956] o.h.engine.jdbc.spi.SqlExceptionHelper   : (conn=92) Duplicate entry 'dup5' for key 'name'
Hibernate: insert into users (name) values (?) returning user_id
2024-07-05T19:14:37.068+09:00 ERROR 10616 --- [boardPrac] [ol-2-thread-955] o.h.engine.jdbc.spi.SqlExceptionHelper   : (conn=85) Duplicate entry 'dup5' for key 'name'
could not execute statement [(conn=89) Duplicate entry 'dup5' for key 'name'] [insert into users (name) values (?) returning user_id]; SQL [insert into users (name) values (?) returning user_id]; constraint [name]
could not execute statement [(conn=84) Duplicate entry 'dup5' for key 'name'] [insert into users (name) values (?) returning user_id]; SQL [insert into users (name) values (?) returning user_id]; constraint [name]
could not execute statement [(conn=93) Duplicate entry 'dup5' for key 'name'] [insert into users (name) values (?) returning user_id]; SQL [insert into users (name) values (?) returning user_id]; constraint [name]
2024-07-05T19:14:37.069+09:00  WARN 10616 --- [boardPrac] [ol-2-thread-958] o.m.jdbc.message.server.ErrorPacket      : Error: 1062-23000: Duplicate entry 'dup5' for key 'name'
Hibernate: insert into users (name) values (?) returning user_id
2024-07-05T19:14:37.069+09:00  WARN 10616 --- [boardPrac] [ol-2-thread-958] o.h.engine.jdbc.spi.SqlExceptionHelper   : SQL Error: 1062, SQLState: 23000
2024-07-05T19:14:37.069+09:00 ERROR 10616 --- [boardPrac] [ol-2-thread-958] o.h.engine.jdbc.spi.SqlExceptionHelper   : (conn=90) Duplicate entry 'dup5' for key 'name'
2024-07-05T19:14:37.069+09:00  WARN 10616 --- [boardPrac] [ol-2-thread-960] o.m.jdbc.message.server.ErrorPacket      : Error: 1062-23000: Duplicate entry 'dup5' for key 'name'
2024-07-05T19:14:37.069+09:00  WARN 10616 --- [boardPrac] [ol-2-thread-959] o.m.jdbc.message.server.ErrorPacket      : Error: 1062-23000: Duplicate entry 'dup5' for key 'name'
2024-07-05T19:14:37.069+09:00  WARN 10616 --- [boardPrac] [ol-2-thread-960] o.h.engine.jdbc.spi.SqlExceptionHelper   : SQL Error: 1062, SQLState: 23000
2024-07-05T19:14:37.069+09:00 ERROR 10616 --- [boardPrac] [ol-2-thread-960] o.h.engine.jdbc.spi.SqlExceptionHelper   : (conn=87) Duplicate entry 'dup5' for key 'name'
2024-07-05T19:14:37.069+09:00  WARN 10616 --- [boardPrac] [ol-2-thread-959] o.h.engine.jdbc.spi.SqlExceptionHelper   : SQL Error: 1062, SQLState: 23000
2024-07-05T19:14:37.070+09:00 ERROR 10616 --- [boardPrac] [ol-2-thread-959] o.h.engine.jdbc.spi.SqlExceptionHelper   : (conn=88) Duplicate entry 'dup5' for key 'name'
could not execute statement [(conn=92) Duplicate entry 'dup5' for key 'name'] [insert into users (name) values (?) returning user_id]; SQL [insert into users (name) values (?) returning user_id]; constraint [name]
could not execute statement [(conn=91) Duplicate entry 'dup5' for key 'name'] [insert into users (name) values (?) returning user_id]; SQL [insert into users (name) values (?) returning user_id]; constraint [name]
could not execute statement [(conn=85) Duplicate entry 'dup5' for key 'name'] [insert into users (name) values (?) returning user_id]; SQL [insert into users (name) values (?) returning user_id]; constraint [name]
Hibernate: insert into users (name) values (?) returning user_id
2024-07-05T19:14:37.071+09:00  WARN 10616 --- [boardPrac] [ol-2-thread-961] o.m.jdbc.message.server.ErrorPacket      : Error: 1062-23000: Duplicate entry 'dup5' for key 'name'
Hibernate: insert into users (name) values (?) returning user_id
Hibernate: insert into users (name) values (?) returning user_id
2024-07-05T19:14:37.071+09:00  WARN 10616 --- [boardPrac] [ol-2-thread-961] o.h.engine.jdbc.spi.SqlExceptionHelper   : SQL Error: 1062, SQLState: 23000
2024-07-05T19:14:37.071+09:00 ERROR 10616 --- [boardPrac] [ol-2-thread-961] o.h.engine.jdbc.spi.SqlExceptionHelper   : (conn=86) Duplicate entry 'dup5' for key 'name'
Hibernate: insert into users (name) values (?) returning user_id
Hibernate: insert into users (name) values (?) returning user_id
could not execute statement [(conn=88) Duplicate entry 'dup5' for key 'name'] [insert into users (name) values (?) returning user_id]; SQL [insert into users (name) values (?) returning user_id]; constraint [name]
Hibernate: insert into users (name) values (?) returning user_id
could not execute statement [(conn=90) Duplicate entry 'dup5' for key 'name'] [insert into users (name) values (?) returning user_id]; SQL [insert into users (name) values (?) returning user_id]; constraint [name]
could not execute statement [(conn=87) Duplicate entry 'dup5' for key 'name'] [insert into users (name) values (?) returning user_id]; SQL [insert into users (name) values (?) returning user_id]; constraint [name]
2024-07-05T19:14:37.072+09:00  WARN 10616 --- [boardPrac] [ol-2-thread-964] o.m.jdbc.message.server.ErrorPacket      : Error: 1062-23000: Duplicate entry 'dup5' for key 'name'
2024-07-05T19:14:37.072+09:00  WARN 10616 --- [boardPrac] [ol-2-thread-963] o.m.jdbc.message.server.ErrorPacket      : Error: 1062-23000: Duplicate entry 'dup5' for key 'name'
2024-07-05T19:14:37.072+09:00  WARN 10616 --- [boardPrac] [ol-2-thread-962] o.m.jdbc.message.server.ErrorPacket      : Error: 1062-23000: Duplicate entry 'dup5' for key 'name'
2024-07-05T19:14:37.072+09:00  WARN 10616 --- [boardPrac] [ol-2-thread-964] o.h.engine.jdbc.spi.SqlExceptionHelper   : SQL Error: 1062, SQLState: 23000
2024-07-05T19:14:37.072+09:00 ERROR 10616 --- [boardPrac] [ol-2-thread-964] o.h.engine.jdbc.spi.SqlExceptionHelper   : (conn=93) Duplicate entry 'dup5' for key 'name'
2024-07-05T19:14:37.072+09:00  WARN 10616 --- [boardPrac] [ol-2-thread-963] o.h.engine.jdbc.spi.SqlExceptionHelper   : SQL Error: 1062, SQLState: 23000
2024-07-05T19:14:37.072+09:00  WARN 10616 --- [boardPrac] [ol-2-thread-962] o.h.engine.jdbc.spi.SqlExceptionHelper   : SQL Error: 1062, SQLState: 23000
2024-07-05T19:14:37.072+09:00 ERROR 10616 --- [boardPrac] [ol-2-thread-963] o.h.engine.jdbc.spi.SqlExceptionHelper   : (conn=84) Duplicate entry 'dup5' for key 'name'
2024-07-05T19:14:37.073+09:00 ERROR 10616 --- [boardPrac] [ol-2-thread-962] o.h.engine.jdbc.spi.SqlExceptionHelper   : (conn=89) Duplicate entry 'dup5' for key 'name'
2024-07-05T19:14:37.073+09:00  WARN 10616 --- [boardPrac] [ol-2-thread-966] o.m.jdbc.message.server.ErrorPacket      : Error: 1062-23000: Duplicate entry 'dup5' for key 'name'
could not execute statement [(conn=86) Duplicate entry 'dup5' for key 'name'] [insert into users (name) values (?) returning user_id]; SQL [insert into users (name) values (?) returning user_id]; constraint [name]
2024-07-05T19:14:37.073+09:00  WARN 10616 --- [boardPrac] [ol-2-thread-967] o.m.jdbc.message.server.ErrorPacket      : Error: 1062-23000: Duplicate entry 'dup5' for key 'name'
2024-07-05T19:14:37.073+09:00  WARN 10616 --- [boardPrac] [ol-2-thread-965] o.m.jdbc.message.server.ErrorPacket      : Error: 1062-23000: Duplicate entry 'dup5' for key 'name'
Hibernate: insert into users (name) values (?) returning user_id
2024-07-05T19:14:37.073+09:00  WARN 10616 --- [boardPrac] [ol-2-thread-966] o.h.engine.jdbc.spi.SqlExceptionHelper   : SQL Error: 1062, SQLState: 23000
2024-07-05T19:14:37.073+09:00  WARN 10616 --- [boardPrac] [ol-2-thread-967] o.h.engine.jdbc.spi.SqlExceptionHelper   : SQL Error: 1062, SQLState: 23000
2024-07-05T19:14:37.073+09:00 ERROR 10616 --- [boardPrac] [ol-2-thread-966] o.h.engine.jdbc.spi.SqlExceptionHelper   : (conn=92) Duplicate entry 'dup5' for key 'name'
Hibernate: insert into users (name) values (?) returning user_id
2024-07-05T19:14:37.073+09:00 ERROR 10616 --- [boardPrac] [ol-2-thread-967] o.h.engine.jdbc.spi.SqlExceptionHelper   : (conn=91) Duplicate entry 'dup5' for key 'name'
Hibernate: insert into users (name) values (?) returning user_id
2024-07-05T19:14:37.073+09:00  WARN 10616 --- [boardPrac] [ol-2-thread-965] o.h.engine.jdbc.spi.SqlExceptionHelper   : SQL Error: 1062, SQLState: 23000
2024-07-05T19:14:37.073+09:00 ERROR 10616 --- [boardPrac] [ol-2-thread-965] o.h.engine.jdbc.spi.SqlExceptionHelper   : (conn=85) Duplicate entry 'dup5' for key 'name'
2024-07-05T19:14:37.074+09:00  WARN 10616 --- [boardPrac] [ol-2-thread-970] o.m.jdbc.message.server.ErrorPacket      : Error: 1062-23000: Duplicate entry 'dup5' for key 'name'
2024-07-05T19:14:37.074+09:00  WARN 10616 --- [boardPrac] [ol-2-thread-968] o.m.jdbc.message.server.ErrorPacket      : Error: 1062-23000: Duplicate entry 'dup5' for key 'name'
2024-07-05T19:14:37.075+09:00  WARN 10616 --- [boardPrac] [ol-2-thread-969] o.m.jdbc.message.server.ErrorPacket      : Error: 1062-23000: Duplicate entry 'dup5' for key 'name'
2024-07-05T19:14:37.075+09:00  WARN 10616 --- [boardPrac] [ol-2-thread-970] o.h.engine.jdbc.spi.SqlExceptionHelper   : SQL Error: 1062, SQLState: 23000
2024-07-05T19:14:37.075+09:00  WARN 10616 --- [boardPrac] [ol-2-thread-968] o.h.engine.jdbc.spi.SqlExceptionHelper   : SQL Error: 1062, SQLState: 23000
2024-07-05T19:14:37.075+09:00 ERROR 10616 --- [boardPrac] [ol-2-thread-970] o.h.engine.jdbc.spi.SqlExceptionHelper   : (conn=90) Duplicate entry 'dup5' for key 'name'
2024-07-05T19:14:37.075+09:00 ERROR 10616 --- [boardPrac] [ol-2-thread-968] o.h.engine.jdbc.spi.SqlExceptionHelper   : (conn=88) Duplicate entry 'dup5' for key 'name'
2024-07-05T19:14:37.075+09:00  WARN 10616 --- [boardPrac] [ol-2-thread-969] o.h.engine.jdbc.spi.SqlExceptionHelper   : SQL Error: 1062, SQLState: 23000
2024-07-05T19:14:37.075+09:00 ERROR 10616 --- [boardPrac] [ol-2-thread-969] o.h.engine.jdbc.spi.SqlExceptionHelper   : (conn=87) Duplicate entry 'dup5' for key 'name'
Hibernate: insert into users (name) values (?) returning user_id
could not execute statement [(conn=93) Duplicate entry 'dup5' for key 'name'] [insert into users (name) values (?) returning user_id]; SQL [insert into users (name) values (?) returning user_id]; constraint [name]
could not execute statement [(conn=84) Duplicate entry 'dup5' for key 'name'] [insert into users (name) values (?) returning user_id]; SQL [insert into users (name) values (?) returning user_id]; constraint [name]
could not execute statement [(conn=89) Duplicate entry 'dup5' for key 'name'] [insert into users (name) values (?) returning user_id]; SQL [insert into users (name) values (?) returning user_id]; constraint [name]
could not execute statement [(conn=91) Duplicate entry 'dup5' for key 'name'] [insert into users (name) values (?) returning user_id]; SQL [insert into users (name) values (?) returning user_id]; constraint [name]
could not execute statement [(conn=92) Duplicate entry 'dup5' for key 'name'] [insert into users (name) values (?) returning user_id]; SQL [insert into users (name) values (?) returning user_id]; constraint [name]
could not execute statement [(conn=85) Duplicate entry 'dup5' for key 'name'] [insert into users (name) values (?) returning user_id]; SQL [insert into users (name) values (?) returning user_id]; constraint [name]
Hibernate: insert into users (name) values (?) returning user_id
Hibernate: insert into users (name) values (?) returning user_id
Hibernate: insert into users (name) values (?) returning user_id
2024-07-05T19:14:37.077+09:00  WARN 10616 --- [boardPrac] [ol-2-thread-971] o.m.jdbc.message.server.ErrorPacket      : Error: 1062-23000: Duplicate entry 'dup5' for key 'name'
2024-07-05T19:14:37.077+09:00  WARN 10616 --- [boardPrac] [ol-2-thread-971] o.h.engine.jdbc.spi.SqlExceptionHelper   : SQL Error: 1062, SQLState: 23000
2024-07-05T19:14:37.077+09:00 ERROR 10616 --- [boardPrac] [ol-2-thread-971] o.h.engine.jdbc.spi.SqlExceptionHelper   : (conn=86) Duplicate entry 'dup5' for key 'name'
2024-07-05T19:14:37.078+09:00  WARN 10616 --- [boardPrac] [ol-2-thread-972] o.m.jdbc.message.server.ErrorPacket      : Error: 1062-23000: Duplicate entry 'dup5' for key 'name'
could not execute statement [(conn=90) Duplicate entry 'dup5' for key 'name'] [insert into users (name) values (?) returning user_id]; SQL [insert into users (name) values (?) returning user_id]; constraint [name]
2024-07-05T19:14:37.078+09:00  WARN 10616 --- [boardPrac] [ol-2-thread-973] o.m.jdbc.message.server.ErrorPacket      : Error: 1062-23000: Duplicate entry 'dup5' for key 'name'
could not execute statement [(conn=88) Duplicate entry 'dup5' for key 'name'] [insert into users (name) values (?) returning user_id]; SQL [insert into users (name) values (?) returning user_id]; constraint [name]
could not execute statement [(conn=87) Duplicate entry 'dup5' for key 'name'] [insert into users (name) values (?) returning user_id]; SQL [insert into users (name) values (?) returning user_id]; constraint [name]
2024-07-05T19:14:37.078+09:00  WARN 10616 --- [boardPrac] [ol-2-thread-974] o.m.jdbc.message.server.ErrorPacket      : Error: 1062-23000: Duplicate entry 'dup5' for key 'name'
Hibernate: insert into users (name) values (?) returning user_id
2024-07-05T19:14:37.078+09:00  WARN 10616 --- [boardPrac] [ol-2-thread-972] o.h.engine.jdbc.spi.SqlExceptionHelper   : SQL Error: 1062, SQLState: 23000
2024-07-05T19:14:37.078+09:00  WARN 10616 --- [boardPrac] [ol-2-thread-973] o.h.engine.jdbc.spi.SqlExceptionHelper   : SQL Error: 1062, SQLState: 23000
Hibernate: insert into users (name) values (?) returning user_id
2024-07-05T19:14:37.079+09:00 ERROR 10616 --- [boardPrac] [ol-2-thread-972] o.h.engine.jdbc.spi.SqlExceptionHelper   : (conn=93) Duplicate entry 'dup5' for key 'name'
2024-07-05T19:14:37.079+09:00 ERROR 10616 --- [boardPrac] [ol-2-thread-973] o.h.engine.jdbc.spi.SqlExceptionHelper   : (conn=89) Duplicate entry 'dup5' for key 'name'
2024-07-05T19:14:37.079+09:00  WARN 10616 --- [boardPrac] [ol-2-thread-974] o.h.engine.jdbc.spi.SqlExceptionHelper   : SQL Error: 1062, SQLState: 23000
2024-07-05T19:14:37.079+09:00 ERROR 10616 --- [boardPrac] [ol-2-thread-974] o.h.engine.jdbc.spi.SqlExceptionHelper   : (conn=84) Duplicate entry 'dup5' for key 'name'
Hibernate: insert into users (name) values (?) returning user_id
2024-07-05T19:14:37.080+09:00  WARN 10616 --- [boardPrac] [ol-2-thread-975] o.m.jdbc.message.server.ErrorPacket      : Error: 1062-23000: Duplicate entry 'dup5' for key 'name'
2024-07-05T19:14:37.080+09:00  WARN 10616 --- [boardPrac] [ol-2-thread-976] o.m.jdbc.message.server.ErrorPacket      : Error: 1062-23000: Duplicate entry 'dup5' for key 'name'
Hibernate: insert into users (name) values (?) returning user_id
2024-07-05T19:14:37.080+09:00  WARN 10616 --- [boardPrac] [ol-2-thread-977] o.m.jdbc.message.server.ErrorPacket      : Error: 1062-23000: Duplicate entry 'dup5' for key 'name'
could not execute statement [(conn=86) Duplicate entry 'dup5' for key 'name'] [insert into users (name) values (?) returning user_id]; SQL [insert into users (name) values (?) returning user_id]; constraint [name]
Hibernate: insert into users (name) values (?) returning user_id
2024-07-05T19:14:37.081+09:00  WARN 10616 --- [boardPrac] [ol-2-thread-975] o.h.engine.jdbc.spi.SqlExceptionHelper   : SQL Error: 1062, SQLState: 23000
2024-07-05T19:14:37.081+09:00  WARN 10616 --- [boardPrac] [ol-2-thread-976] o.h.engine.jdbc.spi.SqlExceptionHelper   : SQL Error: 1062, SQLState: 23000
Hibernate: insert into users (name) values (?) returning user_id
2024-07-05T19:14:37.081+09:00 ERROR 10616 --- [boardPrac] [ol-2-thread-975] o.h.engine.jdbc.spi.SqlExceptionHelper   : (conn=85) Duplicate entry 'dup5' for key 'name'
2024-07-05T19:14:37.081+09:00 ERROR 10616 --- [boardPrac] [ol-2-thread-976] o.h.engine.jdbc.spi.SqlExceptionHelper   : (conn=91) Duplicate entry 'dup5' for key 'name'
2024-07-05T19:14:37.081+09:00  WARN 10616 --- [boardPrac] [ol-2-thread-977] o.h.engine.jdbc.spi.SqlExceptionHelper   : SQL Error: 1062, SQLState: 23000
2024-07-05T19:14:37.081+09:00 ERROR 10616 --- [boardPrac] [ol-2-thread-977] o.h.engine.jdbc.spi.SqlExceptionHelper   : (conn=92) Duplicate entry 'dup5' for key 'name'
2024-07-05T19:14:37.082+09:00  WARN 10616 --- [boardPrac] [ol-2-thread-979] o.m.jdbc.message.server.ErrorPacket      : Error: 1062-23000: Duplicate entry 'dup5' for key 'name'
could not execute statement [(conn=93) Duplicate entry 'dup5' for key 'name'] [insert into users (name) values (?) returning user_id]; SQL [insert into users (name) values (?) returning user_id]; constraint [name]
could not execute statement [(conn=89) Duplicate entry 'dup5' for key 'name'] [insert into users (name) values (?) returning user_id]; SQL [insert into users (name) values (?) returning user_id]; constraint [name]
2024-07-05T19:14:37.082+09:00  WARN 10616 --- [boardPrac] [ol-2-thread-979] o.h.engine.jdbc.spi.SqlExceptionHelper   : SQL Error: 1062, SQLState: 23000
could not execute statement [(conn=84) Duplicate entry 'dup5' for key 'name'] [insert into users (name) values (?) returning user_id]; SQL [insert into users (name) values (?) returning user_id]; constraint [name]
2024-07-05T19:14:37.082+09:00 ERROR 10616 --- [boardPrac] [ol-2-thread-979] o.h.engine.jdbc.spi.SqlExceptionHelper   : (conn=88) Duplicate entry 'dup5' for key 'name'
Hibernate: insert into users (name) values (?) returning user_id
2024-07-05T19:14:37.082+09:00  WARN 10616 --- [boardPrac] [ol-2-thread-978] o.m.jdbc.message.server.ErrorPacket      : Error: 1062-23000: Duplicate entry 'dup5' for key 'name'
2024-07-05T19:14:37.082+09:00  WARN 10616 --- [boardPrac] [ol-2-thread-980] o.m.jdbc.message.server.ErrorPacket      : Error: 1062-23000: Duplicate entry 'dup5' for key 'name'
2024-07-05T19:14:37.082+09:00  WARN 10616 --- [boardPrac] [ol-2-thread-980] o.h.engine.jdbc.spi.SqlExceptionHelper   : SQL Error: 1062, SQLState: 23000
2024-07-05T19:14:37.082+09:00  WARN 10616 --- [boardPrac] [ol-2-thread-978] o.h.engine.jdbc.spi.SqlExceptionHelper   : SQL Error: 1062, SQLState: 23000
2024-07-05T19:14:37.082+09:00 ERROR 10616 --- [boardPrac] [ol-2-thread-980] o.h.engine.jdbc.spi.SqlExceptionHelper   : (conn=87) Duplicate entry 'dup5' for key 'name'
2024-07-05T19:14:37.082+09:00 ERROR 10616 --- [boardPrac] [ol-2-thread-978] o.h.engine.jdbc.spi.SqlExceptionHelper   : (conn=90) Duplicate entry 'dup5' for key 'name'
could not execute statement [(conn=85) Duplicate entry 'dup5' for key 'name'] [insert into users (name) values (?) returning user_id]; SQL [insert into users (name) values (?) returning user_id]; constraint [name]
could not execute statement [(conn=92) Duplicate entry 'dup5' for key 'name'] [insert into users (name) values (?) returning user_id]; SQL [insert into users (name) values (?) returning user_id]; constraint [name]
could not execute statement [(conn=91) Duplicate entry 'dup5' for key 'name'] [insert into users (name) values (?) returning user_id]; SQL [insert into users (name) values (?) returning user_id]; constraint [name]
Hibernate: insert into users (name) values (?) returning user_id
Hibernate: insert into users (name) values (?) returning user_id
Hibernate: insert into users (name) values (?) returning user_id
2024-07-05T19:14:37.083+09:00  WARN 10616 --- [boardPrac] [ol-2-thread-981] o.m.jdbc.message.server.ErrorPacket      : Error: 1062-23000: Duplicate entry 'dup5' for key 'name'
2024-07-05T19:14:37.083+09:00  WARN 10616 --- [boardPrac] [ol-2-thread-981] o.h.engine.jdbc.spi.SqlExceptionHelper   : SQL Error: 1062, SQLState: 23000
2024-07-05T19:14:37.083+09:00 ERROR 10616 --- [boardPrac] [ol-2-thread-981] o.h.engine.jdbc.spi.SqlExceptionHelper   : (conn=86) Duplicate entry 'dup5' for key 'name'
Hibernate: insert into users (name) values (?) returning user_id
could not execute statement [(conn=88) Duplicate entry 'dup5' for key 'name'] [insert into users (name) values (?) returning user_id]; SQL [insert into users (name) values (?) returning user_id]; constraint [name]
2024-07-05T19:14:37.084+09:00  WARN 10616 --- [boardPrac] [ol-2-thread-982] o.m.jdbc.message.server.ErrorPacket      : Error: 1062-23000: Duplicate entry 'dup5' for key 'name'
Hibernate: insert into users (name) values (?) returning user_id
2024-07-05T19:14:37.084+09:00  WARN 10616 --- [boardPrac] [ol-2-thread-983] o.m.jdbc.message.server.ErrorPacket      : Error: 1062-23000: Duplicate entry 'dup5' for key 'name'
Hibernate: insert into users (name) values (?) returning user_id
2024-07-05T19:14:37.084+09:00  WARN 10616 --- [boardPrac] [ol-2-thread-982] o.h.engine.jdbc.spi.SqlExceptionHelper   : SQL Error: 1062, SQLState: 23000
2024-07-05T19:14:37.084+09:00  WARN 10616 --- [boardPrac] [ol-2-thread-984] o.m.jdbc.message.server.ErrorPacket      : Error: 1062-23000: Duplicate entry 'dup5' for key 'name'
2024-07-05T19:14:37.084+09:00 ERROR 10616 --- [boardPrac] [ol-2-thread-982] o.h.engine.jdbc.spi.SqlExceptionHelper   : (conn=84) Duplicate entry 'dup5' for key 'name'
could not execute statement [(conn=90) Duplicate entry 'dup5' for key 'name'] [insert into users (name) values (?) returning user_id]; SQL [insert into users (name) values (?) returning user_id]; constraint [name]
2024-07-05T19:14:37.084+09:00  WARN 10616 --- [boardPrac] [ol-2-thread-983] o.h.engine.jdbc.spi.SqlExceptionHelper   : SQL Error: 1062, SQLState: 23000
2024-07-05T19:14:37.084+09:00 ERROR 10616 --- [boardPrac] [ol-2-thread-983] o.h.engine.jdbc.spi.SqlExceptionHelper   : (conn=89) Duplicate entry 'dup5' for key 'name'
could not execute statement [(conn=87) Duplicate entry 'dup5' for key 'name'] [insert into users (name) values (?) returning user_id]; SQL [insert into users (name) values (?) returning user_id]; constraint [name]
2024-07-05T19:14:37.084+09:00  WARN 10616 --- [boardPrac] [ol-2-thread-984] o.h.engine.jdbc.spi.SqlExceptionHelper   : SQL Error: 1062, SQLState: 23000
2024-07-05T19:14:37.084+09:00 ERROR 10616 --- [boardPrac] [ol-2-thread-984] o.h.engine.jdbc.spi.SqlExceptionHelper   : (conn=93) Duplicate entry 'dup5' for key 'name'
could not execute statement [(conn=86) Duplicate entry 'dup5' for key 'name'] [insert into users (name) values (?) returning user_id]; SQL [insert into users (name) values (?) returning user_id]; constraint [name]
2024-07-05T19:14:37.086+09:00  WARN 10616 --- [boardPrac] [ol-2-thread-986] o.m.jdbc.message.server.ErrorPacket      : Error: 1062-23000: Duplicate entry 'dup5' for key 'name'
Hibernate: insert into users (name) values (?) returning user_id
2024-07-05T19:14:37.086+09:00  WARN 10616 --- [boardPrac] [ol-2-thread-985] o.m.jdbc.message.server.ErrorPacket      : Error: 1062-23000: Duplicate entry 'dup5' for key 'name'
Hibernate: insert into users (name) values (?) returning user_id
2024-07-05T19:14:37.086+09:00  WARN 10616 --- [boardPrac] [ol-2-thread-986] o.h.engine.jdbc.spi.SqlExceptionHelper   : SQL Error: 1062, SQLState: 23000
2024-07-05T19:14:37.086+09:00 ERROR 10616 --- [boardPrac] [ol-2-thread-986] o.h.engine.jdbc.spi.SqlExceptionHelper   : (conn=91) Duplicate entry 'dup5' for key 'name'
2024-07-05T19:14:37.086+09:00  WARN 10616 --- [boardPrac] [ol-2-thread-985] o.h.engine.jdbc.spi.SqlExceptionHelper   : SQL Error: 1062, SQLState: 23000
2024-07-05T19:14:37.086+09:00 ERROR 10616 --- [boardPrac] [ol-2-thread-985] o.h.engine.jdbc.spi.SqlExceptionHelper   : (conn=85) Duplicate entry 'dup5' for key 'name'
Hibernate: insert into users (name) values (?) returning user_id
2024-07-05T19:14:37.087+09:00  WARN 10616 --- [boardPrac] [ol-2-thread-987] o.m.jdbc.message.server.ErrorPacket      : Error: 1062-23000: Duplicate entry 'dup5' for key 'name'
2024-07-05T19:14:37.087+09:00  WARN 10616 --- [boardPrac] [ol-2-thread-987] o.h.engine.jdbc.spi.SqlExceptionHelper   : SQL Error: 1062, SQLState: 23000
2024-07-05T19:14:37.087+09:00 ERROR 10616 --- [boardPrac] [ol-2-thread-987] o.h.engine.jdbc.spi.SqlExceptionHelper   : (conn=92) Duplicate entry 'dup5' for key 'name'
could not execute statement [(conn=84) Duplicate entry 'dup5' for key 'name'] [insert into users (name) values (?) returning user_id]; SQL [insert into users (name) values (?) returning user_id]; constraint [name]
could not execute statement [(conn=89) Duplicate entry 'dup5' for key 'name'] [insert into users (name) values (?) returning user_id]; SQL [insert into users (name) values (?) returning user_id]; constraint [name]
could not execute statement [(conn=93) Duplicate entry 'dup5' for key 'name'] [insert into users (name) values (?) returning user_id]; SQL [insert into users (name) values (?) returning user_id]; constraint [name]
2024-07-05T19:14:37.088+09:00  WARN 10616 --- [boardPrac] [ol-2-thread-988] o.m.jdbc.message.server.ErrorPacket      : Error: 1062-23000: Duplicate entry 'dup5' for key 'name'
2024-07-05T19:14:37.088+09:00  WARN 10616 --- [boardPrac] [ol-2-thread-989] o.m.jdbc.message.server.ErrorPacket      : Error: 1062-23000: Duplicate entry 'dup5' for key 'name'
2024-07-05T19:14:37.088+09:00  WARN 10616 --- [boardPrac] [ol-2-thread-990] o.m.jdbc.message.server.ErrorPacket      : Error: 1062-23000: Duplicate entry 'dup5' for key 'name'
Hibernate: insert into users (name) values (?) returning user_id
2024-07-05T19:14:37.088+09:00  WARN 10616 --- [boardPrac] [ol-2-thread-988] o.h.engine.jdbc.spi.SqlExceptionHelper   : SQL Error: 1062, SQLState: 23000
2024-07-05T19:14:37.088+09:00  WARN 10616 --- [boardPrac] [ol-2-thread-989] o.h.engine.jdbc.spi.SqlExceptionHelper   : SQL Error: 1062, SQLState: 23000
2024-07-05T19:14:37.088+09:00 ERROR 10616 --- [boardPrac] [ol-2-thread-988] o.h.engine.jdbc.spi.SqlExceptionHelper   : (conn=88) Duplicate entry 'dup5' for key 'name'
2024-07-05T19:14:37.088+09:00 ERROR 10616 --- [boardPrac] [ol-2-thread-989] o.h.engine.jdbc.spi.SqlExceptionHelper   : (conn=90) Duplicate entry 'dup5' for key 'name'
2024-07-05T19:14:37.088+09:00  WARN 10616 --- [boardPrac] [ol-2-thread-990] o.h.engine.jdbc.spi.SqlExceptionHelper   : SQL Error: 1062, SQLState: 23000
2024-07-05T19:14:37.088+09:00 ERROR 10616 --- [boardPrac] [ol-2-thread-990] o.h.engine.jdbc.spi.SqlExceptionHelper   : (conn=87) Duplicate entry 'dup5' for key 'name'
could not execute statement [(conn=91) Duplicate entry 'dup5' for key 'name'] [insert into users (name) values (?) returning user_id]; SQL [insert into users (name) values (?) returning user_id]; constraint [name]
could not execute statement [(conn=85) Duplicate entry 'dup5' for key 'name'] [insert into users (name) values (?) returning user_id]; SQL [insert into users (name) values (?) returning user_id]; constraint [name]
could not execute statement [(conn=92) Duplicate entry 'dup5' for key 'name'] [insert into users (name) values (?) returning user_id]; SQL [insert into users (name) values (?) returning user_id]; constraint [name]
Hibernate: insert into users (name) values (?) returning user_id
2024-07-05T19:14:37.089+09:00  WARN 10616 --- [boardPrac] [ol-2-thread-991] o.m.jdbc.message.server.ErrorPacket      : Error: 1062-23000: Duplicate entry 'dup5' for key 'name'
Hibernate: insert into users (name) values (?) returning user_id
Hibernate: insert into users (name) values (?) returning user_id
2024-07-05T19:14:37.089+09:00  WARN 10616 --- [boardPrac] [ol-2-thread-991] o.h.engine.jdbc.spi.SqlExceptionHelper   : SQL Error: 1062, SQLState: 23000
2024-07-05T19:14:37.089+09:00 ERROR 10616 --- [boardPrac] [ol-2-thread-991] o.h.engine.jdbc.spi.SqlExceptionHelper   : (conn=86) Duplicate entry 'dup5' for key 'name'
could not execute statement [(conn=88) Duplicate entry 'dup5' for key 'name'] [insert into users (name) values (?) returning user_id]; SQL [insert into users (name) values (?) returning user_id]; constraint [name]
could not execute statement [(conn=90) Duplicate entry 'dup5' for key 'name'] [insert into users (name) values (?) returning user_id]; SQL [insert into users (name) values (?) returning user_id]; constraint [name]
Hibernate: insert into users (name) values (?) returning user_id
Hibernate: insert into users (name) values (?) returning user_id
2024-07-05T19:14:37.090+09:00  WARN 10616 --- [boardPrac] [ol-2-thread-994] o.m.jdbc.message.server.ErrorPacket      : Error: 1062-23000: Duplicate entry 'dup5' for key 'name'
Hibernate: insert into users (name) values (?) returning user_id
could not execute statement [(conn=87) Duplicate entry 'dup5' for key 'name'] [insert into users (name) values (?) returning user_id]; SQL [insert into users (name) values (?) returning user_id]; constraint [name]
2024-07-05T19:14:37.091+09:00  WARN 10616 --- [boardPrac] [ol-2-thread-993] o.m.jdbc.message.server.ErrorPacket      : Error: 1062-23000: Duplicate entry 'dup5' for key 'name'
2024-07-05T19:14:37.091+09:00  WARN 10616 --- [boardPrac] [ol-2-thread-992] o.m.jdbc.message.server.ErrorPacket      : Error: 1062-23000: Duplicate entry 'dup5' for key 'name'
2024-07-05T19:14:37.091+09:00  WARN 10616 --- [boardPrac] [ol-2-thread-994] o.h.engine.jdbc.spi.SqlExceptionHelper   : SQL Error: 1062, SQLState: 23000
2024-07-05T19:14:37.091+09:00  WARN 10616 --- [boardPrac] [ol-2-thread-992] o.h.engine.jdbc.spi.SqlExceptionHelper   : SQL Error: 1062, SQLState: 23000
2024-07-05T19:14:37.091+09:00 ERROR 10616 --- [boardPrac] [ol-2-thread-994] o.h.engine.jdbc.spi.SqlExceptionHelper   : (conn=84) Duplicate entry 'dup5' for key 'name'
2024-07-05T19:14:37.091+09:00 ERROR 10616 --- [boardPrac] [ol-2-thread-992] o.h.engine.jdbc.spi.SqlExceptionHelper   : (conn=93) Duplicate entry 'dup5' for key 'name'
2024-07-05T19:14:37.091+09:00  WARN 10616 --- [boardPrac] [ol-2-thread-993] o.h.engine.jdbc.spi.SqlExceptionHelper   : SQL Error: 1062, SQLState: 23000
2024-07-05T19:14:37.091+09:00 ERROR 10616 --- [boardPrac] [ol-2-thread-993] o.h.engine.jdbc.spi.SqlExceptionHelper   : (conn=89) Duplicate entry 'dup5' for key 'name'
could not execute statement [(conn=86) Duplicate entry 'dup5' for key 'name'] [insert into users (name) values (?) returning user_id]; SQL [insert into users (name) values (?) returning user_id]; constraint [name]
Hibernate: insert into users (name) values (?) returning user_id
Hibernate: insert into users (name) values (?) returning user_id
Hibernate: insert into users (name) values (?) returning user_id
2024-07-05T19:14:37.092+09:00  WARN 10616 --- [boardPrac] [ol-2-thread-995] o.m.jdbc.message.server.ErrorPacket      : Error: 1062-23000: Duplicate entry 'dup5' for key 'name'
2024-07-05T19:14:37.092+09:00  WARN 10616 --- [boardPrac] [ol-2-thread-997] o.m.jdbc.message.server.ErrorPacket      : Error: 1062-23000: Duplicate entry 'dup5' for key 'name'
2024-07-05T19:14:37.092+09:00  WARN 10616 --- [boardPrac] [ol-2-thread-996] o.m.jdbc.message.server.ErrorPacket      : Error: 1062-23000: Duplicate entry 'dup5' for key 'name'
2024-07-05T19:14:37.092+09:00  WARN 10616 --- [boardPrac] [ol-2-thread-995] o.h.engine.jdbc.spi.SqlExceptionHelper   : SQL Error: 1062, SQLState: 23000
2024-07-05T19:14:37.092+09:00 ERROR 10616 --- [boardPrac] [ol-2-thread-995] o.h.engine.jdbc.spi.SqlExceptionHelper   : (conn=91) Duplicate entry 'dup5' for key 'name'
2024-07-05T19:14:37.092+09:00  WARN 10616 --- [boardPrac] [ol-2-thread-996] o.h.engine.jdbc.spi.SqlExceptionHelper   : SQL Error: 1062, SQLState: 23000
2024-07-05T19:14:37.092+09:00 ERROR 10616 --- [boardPrac] [ol-2-thread-996] o.h.engine.jdbc.spi.SqlExceptionHelper   : (conn=85) Duplicate entry 'dup5' for key 'name'
2024-07-05T19:14:37.092+09:00  WARN 10616 --- [boardPrac] [ol-2-thread-997] o.h.engine.jdbc.spi.SqlExceptionHelper   : SQL Error: 1062, SQLState: 23000
2024-07-05T19:14:37.092+09:00 ERROR 10616 --- [boardPrac] [ol-2-thread-997] o.h.engine.jdbc.spi.SqlExceptionHelper   : (conn=92) Duplicate entry 'dup5' for key 'name'
could not execute statement [(conn=89) Duplicate entry 'dup5' for key 'name'] [insert into users (name) values (?) returning user_id]; SQL [insert into users (name) values (?) returning user_id]; constraint [name]
could not execute statement [(conn=84) Duplicate entry 'dup5' for key 'name'] [insert into users (name) values (?) returning user_id]; SQL [insert into users (name) values (?) returning user_id]; constraint [name]
could not execute statement [(conn=93) Duplicate entry 'dup5' for key 'name'] [insert into users (name) values (?) returning user_id]; SQL [insert into users (name) values (?) returning user_id]; constraint [name]
2024-07-05T19:14:37.093+09:00  WARN 10616 --- [boardPrac] [ol-2-thread-998] o.m.jdbc.message.server.ErrorPacket      : Error: 1062-23000: Duplicate entry 'dup5' for key 'name'
2024-07-05T19:14:37.093+09:00  WARN 10616 --- [boardPrac] [l-2-thread-1000] o.m.jdbc.message.server.ErrorPacket      : Error: 1062-23000: Duplicate entry 'dup5' for key 'name'
2024-07-05T19:14:37.093+09:00  WARN 10616 --- [boardPrac] [ol-2-thread-999] o.m.jdbc.message.server.ErrorPacket      : Error: 1062-23000: Duplicate entry 'dup5' for key 'name'
2024-07-05T19:14:37.093+09:00  WARN 10616 --- [boardPrac] [ol-2-thread-998] o.h.engine.jdbc.spi.SqlExceptionHelper   : SQL Error: 1062, SQLState: 23000
2024-07-05T19:14:37.093+09:00  WARN 10616 --- [boardPrac] [l-2-thread-1000] o.h.engine.jdbc.spi.SqlExceptionHelper   : SQL Error: 1062, SQLState: 23000
2024-07-05T19:14:37.093+09:00 ERROR 10616 --- [boardPrac] [ol-2-thread-998] o.h.engine.jdbc.spi.SqlExceptionHelper   : (conn=88) Duplicate entry 'dup5' for key 'name'
2024-07-05T19:14:37.093+09:00 ERROR 10616 --- [boardPrac] [l-2-thread-1000] o.h.engine.jdbc.spi.SqlExceptionHelper   : (conn=87) Duplicate entry 'dup5' for key 'name'
2024-07-05T19:14:37.093+09:00  WARN 10616 --- [boardPrac] [ol-2-thread-999] o.h.engine.jdbc.spi.SqlExceptionHelper   : SQL Error: 1062, SQLState: 23000
2024-07-05T19:14:37.093+09:00 ERROR 10616 --- [boardPrac] [ol-2-thread-999] o.h.engine.jdbc.spi.SqlExceptionHelper   : (conn=90) Duplicate entry 'dup5' for key 'name'
could not execute statement [(conn=91) Duplicate entry 'dup5' for key 'name'] [insert into users (name) values (?) returning user_id]; SQL [insert into users (name) values (?) returning user_id]; constraint [name]
could not execute statement [(conn=92) Duplicate entry 'dup5' for key 'name'] [insert into users (name) values (?) returning user_id]; SQL [insert into users (name) values (?) returning user_id]; constraint [name]
could not execute statement [(conn=85) Duplicate entry 'dup5' for key 'name'] [insert into users (name) values (?) returning user_id]; SQL [insert into users (name) values (?) returning user_id]; constraint [name]
could not execute statement [(conn=90) Duplicate entry 'dup5' for key 'name'] [insert into users (name) values (?) returning user_id]; SQL [insert into users (name) values (?) returning user_id]; constraint [name]
could not execute statement [(conn=87) Duplicate entry 'dup5' for key 'name'] [insert into users (name) values (?) returning user_id]; SQL [insert into users (name) values (?) returning user_id]; constraint [name]
could not execute statement [(conn=88) Duplicate entry 'dup5' for key 'name'] [insert into users (name) values (?) returning user_id]; SQL [insert into users (name) values (?) returning user_id]; constraint [name]
------------------------------
Success Count : 1
Failure Count : 999
]]></system-out>
  <system-err><![CDATA[]]></system-err>
</testsuite>
